[2023-02-03T11:39:51.516+0000] {processor.py:153} INFO - Started process (PID=62) to work on /home/airflow/.local/lib/python3.7/site-packages/airflow/example_dags/example_task_group_decorator.py
[2023-02-03T11:39:51.538+0000] {processor.py:743} INFO - Processing file /home/airflow/.local/lib/python3.7/site-packages/airflow/example_dags/example_task_group_decorator.py for tasks to queue
[2023-02-03T11:39:51.543+0000] {logging_mixin.py:137} INFO - [2023-02-03T11:39:51.543+0000] {dagbag.py:538} INFO - Filling up the DagBag from /home/airflow/.local/lib/python3.7/site-packages/airflow/example_dags/example_task_group_decorator.py
[2023-02-03T11:39:51.672+0000] {processor.py:753} INFO - DAG(s) dict_keys(['example_task_group_decorator']) retrieved from /home/airflow/.local/lib/python3.7/site-packages/airflow/example_dags/example_task_group_decorator.py
[2023-02-03T11:39:52.130+0000] {logging_mixin.py:137} INFO - [2023-02-03T11:39:52.130+0000] {dag.py:2676} INFO - Sync 1 DAGs
[2023-02-03T11:39:52.350+0000] {logging_mixin.py:137} INFO - [2023-02-03T11:39:52.350+0000] {dag.py:3427} INFO - Setting next_dagrun for example_task_group_decorator to 2023-02-02T11:39:52.348707+00:00, run_after=2023-02-03T11:39:52.348707+00:00
[2023-02-03T11:39:52.566+0000] {processor.py:175} INFO - Processing /home/airflow/.local/lib/python3.7/site-packages/airflow/example_dags/example_task_group_decorator.py took 1.077 seconds
[2023-02-03T11:40:23.027+0000] {processor.py:153} INFO - Started process (PID=123) to work on /home/airflow/.local/lib/python3.7/site-packages/airflow/example_dags/example_task_group_decorator.py
[2023-02-03T11:40:23.031+0000] {processor.py:743} INFO - Processing file /home/airflow/.local/lib/python3.7/site-packages/airflow/example_dags/example_task_group_decorator.py for tasks to queue
[2023-02-03T11:40:23.035+0000] {logging_mixin.py:137} INFO - [2023-02-03T11:40:23.034+0000] {dagbag.py:538} INFO - Filling up the DagBag from /home/airflow/.local/lib/python3.7/site-packages/airflow/example_dags/example_task_group_decorator.py
[2023-02-03T11:40:23.116+0000] {processor.py:753} INFO - DAG(s) dict_keys(['example_task_group_decorator']) retrieved from /home/airflow/.local/lib/python3.7/site-packages/airflow/example_dags/example_task_group_decorator.py
[2023-02-03T11:40:23.319+0000] {logging_mixin.py:137} INFO - [2023-02-03T11:40:23.319+0000] {dag.py:2676} INFO - Sync 1 DAGs
[2023-02-03T11:40:23.586+0000] {logging_mixin.py:137} INFO - [2023-02-03T11:40:23.586+0000] {dag.py:3427} INFO - Setting next_dagrun for example_task_group_decorator to 2023-02-02T11:40:23.585515+00:00, run_after=2023-02-03T11:40:23.585515+00:00
[2023-02-03T11:40:23.759+0000] {processor.py:175} INFO - Processing /home/airflow/.local/lib/python3.7/site-packages/airflow/example_dags/example_task_group_decorator.py took 0.745 seconds
[2023-02-03T11:40:54.479+0000] {processor.py:153} INFO - Started process (PID=185) to work on /home/airflow/.local/lib/python3.7/site-packages/airflow/example_dags/example_task_group_decorator.py
[2023-02-03T11:40:54.481+0000] {processor.py:743} INFO - Processing file /home/airflow/.local/lib/python3.7/site-packages/airflow/example_dags/example_task_group_decorator.py for tasks to queue
[2023-02-03T11:40:54.483+0000] {logging_mixin.py:137} INFO - [2023-02-03T11:40:54.483+0000] {dagbag.py:538} INFO - Filling up the DagBag from /home/airflow/.local/lib/python3.7/site-packages/airflow/example_dags/example_task_group_decorator.py
[2023-02-03T11:40:54.540+0000] {processor.py:753} INFO - DAG(s) dict_keys(['example_task_group_decorator']) retrieved from /home/airflow/.local/lib/python3.7/site-packages/airflow/example_dags/example_task_group_decorator.py
[2023-02-03T11:40:54.643+0000] {logging_mixin.py:137} INFO - [2023-02-03T11:40:54.643+0000] {dag.py:2676} INFO - Sync 1 DAGs
[2023-02-03T11:40:54.715+0000] {logging_mixin.py:137} INFO - [2023-02-03T11:40:54.715+0000] {dag.py:3427} INFO - Setting next_dagrun for example_task_group_decorator to 2023-02-02T11:40:54.714965+00:00, run_after=2023-02-03T11:40:54.714965+00:00
[2023-02-03T11:40:54.787+0000] {processor.py:175} INFO - Processing /home/airflow/.local/lib/python3.7/site-packages/airflow/example_dags/example_task_group_decorator.py took 0.314 seconds
[2023-02-03T11:41:25.040+0000] {processor.py:153} INFO - Started process (PID=259) to work on /home/airflow/.local/lib/python3.7/site-packages/airflow/example_dags/example_task_group_decorator.py
[2023-02-03T11:41:25.051+0000] {processor.py:743} INFO - Processing file /home/airflow/.local/lib/python3.7/site-packages/airflow/example_dags/example_task_group_decorator.py for tasks to queue
[2023-02-03T11:41:25.053+0000] {logging_mixin.py:137} INFO - [2023-02-03T11:41:25.053+0000] {dagbag.py:538} INFO - Filling up the DagBag from /home/airflow/.local/lib/python3.7/site-packages/airflow/example_dags/example_task_group_decorator.py
[2023-02-03T11:41:25.099+0000] {processor.py:753} INFO - DAG(s) dict_keys(['example_task_group_decorator']) retrieved from /home/airflow/.local/lib/python3.7/site-packages/airflow/example_dags/example_task_group_decorator.py
[2023-02-03T11:41:25.186+0000] {logging_mixin.py:137} INFO - [2023-02-03T11:41:25.186+0000] {dag.py:2676} INFO - Sync 1 DAGs
[2023-02-03T11:41:25.252+0000] {logging_mixin.py:137} INFO - [2023-02-03T11:41:25.252+0000] {dag.py:3427} INFO - Setting next_dagrun for example_task_group_decorator to 2023-02-02T11:41:25.251434+00:00, run_after=2023-02-03T11:41:25.251434+00:00
[2023-02-03T11:41:25.288+0000] {processor.py:175} INFO - Processing /home/airflow/.local/lib/python3.7/site-packages/airflow/example_dags/example_task_group_decorator.py took 0.255 seconds
[2023-02-03T11:41:55.427+0000] {processor.py:153} INFO - Started process (PID=321) to work on /home/airflow/.local/lib/python3.7/site-packages/airflow/example_dags/example_task_group_decorator.py
[2023-02-03T11:41:55.429+0000] {processor.py:743} INFO - Processing file /home/airflow/.local/lib/python3.7/site-packages/airflow/example_dags/example_task_group_decorator.py for tasks to queue
[2023-02-03T11:41:55.431+0000] {logging_mixin.py:137} INFO - [2023-02-03T11:41:55.430+0000] {dagbag.py:538} INFO - Filling up the DagBag from /home/airflow/.local/lib/python3.7/site-packages/airflow/example_dags/example_task_group_decorator.py
[2023-02-03T11:41:55.475+0000] {processor.py:753} INFO - DAG(s) dict_keys(['example_task_group_decorator']) retrieved from /home/airflow/.local/lib/python3.7/site-packages/airflow/example_dags/example_task_group_decorator.py
[2023-02-03T11:41:55.548+0000] {logging_mixin.py:137} INFO - [2023-02-03T11:41:55.547+0000] {dag.py:2676} INFO - Sync 1 DAGs
[2023-02-03T11:41:55.601+0000] {logging_mixin.py:137} INFO - [2023-02-03T11:41:55.601+0000] {dag.py:3427} INFO - Setting next_dagrun for example_task_group_decorator to 2023-02-02T11:41:55.601302+00:00, run_after=2023-02-03T11:41:55.601302+00:00
[2023-02-03T11:41:55.647+0000] {processor.py:175} INFO - Processing /home/airflow/.local/lib/python3.7/site-packages/airflow/example_dags/example_task_group_decorator.py took 0.227 seconds
[2023-02-03T11:42:26.084+0000] {processor.py:153} INFO - Started process (PID=393) to work on /home/airflow/.local/lib/python3.7/site-packages/airflow/example_dags/example_task_group_decorator.py
[2023-02-03T11:42:26.086+0000] {processor.py:743} INFO - Processing file /home/airflow/.local/lib/python3.7/site-packages/airflow/example_dags/example_task_group_decorator.py for tasks to queue
[2023-02-03T11:42:26.088+0000] {logging_mixin.py:137} INFO - [2023-02-03T11:42:26.088+0000] {dagbag.py:538} INFO - Filling up the DagBag from /home/airflow/.local/lib/python3.7/site-packages/airflow/example_dags/example_task_group_decorator.py
[2023-02-03T11:42:26.130+0000] {processor.py:753} INFO - DAG(s) dict_keys(['example_task_group_decorator']) retrieved from /home/airflow/.local/lib/python3.7/site-packages/airflow/example_dags/example_task_group_decorator.py
[2023-02-03T11:42:26.204+0000] {logging_mixin.py:137} INFO - [2023-02-03T11:42:26.204+0000] {dag.py:2676} INFO - Sync 1 DAGs
[2023-02-03T11:42:26.260+0000] {logging_mixin.py:137} INFO - [2023-02-03T11:42:26.260+0000] {dag.py:3427} INFO - Setting next_dagrun for example_task_group_decorator to 2023-02-02T11:42:26.259930+00:00, run_after=2023-02-03T11:42:26.259930+00:00
[2023-02-03T11:42:26.304+0000] {processor.py:175} INFO - Processing /home/airflow/.local/lib/python3.7/site-packages/airflow/example_dags/example_task_group_decorator.py took 0.226 seconds
[2023-02-03T11:43:37.323+0000] {processor.py:153} INFO - Started process (PID=61) to work on /home/airflow/.local/lib/python3.7/site-packages/airflow/example_dags/example_task_group_decorator.py
[2023-02-03T11:43:37.326+0000] {processor.py:743} INFO - Processing file /home/airflow/.local/lib/python3.7/site-packages/airflow/example_dags/example_task_group_decorator.py for tasks to queue
[2023-02-03T11:43:37.328+0000] {logging_mixin.py:137} INFO - [2023-02-03T11:43:37.328+0000] {dagbag.py:538} INFO - Filling up the DagBag from /home/airflow/.local/lib/python3.7/site-packages/airflow/example_dags/example_task_group_decorator.py
[2023-02-03T11:43:37.530+0000] {processor.py:753} INFO - DAG(s) dict_keys(['example_task_group_decorator']) retrieved from /home/airflow/.local/lib/python3.7/site-packages/airflow/example_dags/example_task_group_decorator.py
[2023-02-03T11:43:37.650+0000] {logging_mixin.py:137} INFO - [2023-02-03T11:43:37.650+0000] {dag.py:2676} INFO - Sync 1 DAGs
[2023-02-03T11:43:37.745+0000] {logging_mixin.py:137} INFO - [2023-02-03T11:43:37.745+0000] {dag.py:3427} INFO - Setting next_dagrun for example_task_group_decorator to 2023-02-02T11:43:37.744555+00:00, run_after=2023-02-03T11:43:37.744555+00:00
[2023-02-03T11:43:37.837+0000] {processor.py:175} INFO - Processing /home/airflow/.local/lib/python3.7/site-packages/airflow/example_dags/example_task_group_decorator.py took 0.521 seconds
[2023-02-03T11:44:08.274+0000] {processor.py:153} INFO - Started process (PID=124) to work on /home/airflow/.local/lib/python3.7/site-packages/airflow/example_dags/example_task_group_decorator.py
[2023-02-03T11:44:08.279+0000] {processor.py:743} INFO - Processing file /home/airflow/.local/lib/python3.7/site-packages/airflow/example_dags/example_task_group_decorator.py for tasks to queue
[2023-02-03T11:44:08.283+0000] {logging_mixin.py:137} INFO - [2023-02-03T11:44:08.283+0000] {dagbag.py:538} INFO - Filling up the DagBag from /home/airflow/.local/lib/python3.7/site-packages/airflow/example_dags/example_task_group_decorator.py
[2023-02-03T11:44:08.367+0000] {processor.py:753} INFO - DAG(s) dict_keys(['example_task_group_decorator']) retrieved from /home/airflow/.local/lib/python3.7/site-packages/airflow/example_dags/example_task_group_decorator.py
[2023-02-03T11:44:08.461+0000] {logging_mixin.py:137} INFO - [2023-02-03T11:44:08.460+0000] {dag.py:2676} INFO - Sync 1 DAGs
[2023-02-03T11:44:08.545+0000] {logging_mixin.py:137} INFO - [2023-02-03T11:44:08.544+0000] {dag.py:3427} INFO - Setting next_dagrun for example_task_group_decorator to 2023-02-02T11:44:08.544352+00:00, run_after=2023-02-03T11:44:08.544352+00:00
[2023-02-03T11:44:08.601+0000] {processor.py:175} INFO - Processing /home/airflow/.local/lib/python3.7/site-packages/airflow/example_dags/example_task_group_decorator.py took 0.332 seconds
[2023-02-03T11:44:39.500+0000] {processor.py:153} INFO - Started process (PID=186) to work on /home/airflow/.local/lib/python3.7/site-packages/airflow/example_dags/example_task_group_decorator.py
[2023-02-03T11:44:39.503+0000] {processor.py:743} INFO - Processing file /home/airflow/.local/lib/python3.7/site-packages/airflow/example_dags/example_task_group_decorator.py for tasks to queue
[2023-02-03T11:44:39.505+0000] {logging_mixin.py:137} INFO - [2023-02-03T11:44:39.505+0000] {dagbag.py:538} INFO - Filling up the DagBag from /home/airflow/.local/lib/python3.7/site-packages/airflow/example_dags/example_task_group_decorator.py
[2023-02-03T11:44:39.594+0000] {processor.py:753} INFO - DAG(s) dict_keys(['example_task_group_decorator']) retrieved from /home/airflow/.local/lib/python3.7/site-packages/airflow/example_dags/example_task_group_decorator.py
[2023-02-03T11:44:39.737+0000] {logging_mixin.py:137} INFO - [2023-02-03T11:44:39.737+0000] {dag.py:2676} INFO - Sync 1 DAGs
[2023-02-03T11:44:39.830+0000] {logging_mixin.py:137} INFO - [2023-02-03T11:44:39.830+0000] {dag.py:3427} INFO - Setting next_dagrun for example_task_group_decorator to 2023-02-02T11:44:39.829676+00:00, run_after=2023-02-03T11:44:39.829676+00:00
[2023-02-03T11:44:39.898+0000] {processor.py:175} INFO - Processing /home/airflow/.local/lib/python3.7/site-packages/airflow/example_dags/example_task_group_decorator.py took 0.408 seconds
[2023-02-03T11:45:10.297+0000] {processor.py:153} INFO - Started process (PID=250) to work on /home/airflow/.local/lib/python3.7/site-packages/airflow/example_dags/example_task_group_decorator.py
[2023-02-03T11:45:10.301+0000] {processor.py:743} INFO - Processing file /home/airflow/.local/lib/python3.7/site-packages/airflow/example_dags/example_task_group_decorator.py for tasks to queue
[2023-02-03T11:45:10.304+0000] {logging_mixin.py:137} INFO - [2023-02-03T11:45:10.303+0000] {dagbag.py:538} INFO - Filling up the DagBag from /home/airflow/.local/lib/python3.7/site-packages/airflow/example_dags/example_task_group_decorator.py
[2023-02-03T11:45:10.357+0000] {processor.py:753} INFO - DAG(s) dict_keys(['example_task_group_decorator']) retrieved from /home/airflow/.local/lib/python3.7/site-packages/airflow/example_dags/example_task_group_decorator.py
[2023-02-03T11:45:10.452+0000] {logging_mixin.py:137} INFO - [2023-02-03T11:45:10.452+0000] {dag.py:2676} INFO - Sync 1 DAGs
[2023-02-03T11:45:10.522+0000] {logging_mixin.py:137} INFO - [2023-02-03T11:45:10.522+0000] {dag.py:3427} INFO - Setting next_dagrun for example_task_group_decorator to 2023-02-02T11:45:10.521970+00:00, run_after=2023-02-03T11:45:10.521970+00:00
[2023-02-03T11:45:10.580+0000] {processor.py:175} INFO - Processing /home/airflow/.local/lib/python3.7/site-packages/airflow/example_dags/example_task_group_decorator.py took 0.287 seconds
[2023-02-03T11:45:40.877+0000] {processor.py:153} INFO - Started process (PID=324) to work on /home/airflow/.local/lib/python3.7/site-packages/airflow/example_dags/example_task_group_decorator.py
[2023-02-03T11:45:40.878+0000] {processor.py:743} INFO - Processing file /home/airflow/.local/lib/python3.7/site-packages/airflow/example_dags/example_task_group_decorator.py for tasks to queue
[2023-02-03T11:45:40.881+0000] {logging_mixin.py:137} INFO - [2023-02-03T11:45:40.881+0000] {dagbag.py:538} INFO - Filling up the DagBag from /home/airflow/.local/lib/python3.7/site-packages/airflow/example_dags/example_task_group_decorator.py
[2023-02-03T11:45:40.924+0000] {processor.py:753} INFO - DAG(s) dict_keys(['example_task_group_decorator']) retrieved from /home/airflow/.local/lib/python3.7/site-packages/airflow/example_dags/example_task_group_decorator.py
[2023-02-03T11:45:40.992+0000] {logging_mixin.py:137} INFO - [2023-02-03T11:45:40.992+0000] {dag.py:2676} INFO - Sync 1 DAGs
[2023-02-03T11:45:41.038+0000] {logging_mixin.py:137} INFO - [2023-02-03T11:45:41.037+0000] {dag.py:3427} INFO - Setting next_dagrun for example_task_group_decorator to 2023-02-02T11:45:41.037549+00:00, run_after=2023-02-03T11:45:41.037549+00:00
[2023-02-03T11:45:41.074+0000] {processor.py:175} INFO - Processing /home/airflow/.local/lib/python3.7/site-packages/airflow/example_dags/example_task_group_decorator.py took 0.202 seconds
[2023-02-03T11:46:11.653+0000] {processor.py:153} INFO - Started process (PID=387) to work on /home/airflow/.local/lib/python3.7/site-packages/airflow/example_dags/example_task_group_decorator.py
[2023-02-03T11:46:11.655+0000] {processor.py:743} INFO - Processing file /home/airflow/.local/lib/python3.7/site-packages/airflow/example_dags/example_task_group_decorator.py for tasks to queue
[2023-02-03T11:46:11.656+0000] {logging_mixin.py:137} INFO - [2023-02-03T11:46:11.656+0000] {dagbag.py:538} INFO - Filling up the DagBag from /home/airflow/.local/lib/python3.7/site-packages/airflow/example_dags/example_task_group_decorator.py
[2023-02-03T11:46:11.709+0000] {processor.py:753} INFO - DAG(s) dict_keys(['example_task_group_decorator']) retrieved from /home/airflow/.local/lib/python3.7/site-packages/airflow/example_dags/example_task_group_decorator.py
[2023-02-03T11:46:11.780+0000] {logging_mixin.py:137} INFO - [2023-02-03T11:46:11.779+0000] {dag.py:2676} INFO - Sync 1 DAGs
[2023-02-03T11:46:11.840+0000] {logging_mixin.py:137} INFO - [2023-02-03T11:46:11.840+0000] {dag.py:3427} INFO - Setting next_dagrun for example_task_group_decorator to 2023-02-02T11:46:11.839849+00:00, run_after=2023-02-03T11:46:11.839849+00:00
[2023-02-03T11:46:11.878+0000] {processor.py:175} INFO - Processing /home/airflow/.local/lib/python3.7/site-packages/airflow/example_dags/example_task_group_decorator.py took 0.233 seconds
[2023-02-03T11:46:42.173+0000] {processor.py:153} INFO - Started process (PID=450) to work on /home/airflow/.local/lib/python3.7/site-packages/airflow/example_dags/example_task_group_decorator.py
[2023-02-03T11:46:42.176+0000] {processor.py:743} INFO - Processing file /home/airflow/.local/lib/python3.7/site-packages/airflow/example_dags/example_task_group_decorator.py for tasks to queue
[2023-02-03T11:46:42.177+0000] {logging_mixin.py:137} INFO - [2023-02-03T11:46:42.177+0000] {dagbag.py:538} INFO - Filling up the DagBag from /home/airflow/.local/lib/python3.7/site-packages/airflow/example_dags/example_task_group_decorator.py
[2023-02-03T11:46:42.229+0000] {processor.py:753} INFO - DAG(s) dict_keys(['example_task_group_decorator']) retrieved from /home/airflow/.local/lib/python3.7/site-packages/airflow/example_dags/example_task_group_decorator.py
[2023-02-03T11:46:42.327+0000] {logging_mixin.py:137} INFO - [2023-02-03T11:46:42.327+0000] {dag.py:2676} INFO - Sync 1 DAGs
[2023-02-03T11:46:42.401+0000] {logging_mixin.py:137} INFO - [2023-02-03T11:46:42.401+0000] {dag.py:3427} INFO - Setting next_dagrun for example_task_group_decorator to 2023-02-02T11:46:42.400907+00:00, run_after=2023-02-03T11:46:42.400907+00:00
[2023-02-03T11:46:42.449+0000] {processor.py:175} INFO - Processing /home/airflow/.local/lib/python3.7/site-packages/airflow/example_dags/example_task_group_decorator.py took 0.283 seconds
[2023-02-03T11:47:13.188+0000] {processor.py:153} INFO - Started process (PID=524) to work on /home/airflow/.local/lib/python3.7/site-packages/airflow/example_dags/example_task_group_decorator.py
[2023-02-03T11:47:13.190+0000] {processor.py:743} INFO - Processing file /home/airflow/.local/lib/python3.7/site-packages/airflow/example_dags/example_task_group_decorator.py for tasks to queue
[2023-02-03T11:47:13.192+0000] {logging_mixin.py:137} INFO - [2023-02-03T11:47:13.192+0000] {dagbag.py:538} INFO - Filling up the DagBag from /home/airflow/.local/lib/python3.7/site-packages/airflow/example_dags/example_task_group_decorator.py
[2023-02-03T11:47:13.244+0000] {processor.py:753} INFO - DAG(s) dict_keys(['example_task_group_decorator']) retrieved from /home/airflow/.local/lib/python3.7/site-packages/airflow/example_dags/example_task_group_decorator.py
[2023-02-03T11:47:13.395+0000] {logging_mixin.py:137} INFO - [2023-02-03T11:47:13.394+0000] {dag.py:2676} INFO - Sync 1 DAGs
[2023-02-03T11:47:13.495+0000] {logging_mixin.py:137} INFO - [2023-02-03T11:47:13.494+0000] {dag.py:3427} INFO - Setting next_dagrun for example_task_group_decorator to 2023-02-02T11:47:13.493699+00:00, run_after=2023-02-03T11:47:13.493699+00:00
[2023-02-03T11:47:13.546+0000] {processor.py:175} INFO - Processing /home/airflow/.local/lib/python3.7/site-packages/airflow/example_dags/example_task_group_decorator.py took 0.365 seconds
[2023-02-03T11:47:44.295+0000] {processor.py:153} INFO - Started process (PID=585) to work on /home/airflow/.local/lib/python3.7/site-packages/airflow/example_dags/example_task_group_decorator.py
[2023-02-03T11:47:44.298+0000] {processor.py:743} INFO - Processing file /home/airflow/.local/lib/python3.7/site-packages/airflow/example_dags/example_task_group_decorator.py for tasks to queue
[2023-02-03T11:47:44.301+0000] {logging_mixin.py:137} INFO - [2023-02-03T11:47:44.300+0000] {dagbag.py:538} INFO - Filling up the DagBag from /home/airflow/.local/lib/python3.7/site-packages/airflow/example_dags/example_task_group_decorator.py
[2023-02-03T11:47:44.364+0000] {processor.py:753} INFO - DAG(s) dict_keys(['example_task_group_decorator']) retrieved from /home/airflow/.local/lib/python3.7/site-packages/airflow/example_dags/example_task_group_decorator.py
[2023-02-03T11:47:44.462+0000] {logging_mixin.py:137} INFO - [2023-02-03T11:47:44.461+0000] {dag.py:2676} INFO - Sync 1 DAGs
[2023-02-03T11:47:44.531+0000] {logging_mixin.py:137} INFO - [2023-02-03T11:47:44.531+0000] {dag.py:3427} INFO - Setting next_dagrun for example_task_group_decorator to 2023-02-02T11:47:44.530990+00:00, run_after=2023-02-03T11:47:44.530990+00:00
[2023-02-03T11:47:44.559+0000] {processor.py:175} INFO - Processing /home/airflow/.local/lib/python3.7/site-packages/airflow/example_dags/example_task_group_decorator.py took 0.293 seconds
[2023-02-03T11:48:14.935+0000] {processor.py:153} INFO - Started process (PID=656) to work on /home/airflow/.local/lib/python3.7/site-packages/airflow/example_dags/example_task_group_decorator.py
[2023-02-03T11:48:14.940+0000] {processor.py:743} INFO - Processing file /home/airflow/.local/lib/python3.7/site-packages/airflow/example_dags/example_task_group_decorator.py for tasks to queue
[2023-02-03T11:48:14.946+0000] {logging_mixin.py:137} INFO - [2023-02-03T11:48:14.945+0000] {dagbag.py:538} INFO - Filling up the DagBag from /home/airflow/.local/lib/python3.7/site-packages/airflow/example_dags/example_task_group_decorator.py
[2023-02-03T11:48:15.005+0000] {processor.py:753} INFO - DAG(s) dict_keys(['example_task_group_decorator']) retrieved from /home/airflow/.local/lib/python3.7/site-packages/airflow/example_dags/example_task_group_decorator.py
[2023-02-03T11:48:15.088+0000] {logging_mixin.py:137} INFO - [2023-02-03T11:48:15.087+0000] {dag.py:2676} INFO - Sync 1 DAGs
[2023-02-03T11:48:15.188+0000] {logging_mixin.py:137} INFO - [2023-02-03T11:48:15.188+0000] {dag.py:3427} INFO - Setting next_dagrun for example_task_group_decorator to 2023-02-02T11:48:15.187553+00:00, run_after=2023-02-03T11:48:15.187553+00:00
[2023-02-03T11:48:15.280+0000] {processor.py:175} INFO - Processing /home/airflow/.local/lib/python3.7/site-packages/airflow/example_dags/example_task_group_decorator.py took 0.357 seconds
[2023-02-03T11:48:45.468+0000] {processor.py:153} INFO - Started process (PID=721) to work on /home/airflow/.local/lib/python3.7/site-packages/airflow/example_dags/example_task_group_decorator.py
[2023-02-03T11:48:45.470+0000] {processor.py:743} INFO - Processing file /home/airflow/.local/lib/python3.7/site-packages/airflow/example_dags/example_task_group_decorator.py for tasks to queue
[2023-02-03T11:48:45.471+0000] {logging_mixin.py:137} INFO - [2023-02-03T11:48:45.471+0000] {dagbag.py:538} INFO - Filling up the DagBag from /home/airflow/.local/lib/python3.7/site-packages/airflow/example_dags/example_task_group_decorator.py
[2023-02-03T11:48:45.523+0000] {processor.py:753} INFO - DAG(s) dict_keys(['example_task_group_decorator']) retrieved from /home/airflow/.local/lib/python3.7/site-packages/airflow/example_dags/example_task_group_decorator.py
[2023-02-03T11:48:45.621+0000] {logging_mixin.py:137} INFO - [2023-02-03T11:48:45.621+0000] {dag.py:2676} INFO - Sync 1 DAGs
[2023-02-03T11:48:45.692+0000] {logging_mixin.py:137} INFO - [2023-02-03T11:48:45.691+0000] {dag.py:3427} INFO - Setting next_dagrun for example_task_group_decorator to 2023-02-02T11:48:45.691164+00:00, run_after=2023-02-03T11:48:45.691164+00:00
[2023-02-03T11:48:45.748+0000] {processor.py:175} INFO - Processing /home/airflow/.local/lib/python3.7/site-packages/airflow/example_dags/example_task_group_decorator.py took 0.287 seconds
[2023-02-03T11:49:15.893+0000] {processor.py:153} INFO - Started process (PID=783) to work on /home/airflow/.local/lib/python3.7/site-packages/airflow/example_dags/example_task_group_decorator.py
[2023-02-03T11:49:15.895+0000] {processor.py:743} INFO - Processing file /home/airflow/.local/lib/python3.7/site-packages/airflow/example_dags/example_task_group_decorator.py for tasks to queue
[2023-02-03T11:49:15.897+0000] {logging_mixin.py:137} INFO - [2023-02-03T11:49:15.896+0000] {dagbag.py:538} INFO - Filling up the DagBag from /home/airflow/.local/lib/python3.7/site-packages/airflow/example_dags/example_task_group_decorator.py
[2023-02-03T11:49:15.938+0000] {processor.py:753} INFO - DAG(s) dict_keys(['example_task_group_decorator']) retrieved from /home/airflow/.local/lib/python3.7/site-packages/airflow/example_dags/example_task_group_decorator.py
[2023-02-03T11:49:16.012+0000] {logging_mixin.py:137} INFO - [2023-02-03T11:49:16.012+0000] {dag.py:2676} INFO - Sync 1 DAGs
[2023-02-03T11:49:16.067+0000] {logging_mixin.py:137} INFO - [2023-02-03T11:49:16.067+0000] {dag.py:3427} INFO - Setting next_dagrun for example_task_group_decorator to 2023-02-02T11:49:16.067139+00:00, run_after=2023-02-03T11:49:16.067139+00:00
[2023-02-03T11:49:16.108+0000] {processor.py:175} INFO - Processing /home/airflow/.local/lib/python3.7/site-packages/airflow/example_dags/example_task_group_decorator.py took 0.221 seconds
[2023-02-03T11:49:48.026+0000] {processor.py:153} INFO - Started process (PID=853) to work on /home/airflow/.local/lib/python3.7/site-packages/airflow/example_dags/example_task_group_decorator.py
[2023-02-03T11:49:48.030+0000] {processor.py:743} INFO - Processing file /home/airflow/.local/lib/python3.7/site-packages/airflow/example_dags/example_task_group_decorator.py for tasks to queue
[2023-02-03T11:49:48.034+0000] {logging_mixin.py:137} INFO - [2023-02-03T11:49:48.033+0000] {dagbag.py:538} INFO - Filling up the DagBag from /home/airflow/.local/lib/python3.7/site-packages/airflow/example_dags/example_task_group_decorator.py
[2023-02-03T11:49:48.228+0000] {processor.py:753} INFO - DAG(s) dict_keys(['example_task_group_decorator']) retrieved from /home/airflow/.local/lib/python3.7/site-packages/airflow/example_dags/example_task_group_decorator.py
[2023-02-03T11:49:48.559+0000] {logging_mixin.py:137} INFO - [2023-02-03T11:49:48.559+0000] {dag.py:2676} INFO - Sync 1 DAGs
[2023-02-03T11:49:48.713+0000] {logging_mixin.py:137} INFO - [2023-02-03T11:49:48.712+0000] {dag.py:3427} INFO - Setting next_dagrun for example_task_group_decorator to 2023-02-02T11:49:48.712320+00:00, run_after=2023-02-03T11:49:48.712320+00:00
[2023-02-03T11:49:48.808+0000] {processor.py:175} INFO - Processing /home/airflow/.local/lib/python3.7/site-packages/airflow/example_dags/example_task_group_decorator.py took 0.790 seconds
[2023-02-03T11:50:19.046+0000] {processor.py:153} INFO - Started process (PID=918) to work on /home/airflow/.local/lib/python3.7/site-packages/airflow/example_dags/example_task_group_decorator.py
[2023-02-03T11:50:19.049+0000] {processor.py:743} INFO - Processing file /home/airflow/.local/lib/python3.7/site-packages/airflow/example_dags/example_task_group_decorator.py for tasks to queue
[2023-02-03T11:50:19.060+0000] {logging_mixin.py:137} INFO - [2023-02-03T11:50:19.059+0000] {dagbag.py:538} INFO - Filling up the DagBag from /home/airflow/.local/lib/python3.7/site-packages/airflow/example_dags/example_task_group_decorator.py
[2023-02-03T11:50:19.142+0000] {processor.py:753} INFO - DAG(s) dict_keys(['example_task_group_decorator']) retrieved from /home/airflow/.local/lib/python3.7/site-packages/airflow/example_dags/example_task_group_decorator.py
[2023-02-03T11:50:19.255+0000] {logging_mixin.py:137} INFO - [2023-02-03T11:50:19.254+0000] {dag.py:2676} INFO - Sync 1 DAGs
[2023-02-03T11:50:19.341+0000] {logging_mixin.py:137} INFO - [2023-02-03T11:50:19.341+0000] {dag.py:3427} INFO - Setting next_dagrun for example_task_group_decorator to 2023-02-02T11:50:19.340408+00:00, run_after=2023-02-03T11:50:19.340408+00:00
[2023-02-03T11:50:19.404+0000] {processor.py:175} INFO - Processing /home/airflow/.local/lib/python3.7/site-packages/airflow/example_dags/example_task_group_decorator.py took 0.364 seconds
[2023-02-03T11:50:49.744+0000] {processor.py:153} INFO - Started process (PID=980) to work on /home/airflow/.local/lib/python3.7/site-packages/airflow/example_dags/example_task_group_decorator.py
[2023-02-03T11:50:49.747+0000] {processor.py:743} INFO - Processing file /home/airflow/.local/lib/python3.7/site-packages/airflow/example_dags/example_task_group_decorator.py for tasks to queue
[2023-02-03T11:50:49.750+0000] {logging_mixin.py:137} INFO - [2023-02-03T11:50:49.749+0000] {dagbag.py:538} INFO - Filling up the DagBag from /home/airflow/.local/lib/python3.7/site-packages/airflow/example_dags/example_task_group_decorator.py
[2023-02-03T11:50:49.891+0000] {processor.py:753} INFO - DAG(s) dict_keys(['example_task_group_decorator']) retrieved from /home/airflow/.local/lib/python3.7/site-packages/airflow/example_dags/example_task_group_decorator.py
[2023-02-03T11:50:50.096+0000] {logging_mixin.py:137} INFO - [2023-02-03T11:50:50.096+0000] {dag.py:2676} INFO - Sync 1 DAGs
[2023-02-03T11:50:50.200+0000] {logging_mixin.py:137} INFO - [2023-02-03T11:50:50.199+0000] {dag.py:3427} INFO - Setting next_dagrun for example_task_group_decorator to 2023-02-02T11:50:50.199009+00:00, run_after=2023-02-03T11:50:50.199009+00:00
[2023-02-03T11:50:50.277+0000] {processor.py:175} INFO - Processing /home/airflow/.local/lib/python3.7/site-packages/airflow/example_dags/example_task_group_decorator.py took 0.540 seconds
[2023-02-03T11:55:31.614+0000] {processor.py:153} INFO - Started process (PID=61) to work on /home/airflow/.local/lib/python3.7/site-packages/airflow/example_dags/example_task_group_decorator.py
[2023-02-03T11:55:31.620+0000] {processor.py:743} INFO - Processing file /home/airflow/.local/lib/python3.7/site-packages/airflow/example_dags/example_task_group_decorator.py for tasks to queue
[2023-02-03T11:55:31.623+0000] {logging_mixin.py:137} INFO - [2023-02-03T11:55:31.623+0000] {dagbag.py:538} INFO - Filling up the DagBag from /home/airflow/.local/lib/python3.7/site-packages/airflow/example_dags/example_task_group_decorator.py
[2023-02-03T11:55:31.717+0000] {processor.py:753} INFO - DAG(s) dict_keys(['example_task_group_decorator']) retrieved from /home/airflow/.local/lib/python3.7/site-packages/airflow/example_dags/example_task_group_decorator.py
[2023-02-03T11:55:31.991+0000] {logging_mixin.py:137} INFO - [2023-02-03T11:55:31.988+0000] {dag.py:2676} INFO - Sync 1 DAGs
[2023-02-03T11:55:32.251+0000] {logging_mixin.py:137} INFO - [2023-02-03T11:55:32.250+0000] {dag.py:3427} INFO - Setting next_dagrun for example_task_group_decorator to 2023-02-02T11:55:32.250358+00:00, run_after=2023-02-03T11:55:32.250358+00:00
[2023-02-03T11:55:32.374+0000] {processor.py:175} INFO - Processing /home/airflow/.local/lib/python3.7/site-packages/airflow/example_dags/example_task_group_decorator.py took 0.767 seconds
[2023-02-03T11:56:02.955+0000] {processor.py:153} INFO - Started process (PID=123) to work on /home/airflow/.local/lib/python3.7/site-packages/airflow/example_dags/example_task_group_decorator.py
[2023-02-03T11:56:02.959+0000] {processor.py:743} INFO - Processing file /home/airflow/.local/lib/python3.7/site-packages/airflow/example_dags/example_task_group_decorator.py for tasks to queue
[2023-02-03T11:56:02.963+0000] {logging_mixin.py:137} INFO - [2023-02-03T11:56:02.963+0000] {dagbag.py:538} INFO - Filling up the DagBag from /home/airflow/.local/lib/python3.7/site-packages/airflow/example_dags/example_task_group_decorator.py
[2023-02-03T11:56:03.105+0000] {processor.py:753} INFO - DAG(s) dict_keys(['example_task_group_decorator']) retrieved from /home/airflow/.local/lib/python3.7/site-packages/airflow/example_dags/example_task_group_decorator.py
[2023-02-03T11:56:03.412+0000] {logging_mixin.py:137} INFO - [2023-02-03T11:56:03.411+0000] {dag.py:2676} INFO - Sync 1 DAGs
[2023-02-03T11:56:03.595+0000] {logging_mixin.py:137} INFO - [2023-02-03T11:56:03.595+0000] {dag.py:3427} INFO - Setting next_dagrun for example_task_group_decorator to 2023-02-02T11:56:03.594680+00:00, run_after=2023-02-03T11:56:03.594680+00:00
[2023-02-03T11:56:03.655+0000] {processor.py:175} INFO - Processing /home/airflow/.local/lib/python3.7/site-packages/airflow/example_dags/example_task_group_decorator.py took 0.719 seconds
[2023-02-03T11:56:34.472+0000] {processor.py:153} INFO - Started process (PID=184) to work on /home/airflow/.local/lib/python3.7/site-packages/airflow/example_dags/example_task_group_decorator.py
[2023-02-03T11:56:34.475+0000] {processor.py:743} INFO - Processing file /home/airflow/.local/lib/python3.7/site-packages/airflow/example_dags/example_task_group_decorator.py for tasks to queue
[2023-02-03T11:56:34.477+0000] {logging_mixin.py:137} INFO - [2023-02-03T11:56:34.477+0000] {dagbag.py:538} INFO - Filling up the DagBag from /home/airflow/.local/lib/python3.7/site-packages/airflow/example_dags/example_task_group_decorator.py
[2023-02-03T11:56:34.529+0000] {processor.py:753} INFO - DAG(s) dict_keys(['example_task_group_decorator']) retrieved from /home/airflow/.local/lib/python3.7/site-packages/airflow/example_dags/example_task_group_decorator.py
[2023-02-03T11:56:34.660+0000] {logging_mixin.py:137} INFO - [2023-02-03T11:56:34.659+0000] {dag.py:2676} INFO - Sync 1 DAGs
[2023-02-03T11:56:34.776+0000] {logging_mixin.py:137} INFO - [2023-02-03T11:56:34.775+0000] {dag.py:3427} INFO - Setting next_dagrun for example_task_group_decorator to 2023-02-02T11:56:34.774681+00:00, run_after=2023-02-03T11:56:34.774681+00:00
[2023-02-03T11:56:34.897+0000] {processor.py:175} INFO - Processing /home/airflow/.local/lib/python3.7/site-packages/airflow/example_dags/example_task_group_decorator.py took 0.431 seconds
[2023-02-03T11:57:05.516+0000] {processor.py:153} INFO - Started process (PID=259) to work on /home/airflow/.local/lib/python3.7/site-packages/airflow/example_dags/example_task_group_decorator.py
[2023-02-03T11:57:05.519+0000] {processor.py:743} INFO - Processing file /home/airflow/.local/lib/python3.7/site-packages/airflow/example_dags/example_task_group_decorator.py for tasks to queue
[2023-02-03T11:57:05.520+0000] {logging_mixin.py:137} INFO - [2023-02-03T11:57:05.520+0000] {dagbag.py:538} INFO - Filling up the DagBag from /home/airflow/.local/lib/python3.7/site-packages/airflow/example_dags/example_task_group_decorator.py
[2023-02-03T11:57:05.572+0000] {processor.py:753} INFO - DAG(s) dict_keys(['example_task_group_decorator']) retrieved from /home/airflow/.local/lib/python3.7/site-packages/airflow/example_dags/example_task_group_decorator.py
[2023-02-03T11:57:05.650+0000] {logging_mixin.py:137} INFO - [2023-02-03T11:57:05.650+0000] {dag.py:2676} INFO - Sync 1 DAGs
[2023-02-03T11:57:05.709+0000] {logging_mixin.py:137} INFO - [2023-02-03T11:57:05.709+0000] {dag.py:3427} INFO - Setting next_dagrun for example_task_group_decorator to 2023-02-02T11:57:05.708778+00:00, run_after=2023-02-03T11:57:05.708778+00:00
[2023-02-03T11:57:05.752+0000] {processor.py:175} INFO - Processing /home/airflow/.local/lib/python3.7/site-packages/airflow/example_dags/example_task_group_decorator.py took 0.241 seconds
[2023-02-03T11:57:35.983+0000] {processor.py:153} INFO - Started process (PID=321) to work on /home/airflow/.local/lib/python3.7/site-packages/airflow/example_dags/example_task_group_decorator.py
[2023-02-03T11:57:35.987+0000] {processor.py:743} INFO - Processing file /home/airflow/.local/lib/python3.7/site-packages/airflow/example_dags/example_task_group_decorator.py for tasks to queue
[2023-02-03T11:57:35.989+0000] {logging_mixin.py:137} INFO - [2023-02-03T11:57:35.989+0000] {dagbag.py:538} INFO - Filling up the DagBag from /home/airflow/.local/lib/python3.7/site-packages/airflow/example_dags/example_task_group_decorator.py
[2023-02-03T11:57:36.057+0000] {processor.py:753} INFO - DAG(s) dict_keys(['example_task_group_decorator']) retrieved from /home/airflow/.local/lib/python3.7/site-packages/airflow/example_dags/example_task_group_decorator.py
[2023-02-03T11:57:36.155+0000] {logging_mixin.py:137} INFO - [2023-02-03T11:57:36.155+0000] {dag.py:2676} INFO - Sync 1 DAGs
[2023-02-03T11:57:36.222+0000] {logging_mixin.py:137} INFO - [2023-02-03T11:57:36.222+0000] {dag.py:3427} INFO - Setting next_dagrun for example_task_group_decorator to 2023-02-02T11:57:36.222136+00:00, run_after=2023-02-03T11:57:36.222136+00:00
[2023-02-03T11:57:36.286+0000] {processor.py:175} INFO - Processing /home/airflow/.local/lib/python3.7/site-packages/airflow/example_dags/example_task_group_decorator.py took 0.313 seconds
