[2023-02-03T11:39:48.962+0000] {processor.py:153} INFO - Started process (PID=54) to work on /home/airflow/.local/lib/python3.7/site-packages/airflow/example_dags/example_branch_operator.py
[2023-02-03T11:39:48.969+0000] {processor.py:743} INFO - Processing file /home/airflow/.local/lib/python3.7/site-packages/airflow/example_dags/example_branch_operator.py for tasks to queue
[2023-02-03T11:39:48.975+0000] {logging_mixin.py:137} INFO - [2023-02-03T11:39:48.975+0000] {dagbag.py:538} INFO - Filling up the DagBag from /home/airflow/.local/lib/python3.7/site-packages/airflow/example_dags/example_branch_operator.py
[2023-02-03T11:39:49.089+0000] {processor.py:753} INFO - DAG(s) dict_keys(['example_branch_operator']) retrieved from /home/airflow/.local/lib/python3.7/site-packages/airflow/example_dags/example_branch_operator.py
[2023-02-03T11:39:49.236+0000] {logging_mixin.py:137} INFO - [2023-02-03T11:39:49.236+0000] {dag.py:2676} INFO - Sync 1 DAGs
[2023-02-03T11:39:49.364+0000] {logging_mixin.py:137} INFO - [2023-02-03T11:39:49.363+0000] {dag.py:3427} INFO - Setting next_dagrun for example_branch_operator to 2023-02-02T00:00:00+00:00, run_after=2023-02-03T00:00:00+00:00
[2023-02-03T11:39:49.421+0000] {processor.py:175} INFO - Processing /home/airflow/.local/lib/python3.7/site-packages/airflow/example_dags/example_branch_operator.py took 0.474 seconds
[2023-02-03T11:40:19.552+0000] {processor.py:153} INFO - Started process (PID=116) to work on /home/airflow/.local/lib/python3.7/site-packages/airflow/example_dags/example_branch_operator.py
[2023-02-03T11:40:19.554+0000] {processor.py:743} INFO - Processing file /home/airflow/.local/lib/python3.7/site-packages/airflow/example_dags/example_branch_operator.py for tasks to queue
[2023-02-03T11:40:19.555+0000] {logging_mixin.py:137} INFO - [2023-02-03T11:40:19.555+0000] {dagbag.py:538} INFO - Filling up the DagBag from /home/airflow/.local/lib/python3.7/site-packages/airflow/example_dags/example_branch_operator.py
[2023-02-03T11:40:19.585+0000] {processor.py:753} INFO - DAG(s) dict_keys(['example_branch_operator']) retrieved from /home/airflow/.local/lib/python3.7/site-packages/airflow/example_dags/example_branch_operator.py
[2023-02-03T11:40:19.689+0000] {logging_mixin.py:137} INFO - [2023-02-03T11:40:19.688+0000] {dag.py:2676} INFO - Sync 1 DAGs
[2023-02-03T11:40:19.771+0000] {logging_mixin.py:137} INFO - [2023-02-03T11:40:19.770+0000] {dag.py:3427} INFO - Setting next_dagrun for example_branch_operator to 2023-02-02T00:00:00+00:00, run_after=2023-02-03T00:00:00+00:00
[2023-02-03T11:40:19.814+0000] {processor.py:175} INFO - Processing /home/airflow/.local/lib/python3.7/site-packages/airflow/example_dags/example_branch_operator.py took 0.269 seconds
[2023-02-03T11:40:49.994+0000] {processor.py:153} INFO - Started process (PID=178) to work on /home/airflow/.local/lib/python3.7/site-packages/airflow/example_dags/example_branch_operator.py
[2023-02-03T11:40:49.996+0000] {processor.py:743} INFO - Processing file /home/airflow/.local/lib/python3.7/site-packages/airflow/example_dags/example_branch_operator.py for tasks to queue
[2023-02-03T11:40:49.999+0000] {logging_mixin.py:137} INFO - [2023-02-03T11:40:49.999+0000] {dagbag.py:538} INFO - Filling up the DagBag from /home/airflow/.local/lib/python3.7/site-packages/airflow/example_dags/example_branch_operator.py
[2023-02-03T11:40:50.027+0000] {processor.py:753} INFO - DAG(s) dict_keys(['example_branch_operator']) retrieved from /home/airflow/.local/lib/python3.7/site-packages/airflow/example_dags/example_branch_operator.py
[2023-02-03T11:40:50.089+0000] {logging_mixin.py:137} INFO - [2023-02-03T11:40:50.089+0000] {dag.py:2676} INFO - Sync 1 DAGs
[2023-02-03T11:40:50.139+0000] {logging_mixin.py:137} INFO - [2023-02-03T11:40:50.139+0000] {dag.py:3427} INFO - Setting next_dagrun for example_branch_operator to 2023-02-02T00:00:00+00:00, run_after=2023-02-03T00:00:00+00:00
[2023-02-03T11:40:50.176+0000] {processor.py:175} INFO - Processing /home/airflow/.local/lib/python3.7/site-packages/airflow/example_dags/example_branch_operator.py took 0.186 seconds
[2023-02-03T11:41:20.572+0000] {processor.py:153} INFO - Started process (PID=240) to work on /home/airflow/.local/lib/python3.7/site-packages/airflow/example_dags/example_branch_operator.py
[2023-02-03T11:41:20.574+0000] {processor.py:743} INFO - Processing file /home/airflow/.local/lib/python3.7/site-packages/airflow/example_dags/example_branch_operator.py for tasks to queue
[2023-02-03T11:41:20.576+0000] {logging_mixin.py:137} INFO - [2023-02-03T11:41:20.575+0000] {dagbag.py:538} INFO - Filling up the DagBag from /home/airflow/.local/lib/python3.7/site-packages/airflow/example_dags/example_branch_operator.py
[2023-02-03T11:41:20.605+0000] {processor.py:753} INFO - DAG(s) dict_keys(['example_branch_operator']) retrieved from /home/airflow/.local/lib/python3.7/site-packages/airflow/example_dags/example_branch_operator.py
[2023-02-03T11:41:20.690+0000] {logging_mixin.py:137} INFO - [2023-02-03T11:41:20.690+0000] {dag.py:2676} INFO - Sync 1 DAGs
[2023-02-03T11:41:20.755+0000] {logging_mixin.py:137} INFO - [2023-02-03T11:41:20.755+0000] {dag.py:3427} INFO - Setting next_dagrun for example_branch_operator to 2023-02-02T00:00:00+00:00, run_after=2023-02-03T00:00:00+00:00
[2023-02-03T11:41:20.791+0000] {processor.py:175} INFO - Processing /home/airflow/.local/lib/python3.7/site-packages/airflow/example_dags/example_branch_operator.py took 0.227 seconds
[2023-02-03T11:41:50.829+0000] {processor.py:153} INFO - Started process (PID=313) to work on /home/airflow/.local/lib/python3.7/site-packages/airflow/example_dags/example_branch_operator.py
[2023-02-03T11:41:50.831+0000] {processor.py:743} INFO - Processing file /home/airflow/.local/lib/python3.7/site-packages/airflow/example_dags/example_branch_operator.py for tasks to queue
[2023-02-03T11:41:50.833+0000] {logging_mixin.py:137} INFO - [2023-02-03T11:41:50.833+0000] {dagbag.py:538} INFO - Filling up the DagBag from /home/airflow/.local/lib/python3.7/site-packages/airflow/example_dags/example_branch_operator.py
[2023-02-03T11:41:50.865+0000] {processor.py:753} INFO - DAG(s) dict_keys(['example_branch_operator']) retrieved from /home/airflow/.local/lib/python3.7/site-packages/airflow/example_dags/example_branch_operator.py
[2023-02-03T11:41:50.940+0000] {logging_mixin.py:137} INFO - [2023-02-03T11:41:50.940+0000] {dag.py:2676} INFO - Sync 1 DAGs
[2023-02-03T11:41:50.991+0000] {logging_mixin.py:137} INFO - [2023-02-03T11:41:50.990+0000] {dag.py:3427} INFO - Setting next_dagrun for example_branch_operator to 2023-02-02T00:00:00+00:00, run_after=2023-02-03T00:00:00+00:00
[2023-02-03T11:41:51.028+0000] {processor.py:175} INFO - Processing /home/airflow/.local/lib/python3.7/site-packages/airflow/example_dags/example_branch_operator.py took 0.203 seconds
[2023-02-03T11:42:21.366+0000] {processor.py:153} INFO - Started process (PID=376) to work on /home/airflow/.local/lib/python3.7/site-packages/airflow/example_dags/example_branch_operator.py
[2023-02-03T11:42:21.368+0000] {processor.py:743} INFO - Processing file /home/airflow/.local/lib/python3.7/site-packages/airflow/example_dags/example_branch_operator.py for tasks to queue
[2023-02-03T11:42:21.370+0000] {logging_mixin.py:137} INFO - [2023-02-03T11:42:21.370+0000] {dagbag.py:538} INFO - Filling up the DagBag from /home/airflow/.local/lib/python3.7/site-packages/airflow/example_dags/example_branch_operator.py
[2023-02-03T11:42:21.398+0000] {processor.py:753} INFO - DAG(s) dict_keys(['example_branch_operator']) retrieved from /home/airflow/.local/lib/python3.7/site-packages/airflow/example_dags/example_branch_operator.py
[2023-02-03T11:42:21.500+0000] {logging_mixin.py:137} INFO - [2023-02-03T11:42:21.500+0000] {dag.py:2676} INFO - Sync 1 DAGs
[2023-02-03T11:42:21.550+0000] {logging_mixin.py:137} INFO - [2023-02-03T11:42:21.550+0000] {dag.py:3427} INFO - Setting next_dagrun for example_branch_operator to 2023-02-02T00:00:00+00:00, run_after=2023-02-03T00:00:00+00:00
[2023-02-03T11:42:21.580+0000] {processor.py:175} INFO - Processing /home/airflow/.local/lib/python3.7/site-packages/airflow/example_dags/example_branch_operator.py took 0.218 seconds
[2023-02-03T11:43:35.625+0000] {processor.py:153} INFO - Started process (PID=54) to work on /home/airflow/.local/lib/python3.7/site-packages/airflow/example_dags/example_branch_operator.py
[2023-02-03T11:43:35.627+0000] {processor.py:743} INFO - Processing file /home/airflow/.local/lib/python3.7/site-packages/airflow/example_dags/example_branch_operator.py for tasks to queue
[2023-02-03T11:43:35.630+0000] {logging_mixin.py:137} INFO - [2023-02-03T11:43:35.629+0000] {dagbag.py:538} INFO - Filling up the DagBag from /home/airflow/.local/lib/python3.7/site-packages/airflow/example_dags/example_branch_operator.py
[2023-02-03T11:43:35.667+0000] {processor.py:753} INFO - DAG(s) dict_keys(['example_branch_operator']) retrieved from /home/airflow/.local/lib/python3.7/site-packages/airflow/example_dags/example_branch_operator.py
[2023-02-03T11:43:35.836+0000] {logging_mixin.py:137} INFO - [2023-02-03T11:43:35.835+0000] {dag.py:2676} INFO - Sync 1 DAGs
[2023-02-03T11:43:35.949+0000] {logging_mixin.py:137} INFO - [2023-02-03T11:43:35.949+0000] {dag.py:3427} INFO - Setting next_dagrun for example_branch_operator to 2023-02-02T00:00:00+00:00, run_after=2023-02-03T00:00:00+00:00
[2023-02-03T11:43:36.002+0000] {processor.py:175} INFO - Processing /home/airflow/.local/lib/python3.7/site-packages/airflow/example_dags/example_branch_operator.py took 0.383 seconds
[2023-02-03T11:44:06.913+0000] {processor.py:153} INFO - Started process (PID=117) to work on /home/airflow/.local/lib/python3.7/site-packages/airflow/example_dags/example_branch_operator.py
[2023-02-03T11:44:06.915+0000] {processor.py:743} INFO - Processing file /home/airflow/.local/lib/python3.7/site-packages/airflow/example_dags/example_branch_operator.py for tasks to queue
[2023-02-03T11:44:06.917+0000] {logging_mixin.py:137} INFO - [2023-02-03T11:44:06.917+0000] {dagbag.py:538} INFO - Filling up the DagBag from /home/airflow/.local/lib/python3.7/site-packages/airflow/example_dags/example_branch_operator.py
[2023-02-03T11:44:06.961+0000] {processor.py:753} INFO - DAG(s) dict_keys(['example_branch_operator']) retrieved from /home/airflow/.local/lib/python3.7/site-packages/airflow/example_dags/example_branch_operator.py
[2023-02-03T11:44:07.047+0000] {logging_mixin.py:137} INFO - [2023-02-03T11:44:07.047+0000] {dag.py:2676} INFO - Sync 1 DAGs
[2023-02-03T11:44:07.101+0000] {logging_mixin.py:137} INFO - [2023-02-03T11:44:07.101+0000] {dag.py:3427} INFO - Setting next_dagrun for example_branch_operator to 2023-02-02T00:00:00+00:00, run_after=2023-02-03T00:00:00+00:00
[2023-02-03T11:44:07.136+0000] {processor.py:175} INFO - Processing /home/airflow/.local/lib/python3.7/site-packages/airflow/example_dags/example_branch_operator.py took 0.227 seconds
[2023-02-03T11:44:37.441+0000] {processor.py:153} INFO - Started process (PID=179) to work on /home/airflow/.local/lib/python3.7/site-packages/airflow/example_dags/example_branch_operator.py
[2023-02-03T11:44:37.445+0000] {processor.py:743} INFO - Processing file /home/airflow/.local/lib/python3.7/site-packages/airflow/example_dags/example_branch_operator.py for tasks to queue
[2023-02-03T11:44:37.448+0000] {logging_mixin.py:137} INFO - [2023-02-03T11:44:37.448+0000] {dagbag.py:538} INFO - Filling up the DagBag from /home/airflow/.local/lib/python3.7/site-packages/airflow/example_dags/example_branch_operator.py
[2023-02-03T11:44:37.493+0000] {processor.py:753} INFO - DAG(s) dict_keys(['example_branch_operator']) retrieved from /home/airflow/.local/lib/python3.7/site-packages/airflow/example_dags/example_branch_operator.py
[2023-02-03T11:44:37.664+0000] {logging_mixin.py:137} INFO - [2023-02-03T11:44:37.664+0000] {dag.py:2676} INFO - Sync 1 DAGs
[2023-02-03T11:44:37.876+0000] {logging_mixin.py:137} INFO - [2023-02-03T11:44:37.876+0000] {dag.py:3427} INFO - Setting next_dagrun for example_branch_operator to 2023-02-02T00:00:00+00:00, run_after=2023-02-03T00:00:00+00:00
[2023-02-03T11:44:37.932+0000] {processor.py:175} INFO - Processing /home/airflow/.local/lib/python3.7/site-packages/airflow/example_dags/example_branch_operator.py took 0.499 seconds
[2023-02-03T11:45:08.704+0000] {processor.py:153} INFO - Started process (PID=243) to work on /home/airflow/.local/lib/python3.7/site-packages/airflow/example_dags/example_branch_operator.py
[2023-02-03T11:45:08.707+0000] {processor.py:743} INFO - Processing file /home/airflow/.local/lib/python3.7/site-packages/airflow/example_dags/example_branch_operator.py for tasks to queue
[2023-02-03T11:45:08.708+0000] {logging_mixin.py:137} INFO - [2023-02-03T11:45:08.708+0000] {dagbag.py:538} INFO - Filling up the DagBag from /home/airflow/.local/lib/python3.7/site-packages/airflow/example_dags/example_branch_operator.py
[2023-02-03T11:45:08.742+0000] {processor.py:753} INFO - DAG(s) dict_keys(['example_branch_operator']) retrieved from /home/airflow/.local/lib/python3.7/site-packages/airflow/example_dags/example_branch_operator.py
[2023-02-03T11:45:08.823+0000] {logging_mixin.py:137} INFO - [2023-02-03T11:45:08.823+0000] {dag.py:2676} INFO - Sync 1 DAGs
[2023-02-03T11:45:08.890+0000] {logging_mixin.py:137} INFO - [2023-02-03T11:45:08.889+0000] {dag.py:3427} INFO - Setting next_dagrun for example_branch_operator to 2023-02-02T00:00:00+00:00, run_after=2023-02-03T00:00:00+00:00
[2023-02-03T11:45:08.937+0000] {processor.py:175} INFO - Processing /home/airflow/.local/lib/python3.7/site-packages/airflow/example_dags/example_branch_operator.py took 0.239 seconds
[2023-02-03T11:45:39.892+0000] {processor.py:153} INFO - Started process (PID=317) to work on /home/airflow/.local/lib/python3.7/site-packages/airflow/example_dags/example_branch_operator.py
[2023-02-03T11:45:39.897+0000] {processor.py:743} INFO - Processing file /home/airflow/.local/lib/python3.7/site-packages/airflow/example_dags/example_branch_operator.py for tasks to queue
[2023-02-03T11:45:39.898+0000] {logging_mixin.py:137} INFO - [2023-02-03T11:45:39.898+0000] {dagbag.py:538} INFO - Filling up the DagBag from /home/airflow/.local/lib/python3.7/site-packages/airflow/example_dags/example_branch_operator.py
[2023-02-03T11:45:39.942+0000] {processor.py:753} INFO - DAG(s) dict_keys(['example_branch_operator']) retrieved from /home/airflow/.local/lib/python3.7/site-packages/airflow/example_dags/example_branch_operator.py
[2023-02-03T11:45:40.014+0000] {logging_mixin.py:137} INFO - [2023-02-03T11:45:40.014+0000] {dag.py:2676} INFO - Sync 1 DAGs
[2023-02-03T11:45:40.087+0000] {logging_mixin.py:137} INFO - [2023-02-03T11:45:40.086+0000] {dag.py:3427} INFO - Setting next_dagrun for example_branch_operator to 2023-02-02T00:00:00+00:00, run_after=2023-02-03T00:00:00+00:00
[2023-02-03T11:45:40.133+0000] {processor.py:175} INFO - Processing /home/airflow/.local/lib/python3.7/site-packages/airflow/example_dags/example_branch_operator.py took 0.245 seconds
[2023-02-03T11:46:10.635+0000] {processor.py:153} INFO - Started process (PID=380) to work on /home/airflow/.local/lib/python3.7/site-packages/airflow/example_dags/example_branch_operator.py
[2023-02-03T11:46:10.638+0000] {processor.py:743} INFO - Processing file /home/airflow/.local/lib/python3.7/site-packages/airflow/example_dags/example_branch_operator.py for tasks to queue
[2023-02-03T11:46:10.642+0000] {logging_mixin.py:137} INFO - [2023-02-03T11:46:10.641+0000] {dagbag.py:538} INFO - Filling up the DagBag from /home/airflow/.local/lib/python3.7/site-packages/airflow/example_dags/example_branch_operator.py
[2023-02-03T11:46:10.672+0000] {processor.py:753} INFO - DAG(s) dict_keys(['example_branch_operator']) retrieved from /home/airflow/.local/lib/python3.7/site-packages/airflow/example_dags/example_branch_operator.py
[2023-02-03T11:46:10.755+0000] {logging_mixin.py:137} INFO - [2023-02-03T11:46:10.755+0000] {dag.py:2676} INFO - Sync 1 DAGs
[2023-02-03T11:46:10.813+0000] {logging_mixin.py:137} INFO - [2023-02-03T11:46:10.813+0000] {dag.py:3427} INFO - Setting next_dagrun for example_branch_operator to 2023-02-02T00:00:00+00:00, run_after=2023-02-03T00:00:00+00:00
[2023-02-03T11:46:10.869+0000] {processor.py:175} INFO - Processing /home/airflow/.local/lib/python3.7/site-packages/airflow/example_dags/example_branch_operator.py took 0.244 seconds
[2023-02-03T11:46:41.191+0000] {processor.py:153} INFO - Started process (PID=443) to work on /home/airflow/.local/lib/python3.7/site-packages/airflow/example_dags/example_branch_operator.py
[2023-02-03T11:46:41.192+0000] {processor.py:743} INFO - Processing file /home/airflow/.local/lib/python3.7/site-packages/airflow/example_dags/example_branch_operator.py for tasks to queue
[2023-02-03T11:46:41.194+0000] {logging_mixin.py:137} INFO - [2023-02-03T11:46:41.194+0000] {dagbag.py:538} INFO - Filling up the DagBag from /home/airflow/.local/lib/python3.7/site-packages/airflow/example_dags/example_branch_operator.py
[2023-02-03T11:46:41.215+0000] {processor.py:753} INFO - DAG(s) dict_keys(['example_branch_operator']) retrieved from /home/airflow/.local/lib/python3.7/site-packages/airflow/example_dags/example_branch_operator.py
[2023-02-03T11:46:41.290+0000] {logging_mixin.py:137} INFO - [2023-02-03T11:46:41.290+0000] {dag.py:2676} INFO - Sync 1 DAGs
[2023-02-03T11:46:41.339+0000] {logging_mixin.py:137} INFO - [2023-02-03T11:46:41.338+0000] {dag.py:3427} INFO - Setting next_dagrun for example_branch_operator to 2023-02-02T00:00:00+00:00, run_after=2023-02-03T00:00:00+00:00
[2023-02-03T11:46:41.374+0000] {processor.py:175} INFO - Processing /home/airflow/.local/lib/python3.7/site-packages/airflow/example_dags/example_branch_operator.py took 0.187 seconds
[2023-02-03T11:47:11.833+0000] {processor.py:153} INFO - Started process (PID=517) to work on /home/airflow/.local/lib/python3.7/site-packages/airflow/example_dags/example_branch_operator.py
[2023-02-03T11:47:11.835+0000] {processor.py:743} INFO - Processing file /home/airflow/.local/lib/python3.7/site-packages/airflow/example_dags/example_branch_operator.py for tasks to queue
[2023-02-03T11:47:11.837+0000] {logging_mixin.py:137} INFO - [2023-02-03T11:47:11.836+0000] {dagbag.py:538} INFO - Filling up the DagBag from /home/airflow/.local/lib/python3.7/site-packages/airflow/example_dags/example_branch_operator.py
[2023-02-03T11:47:11.873+0000] {processor.py:753} INFO - DAG(s) dict_keys(['example_branch_operator']) retrieved from /home/airflow/.local/lib/python3.7/site-packages/airflow/example_dags/example_branch_operator.py
[2023-02-03T11:47:11.967+0000] {logging_mixin.py:137} INFO - [2023-02-03T11:47:11.966+0000] {dag.py:2676} INFO - Sync 1 DAGs
[2023-02-03T11:47:12.042+0000] {logging_mixin.py:137} INFO - [2023-02-03T11:47:12.041+0000] {dag.py:3427} INFO - Setting next_dagrun for example_branch_operator to 2023-02-02T00:00:00+00:00, run_after=2023-02-03T00:00:00+00:00
[2023-02-03T11:47:12.079+0000] {processor.py:175} INFO - Processing /home/airflow/.local/lib/python3.7/site-packages/airflow/example_dags/example_branch_operator.py took 0.257 seconds
[2023-02-03T11:47:42.330+0000] {processor.py:153} INFO - Started process (PID=578) to work on /home/airflow/.local/lib/python3.7/site-packages/airflow/example_dags/example_branch_operator.py
[2023-02-03T11:47:42.332+0000] {processor.py:743} INFO - Processing file /home/airflow/.local/lib/python3.7/site-packages/airflow/example_dags/example_branch_operator.py for tasks to queue
[2023-02-03T11:47:42.333+0000] {logging_mixin.py:137} INFO - [2023-02-03T11:47:42.333+0000] {dagbag.py:538} INFO - Filling up the DagBag from /home/airflow/.local/lib/python3.7/site-packages/airflow/example_dags/example_branch_operator.py
[2023-02-03T11:47:42.358+0000] {processor.py:753} INFO - DAG(s) dict_keys(['example_branch_operator']) retrieved from /home/airflow/.local/lib/python3.7/site-packages/airflow/example_dags/example_branch_operator.py
[2023-02-03T11:47:42.432+0000] {logging_mixin.py:137} INFO - [2023-02-03T11:47:42.432+0000] {dag.py:2676} INFO - Sync 1 DAGs
[2023-02-03T11:47:42.489+0000] {logging_mixin.py:137} INFO - [2023-02-03T11:47:42.489+0000] {dag.py:3427} INFO - Setting next_dagrun for example_branch_operator to 2023-02-02T00:00:00+00:00, run_after=2023-02-03T00:00:00+00:00
[2023-02-03T11:47:42.540+0000] {processor.py:175} INFO - Processing /home/airflow/.local/lib/python3.7/site-packages/airflow/example_dags/example_branch_operator.py took 0.215 seconds
[2023-02-03T11:48:13.484+0000] {processor.py:153} INFO - Started process (PID=640) to work on /home/airflow/.local/lib/python3.7/site-packages/airflow/example_dags/example_branch_operator.py
[2023-02-03T11:48:13.486+0000] {processor.py:743} INFO - Processing file /home/airflow/.local/lib/python3.7/site-packages/airflow/example_dags/example_branch_operator.py for tasks to queue
[2023-02-03T11:48:13.487+0000] {logging_mixin.py:137} INFO - [2023-02-03T11:48:13.487+0000] {dagbag.py:538} INFO - Filling up the DagBag from /home/airflow/.local/lib/python3.7/site-packages/airflow/example_dags/example_branch_operator.py
[2023-02-03T11:48:13.516+0000] {processor.py:753} INFO - DAG(s) dict_keys(['example_branch_operator']) retrieved from /home/airflow/.local/lib/python3.7/site-packages/airflow/example_dags/example_branch_operator.py
[2023-02-03T11:48:13.587+0000] {logging_mixin.py:137} INFO - [2023-02-03T11:48:13.587+0000] {dag.py:2676} INFO - Sync 1 DAGs
[2023-02-03T11:48:13.658+0000] {logging_mixin.py:137} INFO - [2023-02-03T11:48:13.658+0000] {dag.py:3427} INFO - Setting next_dagrun for example_branch_operator to 2023-02-02T00:00:00+00:00, run_after=2023-02-03T00:00:00+00:00
[2023-02-03T11:48:13.707+0000] {processor.py:175} INFO - Processing /home/airflow/.local/lib/python3.7/site-packages/airflow/example_dags/example_branch_operator.py took 0.229 seconds
[2023-02-03T11:48:43.850+0000] {processor.py:153} INFO - Started process (PID=714) to work on /home/airflow/.local/lib/python3.7/site-packages/airflow/example_dags/example_branch_operator.py
[2023-02-03T11:48:43.852+0000] {processor.py:743} INFO - Processing file /home/airflow/.local/lib/python3.7/site-packages/airflow/example_dags/example_branch_operator.py for tasks to queue
[2023-02-03T11:48:43.854+0000] {logging_mixin.py:137} INFO - [2023-02-03T11:48:43.854+0000] {dagbag.py:538} INFO - Filling up the DagBag from /home/airflow/.local/lib/python3.7/site-packages/airflow/example_dags/example_branch_operator.py
[2023-02-03T11:48:43.884+0000] {processor.py:753} INFO - DAG(s) dict_keys(['example_branch_operator']) retrieved from /home/airflow/.local/lib/python3.7/site-packages/airflow/example_dags/example_branch_operator.py
[2023-02-03T11:48:43.963+0000] {logging_mixin.py:137} INFO - [2023-02-03T11:48:43.963+0000] {dag.py:2676} INFO - Sync 1 DAGs
[2023-02-03T11:48:44.033+0000] {logging_mixin.py:137} INFO - [2023-02-03T11:48:44.033+0000] {dag.py:3427} INFO - Setting next_dagrun for example_branch_operator to 2023-02-02T00:00:00+00:00, run_after=2023-02-03T00:00:00+00:00
[2023-02-03T11:48:44.085+0000] {processor.py:175} INFO - Processing /home/airflow/.local/lib/python3.7/site-packages/airflow/example_dags/example_branch_operator.py took 0.243 seconds
[2023-02-03T11:49:14.450+0000] {processor.py:153} INFO - Started process (PID=776) to work on /home/airflow/.local/lib/python3.7/site-packages/airflow/example_dags/example_branch_operator.py
[2023-02-03T11:49:14.452+0000] {processor.py:743} INFO - Processing file /home/airflow/.local/lib/python3.7/site-packages/airflow/example_dags/example_branch_operator.py for tasks to queue
[2023-02-03T11:49:14.454+0000] {logging_mixin.py:137} INFO - [2023-02-03T11:49:14.453+0000] {dagbag.py:538} INFO - Filling up the DagBag from /home/airflow/.local/lib/python3.7/site-packages/airflow/example_dags/example_branch_operator.py
[2023-02-03T11:49:14.460+0000] {processor.py:753} INFO - DAG(s) dict_keys(['example_branch_operator']) retrieved from /home/airflow/.local/lib/python3.7/site-packages/airflow/example_dags/example_branch_operator.py
[2023-02-03T11:49:14.558+0000] {logging_mixin.py:137} INFO - [2023-02-03T11:49:14.558+0000] {dag.py:2676} INFO - Sync 1 DAGs
[2023-02-03T11:49:14.634+0000] {logging_mixin.py:137} INFO - [2023-02-03T11:49:14.633+0000] {dag.py:3427} INFO - Setting next_dagrun for example_branch_operator to 2023-02-02T00:00:00+00:00, run_after=2023-02-03T00:00:00+00:00
[2023-02-03T11:49:14.693+0000] {processor.py:175} INFO - Processing /home/airflow/.local/lib/python3.7/site-packages/airflow/example_dags/example_branch_operator.py took 0.272 seconds
[2023-02-03T11:49:45.403+0000] {processor.py:153} INFO - Started process (PID=838) to work on /home/airflow/.local/lib/python3.7/site-packages/airflow/example_dags/example_branch_operator.py
[2023-02-03T11:49:45.407+0000] {processor.py:743} INFO - Processing file /home/airflow/.local/lib/python3.7/site-packages/airflow/example_dags/example_branch_operator.py for tasks to queue
[2023-02-03T11:49:45.410+0000] {logging_mixin.py:137} INFO - [2023-02-03T11:49:45.409+0000] {dagbag.py:538} INFO - Filling up the DagBag from /home/airflow/.local/lib/python3.7/site-packages/airflow/example_dags/example_branch_operator.py
[2023-02-03T11:49:45.453+0000] {processor.py:753} INFO - DAG(s) dict_keys(['example_branch_operator']) retrieved from /home/airflow/.local/lib/python3.7/site-packages/airflow/example_dags/example_branch_operator.py
[2023-02-03T11:49:45.593+0000] {logging_mixin.py:137} INFO - [2023-02-03T11:49:45.592+0000] {dag.py:2676} INFO - Sync 1 DAGs
[2023-02-03T11:49:45.722+0000] {logging_mixin.py:137} INFO - [2023-02-03T11:49:45.721+0000] {dag.py:3427} INFO - Setting next_dagrun for example_branch_operator to 2023-02-02T00:00:00+00:00, run_after=2023-02-03T00:00:00+00:00
[2023-02-03T11:49:45.882+0000] {processor.py:175} INFO - Processing /home/airflow/.local/lib/python3.7/site-packages/airflow/example_dags/example_branch_operator.py took 0.491 seconds
[2023-02-03T11:50:16.593+0000] {processor.py:153} INFO - Started process (PID=899) to work on /home/airflow/.local/lib/python3.7/site-packages/airflow/example_dags/example_branch_operator.py
[2023-02-03T11:50:16.595+0000] {processor.py:743} INFO - Processing file /home/airflow/.local/lib/python3.7/site-packages/airflow/example_dags/example_branch_operator.py for tasks to queue
[2023-02-03T11:50:16.596+0000] {logging_mixin.py:137} INFO - [2023-02-03T11:50:16.596+0000] {dagbag.py:538} INFO - Filling up the DagBag from /home/airflow/.local/lib/python3.7/site-packages/airflow/example_dags/example_branch_operator.py
[2023-02-03T11:50:16.622+0000] {processor.py:753} INFO - DAG(s) dict_keys(['example_branch_operator']) retrieved from /home/airflow/.local/lib/python3.7/site-packages/airflow/example_dags/example_branch_operator.py
[2023-02-03T11:50:16.712+0000] {logging_mixin.py:137} INFO - [2023-02-03T11:50:16.711+0000] {dag.py:2676} INFO - Sync 1 DAGs
[2023-02-03T11:50:16.760+0000] {logging_mixin.py:137} INFO - [2023-02-03T11:50:16.760+0000] {dag.py:3427} INFO - Setting next_dagrun for example_branch_operator to 2023-02-02T00:00:00+00:00, run_after=2023-02-03T00:00:00+00:00
[2023-02-03T11:50:16.790+0000] {processor.py:175} INFO - Processing /home/airflow/.local/lib/python3.7/site-packages/airflow/example_dags/example_branch_operator.py took 0.203 seconds
[2023-02-03T11:50:47.240+0000] {processor.py:153} INFO - Started process (PID=973) to work on /home/airflow/.local/lib/python3.7/site-packages/airflow/example_dags/example_branch_operator.py
[2023-02-03T11:50:47.242+0000] {processor.py:743} INFO - Processing file /home/airflow/.local/lib/python3.7/site-packages/airflow/example_dags/example_branch_operator.py for tasks to queue
[2023-02-03T11:50:47.245+0000] {logging_mixin.py:137} INFO - [2023-02-03T11:50:47.245+0000] {dagbag.py:538} INFO - Filling up the DagBag from /home/airflow/.local/lib/python3.7/site-packages/airflow/example_dags/example_branch_operator.py
[2023-02-03T11:50:47.280+0000] {processor.py:753} INFO - DAG(s) dict_keys(['example_branch_operator']) retrieved from /home/airflow/.local/lib/python3.7/site-packages/airflow/example_dags/example_branch_operator.py
[2023-02-03T11:50:47.366+0000] {logging_mixin.py:137} INFO - [2023-02-03T11:50:47.365+0000] {dag.py:2676} INFO - Sync 1 DAGs
[2023-02-03T11:50:47.440+0000] {logging_mixin.py:137} INFO - [2023-02-03T11:50:47.440+0000] {dag.py:3427} INFO - Setting next_dagrun for example_branch_operator to 2023-02-02T00:00:00+00:00, run_after=2023-02-03T00:00:00+00:00
[2023-02-03T11:50:47.497+0000] {processor.py:175} INFO - Processing /home/airflow/.local/lib/python3.7/site-packages/airflow/example_dags/example_branch_operator.py took 0.264 seconds
[2023-02-03T11:55:29.563+0000] {processor.py:153} INFO - Started process (PID=54) to work on /home/airflow/.local/lib/python3.7/site-packages/airflow/example_dags/example_branch_operator.py
[2023-02-03T11:55:29.566+0000] {processor.py:743} INFO - Processing file /home/airflow/.local/lib/python3.7/site-packages/airflow/example_dags/example_branch_operator.py for tasks to queue
[2023-02-03T11:55:29.569+0000] {logging_mixin.py:137} INFO - [2023-02-03T11:55:29.568+0000] {dagbag.py:538} INFO - Filling up the DagBag from /home/airflow/.local/lib/python3.7/site-packages/airflow/example_dags/example_branch_operator.py
[2023-02-03T11:55:29.651+0000] {processor.py:753} INFO - DAG(s) dict_keys(['example_branch_operator']) retrieved from /home/airflow/.local/lib/python3.7/site-packages/airflow/example_dags/example_branch_operator.py
[2023-02-03T11:55:29.806+0000] {logging_mixin.py:137} INFO - [2023-02-03T11:55:29.806+0000] {dag.py:2676} INFO - Sync 1 DAGs
[2023-02-03T11:55:29.915+0000] {logging_mixin.py:137} INFO - [2023-02-03T11:55:29.915+0000] {dag.py:3427} INFO - Setting next_dagrun for example_branch_operator to 2023-02-02T00:00:00+00:00, run_after=2023-02-03T00:00:00+00:00
[2023-02-03T11:55:30.010+0000] {processor.py:175} INFO - Processing /home/airflow/.local/lib/python3.7/site-packages/airflow/example_dags/example_branch_operator.py took 0.463 seconds
[2023-02-03T11:56:00.153+0000] {processor.py:153} INFO - Started process (PID=116) to work on /home/airflow/.local/lib/python3.7/site-packages/airflow/example_dags/example_branch_operator.py
[2023-02-03T11:56:00.156+0000] {processor.py:743} INFO - Processing file /home/airflow/.local/lib/python3.7/site-packages/airflow/example_dags/example_branch_operator.py for tasks to queue
[2023-02-03T11:56:00.158+0000] {logging_mixin.py:137} INFO - [2023-02-03T11:56:00.157+0000] {dagbag.py:538} INFO - Filling up the DagBag from /home/airflow/.local/lib/python3.7/site-packages/airflow/example_dags/example_branch_operator.py
[2023-02-03T11:56:00.182+0000] {processor.py:753} INFO - DAG(s) dict_keys(['example_branch_operator']) retrieved from /home/airflow/.local/lib/python3.7/site-packages/airflow/example_dags/example_branch_operator.py
[2023-02-03T11:56:00.247+0000] {logging_mixin.py:137} INFO - [2023-02-03T11:56:00.247+0000] {dag.py:2676} INFO - Sync 1 DAGs
[2023-02-03T11:56:00.295+0000] {logging_mixin.py:137} INFO - [2023-02-03T11:56:00.295+0000] {dag.py:3427} INFO - Setting next_dagrun for example_branch_operator to 2023-02-02T00:00:00+00:00, run_after=2023-02-03T00:00:00+00:00
[2023-02-03T11:56:00.333+0000] {processor.py:175} INFO - Processing /home/airflow/.local/lib/python3.7/site-packages/airflow/example_dags/example_branch_operator.py took 0.184 seconds
[2023-02-03T11:56:30.395+0000] {processor.py:153} INFO - Started process (PID=177) to work on /home/airflow/.local/lib/python3.7/site-packages/airflow/example_dags/example_branch_operator.py
[2023-02-03T11:56:30.397+0000] {processor.py:743} INFO - Processing file /home/airflow/.local/lib/python3.7/site-packages/airflow/example_dags/example_branch_operator.py for tasks to queue
[2023-02-03T11:56:30.399+0000] {logging_mixin.py:137} INFO - [2023-02-03T11:56:30.398+0000] {dagbag.py:538} INFO - Filling up the DagBag from /home/airflow/.local/lib/python3.7/site-packages/airflow/example_dags/example_branch_operator.py
[2023-02-03T11:56:30.424+0000] {processor.py:753} INFO - DAG(s) dict_keys(['example_branch_operator']) retrieved from /home/airflow/.local/lib/python3.7/site-packages/airflow/example_dags/example_branch_operator.py
[2023-02-03T11:56:30.491+0000] {logging_mixin.py:137} INFO - [2023-02-03T11:56:30.491+0000] {dag.py:2676} INFO - Sync 1 DAGs
[2023-02-03T11:56:30.545+0000] {logging_mixin.py:137} INFO - [2023-02-03T11:56:30.545+0000] {dag.py:3427} INFO - Setting next_dagrun for example_branch_operator to 2023-02-02T00:00:00+00:00, run_after=2023-02-03T00:00:00+00:00
[2023-02-03T11:56:30.584+0000] {processor.py:175} INFO - Processing /home/airflow/.local/lib/python3.7/site-packages/airflow/example_dags/example_branch_operator.py took 0.194 seconds
[2023-02-03T11:57:01.143+0000] {processor.py:153} INFO - Started process (PID=239) to work on /home/airflow/.local/lib/python3.7/site-packages/airflow/example_dags/example_branch_operator.py
[2023-02-03T11:57:01.151+0000] {processor.py:743} INFO - Processing file /home/airflow/.local/lib/python3.7/site-packages/airflow/example_dags/example_branch_operator.py for tasks to queue
[2023-02-03T11:57:01.153+0000] {logging_mixin.py:137} INFO - [2023-02-03T11:57:01.153+0000] {dagbag.py:538} INFO - Filling up the DagBag from /home/airflow/.local/lib/python3.7/site-packages/airflow/example_dags/example_branch_operator.py
[2023-02-03T11:57:01.195+0000] {processor.py:753} INFO - DAG(s) dict_keys(['example_branch_operator']) retrieved from /home/airflow/.local/lib/python3.7/site-packages/airflow/example_dags/example_branch_operator.py
[2023-02-03T11:57:01.300+0000] {logging_mixin.py:137} INFO - [2023-02-03T11:57:01.299+0000] {dag.py:2676} INFO - Sync 1 DAGs
[2023-02-03T11:57:01.374+0000] {logging_mixin.py:137} INFO - [2023-02-03T11:57:01.374+0000] {dag.py:3427} INFO - Setting next_dagrun for example_branch_operator to 2023-02-02T00:00:00+00:00, run_after=2023-02-03T00:00:00+00:00
[2023-02-03T11:57:01.410+0000] {processor.py:175} INFO - Processing /home/airflow/.local/lib/python3.7/site-packages/airflow/example_dags/example_branch_operator.py took 0.272 seconds
[2023-02-03T11:57:31.470+0000] {processor.py:153} INFO - Started process (PID=314) to work on /home/airflow/.local/lib/python3.7/site-packages/airflow/example_dags/example_branch_operator.py
[2023-02-03T11:57:31.471+0000] {processor.py:743} INFO - Processing file /home/airflow/.local/lib/python3.7/site-packages/airflow/example_dags/example_branch_operator.py for tasks to queue
[2023-02-03T11:57:31.473+0000] {logging_mixin.py:137} INFO - [2023-02-03T11:57:31.473+0000] {dagbag.py:538} INFO - Filling up the DagBag from /home/airflow/.local/lib/python3.7/site-packages/airflow/example_dags/example_branch_operator.py
[2023-02-03T11:57:31.500+0000] {processor.py:753} INFO - DAG(s) dict_keys(['example_branch_operator']) retrieved from /home/airflow/.local/lib/python3.7/site-packages/airflow/example_dags/example_branch_operator.py
[2023-02-03T11:57:31.601+0000] {logging_mixin.py:137} INFO - [2023-02-03T11:57:31.601+0000] {dag.py:2676} INFO - Sync 1 DAGs
[2023-02-03T11:57:31.666+0000] {logging_mixin.py:137} INFO - [2023-02-03T11:57:31.666+0000] {dag.py:3427} INFO - Setting next_dagrun for example_branch_operator to 2023-02-02T00:00:00+00:00, run_after=2023-02-03T00:00:00+00:00
[2023-02-03T11:57:31.714+0000] {processor.py:175} INFO - Processing /home/airflow/.local/lib/python3.7/site-packages/airflow/example_dags/example_branch_operator.py took 0.251 seconds
