[2023-02-03T11:39:47.575+0000] {processor.py:153} INFO - Started process (PID=49) to work on /home/airflow/.local/lib/python3.7/site-packages/airflow/example_dags/example_xcomargs.py
[2023-02-03T11:39:47.579+0000] {processor.py:743} INFO - Processing file /home/airflow/.local/lib/python3.7/site-packages/airflow/example_dags/example_xcomargs.py for tasks to queue
[2023-02-03T11:39:47.584+0000] {logging_mixin.py:137} INFO - [2023-02-03T11:39:47.583+0000] {dagbag.py:538} INFO - Filling up the DagBag from /home/airflow/.local/lib/python3.7/site-packages/airflow/example_dags/example_xcomargs.py
[2023-02-03T11:39:47.641+0000] {processor.py:753} INFO - DAG(s) dict_keys(['example_xcom_args_with_operators', 'example_xcom_args']) retrieved from /home/airflow/.local/lib/python3.7/site-packages/airflow/example_dags/example_xcomargs.py
[2023-02-03T11:39:47.763+0000] {logging_mixin.py:137} INFO - [2023-02-03T11:39:47.762+0000] {dag.py:2676} INFO - Sync 2 DAGs
[2023-02-03T11:39:47.888+0000] {logging_mixin.py:137} INFO - [2023-02-03T11:39:47.888+0000] {dag.py:3427} INFO - Setting next_dagrun for example_xcom_args to None, run_after=None
[2023-02-03T11:39:47.900+0000] {logging_mixin.py:137} INFO - [2023-02-03T11:39:47.900+0000] {dag.py:3427} INFO - Setting next_dagrun for example_xcom_args_with_operators to None, run_after=None
[2023-02-03T11:39:47.953+0000] {processor.py:175} INFO - Processing /home/airflow/.local/lib/python3.7/site-packages/airflow/example_dags/example_xcomargs.py took 0.399 seconds
[2023-02-03T11:40:18.867+0000] {processor.py:153} INFO - Started process (PID=111) to work on /home/airflow/.local/lib/python3.7/site-packages/airflow/example_dags/example_xcomargs.py
[2023-02-03T11:40:18.870+0000] {processor.py:743} INFO - Processing file /home/airflow/.local/lib/python3.7/site-packages/airflow/example_dags/example_xcomargs.py for tasks to queue
[2023-02-03T11:40:18.872+0000] {logging_mixin.py:137} INFO - [2023-02-03T11:40:18.872+0000] {dagbag.py:538} INFO - Filling up the DagBag from /home/airflow/.local/lib/python3.7/site-packages/airflow/example_dags/example_xcomargs.py
[2023-02-03T11:40:18.920+0000] {processor.py:753} INFO - DAG(s) dict_keys(['example_xcom_args', 'example_xcom_args_with_operators']) retrieved from /home/airflow/.local/lib/python3.7/site-packages/airflow/example_dags/example_xcomargs.py
[2023-02-03T11:40:19.038+0000] {logging_mixin.py:137} INFO - [2023-02-03T11:40:19.038+0000] {dag.py:2676} INFO - Sync 2 DAGs
[2023-02-03T11:40:19.132+0000] {logging_mixin.py:137} INFO - [2023-02-03T11:40:19.131+0000] {dag.py:3427} INFO - Setting next_dagrun for example_xcom_args to None, run_after=None
[2023-02-03T11:40:19.141+0000] {logging_mixin.py:137} INFO - [2023-02-03T11:40:19.140+0000] {dag.py:3427} INFO - Setting next_dagrun for example_xcom_args_with_operators to None, run_after=None
[2023-02-03T11:40:19.193+0000] {processor.py:175} INFO - Processing /home/airflow/.local/lib/python3.7/site-packages/airflow/example_dags/example_xcomargs.py took 0.332 seconds
[2023-02-03T11:40:49.423+0000] {processor.py:153} INFO - Started process (PID=173) to work on /home/airflow/.local/lib/python3.7/site-packages/airflow/example_dags/example_xcomargs.py
[2023-02-03T11:40:49.426+0000] {processor.py:743} INFO - Processing file /home/airflow/.local/lib/python3.7/site-packages/airflow/example_dags/example_xcomargs.py for tasks to queue
[2023-02-03T11:40:49.427+0000] {logging_mixin.py:137} INFO - [2023-02-03T11:40:49.427+0000] {dagbag.py:538} INFO - Filling up the DagBag from /home/airflow/.local/lib/python3.7/site-packages/airflow/example_dags/example_xcomargs.py
[2023-02-03T11:40:49.469+0000] {processor.py:753} INFO - DAG(s) dict_keys(['example_xcom_args', 'example_xcom_args_with_operators']) retrieved from /home/airflow/.local/lib/python3.7/site-packages/airflow/example_dags/example_xcomargs.py
[2023-02-03T11:40:49.552+0000] {logging_mixin.py:137} INFO - [2023-02-03T11:40:49.552+0000] {dag.py:2676} INFO - Sync 2 DAGs
[2023-02-03T11:40:49.617+0000] {logging_mixin.py:137} INFO - [2023-02-03T11:40:49.617+0000] {dag.py:3427} INFO - Setting next_dagrun for example_xcom_args to None, run_after=None
[2023-02-03T11:40:49.626+0000] {logging_mixin.py:137} INFO - [2023-02-03T11:40:49.626+0000] {dag.py:3427} INFO - Setting next_dagrun for example_xcom_args_with_operators to None, run_after=None
[2023-02-03T11:40:49.673+0000] {processor.py:175} INFO - Processing /home/airflow/.local/lib/python3.7/site-packages/airflow/example_dags/example_xcomargs.py took 0.256 seconds
[2023-02-03T11:41:19.825+0000] {processor.py:153} INFO - Started process (PID=235) to work on /home/airflow/.local/lib/python3.7/site-packages/airflow/example_dags/example_xcomargs.py
[2023-02-03T11:41:19.827+0000] {processor.py:743} INFO - Processing file /home/airflow/.local/lib/python3.7/site-packages/airflow/example_dags/example_xcomargs.py for tasks to queue
[2023-02-03T11:41:19.829+0000] {logging_mixin.py:137} INFO - [2023-02-03T11:41:19.829+0000] {dagbag.py:538} INFO - Filling up the DagBag from /home/airflow/.local/lib/python3.7/site-packages/airflow/example_dags/example_xcomargs.py
[2023-02-03T11:41:19.875+0000] {processor.py:753} INFO - DAG(s) dict_keys(['example_xcom_args', 'example_xcom_args_with_operators']) retrieved from /home/airflow/.local/lib/python3.7/site-packages/airflow/example_dags/example_xcomargs.py
[2023-02-03T11:41:19.951+0000] {logging_mixin.py:137} INFO - [2023-02-03T11:41:19.951+0000] {dag.py:2676} INFO - Sync 2 DAGs
[2023-02-03T11:41:20.022+0000] {logging_mixin.py:137} INFO - [2023-02-03T11:41:20.021+0000] {dag.py:3427} INFO - Setting next_dagrun for example_xcom_args to None, run_after=None
[2023-02-03T11:41:20.033+0000] {logging_mixin.py:137} INFO - [2023-02-03T11:41:20.033+0000] {dag.py:3427} INFO - Setting next_dagrun for example_xcom_args_with_operators to None, run_after=None
[2023-02-03T11:41:20.075+0000] {processor.py:175} INFO - Processing /home/airflow/.local/lib/python3.7/site-packages/airflow/example_dags/example_xcomargs.py took 0.257 seconds
[2023-02-03T11:41:50.166+0000] {processor.py:153} INFO - Started process (PID=309) to work on /home/airflow/.local/lib/python3.7/site-packages/airflow/example_dags/example_xcomargs.py
[2023-02-03T11:41:50.169+0000] {processor.py:743} INFO - Processing file /home/airflow/.local/lib/python3.7/site-packages/airflow/example_dags/example_xcomargs.py for tasks to queue
[2023-02-03T11:41:50.171+0000] {logging_mixin.py:137} INFO - [2023-02-03T11:41:50.171+0000] {dagbag.py:538} INFO - Filling up the DagBag from /home/airflow/.local/lib/python3.7/site-packages/airflow/example_dags/example_xcomargs.py
[2023-02-03T11:41:50.205+0000] {processor.py:753} INFO - DAG(s) dict_keys(['example_xcom_args', 'example_xcom_args_with_operators']) retrieved from /home/airflow/.local/lib/python3.7/site-packages/airflow/example_dags/example_xcomargs.py
[2023-02-03T11:41:50.289+0000] {logging_mixin.py:137} INFO - [2023-02-03T11:41:50.289+0000] {dag.py:2676} INFO - Sync 2 DAGs
[2023-02-03T11:41:50.337+0000] {logging_mixin.py:137} INFO - [2023-02-03T11:41:50.337+0000] {dag.py:3427} INFO - Setting next_dagrun for example_xcom_args to None, run_after=None
[2023-02-03T11:41:50.343+0000] {logging_mixin.py:137} INFO - [2023-02-03T11:41:50.343+0000] {dag.py:3427} INFO - Setting next_dagrun for example_xcom_args_with_operators to None, run_after=None
[2023-02-03T11:41:50.372+0000] {processor.py:175} INFO - Processing /home/airflow/.local/lib/python3.7/site-packages/airflow/example_dags/example_xcomargs.py took 0.211 seconds
[2023-02-03T11:42:20.762+0000] {processor.py:153} INFO - Started process (PID=372) to work on /home/airflow/.local/lib/python3.7/site-packages/airflow/example_dags/example_xcomargs.py
[2023-02-03T11:42:20.764+0000] {processor.py:743} INFO - Processing file /home/airflow/.local/lib/python3.7/site-packages/airflow/example_dags/example_xcomargs.py for tasks to queue
[2023-02-03T11:42:20.766+0000] {logging_mixin.py:137} INFO - [2023-02-03T11:42:20.766+0000] {dagbag.py:538} INFO - Filling up the DagBag from /home/airflow/.local/lib/python3.7/site-packages/airflow/example_dags/example_xcomargs.py
[2023-02-03T11:42:20.807+0000] {processor.py:753} INFO - DAG(s) dict_keys(['example_xcom_args', 'example_xcom_args_with_operators']) retrieved from /home/airflow/.local/lib/python3.7/site-packages/airflow/example_dags/example_xcomargs.py
[2023-02-03T11:42:20.901+0000] {logging_mixin.py:137} INFO - [2023-02-03T11:42:20.900+0000] {dag.py:2676} INFO - Sync 2 DAGs
[2023-02-03T11:42:20.962+0000] {logging_mixin.py:137} INFO - [2023-02-03T11:42:20.961+0000] {dag.py:3427} INFO - Setting next_dagrun for example_xcom_args to None, run_after=None
[2023-02-03T11:42:20.968+0000] {logging_mixin.py:137} INFO - [2023-02-03T11:42:20.968+0000] {dag.py:3427} INFO - Setting next_dagrun for example_xcom_args_with_operators to None, run_after=None
[2023-02-03T11:42:21.002+0000] {processor.py:175} INFO - Processing /home/airflow/.local/lib/python3.7/site-packages/airflow/example_dags/example_xcomargs.py took 0.245 seconds
[2023-02-03T11:43:34.361+0000] {processor.py:153} INFO - Started process (PID=49) to work on /home/airflow/.local/lib/python3.7/site-packages/airflow/example_dags/example_xcomargs.py
[2023-02-03T11:43:34.365+0000] {processor.py:743} INFO - Processing file /home/airflow/.local/lib/python3.7/site-packages/airflow/example_dags/example_xcomargs.py for tasks to queue
[2023-02-03T11:43:34.368+0000] {logging_mixin.py:137} INFO - [2023-02-03T11:43:34.368+0000] {dagbag.py:538} INFO - Filling up the DagBag from /home/airflow/.local/lib/python3.7/site-packages/airflow/example_dags/example_xcomargs.py
[2023-02-03T11:43:34.454+0000] {processor.py:753} INFO - DAG(s) dict_keys(['example_xcom_args_with_operators', 'example_xcom_args']) retrieved from /home/airflow/.local/lib/python3.7/site-packages/airflow/example_dags/example_xcomargs.py
[2023-02-03T11:43:34.635+0000] {logging_mixin.py:137} INFO - [2023-02-03T11:43:34.635+0000] {dag.py:2676} INFO - Sync 2 DAGs
[2023-02-03T11:43:34.757+0000] {logging_mixin.py:137} INFO - [2023-02-03T11:43:34.757+0000] {dag.py:3427} INFO - Setting next_dagrun for example_xcom_args to None, run_after=None
[2023-02-03T11:43:34.781+0000] {logging_mixin.py:137} INFO - [2023-02-03T11:43:34.780+0000] {dag.py:3427} INFO - Setting next_dagrun for example_xcom_args_with_operators to None, run_after=None
[2023-02-03T11:43:34.850+0000] {processor.py:175} INFO - Processing /home/airflow/.local/lib/python3.7/site-packages/airflow/example_dags/example_xcomargs.py took 0.497 seconds
[2023-02-03T11:44:04.953+0000] {processor.py:153} INFO - Started process (PID=112) to work on /home/airflow/.local/lib/python3.7/site-packages/airflow/example_dags/example_xcomargs.py
[2023-02-03T11:44:04.956+0000] {processor.py:743} INFO - Processing file /home/airflow/.local/lib/python3.7/site-packages/airflow/example_dags/example_xcomargs.py for tasks to queue
[2023-02-03T11:44:04.959+0000] {logging_mixin.py:137} INFO - [2023-02-03T11:44:04.958+0000] {dagbag.py:538} INFO - Filling up the DagBag from /home/airflow/.local/lib/python3.7/site-packages/airflow/example_dags/example_xcomargs.py
[2023-02-03T11:44:05.024+0000] {processor.py:753} INFO - DAG(s) dict_keys(['example_xcom_args_with_operators', 'example_xcom_args']) retrieved from /home/airflow/.local/lib/python3.7/site-packages/airflow/example_dags/example_xcomargs.py
[2023-02-03T11:44:05.154+0000] {logging_mixin.py:137} INFO - [2023-02-03T11:44:05.154+0000] {dag.py:2676} INFO - Sync 2 DAGs
[2023-02-03T11:44:05.282+0000] {logging_mixin.py:137} INFO - [2023-02-03T11:44:05.281+0000] {dag.py:3427} INFO - Setting next_dagrun for example_xcom_args to None, run_after=None
[2023-02-03T11:44:05.295+0000] {logging_mixin.py:137} INFO - [2023-02-03T11:44:05.294+0000] {dag.py:3427} INFO - Setting next_dagrun for example_xcom_args_with_operators to None, run_after=None
[2023-02-03T11:44:05.354+0000] {processor.py:175} INFO - Processing /home/airflow/.local/lib/python3.7/site-packages/airflow/example_dags/example_xcomargs.py took 0.411 seconds
[2023-02-03T11:44:35.537+0000] {processor.py:153} INFO - Started process (PID=174) to work on /home/airflow/.local/lib/python3.7/site-packages/airflow/example_dags/example_xcomargs.py
[2023-02-03T11:44:35.539+0000] {processor.py:743} INFO - Processing file /home/airflow/.local/lib/python3.7/site-packages/airflow/example_dags/example_xcomargs.py for tasks to queue
[2023-02-03T11:44:35.541+0000] {logging_mixin.py:137} INFO - [2023-02-03T11:44:35.541+0000] {dagbag.py:538} INFO - Filling up the DagBag from /home/airflow/.local/lib/python3.7/site-packages/airflow/example_dags/example_xcomargs.py
[2023-02-03T11:44:35.580+0000] {processor.py:753} INFO - DAG(s) dict_keys(['example_xcom_args', 'example_xcom_args_with_operators']) retrieved from /home/airflow/.local/lib/python3.7/site-packages/airflow/example_dags/example_xcomargs.py
[2023-02-03T11:44:35.684+0000] {logging_mixin.py:137} INFO - [2023-02-03T11:44:35.683+0000] {dag.py:2676} INFO - Sync 2 DAGs
[2023-02-03T11:44:35.744+0000] {logging_mixin.py:137} INFO - [2023-02-03T11:44:35.743+0000] {dag.py:3427} INFO - Setting next_dagrun for example_xcom_args to None, run_after=None
[2023-02-03T11:44:35.755+0000] {logging_mixin.py:137} INFO - [2023-02-03T11:44:35.755+0000] {dag.py:3427} INFO - Setting next_dagrun for example_xcom_args_with_operators to None, run_after=None
[2023-02-03T11:44:35.806+0000] {processor.py:175} INFO - Processing /home/airflow/.local/lib/python3.7/site-packages/airflow/example_dags/example_xcomargs.py took 0.272 seconds
[2023-02-03T11:45:05.873+0000] {processor.py:153} INFO - Started process (PID=238) to work on /home/airflow/.local/lib/python3.7/site-packages/airflow/example_dags/example_xcomargs.py
[2023-02-03T11:45:05.876+0000] {processor.py:743} INFO - Processing file /home/airflow/.local/lib/python3.7/site-packages/airflow/example_dags/example_xcomargs.py for tasks to queue
[2023-02-03T11:45:05.877+0000] {logging_mixin.py:137} INFO - [2023-02-03T11:45:05.877+0000] {dagbag.py:538} INFO - Filling up the DagBag from /home/airflow/.local/lib/python3.7/site-packages/airflow/example_dags/example_xcomargs.py
[2023-02-03T11:45:05.906+0000] {processor.py:753} INFO - DAG(s) dict_keys(['example_xcom_args', 'example_xcom_args_with_operators']) retrieved from /home/airflow/.local/lib/python3.7/site-packages/airflow/example_dags/example_xcomargs.py
[2023-02-03T11:45:05.973+0000] {logging_mixin.py:137} INFO - [2023-02-03T11:45:05.973+0000] {dag.py:2676} INFO - Sync 2 DAGs
[2023-02-03T11:45:06.019+0000] {logging_mixin.py:137} INFO - [2023-02-03T11:45:06.019+0000] {dag.py:3427} INFO - Setting next_dagrun for example_xcom_args to None, run_after=None
[2023-02-03T11:45:06.025+0000] {logging_mixin.py:137} INFO - [2023-02-03T11:45:06.025+0000] {dag.py:3427} INFO - Setting next_dagrun for example_xcom_args_with_operators to None, run_after=None
[2023-02-03T11:45:06.056+0000] {processor.py:175} INFO - Processing /home/airflow/.local/lib/python3.7/site-packages/airflow/example_dags/example_xcomargs.py took 0.186 seconds
[2023-02-03T11:45:36.288+0000] {processor.py:153} INFO - Started process (PID=300) to work on /home/airflow/.local/lib/python3.7/site-packages/airflow/example_dags/example_xcomargs.py
[2023-02-03T11:45:36.290+0000] {processor.py:743} INFO - Processing file /home/airflow/.local/lib/python3.7/site-packages/airflow/example_dags/example_xcomargs.py for tasks to queue
[2023-02-03T11:45:36.291+0000] {logging_mixin.py:137} INFO - [2023-02-03T11:45:36.291+0000] {dagbag.py:538} INFO - Filling up the DagBag from /home/airflow/.local/lib/python3.7/site-packages/airflow/example_dags/example_xcomargs.py
[2023-02-03T11:45:36.323+0000] {processor.py:753} INFO - DAG(s) dict_keys(['example_xcom_args', 'example_xcom_args_with_operators']) retrieved from /home/airflow/.local/lib/python3.7/site-packages/airflow/example_dags/example_xcomargs.py
[2023-02-03T11:45:36.390+0000] {logging_mixin.py:137} INFO - [2023-02-03T11:45:36.390+0000] {dag.py:2676} INFO - Sync 2 DAGs
[2023-02-03T11:45:36.439+0000] {logging_mixin.py:137} INFO - [2023-02-03T11:45:36.439+0000] {dag.py:3427} INFO - Setting next_dagrun for example_xcom_args to None, run_after=None
[2023-02-03T11:45:36.445+0000] {logging_mixin.py:137} INFO - [2023-02-03T11:45:36.445+0000] {dag.py:3427} INFO - Setting next_dagrun for example_xcom_args_with_operators to None, run_after=None
[2023-02-03T11:45:36.480+0000] {processor.py:175} INFO - Processing /home/airflow/.local/lib/python3.7/site-packages/airflow/example_dags/example_xcomargs.py took 0.197 seconds
[2023-02-03T11:46:07.051+0000] {processor.py:153} INFO - Started process (PID=375) to work on /home/airflow/.local/lib/python3.7/site-packages/airflow/example_dags/example_xcomargs.py
[2023-02-03T11:46:07.054+0000] {processor.py:743} INFO - Processing file /home/airflow/.local/lib/python3.7/site-packages/airflow/example_dags/example_xcomargs.py for tasks to queue
[2023-02-03T11:46:07.055+0000] {logging_mixin.py:137} INFO - [2023-02-03T11:46:07.055+0000] {dagbag.py:538} INFO - Filling up the DagBag from /home/airflow/.local/lib/python3.7/site-packages/airflow/example_dags/example_xcomargs.py
[2023-02-03T11:46:07.089+0000] {processor.py:753} INFO - DAG(s) dict_keys(['example_xcom_args_with_operators', 'example_xcom_args']) retrieved from /home/airflow/.local/lib/python3.7/site-packages/airflow/example_dags/example_xcomargs.py
[2023-02-03T11:46:07.154+0000] {logging_mixin.py:137} INFO - [2023-02-03T11:46:07.154+0000] {dag.py:2676} INFO - Sync 2 DAGs
[2023-02-03T11:46:07.200+0000] {logging_mixin.py:137} INFO - [2023-02-03T11:46:07.200+0000] {dag.py:3427} INFO - Setting next_dagrun for example_xcom_args to None, run_after=None
[2023-02-03T11:46:07.206+0000] {logging_mixin.py:137} INFO - [2023-02-03T11:46:07.205+0000] {dag.py:3427} INFO - Setting next_dagrun for example_xcom_args_with_operators to None, run_after=None
[2023-02-03T11:46:07.241+0000] {processor.py:175} INFO - Processing /home/airflow/.local/lib/python3.7/site-packages/airflow/example_dags/example_xcomargs.py took 0.195 seconds
[2023-02-03T11:46:37.671+0000] {processor.py:153} INFO - Started process (PID=438) to work on /home/airflow/.local/lib/python3.7/site-packages/airflow/example_dags/example_xcomargs.py
[2023-02-03T11:46:37.673+0000] {processor.py:743} INFO - Processing file /home/airflow/.local/lib/python3.7/site-packages/airflow/example_dags/example_xcomargs.py for tasks to queue
[2023-02-03T11:46:37.675+0000] {logging_mixin.py:137} INFO - [2023-02-03T11:46:37.675+0000] {dagbag.py:538} INFO - Filling up the DagBag from /home/airflow/.local/lib/python3.7/site-packages/airflow/example_dags/example_xcomargs.py
[2023-02-03T11:46:37.714+0000] {processor.py:753} INFO - DAG(s) dict_keys(['example_xcom_args', 'example_xcom_args_with_operators']) retrieved from /home/airflow/.local/lib/python3.7/site-packages/airflow/example_dags/example_xcomargs.py
[2023-02-03T11:46:37.800+0000] {logging_mixin.py:137} INFO - [2023-02-03T11:46:37.799+0000] {dag.py:2676} INFO - Sync 2 DAGs
[2023-02-03T11:46:37.868+0000] {logging_mixin.py:137} INFO - [2023-02-03T11:46:37.868+0000] {dag.py:3427} INFO - Setting next_dagrun for example_xcom_args to None, run_after=None
[2023-02-03T11:46:37.879+0000] {logging_mixin.py:137} INFO - [2023-02-03T11:46:37.879+0000] {dag.py:3427} INFO - Setting next_dagrun for example_xcom_args_with_operators to None, run_after=None
[2023-02-03T11:46:37.934+0000] {processor.py:175} INFO - Processing /home/airflow/.local/lib/python3.7/site-packages/airflow/example_dags/example_xcomargs.py took 0.270 seconds
[2023-02-03T11:47:08.506+0000] {processor.py:153} INFO - Started process (PID=506) to work on /home/airflow/.local/lib/python3.7/site-packages/airflow/example_dags/example_xcomargs.py
[2023-02-03T11:47:08.518+0000] {processor.py:743} INFO - Processing file /home/airflow/.local/lib/python3.7/site-packages/airflow/example_dags/example_xcomargs.py for tasks to queue
[2023-02-03T11:47:08.521+0000] {logging_mixin.py:137} INFO - [2023-02-03T11:47:08.521+0000] {dagbag.py:538} INFO - Filling up the DagBag from /home/airflow/.local/lib/python3.7/site-packages/airflow/example_dags/example_xcomargs.py
[2023-02-03T11:47:08.573+0000] {processor.py:753} INFO - DAG(s) dict_keys(['example_xcom_args_with_operators', 'example_xcom_args']) retrieved from /home/airflow/.local/lib/python3.7/site-packages/airflow/example_dags/example_xcomargs.py
[2023-02-03T11:47:08.682+0000] {logging_mixin.py:137} INFO - [2023-02-03T11:47:08.682+0000] {dag.py:2676} INFO - Sync 2 DAGs
[2023-02-03T11:47:08.776+0000] {logging_mixin.py:137} INFO - [2023-02-03T11:47:08.775+0000] {dag.py:3427} INFO - Setting next_dagrun for example_xcom_args to None, run_after=None
[2023-02-03T11:47:08.788+0000] {logging_mixin.py:137} INFO - [2023-02-03T11:47:08.787+0000] {dag.py:3427} INFO - Setting next_dagrun for example_xcom_args_with_operators to None, run_after=None
[2023-02-03T11:47:08.833+0000] {processor.py:175} INFO - Processing /home/airflow/.local/lib/python3.7/site-packages/airflow/example_dags/example_xcomargs.py took 0.334 seconds
[2023-02-03T11:47:39.013+0000] {processor.py:153} INFO - Started process (PID=573) to work on /home/airflow/.local/lib/python3.7/site-packages/airflow/example_dags/example_xcomargs.py
[2023-02-03T11:47:39.020+0000] {processor.py:743} INFO - Processing file /home/airflow/.local/lib/python3.7/site-packages/airflow/example_dags/example_xcomargs.py for tasks to queue
[2023-02-03T11:47:39.023+0000] {logging_mixin.py:137} INFO - [2023-02-03T11:47:39.023+0000] {dagbag.py:538} INFO - Filling up the DagBag from /home/airflow/.local/lib/python3.7/site-packages/airflow/example_dags/example_xcomargs.py
[2023-02-03T11:47:39.059+0000] {processor.py:753} INFO - DAG(s) dict_keys(['example_xcom_args_with_operators', 'example_xcom_args']) retrieved from /home/airflow/.local/lib/python3.7/site-packages/airflow/example_dags/example_xcomargs.py
[2023-02-03T11:47:39.146+0000] {logging_mixin.py:137} INFO - [2023-02-03T11:47:39.146+0000] {dag.py:2676} INFO - Sync 2 DAGs
[2023-02-03T11:47:39.222+0000] {logging_mixin.py:137} INFO - [2023-02-03T11:47:39.222+0000] {dag.py:3427} INFO - Setting next_dagrun for example_xcom_args to None, run_after=None
[2023-02-03T11:47:39.232+0000] {logging_mixin.py:137} INFO - [2023-02-03T11:47:39.232+0000] {dag.py:3427} INFO - Setting next_dagrun for example_xcom_args_with_operators to None, run_after=None
[2023-02-03T11:47:39.287+0000] {processor.py:175} INFO - Processing /home/airflow/.local/lib/python3.7/site-packages/airflow/example_dags/example_xcomargs.py took 0.280 seconds
[2023-02-03T11:48:09.856+0000] {processor.py:153} INFO - Started process (PID=635) to work on /home/airflow/.local/lib/python3.7/site-packages/airflow/example_dags/example_xcomargs.py
[2023-02-03T11:48:09.859+0000] {processor.py:743} INFO - Processing file /home/airflow/.local/lib/python3.7/site-packages/airflow/example_dags/example_xcomargs.py for tasks to queue
[2023-02-03T11:48:09.861+0000] {logging_mixin.py:137} INFO - [2023-02-03T11:48:09.860+0000] {dagbag.py:538} INFO - Filling up the DagBag from /home/airflow/.local/lib/python3.7/site-packages/airflow/example_dags/example_xcomargs.py
[2023-02-03T11:48:09.899+0000] {processor.py:753} INFO - DAG(s) dict_keys(['example_xcom_args', 'example_xcom_args_with_operators']) retrieved from /home/airflow/.local/lib/python3.7/site-packages/airflow/example_dags/example_xcomargs.py
[2023-02-03T11:48:09.985+0000] {logging_mixin.py:137} INFO - [2023-02-03T11:48:09.984+0000] {dag.py:2676} INFO - Sync 2 DAGs
[2023-02-03T11:48:10.048+0000] {logging_mixin.py:137} INFO - [2023-02-03T11:48:10.048+0000] {dag.py:3427} INFO - Setting next_dagrun for example_xcom_args to None, run_after=None
[2023-02-03T11:48:10.060+0000] {logging_mixin.py:137} INFO - [2023-02-03T11:48:10.060+0000] {dag.py:3427} INFO - Setting next_dagrun for example_xcom_args_with_operators to None, run_after=None
[2023-02-03T11:48:10.097+0000] {processor.py:175} INFO - Processing /home/airflow/.local/lib/python3.7/site-packages/airflow/example_dags/example_xcomargs.py took 0.248 seconds
[2023-02-03T11:48:41.200+0000] {processor.py:153} INFO - Started process (PID=706) to work on /home/airflow/.local/lib/python3.7/site-packages/airflow/example_dags/example_xcomargs.py
[2023-02-03T11:48:41.204+0000] {processor.py:743} INFO - Processing file /home/airflow/.local/lib/python3.7/site-packages/airflow/example_dags/example_xcomargs.py for tasks to queue
[2023-02-03T11:48:41.205+0000] {logging_mixin.py:137} INFO - [2023-02-03T11:48:41.205+0000] {dagbag.py:538} INFO - Filling up the DagBag from /home/airflow/.local/lib/python3.7/site-packages/airflow/example_dags/example_xcomargs.py
[2023-02-03T11:48:41.251+0000] {processor.py:753} INFO - DAG(s) dict_keys(['example_xcom_args', 'example_xcom_args_with_operators']) retrieved from /home/airflow/.local/lib/python3.7/site-packages/airflow/example_dags/example_xcomargs.py
[2023-02-03T11:48:41.323+0000] {logging_mixin.py:137} INFO - [2023-02-03T11:48:41.323+0000] {dag.py:2676} INFO - Sync 2 DAGs
[2023-02-03T11:48:41.381+0000] {logging_mixin.py:137} INFO - [2023-02-03T11:48:41.381+0000] {dag.py:3427} INFO - Setting next_dagrun for example_xcom_args to None, run_after=None
[2023-02-03T11:48:41.389+0000] {logging_mixin.py:137} INFO - [2023-02-03T11:48:41.389+0000] {dag.py:3427} INFO - Setting next_dagrun for example_xcom_args_with_operators to None, run_after=None
[2023-02-03T11:48:41.422+0000] {processor.py:175} INFO - Processing /home/airflow/.local/lib/python3.7/site-packages/airflow/example_dags/example_xcomargs.py took 0.229 seconds
[2023-02-03T11:49:11.854+0000] {processor.py:153} INFO - Started process (PID=771) to work on /home/airflow/.local/lib/python3.7/site-packages/airflow/example_dags/example_xcomargs.py
[2023-02-03T11:49:11.857+0000] {processor.py:743} INFO - Processing file /home/airflow/.local/lib/python3.7/site-packages/airflow/example_dags/example_xcomargs.py for tasks to queue
[2023-02-03T11:49:11.860+0000] {logging_mixin.py:137} INFO - [2023-02-03T11:49:11.859+0000] {dagbag.py:538} INFO - Filling up the DagBag from /home/airflow/.local/lib/python3.7/site-packages/airflow/example_dags/example_xcomargs.py
[2023-02-03T11:49:11.893+0000] {processor.py:753} INFO - DAG(s) dict_keys(['example_xcom_args_with_operators', 'example_xcom_args']) retrieved from /home/airflow/.local/lib/python3.7/site-packages/airflow/example_dags/example_xcomargs.py
[2023-02-03T11:49:11.953+0000] {logging_mixin.py:137} INFO - [2023-02-03T11:49:11.953+0000] {dag.py:2676} INFO - Sync 2 DAGs
[2023-02-03T11:49:11.997+0000] {logging_mixin.py:137} INFO - [2023-02-03T11:49:11.997+0000] {dag.py:3427} INFO - Setting next_dagrun for example_xcom_args to None, run_after=None
[2023-02-03T11:49:12.005+0000] {logging_mixin.py:137} INFO - [2023-02-03T11:49:12.005+0000] {dag.py:3427} INFO - Setting next_dagrun for example_xcom_args_with_operators to None, run_after=None
[2023-02-03T11:49:12.035+0000] {processor.py:175} INFO - Processing /home/airflow/.local/lib/python3.7/site-packages/airflow/example_dags/example_xcomargs.py took 0.185 seconds
[2023-02-03T11:49:42.893+0000] {processor.py:153} INFO - Started process (PID=833) to work on /home/airflow/.local/lib/python3.7/site-packages/airflow/example_dags/example_xcomargs.py
[2023-02-03T11:49:42.896+0000] {processor.py:743} INFO - Processing file /home/airflow/.local/lib/python3.7/site-packages/airflow/example_dags/example_xcomargs.py for tasks to queue
[2023-02-03T11:49:42.898+0000] {logging_mixin.py:137} INFO - [2023-02-03T11:49:42.898+0000] {dagbag.py:538} INFO - Filling up the DagBag from /home/airflow/.local/lib/python3.7/site-packages/airflow/example_dags/example_xcomargs.py
[2023-02-03T11:49:43.030+0000] {processor.py:753} INFO - DAG(s) dict_keys(['example_xcom_args', 'example_xcom_args_with_operators']) retrieved from /home/airflow/.local/lib/python3.7/site-packages/airflow/example_dags/example_xcomargs.py
[2023-02-03T11:49:43.224+0000] {logging_mixin.py:137} INFO - [2023-02-03T11:49:43.224+0000] {dag.py:2676} INFO - Sync 2 DAGs
[2023-02-03T11:49:43.617+0000] {logging_mixin.py:137} INFO - [2023-02-03T11:49:43.617+0000] {dag.py:3427} INFO - Setting next_dagrun for example_xcom_args to None, run_after=None
[2023-02-03T11:49:43.668+0000] {logging_mixin.py:137} INFO - [2023-02-03T11:49:43.667+0000] {dag.py:3427} INFO - Setting next_dagrun for example_xcom_args_with_operators to None, run_after=None
[2023-02-03T11:49:43.745+0000] {processor.py:175} INFO - Processing /home/airflow/.local/lib/python3.7/site-packages/airflow/example_dags/example_xcomargs.py took 0.857 seconds
[2023-02-03T11:50:14.245+0000] {processor.py:153} INFO - Started process (PID=894) to work on /home/airflow/.local/lib/python3.7/site-packages/airflow/example_dags/example_xcomargs.py
[2023-02-03T11:50:14.248+0000] {processor.py:743} INFO - Processing file /home/airflow/.local/lib/python3.7/site-packages/airflow/example_dags/example_xcomargs.py for tasks to queue
[2023-02-03T11:50:14.250+0000] {logging_mixin.py:137} INFO - [2023-02-03T11:50:14.250+0000] {dagbag.py:538} INFO - Filling up the DagBag from /home/airflow/.local/lib/python3.7/site-packages/airflow/example_dags/example_xcomargs.py
[2023-02-03T11:50:14.295+0000] {processor.py:753} INFO - DAG(s) dict_keys(['example_xcom_args_with_operators', 'example_xcom_args']) retrieved from /home/airflow/.local/lib/python3.7/site-packages/airflow/example_dags/example_xcomargs.py
[2023-02-03T11:50:14.398+0000] {logging_mixin.py:137} INFO - [2023-02-03T11:50:14.397+0000] {dag.py:2676} INFO - Sync 2 DAGs
[2023-02-03T11:50:14.437+0000] {logging_mixin.py:137} INFO - [2023-02-03T11:50:14.437+0000] {dag.py:3427} INFO - Setting next_dagrun for example_xcom_args to None, run_after=None
[2023-02-03T11:50:14.446+0000] {logging_mixin.py:137} INFO - [2023-02-03T11:50:14.445+0000] {dag.py:3427} INFO - Setting next_dagrun for example_xcom_args_with_operators to None, run_after=None
[2023-02-03T11:50:14.503+0000] {processor.py:175} INFO - Processing /home/airflow/.local/lib/python3.7/site-packages/airflow/example_dags/example_xcomargs.py took 0.286 seconds
[2023-02-03T11:50:44.674+0000] {processor.py:153} INFO - Started process (PID=968) to work on /home/airflow/.local/lib/python3.7/site-packages/airflow/example_dags/example_xcomargs.py
[2023-02-03T11:50:44.677+0000] {processor.py:743} INFO - Processing file /home/airflow/.local/lib/python3.7/site-packages/airflow/example_dags/example_xcomargs.py for tasks to queue
[2023-02-03T11:50:44.679+0000] {logging_mixin.py:137} INFO - [2023-02-03T11:50:44.679+0000] {dagbag.py:538} INFO - Filling up the DagBag from /home/airflow/.local/lib/python3.7/site-packages/airflow/example_dags/example_xcomargs.py
[2023-02-03T11:50:44.717+0000] {processor.py:753} INFO - DAG(s) dict_keys(['example_xcom_args', 'example_xcom_args_with_operators']) retrieved from /home/airflow/.local/lib/python3.7/site-packages/airflow/example_dags/example_xcomargs.py
[2023-02-03T11:50:44.813+0000] {logging_mixin.py:137} INFO - [2023-02-03T11:50:44.813+0000] {dag.py:2676} INFO - Sync 2 DAGs
[2023-02-03T11:50:44.891+0000] {logging_mixin.py:137} INFO - [2023-02-03T11:50:44.891+0000] {dag.py:3427} INFO - Setting next_dagrun for example_xcom_args to None, run_after=None
[2023-02-03T11:50:44.902+0000] {logging_mixin.py:137} INFO - [2023-02-03T11:50:44.901+0000] {dag.py:3427} INFO - Setting next_dagrun for example_xcom_args_with_operators to None, run_after=None
[2023-02-03T11:50:44.951+0000] {processor.py:175} INFO - Processing /home/airflow/.local/lib/python3.7/site-packages/airflow/example_dags/example_xcomargs.py took 0.282 seconds
[2023-02-03T11:54:37.788+0000] {processor.py:153} INFO - Started process (PID=177) to work on /home/airflow/.local/lib/python3.7/site-packages/airflow/example_dags/example_xcomargs.py
[2023-02-03T11:54:37.804+0000] {processor.py:743} INFO - Processing file /home/airflow/.local/lib/python3.7/site-packages/airflow/example_dags/example_xcomargs.py for tasks to queue
[2023-02-03T11:54:37.820+0000] {logging_mixin.py:137} INFO - [2023-02-03T11:54:37.818+0000] {dagbag.py:538} INFO - Filling up the DagBag from /home/airflow/.local/lib/python3.7/site-packages/airflow/example_dags/example_xcomargs.py
[2023-02-03T11:54:37.994+0000] {processor.py:753} INFO - DAG(s) dict_keys(['example_xcom_args', 'example_xcom_args_with_operators']) retrieved from /home/airflow/.local/lib/python3.7/site-packages/airflow/example_dags/example_xcomargs.py
[2023-02-03T11:54:39.160+0000] {logging_mixin.py:137} INFO - [2023-02-03T11:54:39.159+0000] {process_utils.py:256} INFO - Waiting up to 5 seconds for processes to exit...
[2023-02-03T11:55:27.928+0000] {processor.py:153} INFO - Started process (PID=49) to work on /home/airflow/.local/lib/python3.7/site-packages/airflow/example_dags/example_xcomargs.py
[2023-02-03T11:55:27.932+0000] {processor.py:743} INFO - Processing file /home/airflow/.local/lib/python3.7/site-packages/airflow/example_dags/example_xcomargs.py for tasks to queue
[2023-02-03T11:55:27.935+0000] {logging_mixin.py:137} INFO - [2023-02-03T11:55:27.935+0000] {dagbag.py:538} INFO - Filling up the DagBag from /home/airflow/.local/lib/python3.7/site-packages/airflow/example_dags/example_xcomargs.py
[2023-02-03T11:55:28.015+0000] {processor.py:753} INFO - DAG(s) dict_keys(['example_xcom_args_with_operators', 'example_xcom_args']) retrieved from /home/airflow/.local/lib/python3.7/site-packages/airflow/example_dags/example_xcomargs.py
[2023-02-03T11:55:28.202+0000] {logging_mixin.py:137} INFO - [2023-02-03T11:55:28.201+0000] {dag.py:2676} INFO - Sync 2 DAGs
[2023-02-03T11:55:28.505+0000] {logging_mixin.py:137} INFO - [2023-02-03T11:55:28.505+0000] {dag.py:3427} INFO - Setting next_dagrun for example_xcom_args to None, run_after=None
[2023-02-03T11:55:28.524+0000] {logging_mixin.py:137} INFO - [2023-02-03T11:55:28.524+0000] {dag.py:3427} INFO - Setting next_dagrun for example_xcom_args_with_operators to None, run_after=None
[2023-02-03T11:55:28.588+0000] {processor.py:175} INFO - Processing /home/airflow/.local/lib/python3.7/site-packages/airflow/example_dags/example_xcomargs.py took 0.671 seconds
[2023-02-03T11:55:59.123+0000] {processor.py:153} INFO - Started process (PID=111) to work on /home/airflow/.local/lib/python3.7/site-packages/airflow/example_dags/example_xcomargs.py
[2023-02-03T11:55:59.126+0000] {processor.py:743} INFO - Processing file /home/airflow/.local/lib/python3.7/site-packages/airflow/example_dags/example_xcomargs.py for tasks to queue
[2023-02-03T11:55:59.129+0000] {logging_mixin.py:137} INFO - [2023-02-03T11:55:59.129+0000] {dagbag.py:538} INFO - Filling up the DagBag from /home/airflow/.local/lib/python3.7/site-packages/airflow/example_dags/example_xcomargs.py
[2023-02-03T11:55:59.190+0000] {processor.py:753} INFO - DAG(s) dict_keys(['example_xcom_args_with_operators', 'example_xcom_args']) retrieved from /home/airflow/.local/lib/python3.7/site-packages/airflow/example_dags/example_xcomargs.py
[2023-02-03T11:55:59.304+0000] {logging_mixin.py:137} INFO - [2023-02-03T11:55:59.304+0000] {dag.py:2676} INFO - Sync 2 DAGs
[2023-02-03T11:55:59.366+0000] {logging_mixin.py:137} INFO - [2023-02-03T11:55:59.366+0000] {dag.py:3427} INFO - Setting next_dagrun for example_xcom_args to None, run_after=None
[2023-02-03T11:55:59.374+0000] {logging_mixin.py:137} INFO - [2023-02-03T11:55:59.373+0000] {dag.py:3427} INFO - Setting next_dagrun for example_xcom_args_with_operators to None, run_after=None
[2023-02-03T11:55:59.412+0000] {processor.py:175} INFO - Processing /home/airflow/.local/lib/python3.7/site-packages/airflow/example_dags/example_xcomargs.py took 0.295 seconds
[2023-02-03T11:56:29.515+0000] {processor.py:153} INFO - Started process (PID=172) to work on /home/airflow/.local/lib/python3.7/site-packages/airflow/example_dags/example_xcomargs.py
[2023-02-03T11:56:29.517+0000] {processor.py:743} INFO - Processing file /home/airflow/.local/lib/python3.7/site-packages/airflow/example_dags/example_xcomargs.py for tasks to queue
[2023-02-03T11:56:29.519+0000] {logging_mixin.py:137} INFO - [2023-02-03T11:56:29.519+0000] {dagbag.py:538} INFO - Filling up the DagBag from /home/airflow/.local/lib/python3.7/site-packages/airflow/example_dags/example_xcomargs.py
[2023-02-03T11:56:29.554+0000] {processor.py:753} INFO - DAG(s) dict_keys(['example_xcom_args_with_operators', 'example_xcom_args']) retrieved from /home/airflow/.local/lib/python3.7/site-packages/airflow/example_dags/example_xcomargs.py
[2023-02-03T11:56:29.654+0000] {logging_mixin.py:137} INFO - [2023-02-03T11:56:29.654+0000] {dag.py:2676} INFO - Sync 2 DAGs
[2023-02-03T11:56:29.786+0000] {logging_mixin.py:137} INFO - [2023-02-03T11:56:29.786+0000] {dag.py:3427} INFO - Setting next_dagrun for example_xcom_args to None, run_after=None
[2023-02-03T11:56:29.796+0000] {logging_mixin.py:137} INFO - [2023-02-03T11:56:29.796+0000] {dag.py:3427} INFO - Setting next_dagrun for example_xcom_args_with_operators to None, run_after=None
[2023-02-03T11:56:29.855+0000] {processor.py:175} INFO - Processing /home/airflow/.local/lib/python3.7/site-packages/airflow/example_dags/example_xcomargs.py took 0.344 seconds
[2023-02-03T11:57:00.293+0000] {processor.py:153} INFO - Started process (PID=234) to work on /home/airflow/.local/lib/python3.7/site-packages/airflow/example_dags/example_xcomargs.py
[2023-02-03T11:57:00.297+0000] {processor.py:743} INFO - Processing file /home/airflow/.local/lib/python3.7/site-packages/airflow/example_dags/example_xcomargs.py for tasks to queue
[2023-02-03T11:57:00.298+0000] {logging_mixin.py:137} INFO - [2023-02-03T11:57:00.298+0000] {dagbag.py:538} INFO - Filling up the DagBag from /home/airflow/.local/lib/python3.7/site-packages/airflow/example_dags/example_xcomargs.py
[2023-02-03T11:57:00.364+0000] {processor.py:753} INFO - DAG(s) dict_keys(['example_xcom_args', 'example_xcom_args_with_operators']) retrieved from /home/airflow/.local/lib/python3.7/site-packages/airflow/example_dags/example_xcomargs.py
[2023-02-03T11:57:00.461+0000] {logging_mixin.py:137} INFO - [2023-02-03T11:57:00.461+0000] {dag.py:2676} INFO - Sync 2 DAGs
[2023-02-03T11:57:00.514+0000] {logging_mixin.py:137} INFO - [2023-02-03T11:57:00.514+0000] {dag.py:3427} INFO - Setting next_dagrun for example_xcom_args to None, run_after=None
[2023-02-03T11:57:00.525+0000] {logging_mixin.py:137} INFO - [2023-02-03T11:57:00.525+0000] {dag.py:3427} INFO - Setting next_dagrun for example_xcom_args_with_operators to None, run_after=None
[2023-02-03T11:57:00.558+0000] {processor.py:175} INFO - Processing /home/airflow/.local/lib/python3.7/site-packages/airflow/example_dags/example_xcomargs.py took 0.270 seconds
[2023-02-03T11:57:30.836+0000] {processor.py:153} INFO - Started process (PID=309) to work on /home/airflow/.local/lib/python3.7/site-packages/airflow/example_dags/example_xcomargs.py
[2023-02-03T11:57:30.838+0000] {processor.py:743} INFO - Processing file /home/airflow/.local/lib/python3.7/site-packages/airflow/example_dags/example_xcomargs.py for tasks to queue
[2023-02-03T11:57:30.840+0000] {logging_mixin.py:137} INFO - [2023-02-03T11:57:30.840+0000] {dagbag.py:538} INFO - Filling up the DagBag from /home/airflow/.local/lib/python3.7/site-packages/airflow/example_dags/example_xcomargs.py
[2023-02-03T11:57:30.880+0000] {processor.py:753} INFO - DAG(s) dict_keys(['example_xcom_args', 'example_xcom_args_with_operators']) retrieved from /home/airflow/.local/lib/python3.7/site-packages/airflow/example_dags/example_xcomargs.py
[2023-02-03T11:57:30.944+0000] {logging_mixin.py:137} INFO - [2023-02-03T11:57:30.944+0000] {dag.py:2676} INFO - Sync 2 DAGs
[2023-02-03T11:57:30.986+0000] {logging_mixin.py:137} INFO - [2023-02-03T11:57:30.986+0000] {dag.py:3427} INFO - Setting next_dagrun for example_xcom_args to None, run_after=None
[2023-02-03T11:57:30.991+0000] {logging_mixin.py:137} INFO - [2023-02-03T11:57:30.991+0000] {dag.py:3427} INFO - Setting next_dagrun for example_xcom_args_with_operators to None, run_after=None
[2023-02-03T11:57:31.020+0000] {processor.py:175} INFO - Processing /home/airflow/.local/lib/python3.7/site-packages/airflow/example_dags/example_xcomargs.py took 0.189 seconds
