[2023-02-03T11:39:58.901+0000] {processor.py:153} INFO - Started process (PID=85) to work on /home/airflow/.local/lib/python3.7/site-packages/airflow/example_dags/example_task_group.py
[2023-02-03T11:39:58.910+0000] {processor.py:743} INFO - Processing file /home/airflow/.local/lib/python3.7/site-packages/airflow/example_dags/example_task_group.py for tasks to queue
[2023-02-03T11:39:58.921+0000] {logging_mixin.py:137} INFO - [2023-02-03T11:39:58.918+0000] {dagbag.py:538} INFO - Filling up the DagBag from /home/airflow/.local/lib/python3.7/site-packages/airflow/example_dags/example_task_group.py
[2023-02-03T11:39:59.107+0000] {processor.py:753} INFO - DAG(s) dict_keys(['example_task_group']) retrieved from /home/airflow/.local/lib/python3.7/site-packages/airflow/example_dags/example_task_group.py
[2023-02-03T11:39:59.494+0000] {logging_mixin.py:137} INFO - [2023-02-03T11:39:59.492+0000] {dag.py:2676} INFO - Sync 1 DAGs
[2023-02-03T11:39:59.691+0000] {logging_mixin.py:137} INFO - [2023-02-03T11:39:59.690+0000] {dag.py:3427} INFO - Setting next_dagrun for example_task_group to 2023-02-02T11:39:59.690041+00:00, run_after=2023-02-03T11:39:59.690041+00:00
[2023-02-03T11:39:59.801+0000] {processor.py:175} INFO - Processing /home/airflow/.local/lib/python3.7/site-packages/airflow/example_dags/example_task_group.py took 0.934 seconds
[2023-02-03T11:40:29.988+0000] {processor.py:153} INFO - Started process (PID=148) to work on /home/airflow/.local/lib/python3.7/site-packages/airflow/example_dags/example_task_group.py
[2023-02-03T11:40:29.991+0000] {processor.py:743} INFO - Processing file /home/airflow/.local/lib/python3.7/site-packages/airflow/example_dags/example_task_group.py for tasks to queue
[2023-02-03T11:40:29.993+0000] {logging_mixin.py:137} INFO - [2023-02-03T11:40:29.993+0000] {dagbag.py:538} INFO - Filling up the DagBag from /home/airflow/.local/lib/python3.7/site-packages/airflow/example_dags/example_task_group.py
[2023-02-03T11:40:30.030+0000] {processor.py:753} INFO - DAG(s) dict_keys(['example_task_group']) retrieved from /home/airflow/.local/lib/python3.7/site-packages/airflow/example_dags/example_task_group.py
[2023-02-03T11:40:30.147+0000] {logging_mixin.py:137} INFO - [2023-02-03T11:40:30.147+0000] {dag.py:2676} INFO - Sync 1 DAGs
[2023-02-03T11:40:30.239+0000] {logging_mixin.py:137} INFO - [2023-02-03T11:40:30.239+0000] {dag.py:3427} INFO - Setting next_dagrun for example_task_group to 2023-02-02T11:40:30.238609+00:00, run_after=2023-02-03T11:40:30.238609+00:00
[2023-02-03T11:40:30.296+0000] {processor.py:175} INFO - Processing /home/airflow/.local/lib/python3.7/site-packages/airflow/example_dags/example_task_group.py took 0.315 seconds
[2023-02-03T11:41:00.683+0000] {processor.py:153} INFO - Started process (PID=210) to work on /home/airflow/.local/lib/python3.7/site-packages/airflow/example_dags/example_task_group.py
[2023-02-03T11:41:00.685+0000] {processor.py:743} INFO - Processing file /home/airflow/.local/lib/python3.7/site-packages/airflow/example_dags/example_task_group.py for tasks to queue
[2023-02-03T11:41:00.688+0000] {logging_mixin.py:137} INFO - [2023-02-03T11:41:00.688+0000] {dagbag.py:538} INFO - Filling up the DagBag from /home/airflow/.local/lib/python3.7/site-packages/airflow/example_dags/example_task_group.py
[2023-02-03T11:41:00.717+0000] {processor.py:753} INFO - DAG(s) dict_keys(['example_task_group']) retrieved from /home/airflow/.local/lib/python3.7/site-packages/airflow/example_dags/example_task_group.py
[2023-02-03T11:41:00.788+0000] {logging_mixin.py:137} INFO - [2023-02-03T11:41:00.788+0000] {dag.py:2676} INFO - Sync 1 DAGs
[2023-02-03T11:41:00.842+0000] {logging_mixin.py:137} INFO - [2023-02-03T11:41:00.842+0000] {dag.py:3427} INFO - Setting next_dagrun for example_task_group to 2023-02-02T11:41:00.841687+00:00, run_after=2023-02-03T11:41:00.841687+00:00
[2023-02-03T11:41:00.886+0000] {processor.py:175} INFO - Processing /home/airflow/.local/lib/python3.7/site-packages/airflow/example_dags/example_task_group.py took 0.208 seconds
[2023-02-03T11:41:31.700+0000] {processor.py:153} INFO - Started process (PID=272) to work on /home/airflow/.local/lib/python3.7/site-packages/airflow/example_dags/example_task_group.py
[2023-02-03T11:41:31.703+0000] {processor.py:743} INFO - Processing file /home/airflow/.local/lib/python3.7/site-packages/airflow/example_dags/example_task_group.py for tasks to queue
[2023-02-03T11:41:31.704+0000] {logging_mixin.py:137} INFO - [2023-02-03T11:41:31.704+0000] {dagbag.py:538} INFO - Filling up the DagBag from /home/airflow/.local/lib/python3.7/site-packages/airflow/example_dags/example_task_group.py
[2023-02-03T11:41:31.735+0000] {processor.py:753} INFO - DAG(s) dict_keys(['example_task_group']) retrieved from /home/airflow/.local/lib/python3.7/site-packages/airflow/example_dags/example_task_group.py
[2023-02-03T11:41:31.797+0000] {logging_mixin.py:137} INFO - [2023-02-03T11:41:31.796+0000] {dag.py:2676} INFO - Sync 1 DAGs
[2023-02-03T11:41:31.841+0000] {logging_mixin.py:137} INFO - [2023-02-03T11:41:31.841+0000] {dag.py:3427} INFO - Setting next_dagrun for example_task_group to 2023-02-02T11:41:31.840763+00:00, run_after=2023-02-03T11:41:31.840763+00:00
[2023-02-03T11:41:31.873+0000] {processor.py:175} INFO - Processing /home/airflow/.local/lib/python3.7/site-packages/airflow/example_dags/example_task_group.py took 0.177 seconds
[2023-02-03T11:42:02.001+0000] {processor.py:153} INFO - Started process (PID=347) to work on /home/airflow/.local/lib/python3.7/site-packages/airflow/example_dags/example_task_group.py
[2023-02-03T11:42:02.003+0000] {processor.py:743} INFO - Processing file /home/airflow/.local/lib/python3.7/site-packages/airflow/example_dags/example_task_group.py for tasks to queue
[2023-02-03T11:42:02.004+0000] {logging_mixin.py:137} INFO - [2023-02-03T11:42:02.004+0000] {dagbag.py:538} INFO - Filling up the DagBag from /home/airflow/.local/lib/python3.7/site-packages/airflow/example_dags/example_task_group.py
[2023-02-03T11:42:02.028+0000] {processor.py:753} INFO - DAG(s) dict_keys(['example_task_group']) retrieved from /home/airflow/.local/lib/python3.7/site-packages/airflow/example_dags/example_task_group.py
[2023-02-03T11:42:02.093+0000] {logging_mixin.py:137} INFO - [2023-02-03T11:42:02.093+0000] {dag.py:2676} INFO - Sync 1 DAGs
[2023-02-03T11:42:02.150+0000] {logging_mixin.py:137} INFO - [2023-02-03T11:42:02.150+0000] {dag.py:3427} INFO - Setting next_dagrun for example_task_group to 2023-02-02T11:42:02.150339+00:00, run_after=2023-02-03T11:42:02.150339+00:00
[2023-02-03T11:42:02.192+0000] {processor.py:175} INFO - Processing /home/airflow/.local/lib/python3.7/site-packages/airflow/example_dags/example_task_group.py took 0.195 seconds
[2023-02-03T11:43:40.860+0000] {processor.py:153} INFO - Started process (PID=74) to work on /home/airflow/.local/lib/python3.7/site-packages/airflow/example_dags/example_task_group.py
[2023-02-03T11:43:40.862+0000] {processor.py:743} INFO - Processing file /home/airflow/.local/lib/python3.7/site-packages/airflow/example_dags/example_task_group.py for tasks to queue
[2023-02-03T11:43:40.864+0000] {logging_mixin.py:137} INFO - [2023-02-03T11:43:40.864+0000] {dagbag.py:538} INFO - Filling up the DagBag from /home/airflow/.local/lib/python3.7/site-packages/airflow/example_dags/example_task_group.py
[2023-02-03T11:43:40.910+0000] {processor.py:753} INFO - DAG(s) dict_keys(['example_task_group']) retrieved from /home/airflow/.local/lib/python3.7/site-packages/airflow/example_dags/example_task_group.py
[2023-02-03T11:43:41.043+0000] {logging_mixin.py:137} INFO - [2023-02-03T11:43:41.038+0000] {dag.py:2676} INFO - Sync 1 DAGs
[2023-02-03T11:43:41.143+0000] {logging_mixin.py:137} INFO - [2023-02-03T11:43:41.143+0000] {dag.py:3427} INFO - Setting next_dagrun for example_task_group to 2023-02-02T11:43:41.142722+00:00, run_after=2023-02-03T11:43:41.142722+00:00
[2023-02-03T11:43:41.247+0000] {processor.py:175} INFO - Processing /home/airflow/.local/lib/python3.7/site-packages/airflow/example_dags/example_task_group.py took 0.394 seconds
[2023-02-03T11:44:11.824+0000] {processor.py:153} INFO - Started process (PID=137) to work on /home/airflow/.local/lib/python3.7/site-packages/airflow/example_dags/example_task_group.py
[2023-02-03T11:44:11.827+0000] {processor.py:743} INFO - Processing file /home/airflow/.local/lib/python3.7/site-packages/airflow/example_dags/example_task_group.py for tasks to queue
[2023-02-03T11:44:11.830+0000] {logging_mixin.py:137} INFO - [2023-02-03T11:44:11.830+0000] {dagbag.py:538} INFO - Filling up the DagBag from /home/airflow/.local/lib/python3.7/site-packages/airflow/example_dags/example_task_group.py
[2023-02-03T11:44:11.863+0000] {processor.py:753} INFO - DAG(s) dict_keys(['example_task_group']) retrieved from /home/airflow/.local/lib/python3.7/site-packages/airflow/example_dags/example_task_group.py
[2023-02-03T11:44:11.998+0000] {logging_mixin.py:137} INFO - [2023-02-03T11:44:11.998+0000] {dag.py:2676} INFO - Sync 1 DAGs
[2023-02-03T11:44:12.093+0000] {logging_mixin.py:137} INFO - [2023-02-03T11:44:12.093+0000] {dag.py:3427} INFO - Setting next_dagrun for example_task_group to 2023-02-02T11:44:12.092337+00:00, run_after=2023-02-03T11:44:12.092337+00:00
[2023-02-03T11:44:12.138+0000] {processor.py:175} INFO - Processing /home/airflow/.local/lib/python3.7/site-packages/airflow/example_dags/example_task_group.py took 0.318 seconds
[2023-02-03T11:44:43.165+0000] {processor.py:153} INFO - Started process (PID=209) to work on /home/airflow/.local/lib/python3.7/site-packages/airflow/example_dags/example_task_group.py
[2023-02-03T11:44:43.171+0000] {processor.py:743} INFO - Processing file /home/airflow/.local/lib/python3.7/site-packages/airflow/example_dags/example_task_group.py for tasks to queue
[2023-02-03T11:44:43.173+0000] {logging_mixin.py:137} INFO - [2023-02-03T11:44:43.173+0000] {dagbag.py:538} INFO - Filling up the DagBag from /home/airflow/.local/lib/python3.7/site-packages/airflow/example_dags/example_task_group.py
[2023-02-03T11:44:43.218+0000] {processor.py:753} INFO - DAG(s) dict_keys(['example_task_group']) retrieved from /home/airflow/.local/lib/python3.7/site-packages/airflow/example_dags/example_task_group.py
[2023-02-03T11:44:43.478+0000] {logging_mixin.py:137} INFO - [2023-02-03T11:44:43.478+0000] {dag.py:2676} INFO - Sync 1 DAGs
[2023-02-03T11:44:43.584+0000] {logging_mixin.py:137} INFO - [2023-02-03T11:44:43.584+0000] {dag.py:3427} INFO - Setting next_dagrun for example_task_group to 2023-02-02T11:44:43.583897+00:00, run_after=2023-02-03T11:44:43.583897+00:00
[2023-02-03T11:44:43.635+0000] {processor.py:175} INFO - Processing /home/airflow/.local/lib/python3.7/site-packages/airflow/example_dags/example_task_group.py took 0.480 seconds
[2023-02-03T11:45:14.123+0000] {processor.py:153} INFO - Started process (PID=275) to work on /home/airflow/.local/lib/python3.7/site-packages/airflow/example_dags/example_task_group.py
[2023-02-03T11:45:14.126+0000] {processor.py:743} INFO - Processing file /home/airflow/.local/lib/python3.7/site-packages/airflow/example_dags/example_task_group.py for tasks to queue
[2023-02-03T11:45:14.131+0000] {logging_mixin.py:137} INFO - [2023-02-03T11:45:14.130+0000] {dagbag.py:538} INFO - Filling up the DagBag from /home/airflow/.local/lib/python3.7/site-packages/airflow/example_dags/example_task_group.py
[2023-02-03T11:45:14.189+0000] {processor.py:753} INFO - DAG(s) dict_keys(['example_task_group']) retrieved from /home/airflow/.local/lib/python3.7/site-packages/airflow/example_dags/example_task_group.py
[2023-02-03T11:45:14.322+0000] {logging_mixin.py:137} INFO - [2023-02-03T11:45:14.322+0000] {dag.py:2676} INFO - Sync 1 DAGs
[2023-02-03T11:45:14.408+0000] {logging_mixin.py:137} INFO - [2023-02-03T11:45:14.408+0000] {dag.py:3427} INFO - Setting next_dagrun for example_task_group to 2023-02-02T11:45:14.407980+00:00, run_after=2023-02-03T11:45:14.407980+00:00
[2023-02-03T11:45:14.505+0000] {processor.py:175} INFO - Processing /home/airflow/.local/lib/python3.7/site-packages/airflow/example_dags/example_task_group.py took 0.392 seconds
[2023-02-03T11:45:45.211+0000] {processor.py:153} INFO - Started process (PID=337) to work on /home/airflow/.local/lib/python3.7/site-packages/airflow/example_dags/example_task_group.py
[2023-02-03T11:45:45.214+0000] {processor.py:743} INFO - Processing file /home/airflow/.local/lib/python3.7/site-packages/airflow/example_dags/example_task_group.py for tasks to queue
[2023-02-03T11:45:45.216+0000] {logging_mixin.py:137} INFO - [2023-02-03T11:45:45.216+0000] {dagbag.py:538} INFO - Filling up the DagBag from /home/airflow/.local/lib/python3.7/site-packages/airflow/example_dags/example_task_group.py
[2023-02-03T11:45:45.267+0000] {processor.py:753} INFO - DAG(s) dict_keys(['example_task_group']) retrieved from /home/airflow/.local/lib/python3.7/site-packages/airflow/example_dags/example_task_group.py
[2023-02-03T11:45:45.383+0000] {logging_mixin.py:137} INFO - [2023-02-03T11:45:45.382+0000] {dag.py:2676} INFO - Sync 1 DAGs
[2023-02-03T11:45:45.467+0000] {logging_mixin.py:137} INFO - [2023-02-03T11:45:45.467+0000] {dag.py:3427} INFO - Setting next_dagrun for example_task_group to 2023-02-02T11:45:45.467098+00:00, run_after=2023-02-03T11:45:45.467098+00:00
[2023-02-03T11:45:45.542+0000] {processor.py:175} INFO - Processing /home/airflow/.local/lib/python3.7/site-packages/airflow/example_dags/example_task_group.py took 0.339 seconds
[2023-02-03T11:46:15.758+0000] {processor.py:153} INFO - Started process (PID=400) to work on /home/airflow/.local/lib/python3.7/site-packages/airflow/example_dags/example_task_group.py
[2023-02-03T11:46:15.760+0000] {processor.py:743} INFO - Processing file /home/airflow/.local/lib/python3.7/site-packages/airflow/example_dags/example_task_group.py for tasks to queue
[2023-02-03T11:46:15.763+0000] {logging_mixin.py:137} INFO - [2023-02-03T11:46:15.763+0000] {dagbag.py:538} INFO - Filling up the DagBag from /home/airflow/.local/lib/python3.7/site-packages/airflow/example_dags/example_task_group.py
[2023-02-03T11:46:15.795+0000] {processor.py:753} INFO - DAG(s) dict_keys(['example_task_group']) retrieved from /home/airflow/.local/lib/python3.7/site-packages/airflow/example_dags/example_task_group.py
[2023-02-03T11:46:15.878+0000] {logging_mixin.py:137} INFO - [2023-02-03T11:46:15.878+0000] {dag.py:2676} INFO - Sync 1 DAGs
[2023-02-03T11:46:15.951+0000] {logging_mixin.py:137} INFO - [2023-02-03T11:46:15.951+0000] {dag.py:3427} INFO - Setting next_dagrun for example_task_group to 2023-02-02T11:46:15.950508+00:00, run_after=2023-02-03T11:46:15.950508+00:00
[2023-02-03T11:46:16.002+0000] {processor.py:175} INFO - Processing /home/airflow/.local/lib/python3.7/site-packages/airflow/example_dags/example_task_group.py took 0.259 seconds
[2023-02-03T11:46:46.423+0000] {processor.py:153} INFO - Started process (PID=475) to work on /home/airflow/.local/lib/python3.7/site-packages/airflow/example_dags/example_task_group.py
[2023-02-03T11:46:46.425+0000] {processor.py:743} INFO - Processing file /home/airflow/.local/lib/python3.7/site-packages/airflow/example_dags/example_task_group.py for tasks to queue
[2023-02-03T11:46:46.427+0000] {logging_mixin.py:137} INFO - [2023-02-03T11:46:46.427+0000] {dagbag.py:538} INFO - Filling up the DagBag from /home/airflow/.local/lib/python3.7/site-packages/airflow/example_dags/example_task_group.py
[2023-02-03T11:46:46.461+0000] {processor.py:753} INFO - DAG(s) dict_keys(['example_task_group']) retrieved from /home/airflow/.local/lib/python3.7/site-packages/airflow/example_dags/example_task_group.py
[2023-02-03T11:46:46.540+0000] {logging_mixin.py:137} INFO - [2023-02-03T11:46:46.539+0000] {dag.py:2676} INFO - Sync 1 DAGs
[2023-02-03T11:46:46.599+0000] {logging_mixin.py:137} INFO - [2023-02-03T11:46:46.599+0000] {dag.py:3427} INFO - Setting next_dagrun for example_task_group to 2023-02-02T11:46:46.598877+00:00, run_after=2023-02-03T11:46:46.598877+00:00
[2023-02-03T11:46:46.639+0000] {processor.py:175} INFO - Processing /home/airflow/.local/lib/python3.7/site-packages/airflow/example_dags/example_task_group.py took 0.220 seconds
[2023-02-03T11:47:17.221+0000] {processor.py:153} INFO - Started process (PID=537) to work on /home/airflow/.local/lib/python3.7/site-packages/airflow/example_dags/example_task_group.py
[2023-02-03T11:47:17.223+0000] {processor.py:743} INFO - Processing file /home/airflow/.local/lib/python3.7/site-packages/airflow/example_dags/example_task_group.py for tasks to queue
[2023-02-03T11:47:17.225+0000] {logging_mixin.py:137} INFO - [2023-02-03T11:47:17.225+0000] {dagbag.py:538} INFO - Filling up the DagBag from /home/airflow/.local/lib/python3.7/site-packages/airflow/example_dags/example_task_group.py
[2023-02-03T11:47:17.255+0000] {processor.py:753} INFO - DAG(s) dict_keys(['example_task_group']) retrieved from /home/airflow/.local/lib/python3.7/site-packages/airflow/example_dags/example_task_group.py
[2023-02-03T11:47:17.352+0000] {logging_mixin.py:137} INFO - [2023-02-03T11:47:17.352+0000] {dag.py:2676} INFO - Sync 1 DAGs
[2023-02-03T11:47:17.415+0000] {logging_mixin.py:137} INFO - [2023-02-03T11:47:17.415+0000] {dag.py:3427} INFO - Setting next_dagrun for example_task_group to 2023-02-02T11:47:17.415087+00:00, run_after=2023-02-03T11:47:17.415087+00:00
[2023-02-03T11:47:17.463+0000] {processor.py:175} INFO - Processing /home/airflow/.local/lib/python3.7/site-packages/airflow/example_dags/example_task_group.py took 0.248 seconds
[2023-02-03T11:47:48.133+0000] {processor.py:153} INFO - Started process (PID=607) to work on /home/airflow/.local/lib/python3.7/site-packages/airflow/example_dags/example_task_group.py
[2023-02-03T11:47:48.137+0000] {processor.py:743} INFO - Processing file /home/airflow/.local/lib/python3.7/site-packages/airflow/example_dags/example_task_group.py for tasks to queue
[2023-02-03T11:47:48.140+0000] {logging_mixin.py:137} INFO - [2023-02-03T11:47:48.140+0000] {dagbag.py:538} INFO - Filling up the DagBag from /home/airflow/.local/lib/python3.7/site-packages/airflow/example_dags/example_task_group.py
[2023-02-03T11:47:48.200+0000] {processor.py:753} INFO - DAG(s) dict_keys(['example_task_group']) retrieved from /home/airflow/.local/lib/python3.7/site-packages/airflow/example_dags/example_task_group.py
[2023-02-03T11:47:48.473+0000] {logging_mixin.py:137} INFO - [2023-02-03T11:47:48.472+0000] {dag.py:2676} INFO - Sync 1 DAGs
[2023-02-03T11:47:48.579+0000] {logging_mixin.py:137} INFO - [2023-02-03T11:47:48.579+0000] {dag.py:3427} INFO - Setting next_dagrun for example_task_group to 2023-02-02T11:47:48.579014+00:00, run_after=2023-02-03T11:47:48.579014+00:00
[2023-02-03T11:47:48.659+0000] {processor.py:175} INFO - Processing /home/airflow/.local/lib/python3.7/site-packages/airflow/example_dags/example_task_group.py took 0.535 seconds
[2023-02-03T11:48:19.155+0000] {processor.py:153} INFO - Started process (PID=672) to work on /home/airflow/.local/lib/python3.7/site-packages/airflow/example_dags/example_task_group.py
[2023-02-03T11:48:19.158+0000] {processor.py:743} INFO - Processing file /home/airflow/.local/lib/python3.7/site-packages/airflow/example_dags/example_task_group.py for tasks to queue
[2023-02-03T11:48:19.159+0000] {logging_mixin.py:137} INFO - [2023-02-03T11:48:19.159+0000] {dagbag.py:538} INFO - Filling up the DagBag from /home/airflow/.local/lib/python3.7/site-packages/airflow/example_dags/example_task_group.py
[2023-02-03T11:48:19.191+0000] {processor.py:753} INFO - DAG(s) dict_keys(['example_task_group']) retrieved from /home/airflow/.local/lib/python3.7/site-packages/airflow/example_dags/example_task_group.py
[2023-02-03T11:48:19.309+0000] {logging_mixin.py:137} INFO - [2023-02-03T11:48:19.309+0000] {dag.py:2676} INFO - Sync 1 DAGs
[2023-02-03T11:48:19.379+0000] {logging_mixin.py:137} INFO - [2023-02-03T11:48:19.379+0000] {dag.py:3427} INFO - Setting next_dagrun for example_task_group to 2023-02-02T11:48:19.378497+00:00, run_after=2023-02-03T11:48:19.378497+00:00
[2023-02-03T11:48:19.422+0000] {processor.py:175} INFO - Processing /home/airflow/.local/lib/python3.7/site-packages/airflow/example_dags/example_task_group.py took 0.277 seconds
[2023-02-03T11:48:49.835+0000] {processor.py:153} INFO - Started process (PID=734) to work on /home/airflow/.local/lib/python3.7/site-packages/airflow/example_dags/example_task_group.py
[2023-02-03T11:48:49.837+0000] {processor.py:743} INFO - Processing file /home/airflow/.local/lib/python3.7/site-packages/airflow/example_dags/example_task_group.py for tasks to queue
[2023-02-03T11:48:49.841+0000] {logging_mixin.py:137} INFO - [2023-02-03T11:48:49.841+0000] {dagbag.py:538} INFO - Filling up the DagBag from /home/airflow/.local/lib/python3.7/site-packages/airflow/example_dags/example_task_group.py
[2023-02-03T11:48:49.878+0000] {processor.py:753} INFO - DAG(s) dict_keys(['example_task_group']) retrieved from /home/airflow/.local/lib/python3.7/site-packages/airflow/example_dags/example_task_group.py
[2023-02-03T11:48:49.985+0000] {logging_mixin.py:137} INFO - [2023-02-03T11:48:49.984+0000] {dag.py:2676} INFO - Sync 1 DAGs
[2023-02-03T11:48:50.066+0000] {logging_mixin.py:137} INFO - [2023-02-03T11:48:50.065+0000] {dag.py:3427} INFO - Setting next_dagrun for example_task_group to 2023-02-02T11:48:50.065230+00:00, run_after=2023-02-03T11:48:50.065230+00:00
[2023-02-03T11:48:50.138+0000] {processor.py:175} INFO - Processing /home/airflow/.local/lib/python3.7/site-packages/airflow/example_dags/example_task_group.py took 0.309 seconds
[2023-02-03T11:49:20.512+0000] {processor.py:153} INFO - Started process (PID=805) to work on /home/airflow/.local/lib/python3.7/site-packages/airflow/example_dags/example_task_group.py
[2023-02-03T11:49:20.515+0000] {processor.py:743} INFO - Processing file /home/airflow/.local/lib/python3.7/site-packages/airflow/example_dags/example_task_group.py for tasks to queue
[2023-02-03T11:49:20.517+0000] {logging_mixin.py:137} INFO - [2023-02-03T11:49:20.517+0000] {dagbag.py:538} INFO - Filling up the DagBag from /home/airflow/.local/lib/python3.7/site-packages/airflow/example_dags/example_task_group.py
[2023-02-03T11:49:20.567+0000] {processor.py:753} INFO - DAG(s) dict_keys(['example_task_group']) retrieved from /home/airflow/.local/lib/python3.7/site-packages/airflow/example_dags/example_task_group.py
[2023-02-03T11:49:20.676+0000] {logging_mixin.py:137} INFO - [2023-02-03T11:49:20.676+0000] {dag.py:2676} INFO - Sync 1 DAGs
[2023-02-03T11:49:20.757+0000] {logging_mixin.py:137} INFO - [2023-02-03T11:49:20.756+0000] {dag.py:3427} INFO - Setting next_dagrun for example_task_group to 2023-02-02T11:49:20.756456+00:00, run_after=2023-02-03T11:49:20.756456+00:00
[2023-02-03T11:49:20.811+0000] {processor.py:175} INFO - Processing /home/airflow/.local/lib/python3.7/site-packages/airflow/example_dags/example_task_group.py took 0.312 seconds
[2023-02-03T11:49:51.921+0000] {processor.py:153} INFO - Started process (PID=869) to work on /home/airflow/.local/lib/python3.7/site-packages/airflow/example_dags/example_task_group.py
[2023-02-03T11:49:51.925+0000] {processor.py:743} INFO - Processing file /home/airflow/.local/lib/python3.7/site-packages/airflow/example_dags/example_task_group.py for tasks to queue
[2023-02-03T11:49:51.928+0000] {logging_mixin.py:137} INFO - [2023-02-03T11:49:51.927+0000] {dagbag.py:538} INFO - Filling up the DagBag from /home/airflow/.local/lib/python3.7/site-packages/airflow/example_dags/example_task_group.py
[2023-02-03T11:49:51.979+0000] {processor.py:753} INFO - DAG(s) dict_keys(['example_task_group']) retrieved from /home/airflow/.local/lib/python3.7/site-packages/airflow/example_dags/example_task_group.py
[2023-02-03T11:49:52.134+0000] {logging_mixin.py:137} INFO - [2023-02-03T11:49:52.133+0000] {dag.py:2676} INFO - Sync 1 DAGs
[2023-02-03T11:49:52.245+0000] {logging_mixin.py:137} INFO - [2023-02-03T11:49:52.245+0000] {dag.py:3427} INFO - Setting next_dagrun for example_task_group to 2023-02-02T11:49:52.245021+00:00, run_after=2023-02-03T11:49:52.245021+00:00
[2023-02-03T11:49:52.366+0000] {processor.py:175} INFO - Processing /home/airflow/.local/lib/python3.7/site-packages/airflow/example_dags/example_task_group.py took 0.453 seconds
[2023-02-03T11:50:22.730+0000] {processor.py:153} INFO - Started process (PID=931) to work on /home/airflow/.local/lib/python3.7/site-packages/airflow/example_dags/example_task_group.py
[2023-02-03T11:50:22.732+0000] {processor.py:743} INFO - Processing file /home/airflow/.local/lib/python3.7/site-packages/airflow/example_dags/example_task_group.py for tasks to queue
[2023-02-03T11:50:22.735+0000] {logging_mixin.py:137} INFO - [2023-02-03T11:50:22.735+0000] {dagbag.py:538} INFO - Filling up the DagBag from /home/airflow/.local/lib/python3.7/site-packages/airflow/example_dags/example_task_group.py
[2023-02-03T11:50:22.766+0000] {processor.py:753} INFO - DAG(s) dict_keys(['example_task_group']) retrieved from /home/airflow/.local/lib/python3.7/site-packages/airflow/example_dags/example_task_group.py
[2023-02-03T11:50:22.864+0000] {logging_mixin.py:137} INFO - [2023-02-03T11:50:22.864+0000] {dag.py:2676} INFO - Sync 1 DAGs
[2023-02-03T11:50:22.950+0000] {logging_mixin.py:137} INFO - [2023-02-03T11:50:22.949+0000] {dag.py:3427} INFO - Setting next_dagrun for example_task_group to 2023-02-02T11:50:22.949511+00:00, run_after=2023-02-03T11:50:22.949511+00:00
[2023-02-03T11:50:23.016+0000] {processor.py:175} INFO - Processing /home/airflow/.local/lib/python3.7/site-packages/airflow/example_dags/example_task_group.py took 0.293 seconds
[2023-02-03T11:50:53.576+0000] {processor.py:153} INFO - Started process (PID=993) to work on /home/airflow/.local/lib/python3.7/site-packages/airflow/example_dags/example_task_group.py
[2023-02-03T11:50:53.578+0000] {processor.py:743} INFO - Processing file /home/airflow/.local/lib/python3.7/site-packages/airflow/example_dags/example_task_group.py for tasks to queue
[2023-02-03T11:50:53.581+0000] {logging_mixin.py:137} INFO - [2023-02-03T11:50:53.581+0000] {dagbag.py:538} INFO - Filling up the DagBag from /home/airflow/.local/lib/python3.7/site-packages/airflow/example_dags/example_task_group.py
[2023-02-03T11:50:53.609+0000] {processor.py:753} INFO - DAG(s) dict_keys(['example_task_group']) retrieved from /home/airflow/.local/lib/python3.7/site-packages/airflow/example_dags/example_task_group.py
[2023-02-03T11:50:53.687+0000] {logging_mixin.py:137} INFO - [2023-02-03T11:50:53.686+0000] {dag.py:2676} INFO - Sync 1 DAGs
[2023-02-03T11:50:53.752+0000] {logging_mixin.py:137} INFO - [2023-02-03T11:50:53.752+0000] {dag.py:3427} INFO - Setting next_dagrun for example_task_group to 2023-02-02T11:50:53.752361+00:00, run_after=2023-02-03T11:50:53.752361+00:00
[2023-02-03T11:50:53.818+0000] {processor.py:175} INFO - Processing /home/airflow/.local/lib/python3.7/site-packages/airflow/example_dags/example_task_group.py took 0.247 seconds
[2023-02-03T11:55:37.774+0000] {processor.py:153} INFO - Started process (PID=83) to work on /home/airflow/.local/lib/python3.7/site-packages/airflow/example_dags/example_task_group.py
[2023-02-03T11:55:37.777+0000] {processor.py:743} INFO - Processing file /home/airflow/.local/lib/python3.7/site-packages/airflow/example_dags/example_task_group.py for tasks to queue
[2023-02-03T11:55:37.783+0000] {logging_mixin.py:137} INFO - [2023-02-03T11:55:37.783+0000] {dagbag.py:538} INFO - Filling up the DagBag from /home/airflow/.local/lib/python3.7/site-packages/airflow/example_dags/example_task_group.py
[2023-02-03T11:55:38.009+0000] {processor.py:753} INFO - DAG(s) dict_keys(['example_task_group']) retrieved from /home/airflow/.local/lib/python3.7/site-packages/airflow/example_dags/example_task_group.py
[2023-02-03T11:55:38.419+0000] {logging_mixin.py:137} INFO - [2023-02-03T11:55:38.418+0000] {dag.py:2676} INFO - Sync 1 DAGs
[2023-02-03T11:55:38.658+0000] {logging_mixin.py:137} INFO - [2023-02-03T11:55:38.657+0000] {dag.py:3427} INFO - Setting next_dagrun for example_task_group to 2023-02-02T11:55:38.657223+00:00, run_after=2023-02-03T11:55:38.657223+00:00
[2023-02-03T11:55:38.841+0000] {processor.py:175} INFO - Processing /home/airflow/.local/lib/python3.7/site-packages/airflow/example_dags/example_task_group.py took 1.092 seconds
[2023-02-03T11:56:12.045+0000] {processor.py:153} INFO - Started process (PID=147) to work on /home/airflow/.local/lib/python3.7/site-packages/airflow/example_dags/example_task_group.py
[2023-02-03T11:56:12.050+0000] {processor.py:743} INFO - Processing file /home/airflow/.local/lib/python3.7/site-packages/airflow/example_dags/example_task_group.py for tasks to queue
[2023-02-03T11:56:12.055+0000] {logging_mixin.py:137} INFO - [2023-02-03T11:56:12.055+0000] {dagbag.py:538} INFO - Filling up the DagBag from /home/airflow/.local/lib/python3.7/site-packages/airflow/example_dags/example_task_group.py
[2023-02-03T11:56:12.173+0000] {processor.py:753} INFO - DAG(s) dict_keys(['example_task_group']) retrieved from /home/airflow/.local/lib/python3.7/site-packages/airflow/example_dags/example_task_group.py
[2023-02-03T11:56:12.402+0000] {logging_mixin.py:137} INFO - [2023-02-03T11:56:12.400+0000] {dag.py:2676} INFO - Sync 1 DAGs
[2023-02-03T11:56:12.495+0000] {logging_mixin.py:137} INFO - [2023-02-03T11:56:12.494+0000] {dag.py:3427} INFO - Setting next_dagrun for example_task_group to 2023-02-02T11:56:12.494265+00:00, run_after=2023-02-03T11:56:12.494265+00:00
[2023-02-03T11:56:12.557+0000] {processor.py:175} INFO - Processing /home/airflow/.local/lib/python3.7/site-packages/airflow/example_dags/example_task_group.py took 0.521 seconds
[2023-02-03T11:56:43.356+0000] {processor.py:153} INFO - Started process (PID=209) to work on /home/airflow/.local/lib/python3.7/site-packages/airflow/example_dags/example_task_group.py
[2023-02-03T11:56:43.359+0000] {processor.py:743} INFO - Processing file /home/airflow/.local/lib/python3.7/site-packages/airflow/example_dags/example_task_group.py for tasks to queue
[2023-02-03T11:56:43.360+0000] {logging_mixin.py:137} INFO - [2023-02-03T11:56:43.360+0000] {dagbag.py:538} INFO - Filling up the DagBag from /home/airflow/.local/lib/python3.7/site-packages/airflow/example_dags/example_task_group.py
[2023-02-03T11:56:43.395+0000] {processor.py:753} INFO - DAG(s) dict_keys(['example_task_group']) retrieved from /home/airflow/.local/lib/python3.7/site-packages/airflow/example_dags/example_task_group.py
[2023-02-03T11:56:43.477+0000] {logging_mixin.py:137} INFO - [2023-02-03T11:56:43.477+0000] {dag.py:2676} INFO - Sync 1 DAGs
[2023-02-03T11:56:43.547+0000] {logging_mixin.py:137} INFO - [2023-02-03T11:56:43.547+0000] {dag.py:3427} INFO - Setting next_dagrun for example_task_group to 2023-02-02T11:56:43.546971+00:00, run_after=2023-02-03T11:56:43.546971+00:00
[2023-02-03T11:56:43.592+0000] {processor.py:175} INFO - Processing /home/airflow/.local/lib/python3.7/site-packages/airflow/example_dags/example_task_group.py took 0.246 seconds
[2023-02-03T11:57:13.846+0000] {processor.py:153} INFO - Started process (PID=272) to work on /home/airflow/.local/lib/python3.7/site-packages/airflow/example_dags/example_task_group.py
[2023-02-03T11:57:13.849+0000] {processor.py:743} INFO - Processing file /home/airflow/.local/lib/python3.7/site-packages/airflow/example_dags/example_task_group.py for tasks to queue
[2023-02-03T11:57:13.853+0000] {logging_mixin.py:137} INFO - [2023-02-03T11:57:13.852+0000] {dagbag.py:538} INFO - Filling up the DagBag from /home/airflow/.local/lib/python3.7/site-packages/airflow/example_dags/example_task_group.py
[2023-02-03T11:57:13.897+0000] {processor.py:753} INFO - DAG(s) dict_keys(['example_task_group']) retrieved from /home/airflow/.local/lib/python3.7/site-packages/airflow/example_dags/example_task_group.py
[2023-02-03T11:57:14.071+0000] {logging_mixin.py:137} INFO - [2023-02-03T11:57:14.071+0000] {dag.py:2676} INFO - Sync 1 DAGs
[2023-02-03T11:57:14.147+0000] {logging_mixin.py:137} INFO - [2023-02-03T11:57:14.146+0000] {dag.py:3427} INFO - Setting next_dagrun for example_task_group to 2023-02-02T11:57:14.146327+00:00, run_after=2023-02-03T11:57:14.146327+00:00
[2023-02-03T11:57:14.200+0000] {processor.py:175} INFO - Processing /home/airflow/.local/lib/python3.7/site-packages/airflow/example_dags/example_task_group.py took 0.381 seconds
[2023-02-03T11:57:44.449+0000] {processor.py:153} INFO - Started process (PID=346) to work on /home/airflow/.local/lib/python3.7/site-packages/airflow/example_dags/example_task_group.py
[2023-02-03T11:57:44.451+0000] {processor.py:743} INFO - Processing file /home/airflow/.local/lib/python3.7/site-packages/airflow/example_dags/example_task_group.py for tasks to queue
[2023-02-03T11:57:44.453+0000] {logging_mixin.py:137} INFO - [2023-02-03T11:57:44.453+0000] {dagbag.py:538} INFO - Filling up the DagBag from /home/airflow/.local/lib/python3.7/site-packages/airflow/example_dags/example_task_group.py
[2023-02-03T11:57:44.484+0000] {processor.py:753} INFO - DAG(s) dict_keys(['example_task_group']) retrieved from /home/airflow/.local/lib/python3.7/site-packages/airflow/example_dags/example_task_group.py
[2023-02-03T11:57:44.608+0000] {logging_mixin.py:137} INFO - [2023-02-03T11:57:44.608+0000] {dag.py:2676} INFO - Sync 1 DAGs
[2023-02-03T11:57:44.732+0000] {logging_mixin.py:137} INFO - [2023-02-03T11:57:44.732+0000] {dag.py:3427} INFO - Setting next_dagrun for example_task_group to 2023-02-02T11:57:44.731792+00:00, run_after=2023-02-03T11:57:44.731792+00:00
[2023-02-03T11:57:44.792+0000] {processor.py:175} INFO - Processing /home/airflow/.local/lib/python3.7/site-packages/airflow/example_dags/example_task_group.py took 0.350 seconds
