[2023-02-03T11:39:47.128+0000] {processor.py:153} INFO - Started process (PID=47) to work on /home/airflow/.local/lib/python3.7/site-packages/airflow/example_dags/example_skip_dag.py
[2023-02-03T11:39:47.130+0000] {processor.py:743} INFO - Processing file /home/airflow/.local/lib/python3.7/site-packages/airflow/example_dags/example_skip_dag.py for tasks to queue
[2023-02-03T11:39:47.134+0000] {logging_mixin.py:137} INFO - [2023-02-03T11:39:47.134+0000] {dagbag.py:538} INFO - Filling up the DagBag from /home/airflow/.local/lib/python3.7/site-packages/airflow/example_dags/example_skip_dag.py
[2023-02-03T11:39:47.171+0000] {processor.py:753} INFO - DAG(s) dict_keys(['example_skip_dag']) retrieved from /home/airflow/.local/lib/python3.7/site-packages/airflow/example_dags/example_skip_dag.py
[2023-02-03T11:39:47.311+0000] {logging_mixin.py:137} INFO - [2023-02-03T11:39:47.311+0000] {dag.py:2676} INFO - Sync 1 DAGs
[2023-02-03T11:39:47.400+0000] {logging_mixin.py:137} INFO - [2023-02-03T11:39:47.400+0000] {dag.py:3427} INFO - Setting next_dagrun for example_skip_dag to 2023-02-02T11:39:47.399713+00:00, run_after=2023-02-03T11:39:47.399713+00:00
[2023-02-03T11:39:47.472+0000] {processor.py:175} INFO - Processing /home/airflow/.local/lib/python3.7/site-packages/airflow/example_dags/example_skip_dag.py took 0.356 seconds
[2023-02-03T11:40:17.601+0000] {processor.py:153} INFO - Started process (PID=109) to work on /home/airflow/.local/lib/python3.7/site-packages/airflow/example_dags/example_skip_dag.py
[2023-02-03T11:40:17.604+0000] {processor.py:743} INFO - Processing file /home/airflow/.local/lib/python3.7/site-packages/airflow/example_dags/example_skip_dag.py for tasks to queue
[2023-02-03T11:40:17.614+0000] {logging_mixin.py:137} INFO - [2023-02-03T11:40:17.614+0000] {dagbag.py:538} INFO - Filling up the DagBag from /home/airflow/.local/lib/python3.7/site-packages/airflow/example_dags/example_skip_dag.py
[2023-02-03T11:40:17.637+0000] {processor.py:753} INFO - DAG(s) dict_keys(['example_skip_dag']) retrieved from /home/airflow/.local/lib/python3.7/site-packages/airflow/example_dags/example_skip_dag.py
[2023-02-03T11:40:17.709+0000] {logging_mixin.py:137} INFO - [2023-02-03T11:40:17.709+0000] {dag.py:2676} INFO - Sync 1 DAGs
[2023-02-03T11:40:17.765+0000] {logging_mixin.py:137} INFO - [2023-02-03T11:40:17.765+0000] {dag.py:3427} INFO - Setting next_dagrun for example_skip_dag to 2023-02-02T11:40:17.764744+00:00, run_after=2023-02-03T11:40:17.764744+00:00
[2023-02-03T11:40:17.811+0000] {processor.py:175} INFO - Processing /home/airflow/.local/lib/python3.7/site-packages/airflow/example_dags/example_skip_dag.py took 0.216 seconds
[2023-02-03T11:40:47.906+0000] {processor.py:153} INFO - Started process (PID=171) to work on /home/airflow/.local/lib/python3.7/site-packages/airflow/example_dags/example_skip_dag.py
[2023-02-03T11:40:47.908+0000] {processor.py:743} INFO - Processing file /home/airflow/.local/lib/python3.7/site-packages/airflow/example_dags/example_skip_dag.py for tasks to queue
[2023-02-03T11:40:47.910+0000] {logging_mixin.py:137} INFO - [2023-02-03T11:40:47.910+0000] {dagbag.py:538} INFO - Filling up the DagBag from /home/airflow/.local/lib/python3.7/site-packages/airflow/example_dags/example_skip_dag.py
[2023-02-03T11:40:47.930+0000] {processor.py:753} INFO - DAG(s) dict_keys(['example_skip_dag']) retrieved from /home/airflow/.local/lib/python3.7/site-packages/airflow/example_dags/example_skip_dag.py
[2023-02-03T11:40:47.995+0000] {logging_mixin.py:137} INFO - [2023-02-03T11:40:47.995+0000] {dag.py:2676} INFO - Sync 1 DAGs
[2023-02-03T11:40:48.057+0000] {logging_mixin.py:137} INFO - [2023-02-03T11:40:48.057+0000] {dag.py:3427} INFO - Setting next_dagrun for example_skip_dag to 2023-02-02T11:40:48.057189+00:00, run_after=2023-02-03T11:40:48.057189+00:00
[2023-02-03T11:40:48.098+0000] {processor.py:175} INFO - Processing /home/airflow/.local/lib/python3.7/site-packages/airflow/example_dags/example_skip_dag.py took 0.196 seconds
[2023-02-03T11:41:18.514+0000] {processor.py:153} INFO - Started process (PID=233) to work on /home/airflow/.local/lib/python3.7/site-packages/airflow/example_dags/example_skip_dag.py
[2023-02-03T11:41:18.517+0000] {processor.py:743} INFO - Processing file /home/airflow/.local/lib/python3.7/site-packages/airflow/example_dags/example_skip_dag.py for tasks to queue
[2023-02-03T11:41:18.519+0000] {logging_mixin.py:137} INFO - [2023-02-03T11:41:18.518+0000] {dagbag.py:538} INFO - Filling up the DagBag from /home/airflow/.local/lib/python3.7/site-packages/airflow/example_dags/example_skip_dag.py
[2023-02-03T11:41:18.543+0000] {processor.py:753} INFO - DAG(s) dict_keys(['example_skip_dag']) retrieved from /home/airflow/.local/lib/python3.7/site-packages/airflow/example_dags/example_skip_dag.py
[2023-02-03T11:41:18.621+0000] {logging_mixin.py:137} INFO - [2023-02-03T11:41:18.621+0000] {dag.py:2676} INFO - Sync 1 DAGs
[2023-02-03T11:41:18.690+0000] {logging_mixin.py:137} INFO - [2023-02-03T11:41:18.689+0000] {dag.py:3427} INFO - Setting next_dagrun for example_skip_dag to 2023-02-02T11:41:18.689511+00:00, run_after=2023-02-03T11:41:18.689511+00:00
[2023-02-03T11:41:18.750+0000] {processor.py:175} INFO - Processing /home/airflow/.local/lib/python3.7/site-packages/airflow/example_dags/example_skip_dag.py took 0.240 seconds
[2023-02-03T11:41:49.114+0000] {processor.py:153} INFO - Started process (PID=307) to work on /home/airflow/.local/lib/python3.7/site-packages/airflow/example_dags/example_skip_dag.py
[2023-02-03T11:41:49.116+0000] {processor.py:743} INFO - Processing file /home/airflow/.local/lib/python3.7/site-packages/airflow/example_dags/example_skip_dag.py for tasks to queue
[2023-02-03T11:41:49.118+0000] {logging_mixin.py:137} INFO - [2023-02-03T11:41:49.118+0000] {dagbag.py:538} INFO - Filling up the DagBag from /home/airflow/.local/lib/python3.7/site-packages/airflow/example_dags/example_skip_dag.py
[2023-02-03T11:41:49.147+0000] {processor.py:753} INFO - DAG(s) dict_keys(['example_skip_dag']) retrieved from /home/airflow/.local/lib/python3.7/site-packages/airflow/example_dags/example_skip_dag.py
[2023-02-03T11:41:49.276+0000] {logging_mixin.py:137} INFO - [2023-02-03T11:41:49.276+0000] {dag.py:2676} INFO - Sync 1 DAGs
[2023-02-03T11:41:49.348+0000] {logging_mixin.py:137} INFO - [2023-02-03T11:41:49.348+0000] {dag.py:3427} INFO - Setting next_dagrun for example_skip_dag to 2023-02-02T11:41:49.347593+00:00, run_after=2023-02-03T11:41:49.347593+00:00
[2023-02-03T11:41:49.428+0000] {processor.py:175} INFO - Processing /home/airflow/.local/lib/python3.7/site-packages/airflow/example_dags/example_skip_dag.py took 0.324 seconds
[2023-02-03T11:42:19.481+0000] {processor.py:153} INFO - Started process (PID=370) to work on /home/airflow/.local/lib/python3.7/site-packages/airflow/example_dags/example_skip_dag.py
[2023-02-03T11:42:19.483+0000] {processor.py:743} INFO - Processing file /home/airflow/.local/lib/python3.7/site-packages/airflow/example_dags/example_skip_dag.py for tasks to queue
[2023-02-03T11:42:19.484+0000] {logging_mixin.py:137} INFO - [2023-02-03T11:42:19.484+0000] {dagbag.py:538} INFO - Filling up the DagBag from /home/airflow/.local/lib/python3.7/site-packages/airflow/example_dags/example_skip_dag.py
[2023-02-03T11:42:19.506+0000] {processor.py:753} INFO - DAG(s) dict_keys(['example_skip_dag']) retrieved from /home/airflow/.local/lib/python3.7/site-packages/airflow/example_dags/example_skip_dag.py
[2023-02-03T11:42:19.583+0000] {logging_mixin.py:137} INFO - [2023-02-03T11:42:19.583+0000] {dag.py:2676} INFO - Sync 1 DAGs
[2023-02-03T11:42:19.657+0000] {logging_mixin.py:137} INFO - [2023-02-03T11:42:19.657+0000] {dag.py:3427} INFO - Setting next_dagrun for example_skip_dag to 2023-02-02T11:42:19.656956+00:00, run_after=2023-02-03T11:42:19.656956+00:00
[2023-02-03T11:42:19.746+0000] {processor.py:175} INFO - Processing /home/airflow/.local/lib/python3.7/site-packages/airflow/example_dags/example_skip_dag.py took 0.272 seconds
[2023-02-03T11:43:33.916+0000] {processor.py:153} INFO - Started process (PID=47) to work on /home/airflow/.local/lib/python3.7/site-packages/airflow/example_dags/example_skip_dag.py
[2023-02-03T11:43:33.919+0000] {processor.py:743} INFO - Processing file /home/airflow/.local/lib/python3.7/site-packages/airflow/example_dags/example_skip_dag.py for tasks to queue
[2023-02-03T11:43:33.920+0000] {logging_mixin.py:137} INFO - [2023-02-03T11:43:33.920+0000] {dagbag.py:538} INFO - Filling up the DagBag from /home/airflow/.local/lib/python3.7/site-packages/airflow/example_dags/example_skip_dag.py
[2023-02-03T11:43:33.963+0000] {processor.py:753} INFO - DAG(s) dict_keys(['example_skip_dag']) retrieved from /home/airflow/.local/lib/python3.7/site-packages/airflow/example_dags/example_skip_dag.py
[2023-02-03T11:43:34.081+0000] {logging_mixin.py:137} INFO - [2023-02-03T11:43:34.080+0000] {dag.py:2676} INFO - Sync 1 DAGs
[2023-02-03T11:43:34.181+0000] {logging_mixin.py:137} INFO - [2023-02-03T11:43:34.180+0000] {dag.py:3427} INFO - Setting next_dagrun for example_skip_dag to 2023-02-02T11:43:34.180220+00:00, run_after=2023-02-03T11:43:34.180220+00:00
[2023-02-03T11:43:34.239+0000] {processor.py:175} INFO - Processing /home/airflow/.local/lib/python3.7/site-packages/airflow/example_dags/example_skip_dag.py took 0.331 seconds
[2023-02-03T11:44:04.599+0000] {processor.py:153} INFO - Started process (PID=110) to work on /home/airflow/.local/lib/python3.7/site-packages/airflow/example_dags/example_skip_dag.py
[2023-02-03T11:44:04.604+0000] {processor.py:743} INFO - Processing file /home/airflow/.local/lib/python3.7/site-packages/airflow/example_dags/example_skip_dag.py for tasks to queue
[2023-02-03T11:44:04.609+0000] {logging_mixin.py:137} INFO - [2023-02-03T11:44:04.609+0000] {dagbag.py:538} INFO - Filling up the DagBag from /home/airflow/.local/lib/python3.7/site-packages/airflow/example_dags/example_skip_dag.py
[2023-02-03T11:44:04.646+0000] {processor.py:753} INFO - DAG(s) dict_keys(['example_skip_dag']) retrieved from /home/airflow/.local/lib/python3.7/site-packages/airflow/example_dags/example_skip_dag.py
[2023-02-03T11:44:04.749+0000] {logging_mixin.py:137} INFO - [2023-02-03T11:44:04.748+0000] {dag.py:2676} INFO - Sync 1 DAGs
[2023-02-03T11:44:04.821+0000] {logging_mixin.py:137} INFO - [2023-02-03T11:44:04.821+0000] {dag.py:3427} INFO - Setting next_dagrun for example_skip_dag to 2023-02-02T11:44:04.821025+00:00, run_after=2023-02-03T11:44:04.821025+00:00
[2023-02-03T11:44:04.882+0000] {processor.py:175} INFO - Processing /home/airflow/.local/lib/python3.7/site-packages/airflow/example_dags/example_skip_dag.py took 0.305 seconds
[2023-02-03T11:44:35.152+0000] {processor.py:153} INFO - Started process (PID=172) to work on /home/airflow/.local/lib/python3.7/site-packages/airflow/example_dags/example_skip_dag.py
[2023-02-03T11:44:35.154+0000] {processor.py:743} INFO - Processing file /home/airflow/.local/lib/python3.7/site-packages/airflow/example_dags/example_skip_dag.py for tasks to queue
[2023-02-03T11:44:35.155+0000] {logging_mixin.py:137} INFO - [2023-02-03T11:44:35.155+0000] {dagbag.py:538} INFO - Filling up the DagBag from /home/airflow/.local/lib/python3.7/site-packages/airflow/example_dags/example_skip_dag.py
[2023-02-03T11:44:35.177+0000] {processor.py:753} INFO - DAG(s) dict_keys(['example_skip_dag']) retrieved from /home/airflow/.local/lib/python3.7/site-packages/airflow/example_dags/example_skip_dag.py
[2023-02-03T11:44:35.242+0000] {logging_mixin.py:137} INFO - [2023-02-03T11:44:35.242+0000] {dag.py:2676} INFO - Sync 1 DAGs
[2023-02-03T11:44:35.287+0000] {logging_mixin.py:137} INFO - [2023-02-03T11:44:35.286+0000] {dag.py:3427} INFO - Setting next_dagrun for example_skip_dag to 2023-02-02T11:44:35.286528+00:00, run_after=2023-02-03T11:44:35.286528+00:00
[2023-02-03T11:44:35.315+0000] {processor.py:175} INFO - Processing /home/airflow/.local/lib/python3.7/site-packages/airflow/example_dags/example_skip_dag.py took 0.169 seconds
[2023-02-03T11:45:05.461+0000] {processor.py:153} INFO - Started process (PID=236) to work on /home/airflow/.local/lib/python3.7/site-packages/airflow/example_dags/example_skip_dag.py
[2023-02-03T11:45:05.463+0000] {processor.py:743} INFO - Processing file /home/airflow/.local/lib/python3.7/site-packages/airflow/example_dags/example_skip_dag.py for tasks to queue
[2023-02-03T11:45:05.465+0000] {logging_mixin.py:137} INFO - [2023-02-03T11:45:05.465+0000] {dagbag.py:538} INFO - Filling up the DagBag from /home/airflow/.local/lib/python3.7/site-packages/airflow/example_dags/example_skip_dag.py
[2023-02-03T11:45:05.490+0000] {processor.py:753} INFO - DAG(s) dict_keys(['example_skip_dag']) retrieved from /home/airflow/.local/lib/python3.7/site-packages/airflow/example_dags/example_skip_dag.py
[2023-02-03T11:45:05.551+0000] {logging_mixin.py:137} INFO - [2023-02-03T11:45:05.551+0000] {dag.py:2676} INFO - Sync 1 DAGs
[2023-02-03T11:45:05.600+0000] {logging_mixin.py:137} INFO - [2023-02-03T11:45:05.600+0000] {dag.py:3427} INFO - Setting next_dagrun for example_skip_dag to 2023-02-02T11:45:05.599950+00:00, run_after=2023-02-03T11:45:05.599950+00:00
[2023-02-03T11:45:05.637+0000] {processor.py:175} INFO - Processing /home/airflow/.local/lib/python3.7/site-packages/airflow/example_dags/example_skip_dag.py took 0.180 seconds
[2023-02-03T11:45:36.052+0000] {processor.py:153} INFO - Started process (PID=298) to work on /home/airflow/.local/lib/python3.7/site-packages/airflow/example_dags/example_skip_dag.py
[2023-02-03T11:45:36.054+0000] {processor.py:743} INFO - Processing file /home/airflow/.local/lib/python3.7/site-packages/airflow/example_dags/example_skip_dag.py for tasks to queue
[2023-02-03T11:45:36.057+0000] {logging_mixin.py:137} INFO - [2023-02-03T11:45:36.057+0000] {dagbag.py:538} INFO - Filling up the DagBag from /home/airflow/.local/lib/python3.7/site-packages/airflow/example_dags/example_skip_dag.py
[2023-02-03T11:45:36.080+0000] {processor.py:753} INFO - DAG(s) dict_keys(['example_skip_dag']) retrieved from /home/airflow/.local/lib/python3.7/site-packages/airflow/example_dags/example_skip_dag.py
[2023-02-03T11:45:36.147+0000] {logging_mixin.py:137} INFO - [2023-02-03T11:45:36.147+0000] {dag.py:2676} INFO - Sync 1 DAGs
[2023-02-03T11:45:36.200+0000] {logging_mixin.py:137} INFO - [2023-02-03T11:45:36.199+0000] {dag.py:3427} INFO - Setting next_dagrun for example_skip_dag to 2023-02-02T11:45:36.198435+00:00, run_after=2023-02-03T11:45:36.198435+00:00
[2023-02-03T11:45:36.250+0000] {processor.py:175} INFO - Processing /home/airflow/.local/lib/python3.7/site-packages/airflow/example_dags/example_skip_dag.py took 0.204 seconds
[2023-02-03T11:46:06.815+0000] {processor.py:153} INFO - Started process (PID=373) to work on /home/airflow/.local/lib/python3.7/site-packages/airflow/example_dags/example_skip_dag.py
[2023-02-03T11:46:06.817+0000] {processor.py:743} INFO - Processing file /home/airflow/.local/lib/python3.7/site-packages/airflow/example_dags/example_skip_dag.py for tasks to queue
[2023-02-03T11:46:06.819+0000] {logging_mixin.py:137} INFO - [2023-02-03T11:46:06.818+0000] {dagbag.py:538} INFO - Filling up the DagBag from /home/airflow/.local/lib/python3.7/site-packages/airflow/example_dags/example_skip_dag.py
[2023-02-03T11:46:06.845+0000] {processor.py:753} INFO - DAG(s) dict_keys(['example_skip_dag']) retrieved from /home/airflow/.local/lib/python3.7/site-packages/airflow/example_dags/example_skip_dag.py
[2023-02-03T11:46:06.913+0000] {logging_mixin.py:137} INFO - [2023-02-03T11:46:06.913+0000] {dag.py:2676} INFO - Sync 1 DAGs
[2023-02-03T11:46:06.977+0000] {logging_mixin.py:137} INFO - [2023-02-03T11:46:06.977+0000] {dag.py:3427} INFO - Setting next_dagrun for example_skip_dag to 2023-02-02T11:46:06.977210+00:00, run_after=2023-02-03T11:46:06.977210+00:00
[2023-02-03T11:46:07.014+0000] {processor.py:175} INFO - Processing /home/airflow/.local/lib/python3.7/site-packages/airflow/example_dags/example_skip_dag.py took 0.203 seconds
[2023-02-03T11:46:37.226+0000] {processor.py:153} INFO - Started process (PID=436) to work on /home/airflow/.local/lib/python3.7/site-packages/airflow/example_dags/example_skip_dag.py
[2023-02-03T11:46:37.228+0000] {processor.py:743} INFO - Processing file /home/airflow/.local/lib/python3.7/site-packages/airflow/example_dags/example_skip_dag.py for tasks to queue
[2023-02-03T11:46:37.230+0000] {logging_mixin.py:137} INFO - [2023-02-03T11:46:37.230+0000] {dagbag.py:538} INFO - Filling up the DagBag from /home/airflow/.local/lib/python3.7/site-packages/airflow/example_dags/example_skip_dag.py
[2023-02-03T11:46:37.251+0000] {processor.py:753} INFO - DAG(s) dict_keys(['example_skip_dag']) retrieved from /home/airflow/.local/lib/python3.7/site-packages/airflow/example_dags/example_skip_dag.py
[2023-02-03T11:46:37.319+0000] {logging_mixin.py:137} INFO - [2023-02-03T11:46:37.318+0000] {dag.py:2676} INFO - Sync 1 DAGs
[2023-02-03T11:46:37.371+0000] {logging_mixin.py:137} INFO - [2023-02-03T11:46:37.371+0000] {dag.py:3427} INFO - Setting next_dagrun for example_skip_dag to 2023-02-02T11:46:37.370852+00:00, run_after=2023-02-03T11:46:37.370852+00:00
[2023-02-03T11:46:37.409+0000] {processor.py:175} INFO - Processing /home/airflow/.local/lib/python3.7/site-packages/airflow/example_dags/example_skip_dag.py took 0.188 seconds
[2023-02-03T11:47:08.146+0000] {processor.py:153} INFO - Started process (PID=498) to work on /home/airflow/.local/lib/python3.7/site-packages/airflow/example_dags/example_skip_dag.py
[2023-02-03T11:47:08.148+0000] {processor.py:743} INFO - Processing file /home/airflow/.local/lib/python3.7/site-packages/airflow/example_dags/example_skip_dag.py for tasks to queue
[2023-02-03T11:47:08.150+0000] {logging_mixin.py:137} INFO - [2023-02-03T11:47:08.150+0000] {dagbag.py:538} INFO - Filling up the DagBag from /home/airflow/.local/lib/python3.7/site-packages/airflow/example_dags/example_skip_dag.py
[2023-02-03T11:47:08.175+0000] {processor.py:753} INFO - DAG(s) dict_keys(['example_skip_dag']) retrieved from /home/airflow/.local/lib/python3.7/site-packages/airflow/example_dags/example_skip_dag.py
[2023-02-03T11:47:08.256+0000] {logging_mixin.py:137} INFO - [2023-02-03T11:47:08.256+0000] {dag.py:2676} INFO - Sync 1 DAGs
[2023-02-03T11:47:08.357+0000] {logging_mixin.py:137} INFO - [2023-02-03T11:47:08.356+0000] {dag.py:3427} INFO - Setting next_dagrun for example_skip_dag to 2023-02-02T11:47:08.355832+00:00, run_after=2023-02-03T11:47:08.355832+00:00
[2023-02-03T11:47:08.434+0000] {processor.py:175} INFO - Processing /home/airflow/.local/lib/python3.7/site-packages/airflow/example_dags/example_skip_dag.py took 0.294 seconds
[2023-02-03T11:47:38.763+0000] {processor.py:153} INFO - Started process (PID=571) to work on /home/airflow/.local/lib/python3.7/site-packages/airflow/example_dags/example_skip_dag.py
[2023-02-03T11:47:38.765+0000] {processor.py:743} INFO - Processing file /home/airflow/.local/lib/python3.7/site-packages/airflow/example_dags/example_skip_dag.py for tasks to queue
[2023-02-03T11:47:38.767+0000] {logging_mixin.py:137} INFO - [2023-02-03T11:47:38.766+0000] {dagbag.py:538} INFO - Filling up the DagBag from /home/airflow/.local/lib/python3.7/site-packages/airflow/example_dags/example_skip_dag.py
[2023-02-03T11:47:38.791+0000] {processor.py:753} INFO - DAG(s) dict_keys(['example_skip_dag']) retrieved from /home/airflow/.local/lib/python3.7/site-packages/airflow/example_dags/example_skip_dag.py
[2023-02-03T11:47:38.875+0000] {logging_mixin.py:137} INFO - [2023-02-03T11:47:38.874+0000] {dag.py:2676} INFO - Sync 1 DAGs
[2023-02-03T11:47:38.930+0000] {logging_mixin.py:137} INFO - [2023-02-03T11:47:38.929+0000] {dag.py:3427} INFO - Setting next_dagrun for example_skip_dag to 2023-02-02T11:47:38.929506+00:00, run_after=2023-02-03T11:47:38.929506+00:00
[2023-02-03T11:47:38.968+0000] {processor.py:175} INFO - Processing /home/airflow/.local/lib/python3.7/site-packages/airflow/example_dags/example_skip_dag.py took 0.209 seconds
[2023-02-03T11:48:09.628+0000] {processor.py:153} INFO - Started process (PID=633) to work on /home/airflow/.local/lib/python3.7/site-packages/airflow/example_dags/example_skip_dag.py
[2023-02-03T11:48:09.630+0000] {processor.py:743} INFO - Processing file /home/airflow/.local/lib/python3.7/site-packages/airflow/example_dags/example_skip_dag.py for tasks to queue
[2023-02-03T11:48:09.632+0000] {logging_mixin.py:137} INFO - [2023-02-03T11:48:09.631+0000] {dagbag.py:538} INFO - Filling up the DagBag from /home/airflow/.local/lib/python3.7/site-packages/airflow/example_dags/example_skip_dag.py
[2023-02-03T11:48:09.654+0000] {processor.py:753} INFO - DAG(s) dict_keys(['example_skip_dag']) retrieved from /home/airflow/.local/lib/python3.7/site-packages/airflow/example_dags/example_skip_dag.py
[2023-02-03T11:48:09.720+0000] {logging_mixin.py:137} INFO - [2023-02-03T11:48:09.719+0000] {dag.py:2676} INFO - Sync 1 DAGs
[2023-02-03T11:48:09.772+0000] {logging_mixin.py:137} INFO - [2023-02-03T11:48:09.772+0000] {dag.py:3427} INFO - Setting next_dagrun for example_skip_dag to 2023-02-02T11:48:09.772317+00:00, run_after=2023-02-03T11:48:09.772317+00:00
[2023-02-03T11:48:09.811+0000] {processor.py:175} INFO - Processing /home/airflow/.local/lib/python3.7/site-packages/airflow/example_dags/example_skip_dag.py took 0.188 seconds
[2023-02-03T11:48:40.856+0000] {processor.py:153} INFO - Started process (PID=704) to work on /home/airflow/.local/lib/python3.7/site-packages/airflow/example_dags/example_skip_dag.py
[2023-02-03T11:48:40.859+0000] {processor.py:743} INFO - Processing file /home/airflow/.local/lib/python3.7/site-packages/airflow/example_dags/example_skip_dag.py for tasks to queue
[2023-02-03T11:48:40.861+0000] {logging_mixin.py:137} INFO - [2023-02-03T11:48:40.861+0000] {dagbag.py:538} INFO - Filling up the DagBag from /home/airflow/.local/lib/python3.7/site-packages/airflow/example_dags/example_skip_dag.py
[2023-02-03T11:48:40.903+0000] {processor.py:753} INFO - DAG(s) dict_keys(['example_skip_dag']) retrieved from /home/airflow/.local/lib/python3.7/site-packages/airflow/example_dags/example_skip_dag.py
[2023-02-03T11:48:40.997+0000] {logging_mixin.py:137} INFO - [2023-02-03T11:48:40.996+0000] {dag.py:2676} INFO - Sync 1 DAGs
[2023-02-03T11:48:41.085+0000] {logging_mixin.py:137} INFO - [2023-02-03T11:48:41.085+0000] {dag.py:3427} INFO - Setting next_dagrun for example_skip_dag to 2023-02-02T11:48:41.084891+00:00, run_after=2023-02-03T11:48:41.084891+00:00
[2023-02-03T11:48:41.147+0000] {processor.py:175} INFO - Processing /home/airflow/.local/lib/python3.7/site-packages/airflow/example_dags/example_skip_dag.py took 0.300 seconds
[2023-02-03T11:49:11.651+0000] {processor.py:153} INFO - Started process (PID=769) to work on /home/airflow/.local/lib/python3.7/site-packages/airflow/example_dags/example_skip_dag.py
[2023-02-03T11:49:11.653+0000] {processor.py:743} INFO - Processing file /home/airflow/.local/lib/python3.7/site-packages/airflow/example_dags/example_skip_dag.py for tasks to queue
[2023-02-03T11:49:11.655+0000] {logging_mixin.py:137} INFO - [2023-02-03T11:49:11.655+0000] {dagbag.py:538} INFO - Filling up the DagBag from /home/airflow/.local/lib/python3.7/site-packages/airflow/example_dags/example_skip_dag.py
[2023-02-03T11:49:11.674+0000] {processor.py:753} INFO - DAG(s) dict_keys(['example_skip_dag']) retrieved from /home/airflow/.local/lib/python3.7/site-packages/airflow/example_dags/example_skip_dag.py
[2023-02-03T11:49:11.736+0000] {logging_mixin.py:137} INFO - [2023-02-03T11:49:11.736+0000] {dag.py:2676} INFO - Sync 1 DAGs
[2023-02-03T11:49:11.782+0000] {logging_mixin.py:137} INFO - [2023-02-03T11:49:11.782+0000] {dag.py:3427} INFO - Setting next_dagrun for example_skip_dag to 2023-02-02T11:49:11.782021+00:00, run_after=2023-02-03T11:49:11.782021+00:00
[2023-02-03T11:49:11.816+0000] {processor.py:175} INFO - Processing /home/airflow/.local/lib/python3.7/site-packages/airflow/example_dags/example_skip_dag.py took 0.168 seconds
[2023-02-03T11:49:42.523+0000] {processor.py:153} INFO - Started process (PID=831) to work on /home/airflow/.local/lib/python3.7/site-packages/airflow/example_dags/example_skip_dag.py
[2023-02-03T11:49:42.526+0000] {processor.py:743} INFO - Processing file /home/airflow/.local/lib/python3.7/site-packages/airflow/example_dags/example_skip_dag.py for tasks to queue
[2023-02-03T11:49:42.528+0000] {logging_mixin.py:137} INFO - [2023-02-03T11:49:42.528+0000] {dagbag.py:538} INFO - Filling up the DagBag from /home/airflow/.local/lib/python3.7/site-packages/airflow/example_dags/example_skip_dag.py
[2023-02-03T11:49:42.566+0000] {processor.py:753} INFO - DAG(s) dict_keys(['example_skip_dag']) retrieved from /home/airflow/.local/lib/python3.7/site-packages/airflow/example_dags/example_skip_dag.py
[2023-02-03T11:49:42.669+0000] {logging_mixin.py:137} INFO - [2023-02-03T11:49:42.669+0000] {dag.py:2676} INFO - Sync 1 DAGs
[2023-02-03T11:49:42.724+0000] {logging_mixin.py:137} INFO - [2023-02-03T11:49:42.724+0000] {dag.py:3427} INFO - Setting next_dagrun for example_skip_dag to 2023-02-02T11:49:42.724112+00:00, run_after=2023-02-03T11:49:42.724112+00:00
[2023-02-03T11:49:42.817+0000] {processor.py:175} INFO - Processing /home/airflow/.local/lib/python3.7/site-packages/airflow/example_dags/example_skip_dag.py took 0.304 seconds
[2023-02-03T11:50:12.955+0000] {processor.py:153} INFO - Started process (PID=892) to work on /home/airflow/.local/lib/python3.7/site-packages/airflow/example_dags/example_skip_dag.py
[2023-02-03T11:50:12.957+0000] {processor.py:743} INFO - Processing file /home/airflow/.local/lib/python3.7/site-packages/airflow/example_dags/example_skip_dag.py for tasks to queue
[2023-02-03T11:50:12.959+0000] {logging_mixin.py:137} INFO - [2023-02-03T11:50:12.959+0000] {dagbag.py:538} INFO - Filling up the DagBag from /home/airflow/.local/lib/python3.7/site-packages/airflow/example_dags/example_skip_dag.py
[2023-02-03T11:50:12.985+0000] {processor.py:753} INFO - DAG(s) dict_keys(['example_skip_dag']) retrieved from /home/airflow/.local/lib/python3.7/site-packages/airflow/example_dags/example_skip_dag.py
[2023-02-03T11:50:13.068+0000] {logging_mixin.py:137} INFO - [2023-02-03T11:50:13.068+0000] {dag.py:2676} INFO - Sync 1 DAGs
[2023-02-03T11:50:13.127+0000] {logging_mixin.py:137} INFO - [2023-02-03T11:50:13.127+0000] {dag.py:3427} INFO - Setting next_dagrun for example_skip_dag to 2023-02-02T11:50:13.126749+00:00, run_after=2023-02-03T11:50:13.126749+00:00
[2023-02-03T11:50:13.181+0000] {processor.py:175} INFO - Processing /home/airflow/.local/lib/python3.7/site-packages/airflow/example_dags/example_skip_dag.py took 0.233 seconds
[2023-02-03T11:50:43.416+0000] {processor.py:153} INFO - Started process (PID=963) to work on /home/airflow/.local/lib/python3.7/site-packages/airflow/example_dags/example_skip_dag.py
[2023-02-03T11:50:43.419+0000] {processor.py:743} INFO - Processing file /home/airflow/.local/lib/python3.7/site-packages/airflow/example_dags/example_skip_dag.py for tasks to queue
[2023-02-03T11:50:43.421+0000] {logging_mixin.py:137} INFO - [2023-02-03T11:50:43.420+0000] {dagbag.py:538} INFO - Filling up the DagBag from /home/airflow/.local/lib/python3.7/site-packages/airflow/example_dags/example_skip_dag.py
[2023-02-03T11:50:43.449+0000] {processor.py:753} INFO - DAG(s) dict_keys(['example_skip_dag']) retrieved from /home/airflow/.local/lib/python3.7/site-packages/airflow/example_dags/example_skip_dag.py
[2023-02-03T11:50:43.534+0000] {logging_mixin.py:137} INFO - [2023-02-03T11:50:43.534+0000] {dag.py:2676} INFO - Sync 1 DAGs
[2023-02-03T11:50:43.595+0000] {logging_mixin.py:137} INFO - [2023-02-03T11:50:43.595+0000] {dag.py:3427} INFO - Setting next_dagrun for example_skip_dag to 2023-02-02T11:50:43.594597+00:00, run_after=2023-02-03T11:50:43.594597+00:00
[2023-02-03T11:50:43.652+0000] {processor.py:175} INFO - Processing /home/airflow/.local/lib/python3.7/site-packages/airflow/example_dags/example_skip_dag.py took 0.242 seconds
[2023-02-03T11:54:36.554+0000] {processor.py:153} INFO - Started process (PID=175) to work on /home/airflow/.local/lib/python3.7/site-packages/airflow/example_dags/example_skip_dag.py
[2023-02-03T11:54:36.563+0000] {processor.py:743} INFO - Processing file /home/airflow/.local/lib/python3.7/site-packages/airflow/example_dags/example_skip_dag.py for tasks to queue
[2023-02-03T11:54:36.567+0000] {logging_mixin.py:137} INFO - [2023-02-03T11:54:36.567+0000] {dagbag.py:538} INFO - Filling up the DagBag from /home/airflow/.local/lib/python3.7/site-packages/airflow/example_dags/example_skip_dag.py
[2023-02-03T11:54:36.649+0000] {processor.py:753} INFO - DAG(s) dict_keys(['example_skip_dag']) retrieved from /home/airflow/.local/lib/python3.7/site-packages/airflow/example_dags/example_skip_dag.py
[2023-02-03T11:54:36.973+0000] {logging_mixin.py:137} INFO - [2023-02-03T11:54:36.970+0000] {dag.py:2676} INFO - Sync 1 DAGs
[2023-02-03T11:54:37.430+0000] {logging_mixin.py:137} INFO - [2023-02-03T11:54:37.429+0000] {dag.py:3427} INFO - Setting next_dagrun for example_skip_dag to 2023-02-02T11:54:37.428913+00:00, run_after=2023-02-03T11:54:37.428913+00:00
[2023-02-03T11:54:37.591+0000] {processor.py:175} INFO - Processing /home/airflow/.local/lib/python3.7/site-packages/airflow/example_dags/example_skip_dag.py took 1.046 seconds
[2023-02-03T11:55:27.517+0000] {processor.py:153} INFO - Started process (PID=47) to work on /home/airflow/.local/lib/python3.7/site-packages/airflow/example_dags/example_skip_dag.py
[2023-02-03T11:55:27.521+0000] {processor.py:743} INFO - Processing file /home/airflow/.local/lib/python3.7/site-packages/airflow/example_dags/example_skip_dag.py for tasks to queue
[2023-02-03T11:55:27.524+0000] {logging_mixin.py:137} INFO - [2023-02-03T11:55:27.523+0000] {dagbag.py:538} INFO - Filling up the DagBag from /home/airflow/.local/lib/python3.7/site-packages/airflow/example_dags/example_skip_dag.py
[2023-02-03T11:55:27.558+0000] {processor.py:753} INFO - DAG(s) dict_keys(['example_skip_dag']) retrieved from /home/airflow/.local/lib/python3.7/site-packages/airflow/example_dags/example_skip_dag.py
[2023-02-03T11:55:27.701+0000] {logging_mixin.py:137} INFO - [2023-02-03T11:55:27.701+0000] {dag.py:2676} INFO - Sync 1 DAGs
[2023-02-03T11:55:27.797+0000] {logging_mixin.py:137} INFO - [2023-02-03T11:55:27.797+0000] {dag.py:3427} INFO - Setting next_dagrun for example_skip_dag to 2023-02-02T11:55:27.796522+00:00, run_after=2023-02-03T11:55:27.796522+00:00
[2023-02-03T11:55:27.851+0000] {processor.py:175} INFO - Processing /home/airflow/.local/lib/python3.7/site-packages/airflow/example_dags/example_skip_dag.py took 0.352 seconds
[2023-02-03T11:55:58.280+0000] {processor.py:153} INFO - Started process (PID=109) to work on /home/airflow/.local/lib/python3.7/site-packages/airflow/example_dags/example_skip_dag.py
[2023-02-03T11:55:58.283+0000] {processor.py:743} INFO - Processing file /home/airflow/.local/lib/python3.7/site-packages/airflow/example_dags/example_skip_dag.py for tasks to queue
[2023-02-03T11:55:58.286+0000] {logging_mixin.py:137} INFO - [2023-02-03T11:55:58.285+0000] {dagbag.py:538} INFO - Filling up the DagBag from /home/airflow/.local/lib/python3.7/site-packages/airflow/example_dags/example_skip_dag.py
[2023-02-03T11:55:58.325+0000] {processor.py:753} INFO - DAG(s) dict_keys(['example_skip_dag']) retrieved from /home/airflow/.local/lib/python3.7/site-packages/airflow/example_dags/example_skip_dag.py
[2023-02-03T11:55:58.440+0000] {logging_mixin.py:137} INFO - [2023-02-03T11:55:58.440+0000] {dag.py:2676} INFO - Sync 1 DAGs
[2023-02-03T11:55:58.499+0000] {logging_mixin.py:137} INFO - [2023-02-03T11:55:58.499+0000] {dag.py:3427} INFO - Setting next_dagrun for example_skip_dag to 2023-02-02T11:55:58.498823+00:00, run_after=2023-02-03T11:55:58.498823+00:00
[2023-02-03T11:55:58.544+0000] {processor.py:175} INFO - Processing /home/airflow/.local/lib/python3.7/site-packages/airflow/example_dags/example_skip_dag.py took 0.271 seconds
[2023-02-03T11:56:29.258+0000] {processor.py:153} INFO - Started process (PID=170) to work on /home/airflow/.local/lib/python3.7/site-packages/airflow/example_dags/example_skip_dag.py
[2023-02-03T11:56:29.261+0000] {processor.py:743} INFO - Processing file /home/airflow/.local/lib/python3.7/site-packages/airflow/example_dags/example_skip_dag.py for tasks to queue
[2023-02-03T11:56:29.262+0000] {logging_mixin.py:137} INFO - [2023-02-03T11:56:29.262+0000] {dagbag.py:538} INFO - Filling up the DagBag from /home/airflow/.local/lib/python3.7/site-packages/airflow/example_dags/example_skip_dag.py
[2023-02-03T11:56:29.292+0000] {processor.py:753} INFO - DAG(s) dict_keys(['example_skip_dag']) retrieved from /home/airflow/.local/lib/python3.7/site-packages/airflow/example_dags/example_skip_dag.py
[2023-02-03T11:56:29.368+0000] {logging_mixin.py:137} INFO - [2023-02-03T11:56:29.367+0000] {dag.py:2676} INFO - Sync 1 DAGs
[2023-02-03T11:56:29.429+0000] {logging_mixin.py:137} INFO - [2023-02-03T11:56:29.429+0000] {dag.py:3427} INFO - Setting next_dagrun for example_skip_dag to 2023-02-02T11:56:29.428447+00:00, run_after=2023-02-03T11:56:29.428447+00:00
[2023-02-03T11:56:29.469+0000] {processor.py:175} INFO - Processing /home/airflow/.local/lib/python3.7/site-packages/airflow/example_dags/example_skip_dag.py took 0.214 seconds
[2023-02-03T11:57:00.025+0000] {processor.py:153} INFO - Started process (PID=232) to work on /home/airflow/.local/lib/python3.7/site-packages/airflow/example_dags/example_skip_dag.py
[2023-02-03T11:57:00.029+0000] {processor.py:743} INFO - Processing file /home/airflow/.local/lib/python3.7/site-packages/airflow/example_dags/example_skip_dag.py for tasks to queue
[2023-02-03T11:57:00.032+0000] {logging_mixin.py:137} INFO - [2023-02-03T11:57:00.031+0000] {dagbag.py:538} INFO - Filling up the DagBag from /home/airflow/.local/lib/python3.7/site-packages/airflow/example_dags/example_skip_dag.py
[2023-02-03T11:57:00.072+0000] {processor.py:753} INFO - DAG(s) dict_keys(['example_skip_dag']) retrieved from /home/airflow/.local/lib/python3.7/site-packages/airflow/example_dags/example_skip_dag.py
[2023-02-03T11:57:00.147+0000] {logging_mixin.py:137} INFO - [2023-02-03T11:57:00.147+0000] {dag.py:2676} INFO - Sync 1 DAGs
[2023-02-03T11:57:00.197+0000] {logging_mixin.py:137} INFO - [2023-02-03T11:57:00.197+0000] {dag.py:3427} INFO - Setting next_dagrun for example_skip_dag to 2023-02-02T11:57:00.197443+00:00, run_after=2023-02-03T11:57:00.197443+00:00
[2023-02-03T11:57:00.232+0000] {processor.py:175} INFO - Processing /home/airflow/.local/lib/python3.7/site-packages/airflow/example_dags/example_skip_dag.py took 0.222 seconds
[2023-02-03T11:57:30.603+0000] {processor.py:153} INFO - Started process (PID=307) to work on /home/airflow/.local/lib/python3.7/site-packages/airflow/example_dags/example_skip_dag.py
[2023-02-03T11:57:30.605+0000] {processor.py:743} INFO - Processing file /home/airflow/.local/lib/python3.7/site-packages/airflow/example_dags/example_skip_dag.py for tasks to queue
[2023-02-03T11:57:30.606+0000] {logging_mixin.py:137} INFO - [2023-02-03T11:57:30.606+0000] {dagbag.py:538} INFO - Filling up the DagBag from /home/airflow/.local/lib/python3.7/site-packages/airflow/example_dags/example_skip_dag.py
[2023-02-03T11:57:30.629+0000] {processor.py:753} INFO - DAG(s) dict_keys(['example_skip_dag']) retrieved from /home/airflow/.local/lib/python3.7/site-packages/airflow/example_dags/example_skip_dag.py
[2023-02-03T11:57:30.697+0000] {logging_mixin.py:137} INFO - [2023-02-03T11:57:30.697+0000] {dag.py:2676} INFO - Sync 1 DAGs
[2023-02-03T11:57:30.750+0000] {logging_mixin.py:137} INFO - [2023-02-03T11:57:30.750+0000] {dag.py:3427} INFO - Setting next_dagrun for example_skip_dag to 2023-02-02T11:57:30.749727+00:00, run_after=2023-02-03T11:57:30.749727+00:00
[2023-02-03T11:57:30.793+0000] {processor.py:175} INFO - Processing /home/airflow/.local/lib/python3.7/site-packages/airflow/example_dags/example_skip_dag.py took 0.194 seconds
