[2023-02-03T11:39:48.023+0000] {processor.py:153} INFO - Started process (PID=51) to work on /home/airflow/.local/lib/python3.7/site-packages/airflow/example_dags/example_complex.py
[2023-02-03T11:39:48.030+0000] {processor.py:743} INFO - Processing file /home/airflow/.local/lib/python3.7/site-packages/airflow/example_dags/example_complex.py for tasks to queue
[2023-02-03T11:39:48.033+0000] {logging_mixin.py:137} INFO - [2023-02-03T11:39:48.033+0000] {dagbag.py:538} INFO - Filling up the DagBag from /home/airflow/.local/lib/python3.7/site-packages/airflow/example_dags/example_complex.py
[2023-02-03T11:39:48.095+0000] {logging_mixin.py:137} INFO - [2023-02-03T11:39:48.094+0000] {taskmixin.py:205} WARNING - Dependency <Task(BashOperator): create_entry_group>, delete_entry_group already registered for DAG: example_complex
[2023-02-03T11:39:48.096+0000] {logging_mixin.py:137} INFO - [2023-02-03T11:39:48.096+0000] {taskmixin.py:205} WARNING - Dependency <Task(BashOperator): delete_entry_group>, create_entry_group already registered for DAG: example_complex
[2023-02-03T11:39:48.098+0000] {logging_mixin.py:137} INFO - [2023-02-03T11:39:48.097+0000] {taskmixin.py:205} WARNING - Dependency <Task(BashOperator): create_entry_gcs>, delete_entry already registered for DAG: example_complex
[2023-02-03T11:39:48.099+0000] {logging_mixin.py:137} INFO - [2023-02-03T11:39:48.099+0000] {taskmixin.py:205} WARNING - Dependency <Task(BashOperator): delete_entry>, create_entry_gcs already registered for DAG: example_complex
[2023-02-03T11:39:48.100+0000] {logging_mixin.py:137} INFO - [2023-02-03T11:39:48.100+0000] {taskmixin.py:205} WARNING - Dependency <Task(BashOperator): create_tag>, delete_tag already registered for DAG: example_complex
[2023-02-03T11:39:48.101+0000] {logging_mixin.py:137} INFO - [2023-02-03T11:39:48.101+0000] {taskmixin.py:205} WARNING - Dependency <Task(BashOperator): delete_tag>, create_tag already registered for DAG: example_complex
[2023-02-03T11:39:48.128+0000] {processor.py:753} INFO - DAG(s) dict_keys(['example_complex']) retrieved from /home/airflow/.local/lib/python3.7/site-packages/airflow/example_dags/example_complex.py
[2023-02-03T11:39:48.251+0000] {logging_mixin.py:137} INFO - [2023-02-03T11:39:48.250+0000] {dag.py:2676} INFO - Sync 1 DAGs
[2023-02-03T11:39:48.441+0000] {logging_mixin.py:137} INFO - [2023-02-03T11:39:48.441+0000] {dag.py:3427} INFO - Setting next_dagrun for example_complex to None, run_after=None
[2023-02-03T11:39:48.510+0000] {processor.py:175} INFO - Processing /home/airflow/.local/lib/python3.7/site-packages/airflow/example_dags/example_complex.py took 0.496 seconds
[2023-02-03T11:40:19.222+0000] {processor.py:153} INFO - Started process (PID=113) to work on /home/airflow/.local/lib/python3.7/site-packages/airflow/example_dags/example_complex.py
[2023-02-03T11:40:19.224+0000] {processor.py:743} INFO - Processing file /home/airflow/.local/lib/python3.7/site-packages/airflow/example_dags/example_complex.py for tasks to queue
[2023-02-03T11:40:19.226+0000] {logging_mixin.py:137} INFO - [2023-02-03T11:40:19.225+0000] {dagbag.py:538} INFO - Filling up the DagBag from /home/airflow/.local/lib/python3.7/site-packages/airflow/example_dags/example_complex.py
[2023-02-03T11:40:19.247+0000] {logging_mixin.py:137} INFO - [2023-02-03T11:40:19.247+0000] {taskmixin.py:205} WARNING - Dependency <Task(BashOperator): create_entry_group>, delete_entry_group already registered for DAG: example_complex
[2023-02-03T11:40:19.266+0000] {logging_mixin.py:137} INFO - [2023-02-03T11:40:19.265+0000] {taskmixin.py:205} WARNING - Dependency <Task(BashOperator): delete_entry_group>, create_entry_group already registered for DAG: example_complex
[2023-02-03T11:40:19.268+0000] {logging_mixin.py:137} INFO - [2023-02-03T11:40:19.267+0000] {taskmixin.py:205} WARNING - Dependency <Task(BashOperator): create_entry_gcs>, delete_entry already registered for DAG: example_complex
[2023-02-03T11:40:19.269+0000] {logging_mixin.py:137} INFO - [2023-02-03T11:40:19.268+0000] {taskmixin.py:205} WARNING - Dependency <Task(BashOperator): delete_entry>, create_entry_gcs already registered for DAG: example_complex
[2023-02-03T11:40:19.271+0000] {logging_mixin.py:137} INFO - [2023-02-03T11:40:19.270+0000] {taskmixin.py:205} WARNING - Dependency <Task(BashOperator): create_tag>, delete_tag already registered for DAG: example_complex
[2023-02-03T11:40:19.272+0000] {logging_mixin.py:137} INFO - [2023-02-03T11:40:19.271+0000] {taskmixin.py:205} WARNING - Dependency <Task(BashOperator): delete_tag>, create_tag already registered for DAG: example_complex
[2023-02-03T11:40:19.283+0000] {processor.py:753} INFO - DAG(s) dict_keys(['example_complex']) retrieved from /home/airflow/.local/lib/python3.7/site-packages/airflow/example_dags/example_complex.py
[2023-02-03T11:40:19.379+0000] {logging_mixin.py:137} INFO - [2023-02-03T11:40:19.379+0000] {dag.py:2676} INFO - Sync 1 DAGs
[2023-02-03T11:40:19.448+0000] {logging_mixin.py:137} INFO - [2023-02-03T11:40:19.448+0000] {dag.py:3427} INFO - Setting next_dagrun for example_complex to None, run_after=None
[2023-02-03T11:40:19.497+0000] {processor.py:175} INFO - Processing /home/airflow/.local/lib/python3.7/site-packages/airflow/example_dags/example_complex.py took 0.282 seconds
[2023-02-03T11:40:49.691+0000] {processor.py:153} INFO - Started process (PID=175) to work on /home/airflow/.local/lib/python3.7/site-packages/airflow/example_dags/example_complex.py
[2023-02-03T11:40:49.693+0000] {processor.py:743} INFO - Processing file /home/airflow/.local/lib/python3.7/site-packages/airflow/example_dags/example_complex.py for tasks to queue
[2023-02-03T11:40:49.695+0000] {logging_mixin.py:137} INFO - [2023-02-03T11:40:49.694+0000] {dagbag.py:538} INFO - Filling up the DagBag from /home/airflow/.local/lib/python3.7/site-packages/airflow/example_dags/example_complex.py
[2023-02-03T11:40:49.718+0000] {logging_mixin.py:137} INFO - [2023-02-03T11:40:49.717+0000] {taskmixin.py:205} WARNING - Dependency <Task(BashOperator): create_entry_group>, delete_entry_group already registered for DAG: example_complex
[2023-02-03T11:40:49.718+0000] {logging_mixin.py:137} INFO - [2023-02-03T11:40:49.718+0000] {taskmixin.py:205} WARNING - Dependency <Task(BashOperator): delete_entry_group>, create_entry_group already registered for DAG: example_complex
[2023-02-03T11:40:49.719+0000] {logging_mixin.py:137} INFO - [2023-02-03T11:40:49.719+0000] {taskmixin.py:205} WARNING - Dependency <Task(BashOperator): create_entry_gcs>, delete_entry already registered for DAG: example_complex
[2023-02-03T11:40:49.720+0000] {logging_mixin.py:137} INFO - [2023-02-03T11:40:49.720+0000] {taskmixin.py:205} WARNING - Dependency <Task(BashOperator): delete_entry>, create_entry_gcs already registered for DAG: example_complex
[2023-02-03T11:40:49.722+0000] {logging_mixin.py:137} INFO - [2023-02-03T11:40:49.722+0000] {taskmixin.py:205} WARNING - Dependency <Task(BashOperator): create_tag>, delete_tag already registered for DAG: example_complex
[2023-02-03T11:40:49.722+0000] {logging_mixin.py:137} INFO - [2023-02-03T11:40:49.722+0000] {taskmixin.py:205} WARNING - Dependency <Task(BashOperator): delete_tag>, create_tag already registered for DAG: example_complex
[2023-02-03T11:40:49.734+0000] {processor.py:753} INFO - DAG(s) dict_keys(['example_complex']) retrieved from /home/airflow/.local/lib/python3.7/site-packages/airflow/example_dags/example_complex.py
[2023-02-03T11:40:49.821+0000] {logging_mixin.py:137} INFO - [2023-02-03T11:40:49.820+0000] {dag.py:2676} INFO - Sync 1 DAGs
[2023-02-03T11:40:49.889+0000] {logging_mixin.py:137} INFO - [2023-02-03T11:40:49.889+0000] {dag.py:3427} INFO - Setting next_dagrun for example_complex to None, run_after=None
[2023-02-03T11:40:49.938+0000] {processor.py:175} INFO - Processing /home/airflow/.local/lib/python3.7/site-packages/airflow/example_dags/example_complex.py took 0.252 seconds
[2023-02-03T11:41:20.148+0000] {processor.py:153} INFO - Started process (PID=237) to work on /home/airflow/.local/lib/python3.7/site-packages/airflow/example_dags/example_complex.py
[2023-02-03T11:41:20.150+0000] {processor.py:743} INFO - Processing file /home/airflow/.local/lib/python3.7/site-packages/airflow/example_dags/example_complex.py for tasks to queue
[2023-02-03T11:41:20.152+0000] {logging_mixin.py:137} INFO - [2023-02-03T11:41:20.152+0000] {dagbag.py:538} INFO - Filling up the DagBag from /home/airflow/.local/lib/python3.7/site-packages/airflow/example_dags/example_complex.py
[2023-02-03T11:41:20.169+0000] {logging_mixin.py:137} INFO - [2023-02-03T11:41:20.169+0000] {taskmixin.py:205} WARNING - Dependency <Task(BashOperator): create_entry_group>, delete_entry_group already registered for DAG: example_complex
[2023-02-03T11:41:20.170+0000] {logging_mixin.py:137} INFO - [2023-02-03T11:41:20.170+0000] {taskmixin.py:205} WARNING - Dependency <Task(BashOperator): delete_entry_group>, create_entry_group already registered for DAG: example_complex
[2023-02-03T11:41:20.171+0000] {logging_mixin.py:137} INFO - [2023-02-03T11:41:20.170+0000] {taskmixin.py:205} WARNING - Dependency <Task(BashOperator): create_entry_gcs>, delete_entry already registered for DAG: example_complex
[2023-02-03T11:41:20.171+0000] {logging_mixin.py:137} INFO - [2023-02-03T11:41:20.171+0000] {taskmixin.py:205} WARNING - Dependency <Task(BashOperator): delete_entry>, create_entry_gcs already registered for DAG: example_complex
[2023-02-03T11:41:20.172+0000] {logging_mixin.py:137} INFO - [2023-02-03T11:41:20.172+0000] {taskmixin.py:205} WARNING - Dependency <Task(BashOperator): create_tag>, delete_tag already registered for DAG: example_complex
[2023-02-03T11:41:20.173+0000] {logging_mixin.py:137} INFO - [2023-02-03T11:41:20.173+0000] {taskmixin.py:205} WARNING - Dependency <Task(BashOperator): delete_tag>, create_tag already registered for DAG: example_complex
[2023-02-03T11:41:20.182+0000] {processor.py:753} INFO - DAG(s) dict_keys(['example_complex']) retrieved from /home/airflow/.local/lib/python3.7/site-packages/airflow/example_dags/example_complex.py
[2023-02-03T11:41:20.251+0000] {logging_mixin.py:137} INFO - [2023-02-03T11:41:20.251+0000] {dag.py:2676} INFO - Sync 1 DAGs
[2023-02-03T11:41:20.297+0000] {logging_mixin.py:137} INFO - [2023-02-03T11:41:20.297+0000] {dag.py:3427} INFO - Setting next_dagrun for example_complex to None, run_after=None
[2023-02-03T11:41:20.328+0000] {processor.py:175} INFO - Processing /home/airflow/.local/lib/python3.7/site-packages/airflow/example_dags/example_complex.py took 0.186 seconds
[2023-02-03T11:41:50.411+0000] {processor.py:153} INFO - Started process (PID=311) to work on /home/airflow/.local/lib/python3.7/site-packages/airflow/example_dags/example_complex.py
[2023-02-03T11:41:50.412+0000] {processor.py:743} INFO - Processing file /home/airflow/.local/lib/python3.7/site-packages/airflow/example_dags/example_complex.py for tasks to queue
[2023-02-03T11:41:50.413+0000] {logging_mixin.py:137} INFO - [2023-02-03T11:41:50.413+0000] {dagbag.py:538} INFO - Filling up the DagBag from /home/airflow/.local/lib/python3.7/site-packages/airflow/example_dags/example_complex.py
[2023-02-03T11:41:50.433+0000] {logging_mixin.py:137} INFO - [2023-02-03T11:41:50.432+0000] {taskmixin.py:205} WARNING - Dependency <Task(BashOperator): create_entry_group>, delete_entry_group already registered for DAG: example_complex
[2023-02-03T11:41:50.434+0000] {logging_mixin.py:137} INFO - [2023-02-03T11:41:50.434+0000] {taskmixin.py:205} WARNING - Dependency <Task(BashOperator): delete_entry_group>, create_entry_group already registered for DAG: example_complex
[2023-02-03T11:41:50.435+0000] {logging_mixin.py:137} INFO - [2023-02-03T11:41:50.435+0000] {taskmixin.py:205} WARNING - Dependency <Task(BashOperator): create_entry_gcs>, delete_entry already registered for DAG: example_complex
[2023-02-03T11:41:50.436+0000] {logging_mixin.py:137} INFO - [2023-02-03T11:41:50.436+0000] {taskmixin.py:205} WARNING - Dependency <Task(BashOperator): delete_entry>, create_entry_gcs already registered for DAG: example_complex
[2023-02-03T11:41:50.437+0000] {logging_mixin.py:137} INFO - [2023-02-03T11:41:50.437+0000] {taskmixin.py:205} WARNING - Dependency <Task(BashOperator): create_tag>, delete_tag already registered for DAG: example_complex
[2023-02-03T11:41:50.438+0000] {logging_mixin.py:137} INFO - [2023-02-03T11:41:50.438+0000] {taskmixin.py:205} WARNING - Dependency <Task(BashOperator): delete_tag>, create_tag already registered for DAG: example_complex
[2023-02-03T11:41:50.448+0000] {processor.py:753} INFO - DAG(s) dict_keys(['example_complex']) retrieved from /home/airflow/.local/lib/python3.7/site-packages/airflow/example_dags/example_complex.py
[2023-02-03T11:41:50.513+0000] {logging_mixin.py:137} INFO - [2023-02-03T11:41:50.512+0000] {dag.py:2676} INFO - Sync 1 DAGs
[2023-02-03T11:41:50.556+0000] {logging_mixin.py:137} INFO - [2023-02-03T11:41:50.556+0000] {dag.py:3427} INFO - Setting next_dagrun for example_complex to None, run_after=None
[2023-02-03T11:41:50.587+0000] {processor.py:175} INFO - Processing /home/airflow/.local/lib/python3.7/site-packages/airflow/example_dags/example_complex.py took 0.180 seconds
[2023-02-03T11:42:21.038+0000] {processor.py:153} INFO - Started process (PID=374) to work on /home/airflow/.local/lib/python3.7/site-packages/airflow/example_dags/example_complex.py
[2023-02-03T11:42:21.040+0000] {processor.py:743} INFO - Processing file /home/airflow/.local/lib/python3.7/site-packages/airflow/example_dags/example_complex.py for tasks to queue
[2023-02-03T11:42:21.042+0000] {logging_mixin.py:137} INFO - [2023-02-03T11:42:21.041+0000] {dagbag.py:538} INFO - Filling up the DagBag from /home/airflow/.local/lib/python3.7/site-packages/airflow/example_dags/example_complex.py
[2023-02-03T11:42:21.067+0000] {logging_mixin.py:137} INFO - [2023-02-03T11:42:21.066+0000] {taskmixin.py:205} WARNING - Dependency <Task(BashOperator): create_entry_group>, delete_entry_group already registered for DAG: example_complex
[2023-02-03T11:42:21.068+0000] {logging_mixin.py:137} INFO - [2023-02-03T11:42:21.068+0000] {taskmixin.py:205} WARNING - Dependency <Task(BashOperator): delete_entry_group>, create_entry_group already registered for DAG: example_complex
[2023-02-03T11:42:21.070+0000] {logging_mixin.py:137} INFO - [2023-02-03T11:42:21.069+0000] {taskmixin.py:205} WARNING - Dependency <Task(BashOperator): create_entry_gcs>, delete_entry already registered for DAG: example_complex
[2023-02-03T11:42:21.071+0000] {logging_mixin.py:137} INFO - [2023-02-03T11:42:21.071+0000] {taskmixin.py:205} WARNING - Dependency <Task(BashOperator): delete_entry>, create_entry_gcs already registered for DAG: example_complex
[2023-02-03T11:42:21.072+0000] {logging_mixin.py:137} INFO - [2023-02-03T11:42:21.072+0000] {taskmixin.py:205} WARNING - Dependency <Task(BashOperator): create_tag>, delete_tag already registered for DAG: example_complex
[2023-02-03T11:42:21.073+0000] {logging_mixin.py:137} INFO - [2023-02-03T11:42:21.073+0000] {taskmixin.py:205} WARNING - Dependency <Task(BashOperator): delete_tag>, create_tag already registered for DAG: example_complex
[2023-02-03T11:42:21.089+0000] {processor.py:753} INFO - DAG(s) dict_keys(['example_complex']) retrieved from /home/airflow/.local/lib/python3.7/site-packages/airflow/example_dags/example_complex.py
[2023-02-03T11:42:21.182+0000] {logging_mixin.py:137} INFO - [2023-02-03T11:42:21.182+0000] {dag.py:2676} INFO - Sync 1 DAGs
[2023-02-03T11:42:21.232+0000] {logging_mixin.py:137} INFO - [2023-02-03T11:42:21.232+0000] {dag.py:3427} INFO - Setting next_dagrun for example_complex to None, run_after=None
[2023-02-03T11:42:21.309+0000] {processor.py:175} INFO - Processing /home/airflow/.local/lib/python3.7/site-packages/airflow/example_dags/example_complex.py took 0.276 seconds
[2023-02-03T11:43:34.978+0000] {processor.py:153} INFO - Started process (PID=51) to work on /home/airflow/.local/lib/python3.7/site-packages/airflow/example_dags/example_complex.py
[2023-02-03T11:43:34.981+0000] {processor.py:743} INFO - Processing file /home/airflow/.local/lib/python3.7/site-packages/airflow/example_dags/example_complex.py for tasks to queue
[2023-02-03T11:43:34.983+0000] {logging_mixin.py:137} INFO - [2023-02-03T11:43:34.983+0000] {dagbag.py:538} INFO - Filling up the DagBag from /home/airflow/.local/lib/python3.7/site-packages/airflow/example_dags/example_complex.py
[2023-02-03T11:43:35.050+0000] {logging_mixin.py:137} INFO - [2023-02-03T11:43:35.050+0000] {taskmixin.py:205} WARNING - Dependency <Task(BashOperator): create_entry_group>, delete_entry_group already registered for DAG: example_complex
[2023-02-03T11:43:35.053+0000] {logging_mixin.py:137} INFO - [2023-02-03T11:43:35.053+0000] {taskmixin.py:205} WARNING - Dependency <Task(BashOperator): delete_entry_group>, create_entry_group already registered for DAG: example_complex
[2023-02-03T11:43:35.059+0000] {logging_mixin.py:137} INFO - [2023-02-03T11:43:35.058+0000] {taskmixin.py:205} WARNING - Dependency <Task(BashOperator): create_entry_gcs>, delete_entry already registered for DAG: example_complex
[2023-02-03T11:43:35.060+0000] {logging_mixin.py:137} INFO - [2023-02-03T11:43:35.060+0000] {taskmixin.py:205} WARNING - Dependency <Task(BashOperator): delete_entry>, create_entry_gcs already registered for DAG: example_complex
[2023-02-03T11:43:35.070+0000] {logging_mixin.py:137} INFO - [2023-02-03T11:43:35.067+0000] {taskmixin.py:205} WARNING - Dependency <Task(BashOperator): create_tag>, delete_tag already registered for DAG: example_complex
[2023-02-03T11:43:35.074+0000] {logging_mixin.py:137} INFO - [2023-02-03T11:43:35.074+0000] {taskmixin.py:205} WARNING - Dependency <Task(BashOperator): delete_tag>, create_tag already registered for DAG: example_complex
[2023-02-03T11:43:35.108+0000] {processor.py:753} INFO - DAG(s) dict_keys(['example_complex']) retrieved from /home/airflow/.local/lib/python3.7/site-packages/airflow/example_dags/example_complex.py
[2023-02-03T11:43:35.319+0000] {logging_mixin.py:137} INFO - [2023-02-03T11:43:35.319+0000] {dag.py:2676} INFO - Sync 1 DAGs
[2023-02-03T11:43:35.425+0000] {logging_mixin.py:137} INFO - [2023-02-03T11:43:35.424+0000] {dag.py:3427} INFO - Setting next_dagrun for example_complex to None, run_after=None
[2023-02-03T11:43:35.489+0000] {processor.py:175} INFO - Processing /home/airflow/.local/lib/python3.7/site-packages/airflow/example_dags/example_complex.py took 0.528 seconds
[2023-02-03T11:44:05.606+0000] {processor.py:153} INFO - Started process (PID=114) to work on /home/airflow/.local/lib/python3.7/site-packages/airflow/example_dags/example_complex.py
[2023-02-03T11:44:05.609+0000] {processor.py:743} INFO - Processing file /home/airflow/.local/lib/python3.7/site-packages/airflow/example_dags/example_complex.py for tasks to queue
[2023-02-03T11:44:05.612+0000] {logging_mixin.py:137} INFO - [2023-02-03T11:44:05.611+0000] {dagbag.py:538} INFO - Filling up the DagBag from /home/airflow/.local/lib/python3.7/site-packages/airflow/example_dags/example_complex.py
[2023-02-03T11:44:05.639+0000] {logging_mixin.py:137} INFO - [2023-02-03T11:44:05.638+0000] {taskmixin.py:205} WARNING - Dependency <Task(BashOperator): create_entry_group>, delete_entry_group already registered for DAG: example_complex
[2023-02-03T11:44:05.640+0000] {logging_mixin.py:137} INFO - [2023-02-03T11:44:05.640+0000] {taskmixin.py:205} WARNING - Dependency <Task(BashOperator): delete_entry_group>, create_entry_group already registered for DAG: example_complex
[2023-02-03T11:44:05.641+0000] {logging_mixin.py:137} INFO - [2023-02-03T11:44:05.641+0000] {taskmixin.py:205} WARNING - Dependency <Task(BashOperator): create_entry_gcs>, delete_entry already registered for DAG: example_complex
[2023-02-03T11:44:05.642+0000] {logging_mixin.py:137} INFO - [2023-02-03T11:44:05.642+0000] {taskmixin.py:205} WARNING - Dependency <Task(BashOperator): delete_entry>, create_entry_gcs already registered for DAG: example_complex
[2023-02-03T11:44:05.643+0000] {logging_mixin.py:137} INFO - [2023-02-03T11:44:05.643+0000] {taskmixin.py:205} WARNING - Dependency <Task(BashOperator): create_tag>, delete_tag already registered for DAG: example_complex
[2023-02-03T11:44:05.644+0000] {logging_mixin.py:137} INFO - [2023-02-03T11:44:05.644+0000] {taskmixin.py:205} WARNING - Dependency <Task(BashOperator): delete_tag>, create_tag already registered for DAG: example_complex
[2023-02-03T11:44:05.659+0000] {processor.py:753} INFO - DAG(s) dict_keys(['example_complex']) retrieved from /home/airflow/.local/lib/python3.7/site-packages/airflow/example_dags/example_complex.py
[2023-02-03T11:44:05.746+0000] {logging_mixin.py:137} INFO - [2023-02-03T11:44:05.745+0000] {dag.py:2676} INFO - Sync 1 DAGs
[2023-02-03T11:44:05.806+0000] {logging_mixin.py:137} INFO - [2023-02-03T11:44:05.805+0000] {dag.py:3427} INFO - Setting next_dagrun for example_complex to None, run_after=None
[2023-02-03T11:44:05.850+0000] {processor.py:175} INFO - Processing /home/airflow/.local/lib/python3.7/site-packages/airflow/example_dags/example_complex.py took 0.249 seconds
[2023-02-03T11:44:36.075+0000] {processor.py:153} INFO - Started process (PID=176) to work on /home/airflow/.local/lib/python3.7/site-packages/airflow/example_dags/example_complex.py
[2023-02-03T11:44:36.077+0000] {processor.py:743} INFO - Processing file /home/airflow/.local/lib/python3.7/site-packages/airflow/example_dags/example_complex.py for tasks to queue
[2023-02-03T11:44:36.079+0000] {logging_mixin.py:137} INFO - [2023-02-03T11:44:36.079+0000] {dagbag.py:538} INFO - Filling up the DagBag from /home/airflow/.local/lib/python3.7/site-packages/airflow/example_dags/example_complex.py
[2023-02-03T11:44:36.107+0000] {logging_mixin.py:137} INFO - [2023-02-03T11:44:36.107+0000] {taskmixin.py:205} WARNING - Dependency <Task(BashOperator): create_entry_group>, delete_entry_group already registered for DAG: example_complex
[2023-02-03T11:44:36.109+0000] {logging_mixin.py:137} INFO - [2023-02-03T11:44:36.109+0000] {taskmixin.py:205} WARNING - Dependency <Task(BashOperator): delete_entry_group>, create_entry_group already registered for DAG: example_complex
[2023-02-03T11:44:36.111+0000] {logging_mixin.py:137} INFO - [2023-02-03T11:44:36.111+0000] {taskmixin.py:205} WARNING - Dependency <Task(BashOperator): create_entry_gcs>, delete_entry already registered for DAG: example_complex
[2023-02-03T11:44:36.112+0000] {logging_mixin.py:137} INFO - [2023-02-03T11:44:36.112+0000] {taskmixin.py:205} WARNING - Dependency <Task(BashOperator): delete_entry>, create_entry_gcs already registered for DAG: example_complex
[2023-02-03T11:44:36.114+0000] {logging_mixin.py:137} INFO - [2023-02-03T11:44:36.114+0000] {taskmixin.py:205} WARNING - Dependency <Task(BashOperator): create_tag>, delete_tag already registered for DAG: example_complex
[2023-02-03T11:44:36.115+0000] {logging_mixin.py:137} INFO - [2023-02-03T11:44:36.115+0000] {taskmixin.py:205} WARNING - Dependency <Task(BashOperator): delete_tag>, create_tag already registered for DAG: example_complex
[2023-02-03T11:44:36.126+0000] {processor.py:753} INFO - DAG(s) dict_keys(['example_complex']) retrieved from /home/airflow/.local/lib/python3.7/site-packages/airflow/example_dags/example_complex.py
[2023-02-03T11:44:36.211+0000] {logging_mixin.py:137} INFO - [2023-02-03T11:44:36.211+0000] {dag.py:2676} INFO - Sync 1 DAGs
[2023-02-03T11:44:36.301+0000] {logging_mixin.py:137} INFO - [2023-02-03T11:44:36.301+0000] {dag.py:3427} INFO - Setting next_dagrun for example_complex to None, run_after=None
[2023-02-03T11:44:36.358+0000] {processor.py:175} INFO - Processing /home/airflow/.local/lib/python3.7/site-packages/airflow/example_dags/example_complex.py took 0.289 seconds
[2023-02-03T11:45:07.150+0000] {processor.py:153} INFO - Started process (PID=240) to work on /home/airflow/.local/lib/python3.7/site-packages/airflow/example_dags/example_complex.py
[2023-02-03T11:45:07.154+0000] {processor.py:743} INFO - Processing file /home/airflow/.local/lib/python3.7/site-packages/airflow/example_dags/example_complex.py for tasks to queue
[2023-02-03T11:45:07.156+0000] {logging_mixin.py:137} INFO - [2023-02-03T11:45:07.155+0000] {dagbag.py:538} INFO - Filling up the DagBag from /home/airflow/.local/lib/python3.7/site-packages/airflow/example_dags/example_complex.py
[2023-02-03T11:45:07.182+0000] {logging_mixin.py:137} INFO - [2023-02-03T11:45:07.182+0000] {taskmixin.py:205} WARNING - Dependency <Task(BashOperator): create_entry_group>, delete_entry_group already registered for DAG: example_complex
[2023-02-03T11:45:07.184+0000] {logging_mixin.py:137} INFO - [2023-02-03T11:45:07.184+0000] {taskmixin.py:205} WARNING - Dependency <Task(BashOperator): delete_entry_group>, create_entry_group already registered for DAG: example_complex
[2023-02-03T11:45:07.185+0000] {logging_mixin.py:137} INFO - [2023-02-03T11:45:07.185+0000] {taskmixin.py:205} WARNING - Dependency <Task(BashOperator): create_entry_gcs>, delete_entry already registered for DAG: example_complex
[2023-02-03T11:45:07.186+0000] {logging_mixin.py:137} INFO - [2023-02-03T11:45:07.186+0000] {taskmixin.py:205} WARNING - Dependency <Task(BashOperator): delete_entry>, create_entry_gcs already registered for DAG: example_complex
[2023-02-03T11:45:07.187+0000] {logging_mixin.py:137} INFO - [2023-02-03T11:45:07.187+0000] {taskmixin.py:205} WARNING - Dependency <Task(BashOperator): create_tag>, delete_tag already registered for DAG: example_complex
[2023-02-03T11:45:07.188+0000] {logging_mixin.py:137} INFO - [2023-02-03T11:45:07.188+0000] {taskmixin.py:205} WARNING - Dependency <Task(BashOperator): delete_tag>, create_tag already registered for DAG: example_complex
[2023-02-03T11:45:07.201+0000] {processor.py:753} INFO - DAG(s) dict_keys(['example_complex']) retrieved from /home/airflow/.local/lib/python3.7/site-packages/airflow/example_dags/example_complex.py
[2023-02-03T11:45:07.352+0000] {logging_mixin.py:137} INFO - [2023-02-03T11:45:07.352+0000] {dag.py:2676} INFO - Sync 1 DAGs
[2023-02-03T11:45:07.614+0000] {logging_mixin.py:137} INFO - [2023-02-03T11:45:07.613+0000] {dag.py:3427} INFO - Setting next_dagrun for example_complex to None, run_after=None
[2023-02-03T11:45:07.681+0000] {processor.py:175} INFO - Processing /home/airflow/.local/lib/python3.7/site-packages/airflow/example_dags/example_complex.py took 0.536 seconds
[2023-02-03T11:45:38.541+0000] {processor.py:153} INFO - Started process (PID=308) to work on /home/airflow/.local/lib/python3.7/site-packages/airflow/example_dags/example_complex.py
[2023-02-03T11:45:38.547+0000] {processor.py:743} INFO - Processing file /home/airflow/.local/lib/python3.7/site-packages/airflow/example_dags/example_complex.py for tasks to queue
[2023-02-03T11:45:38.550+0000] {logging_mixin.py:137} INFO - [2023-02-03T11:45:38.549+0000] {dagbag.py:538} INFO - Filling up the DagBag from /home/airflow/.local/lib/python3.7/site-packages/airflow/example_dags/example_complex.py
[2023-02-03T11:45:38.581+0000] {logging_mixin.py:137} INFO - [2023-02-03T11:45:38.581+0000] {taskmixin.py:205} WARNING - Dependency <Task(BashOperator): create_entry_group>, delete_entry_group already registered for DAG: example_complex
[2023-02-03T11:45:38.582+0000] {logging_mixin.py:137} INFO - [2023-02-03T11:45:38.582+0000] {taskmixin.py:205} WARNING - Dependency <Task(BashOperator): delete_entry_group>, create_entry_group already registered for DAG: example_complex
[2023-02-03T11:45:38.584+0000] {logging_mixin.py:137} INFO - [2023-02-03T11:45:38.584+0000] {taskmixin.py:205} WARNING - Dependency <Task(BashOperator): create_entry_gcs>, delete_entry already registered for DAG: example_complex
[2023-02-03T11:45:38.586+0000] {logging_mixin.py:137} INFO - [2023-02-03T11:45:38.585+0000] {taskmixin.py:205} WARNING - Dependency <Task(BashOperator): delete_entry>, create_entry_gcs already registered for DAG: example_complex
[2023-02-03T11:45:38.588+0000] {logging_mixin.py:137} INFO - [2023-02-03T11:45:38.587+0000] {taskmixin.py:205} WARNING - Dependency <Task(BashOperator): create_tag>, delete_tag already registered for DAG: example_complex
[2023-02-03T11:45:38.589+0000] {logging_mixin.py:137} INFO - [2023-02-03T11:45:38.589+0000] {taskmixin.py:205} WARNING - Dependency <Task(BashOperator): delete_tag>, create_tag already registered for DAG: example_complex
[2023-02-03T11:45:38.606+0000] {processor.py:753} INFO - DAG(s) dict_keys(['example_complex']) retrieved from /home/airflow/.local/lib/python3.7/site-packages/airflow/example_dags/example_complex.py
[2023-02-03T11:45:38.748+0000] {logging_mixin.py:137} INFO - [2023-02-03T11:45:38.748+0000] {dag.py:2676} INFO - Sync 1 DAGs
[2023-02-03T11:45:38.821+0000] {logging_mixin.py:137} INFO - [2023-02-03T11:45:38.820+0000] {dag.py:3427} INFO - Setting next_dagrun for example_complex to None, run_after=None
[2023-02-03T11:45:38.870+0000] {processor.py:175} INFO - Processing /home/airflow/.local/lib/python3.7/site-packages/airflow/example_dags/example_complex.py took 0.338 seconds
[2023-02-03T11:46:09.300+0000] {processor.py:153} INFO - Started process (PID=377) to work on /home/airflow/.local/lib/python3.7/site-packages/airflow/example_dags/example_complex.py
[2023-02-03T11:46:09.303+0000] {processor.py:743} INFO - Processing file /home/airflow/.local/lib/python3.7/site-packages/airflow/example_dags/example_complex.py for tasks to queue
[2023-02-03T11:46:09.305+0000] {logging_mixin.py:137} INFO - [2023-02-03T11:46:09.305+0000] {dagbag.py:538} INFO - Filling up the DagBag from /home/airflow/.local/lib/python3.7/site-packages/airflow/example_dags/example_complex.py
[2023-02-03T11:46:09.331+0000] {logging_mixin.py:137} INFO - [2023-02-03T11:46:09.330+0000] {taskmixin.py:205} WARNING - Dependency <Task(BashOperator): create_entry_group>, delete_entry_group already registered for DAG: example_complex
[2023-02-03T11:46:09.332+0000] {logging_mixin.py:137} INFO - [2023-02-03T11:46:09.332+0000] {taskmixin.py:205} WARNING - Dependency <Task(BashOperator): delete_entry_group>, create_entry_group already registered for DAG: example_complex
[2023-02-03T11:46:09.333+0000] {logging_mixin.py:137} INFO - [2023-02-03T11:46:09.333+0000] {taskmixin.py:205} WARNING - Dependency <Task(BashOperator): create_entry_gcs>, delete_entry already registered for DAG: example_complex
[2023-02-03T11:46:09.334+0000] {logging_mixin.py:137} INFO - [2023-02-03T11:46:09.334+0000] {taskmixin.py:205} WARNING - Dependency <Task(BashOperator): delete_entry>, create_entry_gcs already registered for DAG: example_complex
[2023-02-03T11:46:09.335+0000] {logging_mixin.py:137} INFO - [2023-02-03T11:46:09.335+0000] {taskmixin.py:205} WARNING - Dependency <Task(BashOperator): create_tag>, delete_tag already registered for DAG: example_complex
[2023-02-03T11:46:09.336+0000] {logging_mixin.py:137} INFO - [2023-02-03T11:46:09.336+0000] {taskmixin.py:205} WARNING - Dependency <Task(BashOperator): delete_tag>, create_tag already registered for DAG: example_complex
[2023-02-03T11:46:09.350+0000] {processor.py:753} INFO - DAG(s) dict_keys(['example_complex']) retrieved from /home/airflow/.local/lib/python3.7/site-packages/airflow/example_dags/example_complex.py
[2023-02-03T11:46:09.447+0000] {logging_mixin.py:137} INFO - [2023-02-03T11:46:09.447+0000] {dag.py:2676} INFO - Sync 1 DAGs
[2023-02-03T11:46:09.514+0000] {logging_mixin.py:137} INFO - [2023-02-03T11:46:09.514+0000] {dag.py:3427} INFO - Setting next_dagrun for example_complex to None, run_after=None
[2023-02-03T11:46:09.566+0000] {processor.py:175} INFO - Processing /home/airflow/.local/lib/python3.7/site-packages/airflow/example_dags/example_complex.py took 0.272 seconds
[2023-02-03T11:46:39.965+0000] {processor.py:153} INFO - Started process (PID=440) to work on /home/airflow/.local/lib/python3.7/site-packages/airflow/example_dags/example_complex.py
[2023-02-03T11:46:39.967+0000] {processor.py:743} INFO - Processing file /home/airflow/.local/lib/python3.7/site-packages/airflow/example_dags/example_complex.py for tasks to queue
[2023-02-03T11:46:39.969+0000] {logging_mixin.py:137} INFO - [2023-02-03T11:46:39.968+0000] {dagbag.py:538} INFO - Filling up the DagBag from /home/airflow/.local/lib/python3.7/site-packages/airflow/example_dags/example_complex.py
[2023-02-03T11:46:39.987+0000] {logging_mixin.py:137} INFO - [2023-02-03T11:46:39.987+0000] {taskmixin.py:205} WARNING - Dependency <Task(BashOperator): create_entry_group>, delete_entry_group already registered for DAG: example_complex
[2023-02-03T11:46:39.988+0000] {logging_mixin.py:137} INFO - [2023-02-03T11:46:39.987+0000] {taskmixin.py:205} WARNING - Dependency <Task(BashOperator): delete_entry_group>, create_entry_group already registered for DAG: example_complex
[2023-02-03T11:46:39.989+0000] {logging_mixin.py:137} INFO - [2023-02-03T11:46:39.989+0000] {taskmixin.py:205} WARNING - Dependency <Task(BashOperator): create_entry_gcs>, delete_entry already registered for DAG: example_complex
[2023-02-03T11:46:39.989+0000] {logging_mixin.py:137} INFO - [2023-02-03T11:46:39.989+0000] {taskmixin.py:205} WARNING - Dependency <Task(BashOperator): delete_entry>, create_entry_gcs already registered for DAG: example_complex
[2023-02-03T11:46:39.990+0000] {logging_mixin.py:137} INFO - [2023-02-03T11:46:39.990+0000] {taskmixin.py:205} WARNING - Dependency <Task(BashOperator): create_tag>, delete_tag already registered for DAG: example_complex
[2023-02-03T11:46:39.991+0000] {logging_mixin.py:137} INFO - [2023-02-03T11:46:39.991+0000] {taskmixin.py:205} WARNING - Dependency <Task(BashOperator): delete_tag>, create_tag already registered for DAG: example_complex
[2023-02-03T11:46:40.000+0000] {processor.py:753} INFO - DAG(s) dict_keys(['example_complex']) retrieved from /home/airflow/.local/lib/python3.7/site-packages/airflow/example_dags/example_complex.py
[2023-02-03T11:46:40.070+0000] {logging_mixin.py:137} INFO - [2023-02-03T11:46:40.070+0000] {dag.py:2676} INFO - Sync 1 DAGs
[2023-02-03T11:46:40.123+0000] {logging_mixin.py:137} INFO - [2023-02-03T11:46:40.123+0000] {dag.py:3427} INFO - Setting next_dagrun for example_complex to None, run_after=None
[2023-02-03T11:46:40.157+0000] {processor.py:175} INFO - Processing /home/airflow/.local/lib/python3.7/site-packages/airflow/example_dags/example_complex.py took 0.198 seconds
[2023-02-03T11:47:10.561+0000] {processor.py:153} INFO - Started process (PID=514) to work on /home/airflow/.local/lib/python3.7/site-packages/airflow/example_dags/example_complex.py
[2023-02-03T11:47:10.563+0000] {processor.py:743} INFO - Processing file /home/airflow/.local/lib/python3.7/site-packages/airflow/example_dags/example_complex.py for tasks to queue
[2023-02-03T11:47:10.565+0000] {logging_mixin.py:137} INFO - [2023-02-03T11:47:10.564+0000] {dagbag.py:538} INFO - Filling up the DagBag from /home/airflow/.local/lib/python3.7/site-packages/airflow/example_dags/example_complex.py
[2023-02-03T11:47:10.582+0000] {logging_mixin.py:137} INFO - [2023-02-03T11:47:10.582+0000] {taskmixin.py:205} WARNING - Dependency <Task(BashOperator): create_entry_group>, delete_entry_group already registered for DAG: example_complex
[2023-02-03T11:47:10.583+0000] {logging_mixin.py:137} INFO - [2023-02-03T11:47:10.583+0000] {taskmixin.py:205} WARNING - Dependency <Task(BashOperator): delete_entry_group>, create_entry_group already registered for DAG: example_complex
[2023-02-03T11:47:10.584+0000] {logging_mixin.py:137} INFO - [2023-02-03T11:47:10.584+0000] {taskmixin.py:205} WARNING - Dependency <Task(BashOperator): create_entry_gcs>, delete_entry already registered for DAG: example_complex
[2023-02-03T11:47:10.585+0000] {logging_mixin.py:137} INFO - [2023-02-03T11:47:10.585+0000] {taskmixin.py:205} WARNING - Dependency <Task(BashOperator): delete_entry>, create_entry_gcs already registered for DAG: example_complex
[2023-02-03T11:47:10.586+0000] {logging_mixin.py:137} INFO - [2023-02-03T11:47:10.586+0000] {taskmixin.py:205} WARNING - Dependency <Task(BashOperator): create_tag>, delete_tag already registered for DAG: example_complex
[2023-02-03T11:47:10.587+0000] {logging_mixin.py:137} INFO - [2023-02-03T11:47:10.586+0000] {taskmixin.py:205} WARNING - Dependency <Task(BashOperator): delete_tag>, create_tag already registered for DAG: example_complex
[2023-02-03T11:47:10.601+0000] {processor.py:753} INFO - DAG(s) dict_keys(['example_complex']) retrieved from /home/airflow/.local/lib/python3.7/site-packages/airflow/example_dags/example_complex.py
[2023-02-03T11:47:10.678+0000] {logging_mixin.py:137} INFO - [2023-02-03T11:47:10.678+0000] {dag.py:2676} INFO - Sync 1 DAGs
[2023-02-03T11:47:10.727+0000] {logging_mixin.py:137} INFO - [2023-02-03T11:47:10.727+0000] {dag.py:3427} INFO - Setting next_dagrun for example_complex to None, run_after=None
[2023-02-03T11:47:10.764+0000] {processor.py:175} INFO - Processing /home/airflow/.local/lib/python3.7/site-packages/airflow/example_dags/example_complex.py took 0.207 seconds
[2023-02-03T11:47:41.080+0000] {processor.py:153} INFO - Started process (PID=575) to work on /home/airflow/.local/lib/python3.7/site-packages/airflow/example_dags/example_complex.py
[2023-02-03T11:47:41.082+0000] {processor.py:743} INFO - Processing file /home/airflow/.local/lib/python3.7/site-packages/airflow/example_dags/example_complex.py for tasks to queue
[2023-02-03T11:47:41.083+0000] {logging_mixin.py:137} INFO - [2023-02-03T11:47:41.083+0000] {dagbag.py:538} INFO - Filling up the DagBag from /home/airflow/.local/lib/python3.7/site-packages/airflow/example_dags/example_complex.py
[2023-02-03T11:47:41.104+0000] {logging_mixin.py:137} INFO - [2023-02-03T11:47:41.104+0000] {taskmixin.py:205} WARNING - Dependency <Task(BashOperator): create_entry_group>, delete_entry_group already registered for DAG: example_complex
[2023-02-03T11:47:41.106+0000] {logging_mixin.py:137} INFO - [2023-02-03T11:47:41.105+0000] {taskmixin.py:205} WARNING - Dependency <Task(BashOperator): delete_entry_group>, create_entry_group already registered for DAG: example_complex
[2023-02-03T11:47:41.107+0000] {logging_mixin.py:137} INFO - [2023-02-03T11:47:41.107+0000] {taskmixin.py:205} WARNING - Dependency <Task(BashOperator): create_entry_gcs>, delete_entry already registered for DAG: example_complex
[2023-02-03T11:47:41.108+0000] {logging_mixin.py:137} INFO - [2023-02-03T11:47:41.108+0000] {taskmixin.py:205} WARNING - Dependency <Task(BashOperator): delete_entry>, create_entry_gcs already registered for DAG: example_complex
[2023-02-03T11:47:41.109+0000] {logging_mixin.py:137} INFO - [2023-02-03T11:47:41.109+0000] {taskmixin.py:205} WARNING - Dependency <Task(BashOperator): create_tag>, delete_tag already registered for DAG: example_complex
[2023-02-03T11:47:41.110+0000] {logging_mixin.py:137} INFO - [2023-02-03T11:47:41.110+0000] {taskmixin.py:205} WARNING - Dependency <Task(BashOperator): delete_tag>, create_tag already registered for DAG: example_complex
[2023-02-03T11:47:41.120+0000] {processor.py:753} INFO - DAG(s) dict_keys(['example_complex']) retrieved from /home/airflow/.local/lib/python3.7/site-packages/airflow/example_dags/example_complex.py
[2023-02-03T11:47:41.201+0000] {logging_mixin.py:137} INFO - [2023-02-03T11:47:41.200+0000] {dag.py:2676} INFO - Sync 1 DAGs
[2023-02-03T11:47:41.251+0000] {logging_mixin.py:137} INFO - [2023-02-03T11:47:41.251+0000] {dag.py:3427} INFO - Setting next_dagrun for example_complex to None, run_after=None
[2023-02-03T11:47:41.287+0000] {processor.py:175} INFO - Processing /home/airflow/.local/lib/python3.7/site-packages/airflow/example_dags/example_complex.py took 0.212 seconds
[2023-02-03T11:48:12.166+0000] {processor.py:153} INFO - Started process (PID=637) to work on /home/airflow/.local/lib/python3.7/site-packages/airflow/example_dags/example_complex.py
[2023-02-03T11:48:12.168+0000] {processor.py:743} INFO - Processing file /home/airflow/.local/lib/python3.7/site-packages/airflow/example_dags/example_complex.py for tasks to queue
[2023-02-03T11:48:12.170+0000] {logging_mixin.py:137} INFO - [2023-02-03T11:48:12.170+0000] {dagbag.py:538} INFO - Filling up the DagBag from /home/airflow/.local/lib/python3.7/site-packages/airflow/example_dags/example_complex.py
[2023-02-03T11:48:12.187+0000] {logging_mixin.py:137} INFO - [2023-02-03T11:48:12.186+0000] {taskmixin.py:205} WARNING - Dependency <Task(BashOperator): create_entry_group>, delete_entry_group already registered for DAG: example_complex
[2023-02-03T11:48:12.187+0000] {logging_mixin.py:137} INFO - [2023-02-03T11:48:12.187+0000] {taskmixin.py:205} WARNING - Dependency <Task(BashOperator): delete_entry_group>, create_entry_group already registered for DAG: example_complex
[2023-02-03T11:48:12.188+0000] {logging_mixin.py:137} INFO - [2023-02-03T11:48:12.188+0000] {taskmixin.py:205} WARNING - Dependency <Task(BashOperator): create_entry_gcs>, delete_entry already registered for DAG: example_complex
[2023-02-03T11:48:12.189+0000] {logging_mixin.py:137} INFO - [2023-02-03T11:48:12.189+0000] {taskmixin.py:205} WARNING - Dependency <Task(BashOperator): delete_entry>, create_entry_gcs already registered for DAG: example_complex
[2023-02-03T11:48:12.190+0000] {logging_mixin.py:137} INFO - [2023-02-03T11:48:12.190+0000] {taskmixin.py:205} WARNING - Dependency <Task(BashOperator): create_tag>, delete_tag already registered for DAG: example_complex
[2023-02-03T11:48:12.191+0000] {logging_mixin.py:137} INFO - [2023-02-03T11:48:12.191+0000] {taskmixin.py:205} WARNING - Dependency <Task(BashOperator): delete_tag>, create_tag already registered for DAG: example_complex
[2023-02-03T11:48:12.200+0000] {processor.py:753} INFO - DAG(s) dict_keys(['example_complex']) retrieved from /home/airflow/.local/lib/python3.7/site-packages/airflow/example_dags/example_complex.py
[2023-02-03T11:48:12.290+0000] {logging_mixin.py:137} INFO - [2023-02-03T11:48:12.290+0000] {dag.py:2676} INFO - Sync 1 DAGs
[2023-02-03T11:48:12.349+0000] {logging_mixin.py:137} INFO - [2023-02-03T11:48:12.349+0000] {dag.py:3427} INFO - Setting next_dagrun for example_complex to None, run_after=None
[2023-02-03T11:48:12.433+0000] {processor.py:175} INFO - Processing /home/airflow/.local/lib/python3.7/site-packages/airflow/example_dags/example_complex.py took 0.272 seconds
[2023-02-03T11:48:42.490+0000] {processor.py:153} INFO - Started process (PID=711) to work on /home/airflow/.local/lib/python3.7/site-packages/airflow/example_dags/example_complex.py
[2023-02-03T11:48:42.496+0000] {processor.py:743} INFO - Processing file /home/airflow/.local/lib/python3.7/site-packages/airflow/example_dags/example_complex.py for tasks to queue
[2023-02-03T11:48:42.500+0000] {logging_mixin.py:137} INFO - [2023-02-03T11:48:42.499+0000] {dagbag.py:538} INFO - Filling up the DagBag from /home/airflow/.local/lib/python3.7/site-packages/airflow/example_dags/example_complex.py
[2023-02-03T11:48:42.526+0000] {logging_mixin.py:137} INFO - [2023-02-03T11:48:42.526+0000] {taskmixin.py:205} WARNING - Dependency <Task(BashOperator): create_entry_group>, delete_entry_group already registered for DAG: example_complex
[2023-02-03T11:48:42.528+0000] {logging_mixin.py:137} INFO - [2023-02-03T11:48:42.527+0000] {taskmixin.py:205} WARNING - Dependency <Task(BashOperator): delete_entry_group>, create_entry_group already registered for DAG: example_complex
[2023-02-03T11:48:42.529+0000] {logging_mixin.py:137} INFO - [2023-02-03T11:48:42.529+0000] {taskmixin.py:205} WARNING - Dependency <Task(BashOperator): create_entry_gcs>, delete_entry already registered for DAG: example_complex
[2023-02-03T11:48:42.532+0000] {logging_mixin.py:137} INFO - [2023-02-03T11:48:42.532+0000] {taskmixin.py:205} WARNING - Dependency <Task(BashOperator): delete_entry>, create_entry_gcs already registered for DAG: example_complex
[2023-02-03T11:48:42.536+0000] {logging_mixin.py:137} INFO - [2023-02-03T11:48:42.535+0000] {taskmixin.py:205} WARNING - Dependency <Task(BashOperator): create_tag>, delete_tag already registered for DAG: example_complex
[2023-02-03T11:48:42.537+0000] {logging_mixin.py:137} INFO - [2023-02-03T11:48:42.537+0000] {taskmixin.py:205} WARNING - Dependency <Task(BashOperator): delete_tag>, create_tag already registered for DAG: example_complex
[2023-02-03T11:48:42.564+0000] {processor.py:753} INFO - DAG(s) dict_keys(['example_complex']) retrieved from /home/airflow/.local/lib/python3.7/site-packages/airflow/example_dags/example_complex.py
[2023-02-03T11:48:42.665+0000] {logging_mixin.py:137} INFO - [2023-02-03T11:48:42.665+0000] {dag.py:2676} INFO - Sync 1 DAGs
[2023-02-03T11:48:42.738+0000] {logging_mixin.py:137} INFO - [2023-02-03T11:48:42.738+0000] {dag.py:3427} INFO - Setting next_dagrun for example_complex to None, run_after=None
[2023-02-03T11:48:42.790+0000] {processor.py:175} INFO - Processing /home/airflow/.local/lib/python3.7/site-packages/airflow/example_dags/example_complex.py took 0.307 seconds
[2023-02-03T11:49:13.089+0000] {processor.py:153} INFO - Started process (PID=773) to work on /home/airflow/.local/lib/python3.7/site-packages/airflow/example_dags/example_complex.py
[2023-02-03T11:49:13.092+0000] {processor.py:743} INFO - Processing file /home/airflow/.local/lib/python3.7/site-packages/airflow/example_dags/example_complex.py for tasks to queue
[2023-02-03T11:49:13.093+0000] {logging_mixin.py:137} INFO - [2023-02-03T11:49:13.093+0000] {dagbag.py:538} INFO - Filling up the DagBag from /home/airflow/.local/lib/python3.7/site-packages/airflow/example_dags/example_complex.py
[2023-02-03T11:49:13.112+0000] {logging_mixin.py:137} INFO - [2023-02-03T11:49:13.112+0000] {taskmixin.py:205} WARNING - Dependency <Task(BashOperator): create_entry_group>, delete_entry_group already registered for DAG: example_complex
[2023-02-03T11:49:13.113+0000] {logging_mixin.py:137} INFO - [2023-02-03T11:49:13.113+0000] {taskmixin.py:205} WARNING - Dependency <Task(BashOperator): delete_entry_group>, create_entry_group already registered for DAG: example_complex
[2023-02-03T11:49:13.114+0000] {logging_mixin.py:137} INFO - [2023-02-03T11:49:13.114+0000] {taskmixin.py:205} WARNING - Dependency <Task(BashOperator): create_entry_gcs>, delete_entry already registered for DAG: example_complex
[2023-02-03T11:49:13.115+0000] {logging_mixin.py:137} INFO - [2023-02-03T11:49:13.115+0000] {taskmixin.py:205} WARNING - Dependency <Task(BashOperator): delete_entry>, create_entry_gcs already registered for DAG: example_complex
[2023-02-03T11:49:13.117+0000] {logging_mixin.py:137} INFO - [2023-02-03T11:49:13.116+0000] {taskmixin.py:205} WARNING - Dependency <Task(BashOperator): create_tag>, delete_tag already registered for DAG: example_complex
[2023-02-03T11:49:13.117+0000] {logging_mixin.py:137} INFO - [2023-02-03T11:49:13.117+0000] {taskmixin.py:205} WARNING - Dependency <Task(BashOperator): delete_tag>, create_tag already registered for DAG: example_complex
[2023-02-03T11:49:13.128+0000] {processor.py:753} INFO - DAG(s) dict_keys(['example_complex']) retrieved from /home/airflow/.local/lib/python3.7/site-packages/airflow/example_dags/example_complex.py
[2023-02-03T11:49:13.231+0000] {logging_mixin.py:137} INFO - [2023-02-03T11:49:13.231+0000] {dag.py:2676} INFO - Sync 1 DAGs
[2023-02-03T11:49:13.345+0000] {logging_mixin.py:137} INFO - [2023-02-03T11:49:13.344+0000] {dag.py:3427} INFO - Setting next_dagrun for example_complex to None, run_after=None
[2023-02-03T11:49:13.411+0000] {processor.py:175} INFO - Processing /home/airflow/.local/lib/python3.7/site-packages/airflow/example_dags/example_complex.py took 0.327 seconds
[2023-02-03T11:49:43.817+0000] {processor.py:153} INFO - Started process (PID=835) to work on /home/airflow/.local/lib/python3.7/site-packages/airflow/example_dags/example_complex.py
[2023-02-03T11:49:43.819+0000] {processor.py:743} INFO - Processing file /home/airflow/.local/lib/python3.7/site-packages/airflow/example_dags/example_complex.py for tasks to queue
[2023-02-03T11:49:43.821+0000] {logging_mixin.py:137} INFO - [2023-02-03T11:49:43.821+0000] {dagbag.py:538} INFO - Filling up the DagBag from /home/airflow/.local/lib/python3.7/site-packages/airflow/example_dags/example_complex.py
[2023-02-03T11:49:43.847+0000] {logging_mixin.py:137} INFO - [2023-02-03T11:49:43.847+0000] {taskmixin.py:205} WARNING - Dependency <Task(BashOperator): create_entry_group>, delete_entry_group already registered for DAG: example_complex
[2023-02-03T11:49:43.849+0000] {logging_mixin.py:137} INFO - [2023-02-03T11:49:43.848+0000] {taskmixin.py:205} WARNING - Dependency <Task(BashOperator): delete_entry_group>, create_entry_group already registered for DAG: example_complex
[2023-02-03T11:49:43.850+0000] {logging_mixin.py:137} INFO - [2023-02-03T11:49:43.850+0000] {taskmixin.py:205} WARNING - Dependency <Task(BashOperator): create_entry_gcs>, delete_entry already registered for DAG: example_complex
[2023-02-03T11:49:43.852+0000] {logging_mixin.py:137} INFO - [2023-02-03T11:49:43.851+0000] {taskmixin.py:205} WARNING - Dependency <Task(BashOperator): delete_entry>, create_entry_gcs already registered for DAG: example_complex
[2023-02-03T11:49:43.854+0000] {logging_mixin.py:137} INFO - [2023-02-03T11:49:43.854+0000] {taskmixin.py:205} WARNING - Dependency <Task(BashOperator): create_tag>, delete_tag already registered for DAG: example_complex
[2023-02-03T11:49:43.856+0000] {logging_mixin.py:137} INFO - [2023-02-03T11:49:43.856+0000] {taskmixin.py:205} WARNING - Dependency <Task(BashOperator): delete_tag>, create_tag already registered for DAG: example_complex
[2023-02-03T11:49:43.873+0000] {processor.py:753} INFO - DAG(s) dict_keys(['example_complex']) retrieved from /home/airflow/.local/lib/python3.7/site-packages/airflow/example_dags/example_complex.py
[2023-02-03T11:49:44.006+0000] {logging_mixin.py:137} INFO - [2023-02-03T11:49:44.006+0000] {dag.py:2676} INFO - Sync 1 DAGs
[2023-02-03T11:49:44.128+0000] {logging_mixin.py:137} INFO - [2023-02-03T11:49:44.127+0000] {dag.py:3427} INFO - Setting next_dagrun for example_complex to None, run_after=None
[2023-02-03T11:49:44.322+0000] {processor.py:175} INFO - Processing /home/airflow/.local/lib/python3.7/site-packages/airflow/example_dags/example_complex.py took 0.512 seconds
[2023-02-03T11:50:14.521+0000] {processor.py:153} INFO - Started process (PID=896) to work on /home/airflow/.local/lib/python3.7/site-packages/airflow/example_dags/example_complex.py
[2023-02-03T11:50:14.522+0000] {processor.py:743} INFO - Processing file /home/airflow/.local/lib/python3.7/site-packages/airflow/example_dags/example_complex.py for tasks to queue
[2023-02-03T11:50:14.524+0000] {logging_mixin.py:137} INFO - [2023-02-03T11:50:14.524+0000] {dagbag.py:538} INFO - Filling up the DagBag from /home/airflow/.local/lib/python3.7/site-packages/airflow/example_dags/example_complex.py
[2023-02-03T11:50:14.544+0000] {logging_mixin.py:137} INFO - [2023-02-03T11:50:14.543+0000] {taskmixin.py:205} WARNING - Dependency <Task(BashOperator): create_entry_group>, delete_entry_group already registered for DAG: example_complex
[2023-02-03T11:50:14.545+0000] {logging_mixin.py:137} INFO - [2023-02-03T11:50:14.545+0000] {taskmixin.py:205} WARNING - Dependency <Task(BashOperator): delete_entry_group>, create_entry_group already registered for DAG: example_complex
[2023-02-03T11:50:14.546+0000] {logging_mixin.py:137} INFO - [2023-02-03T11:50:14.546+0000] {taskmixin.py:205} WARNING - Dependency <Task(BashOperator): create_entry_gcs>, delete_entry already registered for DAG: example_complex
[2023-02-03T11:50:14.547+0000] {logging_mixin.py:137} INFO - [2023-02-03T11:50:14.547+0000] {taskmixin.py:205} WARNING - Dependency <Task(BashOperator): delete_entry>, create_entry_gcs already registered for DAG: example_complex
[2023-02-03T11:50:14.548+0000] {logging_mixin.py:137} INFO - [2023-02-03T11:50:14.548+0000] {taskmixin.py:205} WARNING - Dependency <Task(BashOperator): create_tag>, delete_tag already registered for DAG: example_complex
[2023-02-03T11:50:14.549+0000] {logging_mixin.py:137} INFO - [2023-02-03T11:50:14.549+0000] {taskmixin.py:205} WARNING - Dependency <Task(BashOperator): delete_tag>, create_tag already registered for DAG: example_complex
[2023-02-03T11:50:14.562+0000] {processor.py:753} INFO - DAG(s) dict_keys(['example_complex']) retrieved from /home/airflow/.local/lib/python3.7/site-packages/airflow/example_dags/example_complex.py
[2023-02-03T11:50:14.646+0000] {logging_mixin.py:137} INFO - [2023-02-03T11:50:14.646+0000] {dag.py:2676} INFO - Sync 1 DAGs
[2023-02-03T11:50:14.707+0000] {logging_mixin.py:137} INFO - [2023-02-03T11:50:14.707+0000] {dag.py:3427} INFO - Setting next_dagrun for example_complex to None, run_after=None
[2023-02-03T11:50:14.753+0000] {processor.py:175} INFO - Processing /home/airflow/.local/lib/python3.7/site-packages/airflow/example_dags/example_complex.py took 0.238 seconds
[2023-02-03T11:50:44.987+0000] {processor.py:153} INFO - Started process (PID=970) to work on /home/airflow/.local/lib/python3.7/site-packages/airflow/example_dags/example_complex.py
[2023-02-03T11:50:44.989+0000] {processor.py:743} INFO - Processing file /home/airflow/.local/lib/python3.7/site-packages/airflow/example_dags/example_complex.py for tasks to queue
[2023-02-03T11:50:44.991+0000] {logging_mixin.py:137} INFO - [2023-02-03T11:50:44.991+0000] {dagbag.py:538} INFO - Filling up the DagBag from /home/airflow/.local/lib/python3.7/site-packages/airflow/example_dags/example_complex.py
[2023-02-03T11:50:45.005+0000] {logging_mixin.py:137} INFO - [2023-02-03T11:50:45.005+0000] {taskmixin.py:205} WARNING - Dependency <Task(BashOperator): create_entry_group>, delete_entry_group already registered for DAG: example_complex
[2023-02-03T11:50:45.006+0000] {logging_mixin.py:137} INFO - [2023-02-03T11:50:45.006+0000] {taskmixin.py:205} WARNING - Dependency <Task(BashOperator): delete_entry_group>, create_entry_group already registered for DAG: example_complex
[2023-02-03T11:50:45.007+0000] {logging_mixin.py:137} INFO - [2023-02-03T11:50:45.007+0000] {taskmixin.py:205} WARNING - Dependency <Task(BashOperator): create_entry_gcs>, delete_entry already registered for DAG: example_complex
[2023-02-03T11:50:45.008+0000] {logging_mixin.py:137} INFO - [2023-02-03T11:50:45.008+0000] {taskmixin.py:205} WARNING - Dependency <Task(BashOperator): delete_entry>, create_entry_gcs already registered for DAG: example_complex
[2023-02-03T11:50:45.009+0000] {logging_mixin.py:137} INFO - [2023-02-03T11:50:45.009+0000] {taskmixin.py:205} WARNING - Dependency <Task(BashOperator): create_tag>, delete_tag already registered for DAG: example_complex
[2023-02-03T11:50:45.009+0000] {logging_mixin.py:137} INFO - [2023-02-03T11:50:45.009+0000] {taskmixin.py:205} WARNING - Dependency <Task(BashOperator): delete_tag>, create_tag already registered for DAG: example_complex
[2023-02-03T11:50:45.019+0000] {processor.py:753} INFO - DAG(s) dict_keys(['example_complex']) retrieved from /home/airflow/.local/lib/python3.7/site-packages/airflow/example_dags/example_complex.py
[2023-02-03T11:50:45.081+0000] {logging_mixin.py:137} INFO - [2023-02-03T11:50:45.081+0000] {dag.py:2676} INFO - Sync 1 DAGs
[2023-02-03T11:50:45.125+0000] {logging_mixin.py:137} INFO - [2023-02-03T11:50:45.125+0000] {dag.py:3427} INFO - Setting next_dagrun for example_complex to None, run_after=None
[2023-02-03T11:50:45.161+0000] {processor.py:175} INFO - Processing /home/airflow/.local/lib/python3.7/site-packages/airflow/example_dags/example_complex.py took 0.179 seconds
[2023-02-03T11:55:28.778+0000] {processor.py:153} INFO - Started process (PID=51) to work on /home/airflow/.local/lib/python3.7/site-packages/airflow/example_dags/example_complex.py
[2023-02-03T11:55:28.781+0000] {processor.py:743} INFO - Processing file /home/airflow/.local/lib/python3.7/site-packages/airflow/example_dags/example_complex.py for tasks to queue
[2023-02-03T11:55:28.786+0000] {logging_mixin.py:137} INFO - [2023-02-03T11:55:28.785+0000] {dagbag.py:538} INFO - Filling up the DagBag from /home/airflow/.local/lib/python3.7/site-packages/airflow/example_dags/example_complex.py
[2023-02-03T11:55:28.835+0000] {logging_mixin.py:137} INFO - [2023-02-03T11:55:28.834+0000] {taskmixin.py:205} WARNING - Dependency <Task(BashOperator): create_entry_group>, delete_entry_group already registered for DAG: example_complex
[2023-02-03T11:55:28.836+0000] {logging_mixin.py:137} INFO - [2023-02-03T11:55:28.836+0000] {taskmixin.py:205} WARNING - Dependency <Task(BashOperator): delete_entry_group>, create_entry_group already registered for DAG: example_complex
[2023-02-03T11:55:28.838+0000] {logging_mixin.py:137} INFO - [2023-02-03T11:55:28.838+0000] {taskmixin.py:205} WARNING - Dependency <Task(BashOperator): create_entry_gcs>, delete_entry already registered for DAG: example_complex
[2023-02-03T11:55:28.839+0000] {logging_mixin.py:137} INFO - [2023-02-03T11:55:28.839+0000] {taskmixin.py:205} WARNING - Dependency <Task(BashOperator): delete_entry>, create_entry_gcs already registered for DAG: example_complex
[2023-02-03T11:55:28.841+0000] {logging_mixin.py:137} INFO - [2023-02-03T11:55:28.841+0000] {taskmixin.py:205} WARNING - Dependency <Task(BashOperator): create_tag>, delete_tag already registered for DAG: example_complex
[2023-02-03T11:55:28.843+0000] {logging_mixin.py:137} INFO - [2023-02-03T11:55:28.843+0000] {taskmixin.py:205} WARNING - Dependency <Task(BashOperator): delete_tag>, create_tag already registered for DAG: example_complex
[2023-02-03T11:55:28.874+0000] {processor.py:753} INFO - DAG(s) dict_keys(['example_complex']) retrieved from /home/airflow/.local/lib/python3.7/site-packages/airflow/example_dags/example_complex.py
[2023-02-03T11:55:29.050+0000] {logging_mixin.py:137} INFO - [2023-02-03T11:55:29.048+0000] {dag.py:2676} INFO - Sync 1 DAGs
[2023-02-03T11:55:29.160+0000] {logging_mixin.py:137} INFO - [2023-02-03T11:55:29.160+0000] {dag.py:3427} INFO - Setting next_dagrun for example_complex to None, run_after=None
[2023-02-03T11:55:29.274+0000] {processor.py:175} INFO - Processing /home/airflow/.local/lib/python3.7/site-packages/airflow/example_dags/example_complex.py took 0.503 seconds
[2023-02-03T11:55:59.445+0000] {processor.py:153} INFO - Started process (PID=113) to work on /home/airflow/.local/lib/python3.7/site-packages/airflow/example_dags/example_complex.py
[2023-02-03T11:55:59.447+0000] {processor.py:743} INFO - Processing file /home/airflow/.local/lib/python3.7/site-packages/airflow/example_dags/example_complex.py for tasks to queue
[2023-02-03T11:55:59.449+0000] {logging_mixin.py:137} INFO - [2023-02-03T11:55:59.448+0000] {dagbag.py:538} INFO - Filling up the DagBag from /home/airflow/.local/lib/python3.7/site-packages/airflow/example_dags/example_complex.py
[2023-02-03T11:55:59.466+0000] {logging_mixin.py:137} INFO - [2023-02-03T11:55:59.466+0000] {taskmixin.py:205} WARNING - Dependency <Task(BashOperator): create_entry_group>, delete_entry_group already registered for DAG: example_complex
[2023-02-03T11:55:59.467+0000] {logging_mixin.py:137} INFO - [2023-02-03T11:55:59.467+0000] {taskmixin.py:205} WARNING - Dependency <Task(BashOperator): delete_entry_group>, create_entry_group already registered for DAG: example_complex
[2023-02-03T11:55:59.468+0000] {logging_mixin.py:137} INFO - [2023-02-03T11:55:59.468+0000] {taskmixin.py:205} WARNING - Dependency <Task(BashOperator): create_entry_gcs>, delete_entry already registered for DAG: example_complex
[2023-02-03T11:55:59.469+0000] {logging_mixin.py:137} INFO - [2023-02-03T11:55:59.469+0000] {taskmixin.py:205} WARNING - Dependency <Task(BashOperator): delete_entry>, create_entry_gcs already registered for DAG: example_complex
[2023-02-03T11:55:59.470+0000] {logging_mixin.py:137} INFO - [2023-02-03T11:55:59.470+0000] {taskmixin.py:205} WARNING - Dependency <Task(BashOperator): create_tag>, delete_tag already registered for DAG: example_complex
[2023-02-03T11:55:59.470+0000] {logging_mixin.py:137} INFO - [2023-02-03T11:55:59.470+0000] {taskmixin.py:205} WARNING - Dependency <Task(BashOperator): delete_tag>, create_tag already registered for DAG: example_complex
[2023-02-03T11:55:59.483+0000] {processor.py:753} INFO - DAG(s) dict_keys(['example_complex']) retrieved from /home/airflow/.local/lib/python3.7/site-packages/airflow/example_dags/example_complex.py
[2023-02-03T11:55:59.561+0000] {logging_mixin.py:137} INFO - [2023-02-03T11:55:59.561+0000] {dag.py:2676} INFO - Sync 1 DAGs
[2023-02-03T11:55:59.613+0000] {logging_mixin.py:137} INFO - [2023-02-03T11:55:59.613+0000] {dag.py:3427} INFO - Setting next_dagrun for example_complex to None, run_after=None
[2023-02-03T11:55:59.649+0000] {processor.py:175} INFO - Processing /home/airflow/.local/lib/python3.7/site-packages/airflow/example_dags/example_complex.py took 0.208 seconds
[2023-02-03T11:56:29.902+0000] {processor.py:153} INFO - Started process (PID=174) to work on /home/airflow/.local/lib/python3.7/site-packages/airflow/example_dags/example_complex.py
[2023-02-03T11:56:29.904+0000] {processor.py:743} INFO - Processing file /home/airflow/.local/lib/python3.7/site-packages/airflow/example_dags/example_complex.py for tasks to queue
[2023-02-03T11:56:29.906+0000] {logging_mixin.py:137} INFO - [2023-02-03T11:56:29.906+0000] {dagbag.py:538} INFO - Filling up the DagBag from /home/airflow/.local/lib/python3.7/site-packages/airflow/example_dags/example_complex.py
[2023-02-03T11:56:29.925+0000] {logging_mixin.py:137} INFO - [2023-02-03T11:56:29.925+0000] {taskmixin.py:205} WARNING - Dependency <Task(BashOperator): create_entry_group>, delete_entry_group already registered for DAG: example_complex
[2023-02-03T11:56:29.926+0000] {logging_mixin.py:137} INFO - [2023-02-03T11:56:29.926+0000] {taskmixin.py:205} WARNING - Dependency <Task(BashOperator): delete_entry_group>, create_entry_group already registered for DAG: example_complex
[2023-02-03T11:56:29.927+0000] {logging_mixin.py:137} INFO - [2023-02-03T11:56:29.927+0000] {taskmixin.py:205} WARNING - Dependency <Task(BashOperator): create_entry_gcs>, delete_entry already registered for DAG: example_complex
[2023-02-03T11:56:29.928+0000] {logging_mixin.py:137} INFO - [2023-02-03T11:56:29.928+0000] {taskmixin.py:205} WARNING - Dependency <Task(BashOperator): delete_entry>, create_entry_gcs already registered for DAG: example_complex
[2023-02-03T11:56:29.929+0000] {logging_mixin.py:137} INFO - [2023-02-03T11:56:29.929+0000] {taskmixin.py:205} WARNING - Dependency <Task(BashOperator): create_tag>, delete_tag already registered for DAG: example_complex
[2023-02-03T11:56:29.930+0000] {logging_mixin.py:137} INFO - [2023-02-03T11:56:29.930+0000] {taskmixin.py:205} WARNING - Dependency <Task(BashOperator): delete_tag>, create_tag already registered for DAG: example_complex
[2023-02-03T11:56:29.944+0000] {processor.py:753} INFO - DAG(s) dict_keys(['example_complex']) retrieved from /home/airflow/.local/lib/python3.7/site-packages/airflow/example_dags/example_complex.py
[2023-02-03T11:56:30.023+0000] {logging_mixin.py:137} INFO - [2023-02-03T11:56:30.022+0000] {dag.py:2676} INFO - Sync 1 DAGs
[2023-02-03T11:56:30.078+0000] {logging_mixin.py:137} INFO - [2023-02-03T11:56:30.078+0000] {dag.py:3427} INFO - Setting next_dagrun for example_complex to None, run_after=None
[2023-02-03T11:56:30.120+0000] {processor.py:175} INFO - Processing /home/airflow/.local/lib/python3.7/site-packages/airflow/example_dags/example_complex.py took 0.223 seconds
[2023-02-03T11:57:00.622+0000] {processor.py:153} INFO - Started process (PID=236) to work on /home/airflow/.local/lib/python3.7/site-packages/airflow/example_dags/example_complex.py
[2023-02-03T11:57:00.624+0000] {processor.py:743} INFO - Processing file /home/airflow/.local/lib/python3.7/site-packages/airflow/example_dags/example_complex.py for tasks to queue
[2023-02-03T11:57:00.626+0000] {logging_mixin.py:137} INFO - [2023-02-03T11:57:00.626+0000] {dagbag.py:538} INFO - Filling up the DagBag from /home/airflow/.local/lib/python3.7/site-packages/airflow/example_dags/example_complex.py
[2023-02-03T11:57:00.646+0000] {logging_mixin.py:137} INFO - [2023-02-03T11:57:00.645+0000] {taskmixin.py:205} WARNING - Dependency <Task(BashOperator): create_entry_group>, delete_entry_group already registered for DAG: example_complex
[2023-02-03T11:57:00.647+0000] {logging_mixin.py:137} INFO - [2023-02-03T11:57:00.647+0000] {taskmixin.py:205} WARNING - Dependency <Task(BashOperator): delete_entry_group>, create_entry_group already registered for DAG: example_complex
[2023-02-03T11:57:00.648+0000] {logging_mixin.py:137} INFO - [2023-02-03T11:57:00.648+0000] {taskmixin.py:205} WARNING - Dependency <Task(BashOperator): create_entry_gcs>, delete_entry already registered for DAG: example_complex
[2023-02-03T11:57:00.650+0000] {logging_mixin.py:137} INFO - [2023-02-03T11:57:00.650+0000] {taskmixin.py:205} WARNING - Dependency <Task(BashOperator): delete_entry>, create_entry_gcs already registered for DAG: example_complex
[2023-02-03T11:57:00.652+0000] {logging_mixin.py:137} INFO - [2023-02-03T11:57:00.652+0000] {taskmixin.py:205} WARNING - Dependency <Task(BashOperator): create_tag>, delete_tag already registered for DAG: example_complex
[2023-02-03T11:57:00.653+0000] {logging_mixin.py:137} INFO - [2023-02-03T11:57:00.653+0000] {taskmixin.py:205} WARNING - Dependency <Task(BashOperator): delete_tag>, create_tag already registered for DAG: example_complex
[2023-02-03T11:57:00.669+0000] {processor.py:753} INFO - DAG(s) dict_keys(['example_complex']) retrieved from /home/airflow/.local/lib/python3.7/site-packages/airflow/example_dags/example_complex.py
[2023-02-03T11:57:00.778+0000] {logging_mixin.py:137} INFO - [2023-02-03T11:57:00.778+0000] {dag.py:2676} INFO - Sync 1 DAGs
[2023-02-03T11:57:00.849+0000] {logging_mixin.py:137} INFO - [2023-02-03T11:57:00.849+0000] {dag.py:3427} INFO - Setting next_dagrun for example_complex to None, run_after=None
[2023-02-03T11:57:00.895+0000] {processor.py:175} INFO - Processing /home/airflow/.local/lib/python3.7/site-packages/airflow/example_dags/example_complex.py took 0.278 seconds
[2023-02-03T11:57:31.060+0000] {processor.py:153} INFO - Started process (PID=311) to work on /home/airflow/.local/lib/python3.7/site-packages/airflow/example_dags/example_complex.py
[2023-02-03T11:57:31.062+0000] {processor.py:743} INFO - Processing file /home/airflow/.local/lib/python3.7/site-packages/airflow/example_dags/example_complex.py for tasks to queue
[2023-02-03T11:57:31.064+0000] {logging_mixin.py:137} INFO - [2023-02-03T11:57:31.064+0000] {dagbag.py:538} INFO - Filling up the DagBag from /home/airflow/.local/lib/python3.7/site-packages/airflow/example_dags/example_complex.py
[2023-02-03T11:57:31.088+0000] {logging_mixin.py:137} INFO - [2023-02-03T11:57:31.088+0000] {taskmixin.py:205} WARNING - Dependency <Task(BashOperator): create_entry_group>, delete_entry_group already registered for DAG: example_complex
[2023-02-03T11:57:31.089+0000] {logging_mixin.py:137} INFO - [2023-02-03T11:57:31.089+0000] {taskmixin.py:205} WARNING - Dependency <Task(BashOperator): delete_entry_group>, create_entry_group already registered for DAG: example_complex
[2023-02-03T11:57:31.090+0000] {logging_mixin.py:137} INFO - [2023-02-03T11:57:31.090+0000] {taskmixin.py:205} WARNING - Dependency <Task(BashOperator): create_entry_gcs>, delete_entry already registered for DAG: example_complex
[2023-02-03T11:57:31.091+0000] {logging_mixin.py:137} INFO - [2023-02-03T11:57:31.091+0000] {taskmixin.py:205} WARNING - Dependency <Task(BashOperator): delete_entry>, create_entry_gcs already registered for DAG: example_complex
[2023-02-03T11:57:31.092+0000] {logging_mixin.py:137} INFO - [2023-02-03T11:57:31.092+0000] {taskmixin.py:205} WARNING - Dependency <Task(BashOperator): create_tag>, delete_tag already registered for DAG: example_complex
[2023-02-03T11:57:31.093+0000] {logging_mixin.py:137} INFO - [2023-02-03T11:57:31.093+0000] {taskmixin.py:205} WARNING - Dependency <Task(BashOperator): delete_tag>, create_tag already registered for DAG: example_complex
[2023-02-03T11:57:31.104+0000] {processor.py:753} INFO - DAG(s) dict_keys(['example_complex']) retrieved from /home/airflow/.local/lib/python3.7/site-packages/airflow/example_dags/example_complex.py
[2023-02-03T11:57:31.186+0000] {logging_mixin.py:137} INFO - [2023-02-03T11:57:31.186+0000] {dag.py:2676} INFO - Sync 1 DAGs
[2023-02-03T11:57:31.234+0000] {logging_mixin.py:137} INFO - [2023-02-03T11:57:31.234+0000] {dag.py:3427} INFO - Setting next_dagrun for example_complex to None, run_after=None
[2023-02-03T11:57:31.268+0000] {processor.py:175} INFO - Processing /home/airflow/.local/lib/python3.7/site-packages/airflow/example_dags/example_complex.py took 0.215 seconds
