[2023-02-03T11:39:47.633+0000] {processor.py:153} INFO - Started process (PID=50) to work on /home/airflow/.local/lib/python3.7/site-packages/airflow/example_dags/example_short_circuit_operator.py
[2023-02-03T11:39:47.639+0000] {processor.py:743} INFO - Processing file /home/airflow/.local/lib/python3.7/site-packages/airflow/example_dags/example_short_circuit_operator.py for tasks to queue
[2023-02-03T11:39:47.642+0000] {logging_mixin.py:137} INFO - [2023-02-03T11:39:47.641+0000] {dagbag.py:538} INFO - Filling up the DagBag from /home/airflow/.local/lib/python3.7/site-packages/airflow/example_dags/example_short_circuit_operator.py
[2023-02-03T11:39:47.681+0000] {processor.py:753} INFO - DAG(s) dict_keys(['example_short_circuit_operator']) retrieved from /home/airflow/.local/lib/python3.7/site-packages/airflow/example_dags/example_short_circuit_operator.py
[2023-02-03T11:39:47.802+0000] {logging_mixin.py:137} INFO - [2023-02-03T11:39:47.801+0000] {dag.py:2676} INFO - Sync 1 DAGs
[2023-02-03T11:39:47.991+0000] {logging_mixin.py:137} INFO - [2023-02-03T11:39:47.991+0000] {dag.py:3427} INFO - Setting next_dagrun for example_short_circuit_operator to 2023-02-02T11:39:47.990689+00:00, run_after=2023-02-03T11:39:47.990689+00:00
[2023-02-03T11:39:48.074+0000] {processor.py:175} INFO - Processing /home/airflow/.local/lib/python3.7/site-packages/airflow/example_dags/example_short_circuit_operator.py took 0.451 seconds
[2023-02-03T11:40:18.878+0000] {processor.py:153} INFO - Started process (PID=112) to work on /home/airflow/.local/lib/python3.7/site-packages/airflow/example_dags/example_short_circuit_operator.py
[2023-02-03T11:40:18.880+0000] {processor.py:743} INFO - Processing file /home/airflow/.local/lib/python3.7/site-packages/airflow/example_dags/example_short_circuit_operator.py for tasks to queue
[2023-02-03T11:40:18.882+0000] {logging_mixin.py:137} INFO - [2023-02-03T11:40:18.882+0000] {dagbag.py:538} INFO - Filling up the DagBag from /home/airflow/.local/lib/python3.7/site-packages/airflow/example_dags/example_short_circuit_operator.py
[2023-02-03T11:40:18.913+0000] {processor.py:753} INFO - DAG(s) dict_keys(['example_short_circuit_operator']) retrieved from /home/airflow/.local/lib/python3.7/site-packages/airflow/example_dags/example_short_circuit_operator.py
[2023-02-03T11:40:19.027+0000] {logging_mixin.py:137} INFO - [2023-02-03T11:40:19.026+0000] {dag.py:2676} INFO - Sync 1 DAGs
[2023-02-03T11:40:19.120+0000] {logging_mixin.py:137} INFO - [2023-02-03T11:40:19.120+0000] {dag.py:3427} INFO - Setting next_dagrun for example_short_circuit_operator to 2023-02-02T11:40:19.119856+00:00, run_after=2023-02-03T11:40:19.119856+00:00
[2023-02-03T11:40:19.167+0000] {processor.py:175} INFO - Processing /home/airflow/.local/lib/python3.7/site-packages/airflow/example_dags/example_short_circuit_operator.py took 0.295 seconds
[2023-02-03T11:40:49.433+0000] {processor.py:153} INFO - Started process (PID=174) to work on /home/airflow/.local/lib/python3.7/site-packages/airflow/example_dags/example_short_circuit_operator.py
[2023-02-03T11:40:49.435+0000] {processor.py:743} INFO - Processing file /home/airflow/.local/lib/python3.7/site-packages/airflow/example_dags/example_short_circuit_operator.py for tasks to queue
[2023-02-03T11:40:49.437+0000] {logging_mixin.py:137} INFO - [2023-02-03T11:40:49.437+0000] {dagbag.py:538} INFO - Filling up the DagBag from /home/airflow/.local/lib/python3.7/site-packages/airflow/example_dags/example_short_circuit_operator.py
[2023-02-03T11:40:49.467+0000] {processor.py:753} INFO - DAG(s) dict_keys(['example_short_circuit_operator']) retrieved from /home/airflow/.local/lib/python3.7/site-packages/airflow/example_dags/example_short_circuit_operator.py
[2023-02-03T11:40:49.539+0000] {logging_mixin.py:137} INFO - [2023-02-03T11:40:49.539+0000] {dag.py:2676} INFO - Sync 1 DAGs
[2023-02-03T11:40:49.595+0000] {logging_mixin.py:137} INFO - [2023-02-03T11:40:49.595+0000] {dag.py:3427} INFO - Setting next_dagrun for example_short_circuit_operator to 2023-02-02T11:40:49.594944+00:00, run_after=2023-02-03T11:40:49.594944+00:00
[2023-02-03T11:40:49.641+0000] {processor.py:175} INFO - Processing /home/airflow/.local/lib/python3.7/site-packages/airflow/example_dags/example_short_circuit_operator.py took 0.215 seconds
[2023-02-03T11:41:19.840+0000] {processor.py:153} INFO - Started process (PID=236) to work on /home/airflow/.local/lib/python3.7/site-packages/airflow/example_dags/example_short_circuit_operator.py
[2023-02-03T11:41:19.842+0000] {processor.py:743} INFO - Processing file /home/airflow/.local/lib/python3.7/site-packages/airflow/example_dags/example_short_circuit_operator.py for tasks to queue
[2023-02-03T11:41:19.844+0000] {logging_mixin.py:137} INFO - [2023-02-03T11:41:19.843+0000] {dagbag.py:538} INFO - Filling up the DagBag from /home/airflow/.local/lib/python3.7/site-packages/airflow/example_dags/example_short_circuit_operator.py
[2023-02-03T11:41:19.876+0000] {processor.py:753} INFO - DAG(s) dict_keys(['example_short_circuit_operator']) retrieved from /home/airflow/.local/lib/python3.7/site-packages/airflow/example_dags/example_short_circuit_operator.py
[2023-02-03T11:41:19.943+0000] {logging_mixin.py:137} INFO - [2023-02-03T11:41:19.943+0000] {dag.py:2676} INFO - Sync 1 DAGs
[2023-02-03T11:41:20.018+0000] {logging_mixin.py:137} INFO - [2023-02-03T11:41:20.018+0000] {dag.py:3427} INFO - Setting next_dagrun for example_short_circuit_operator to 2023-02-02T11:41:20.017640+00:00, run_after=2023-02-03T11:41:20.017640+00:00
[2023-02-03T11:41:20.087+0000] {processor.py:175} INFO - Processing /home/airflow/.local/lib/python3.7/site-packages/airflow/example_dags/example_short_circuit_operator.py took 0.254 seconds
[2023-02-03T11:41:50.178+0000] {processor.py:153} INFO - Started process (PID=310) to work on /home/airflow/.local/lib/python3.7/site-packages/airflow/example_dags/example_short_circuit_operator.py
[2023-02-03T11:41:50.179+0000] {processor.py:743} INFO - Processing file /home/airflow/.local/lib/python3.7/site-packages/airflow/example_dags/example_short_circuit_operator.py for tasks to queue
[2023-02-03T11:41:50.181+0000] {logging_mixin.py:137} INFO - [2023-02-03T11:41:50.180+0000] {dagbag.py:538} INFO - Filling up the DagBag from /home/airflow/.local/lib/python3.7/site-packages/airflow/example_dags/example_short_circuit_operator.py
[2023-02-03T11:41:50.209+0000] {processor.py:753} INFO - DAG(s) dict_keys(['example_short_circuit_operator']) retrieved from /home/airflow/.local/lib/python3.7/site-packages/airflow/example_dags/example_short_circuit_operator.py
[2023-02-03T11:41:50.297+0000] {logging_mixin.py:137} INFO - [2023-02-03T11:41:50.297+0000] {dag.py:2676} INFO - Sync 1 DAGs
[2023-02-03T11:41:50.345+0000] {logging_mixin.py:137} INFO - [2023-02-03T11:41:50.345+0000] {dag.py:3427} INFO - Setting next_dagrun for example_short_circuit_operator to 2023-02-02T11:41:50.345351+00:00, run_after=2023-02-03T11:41:50.345351+00:00
[2023-02-03T11:41:50.388+0000] {processor.py:175} INFO - Processing /home/airflow/.local/lib/python3.7/site-packages/airflow/example_dags/example_short_circuit_operator.py took 0.217 seconds
[2023-02-03T11:42:20.775+0000] {processor.py:153} INFO - Started process (PID=373) to work on /home/airflow/.local/lib/python3.7/site-packages/airflow/example_dags/example_short_circuit_operator.py
[2023-02-03T11:42:20.777+0000] {processor.py:743} INFO - Processing file /home/airflow/.local/lib/python3.7/site-packages/airflow/example_dags/example_short_circuit_operator.py for tasks to queue
[2023-02-03T11:42:20.779+0000] {logging_mixin.py:137} INFO - [2023-02-03T11:42:20.778+0000] {dagbag.py:538} INFO - Filling up the DagBag from /home/airflow/.local/lib/python3.7/site-packages/airflow/example_dags/example_short_circuit_operator.py
[2023-02-03T11:42:20.821+0000] {processor.py:753} INFO - DAG(s) dict_keys(['example_short_circuit_operator']) retrieved from /home/airflow/.local/lib/python3.7/site-packages/airflow/example_dags/example_short_circuit_operator.py
[2023-02-03T11:42:20.941+0000] {logging_mixin.py:137} INFO - [2023-02-03T11:42:20.941+0000] {dag.py:2676} INFO - Sync 1 DAGs
[2023-02-03T11:42:21.008+0000] {logging_mixin.py:137} INFO - [2023-02-03T11:42:21.008+0000] {dag.py:3427} INFO - Setting next_dagrun for example_short_circuit_operator to 2023-02-02T11:42:21.007979+00:00, run_after=2023-02-03T11:42:21.007979+00:00
[2023-02-03T11:42:21.058+0000] {processor.py:175} INFO - Processing /home/airflow/.local/lib/python3.7/site-packages/airflow/example_dags/example_short_circuit_operator.py took 0.289 seconds
[2023-02-03T11:43:34.762+0000] {processor.py:153} INFO - Started process (PID=50) to work on /home/airflow/.local/lib/python3.7/site-packages/airflow/example_dags/example_short_circuit_operator.py
[2023-02-03T11:43:34.766+0000] {processor.py:743} INFO - Processing file /home/airflow/.local/lib/python3.7/site-packages/airflow/example_dags/example_short_circuit_operator.py for tasks to queue
[2023-02-03T11:43:34.768+0000] {logging_mixin.py:137} INFO - [2023-02-03T11:43:34.768+0000] {dagbag.py:538} INFO - Filling up the DagBag from /home/airflow/.local/lib/python3.7/site-packages/airflow/example_dags/example_short_circuit_operator.py
[2023-02-03T11:43:34.812+0000] {processor.py:753} INFO - DAG(s) dict_keys(['example_short_circuit_operator']) retrieved from /home/airflow/.local/lib/python3.7/site-packages/airflow/example_dags/example_short_circuit_operator.py
[2023-02-03T11:43:34.940+0000] {logging_mixin.py:137} INFO - [2023-02-03T11:43:34.939+0000] {dag.py:2676} INFO - Sync 1 DAGs
[2023-02-03T11:43:35.069+0000] {logging_mixin.py:137} INFO - [2023-02-03T11:43:35.069+0000] {dag.py:3427} INFO - Setting next_dagrun for example_short_circuit_operator to 2023-02-02T11:43:35.068952+00:00, run_after=2023-02-03T11:43:35.068952+00:00
[2023-02-03T11:43:35.145+0000] {processor.py:175} INFO - Processing /home/airflow/.local/lib/python3.7/site-packages/airflow/example_dags/example_short_circuit_operator.py took 0.391 seconds
[2023-02-03T11:44:05.296+0000] {processor.py:153} INFO - Started process (PID=113) to work on /home/airflow/.local/lib/python3.7/site-packages/airflow/example_dags/example_short_circuit_operator.py
[2023-02-03T11:44:05.299+0000] {processor.py:743} INFO - Processing file /home/airflow/.local/lib/python3.7/site-packages/airflow/example_dags/example_short_circuit_operator.py for tasks to queue
[2023-02-03T11:44:05.302+0000] {logging_mixin.py:137} INFO - [2023-02-03T11:44:05.302+0000] {dagbag.py:538} INFO - Filling up the DagBag from /home/airflow/.local/lib/python3.7/site-packages/airflow/example_dags/example_short_circuit_operator.py
[2023-02-03T11:44:05.363+0000] {processor.py:753} INFO - DAG(s) dict_keys(['example_short_circuit_operator']) retrieved from /home/airflow/.local/lib/python3.7/site-packages/airflow/example_dags/example_short_circuit_operator.py
[2023-02-03T11:44:05.457+0000] {logging_mixin.py:137} INFO - [2023-02-03T11:44:05.457+0000] {dag.py:2676} INFO - Sync 1 DAGs
[2023-02-03T11:44:05.520+0000] {logging_mixin.py:137} INFO - [2023-02-03T11:44:05.520+0000] {dag.py:3427} INFO - Setting next_dagrun for example_short_circuit_operator to 2023-02-02T11:44:05.519708+00:00, run_after=2023-02-03T11:44:05.519708+00:00
[2023-02-03T11:44:05.562+0000] {processor.py:175} INFO - Processing /home/airflow/.local/lib/python3.7/site-packages/airflow/example_dags/example_short_circuit_operator.py took 0.276 seconds
[2023-02-03T11:44:35.850+0000] {processor.py:153} INFO - Started process (PID=175) to work on /home/airflow/.local/lib/python3.7/site-packages/airflow/example_dags/example_short_circuit_operator.py
[2023-02-03T11:44:35.853+0000] {processor.py:743} INFO - Processing file /home/airflow/.local/lib/python3.7/site-packages/airflow/example_dags/example_short_circuit_operator.py for tasks to queue
[2023-02-03T11:44:35.855+0000] {logging_mixin.py:137} INFO - [2023-02-03T11:44:35.854+0000] {dagbag.py:538} INFO - Filling up the DagBag from /home/airflow/.local/lib/python3.7/site-packages/airflow/example_dags/example_short_circuit_operator.py
[2023-02-03T11:44:35.881+0000] {processor.py:753} INFO - DAG(s) dict_keys(['example_short_circuit_operator']) retrieved from /home/airflow/.local/lib/python3.7/site-packages/airflow/example_dags/example_short_circuit_operator.py
[2023-02-03T11:44:35.949+0000] {logging_mixin.py:137} INFO - [2023-02-03T11:44:35.949+0000] {dag.py:2676} INFO - Sync 1 DAGs
[2023-02-03T11:44:36.002+0000] {logging_mixin.py:137} INFO - [2023-02-03T11:44:36.002+0000] {dag.py:3427} INFO - Setting next_dagrun for example_short_circuit_operator to 2023-02-02T11:44:36.002146+00:00, run_after=2023-02-03T11:44:36.002146+00:00
[2023-02-03T11:44:36.035+0000] {processor.py:175} INFO - Processing /home/airflow/.local/lib/python3.7/site-packages/airflow/example_dags/example_short_circuit_operator.py took 0.189 seconds
[2023-02-03T11:45:06.092+0000] {processor.py:153} INFO - Started process (PID=239) to work on /home/airflow/.local/lib/python3.7/site-packages/airflow/example_dags/example_short_circuit_operator.py
[2023-02-03T11:45:06.094+0000] {processor.py:743} INFO - Processing file /home/airflow/.local/lib/python3.7/site-packages/airflow/example_dags/example_short_circuit_operator.py for tasks to queue
[2023-02-03T11:45:06.095+0000] {logging_mixin.py:137} INFO - [2023-02-03T11:45:06.095+0000] {dagbag.py:538} INFO - Filling up the DagBag from /home/airflow/.local/lib/python3.7/site-packages/airflow/example_dags/example_short_circuit_operator.py
[2023-02-03T11:45:06.117+0000] {processor.py:753} INFO - DAG(s) dict_keys(['example_short_circuit_operator']) retrieved from /home/airflow/.local/lib/python3.7/site-packages/airflow/example_dags/example_short_circuit_operator.py
[2023-02-03T11:45:06.177+0000] {logging_mixin.py:137} INFO - [2023-02-03T11:45:06.177+0000] {dag.py:2676} INFO - Sync 1 DAGs
[2023-02-03T11:45:06.224+0000] {logging_mixin.py:137} INFO - [2023-02-03T11:45:06.224+0000] {dag.py:3427} INFO - Setting next_dagrun for example_short_circuit_operator to 2023-02-02T11:45:06.223846+00:00, run_after=2023-02-03T11:45:06.223846+00:00
[2023-02-03T11:45:06.262+0000] {processor.py:175} INFO - Processing /home/airflow/.local/lib/python3.7/site-packages/airflow/example_dags/example_short_circuit_operator.py took 0.174 seconds
[2023-02-03T11:45:36.337+0000] {processor.py:153} INFO - Started process (PID=301) to work on /home/airflow/.local/lib/python3.7/site-packages/airflow/example_dags/example_short_circuit_operator.py
[2023-02-03T11:45:36.339+0000] {processor.py:743} INFO - Processing file /home/airflow/.local/lib/python3.7/site-packages/airflow/example_dags/example_short_circuit_operator.py for tasks to queue
[2023-02-03T11:45:36.341+0000] {logging_mixin.py:137} INFO - [2023-02-03T11:45:36.341+0000] {dagbag.py:538} INFO - Filling up the DagBag from /home/airflow/.local/lib/python3.7/site-packages/airflow/example_dags/example_short_circuit_operator.py
[2023-02-03T11:45:36.375+0000] {processor.py:753} INFO - DAG(s) dict_keys(['example_short_circuit_operator']) retrieved from /home/airflow/.local/lib/python3.7/site-packages/airflow/example_dags/example_short_circuit_operator.py
[2023-02-03T11:45:36.452+0000] {logging_mixin.py:137} INFO - [2023-02-03T11:45:36.451+0000] {dag.py:2676} INFO - Sync 1 DAGs
[2023-02-03T11:45:36.509+0000] {logging_mixin.py:137} INFO - [2023-02-03T11:45:36.509+0000] {dag.py:3427} INFO - Setting next_dagrun for example_short_circuit_operator to 2023-02-02T11:45:36.508904+00:00, run_after=2023-02-03T11:45:36.508904+00:00
[2023-02-03T11:45:36.537+0000] {processor.py:175} INFO - Processing /home/airflow/.local/lib/python3.7/site-packages/airflow/example_dags/example_short_circuit_operator.py took 0.205 seconds
[2023-02-03T11:46:07.167+0000] {processor.py:153} INFO - Started process (PID=376) to work on /home/airflow/.local/lib/python3.7/site-packages/airflow/example_dags/example_short_circuit_operator.py
[2023-02-03T11:46:07.169+0000] {processor.py:743} INFO - Processing file /home/airflow/.local/lib/python3.7/site-packages/airflow/example_dags/example_short_circuit_operator.py for tasks to queue
[2023-02-03T11:46:07.171+0000] {logging_mixin.py:137} INFO - [2023-02-03T11:46:07.171+0000] {dagbag.py:538} INFO - Filling up the DagBag from /home/airflow/.local/lib/python3.7/site-packages/airflow/example_dags/example_short_circuit_operator.py
[2023-02-03T11:46:07.199+0000] {processor.py:753} INFO - DAG(s) dict_keys(['example_short_circuit_operator']) retrieved from /home/airflow/.local/lib/python3.7/site-packages/airflow/example_dags/example_short_circuit_operator.py
[2023-02-03T11:46:07.276+0000] {logging_mixin.py:137} INFO - [2023-02-03T11:46:07.276+0000] {dag.py:2676} INFO - Sync 1 DAGs
[2023-02-03T11:46:07.323+0000] {logging_mixin.py:137} INFO - [2023-02-03T11:46:07.323+0000] {dag.py:3427} INFO - Setting next_dagrun for example_short_circuit_operator to 2023-02-02T11:46:07.323351+00:00, run_after=2023-02-03T11:46:07.323351+00:00
[2023-02-03T11:46:07.371+0000] {processor.py:175} INFO - Processing /home/airflow/.local/lib/python3.7/site-packages/airflow/example_dags/example_short_circuit_operator.py took 0.209 seconds
[2023-02-03T11:46:37.680+0000] {processor.py:153} INFO - Started process (PID=439) to work on /home/airflow/.local/lib/python3.7/site-packages/airflow/example_dags/example_short_circuit_operator.py
[2023-02-03T11:46:37.683+0000] {processor.py:743} INFO - Processing file /home/airflow/.local/lib/python3.7/site-packages/airflow/example_dags/example_short_circuit_operator.py for tasks to queue
[2023-02-03T11:46:37.686+0000] {logging_mixin.py:137} INFO - [2023-02-03T11:46:37.685+0000] {dagbag.py:538} INFO - Filling up the DagBag from /home/airflow/.local/lib/python3.7/site-packages/airflow/example_dags/example_short_circuit_operator.py
[2023-02-03T11:46:37.713+0000] {processor.py:753} INFO - DAG(s) dict_keys(['example_short_circuit_operator']) retrieved from /home/airflow/.local/lib/python3.7/site-packages/airflow/example_dags/example_short_circuit_operator.py
[2023-02-03T11:46:37.795+0000] {logging_mixin.py:137} INFO - [2023-02-03T11:46:37.794+0000] {dag.py:2676} INFO - Sync 1 DAGs
[2023-02-03T11:46:37.862+0000] {logging_mixin.py:137} INFO - [2023-02-03T11:46:37.862+0000] {dag.py:3427} INFO - Setting next_dagrun for example_short_circuit_operator to 2023-02-02T11:46:37.861537+00:00, run_after=2023-02-03T11:46:37.861537+00:00
[2023-02-03T11:46:37.905+0000] {processor.py:175} INFO - Processing /home/airflow/.local/lib/python3.7/site-packages/airflow/example_dags/example_short_circuit_operator.py took 0.230 seconds
[2023-02-03T11:47:08.554+0000] {processor.py:153} INFO - Started process (PID=508) to work on /home/airflow/.local/lib/python3.7/site-packages/airflow/example_dags/example_short_circuit_operator.py
[2023-02-03T11:47:08.556+0000] {processor.py:743} INFO - Processing file /home/airflow/.local/lib/python3.7/site-packages/airflow/example_dags/example_short_circuit_operator.py for tasks to queue
[2023-02-03T11:47:08.558+0000] {logging_mixin.py:137} INFO - [2023-02-03T11:47:08.558+0000] {dagbag.py:538} INFO - Filling up the DagBag from /home/airflow/.local/lib/python3.7/site-packages/airflow/example_dags/example_short_circuit_operator.py
[2023-02-03T11:47:08.598+0000] {processor.py:753} INFO - DAG(s) dict_keys(['example_short_circuit_operator']) retrieved from /home/airflow/.local/lib/python3.7/site-packages/airflow/example_dags/example_short_circuit_operator.py
[2023-02-03T11:47:08.703+0000] {logging_mixin.py:137} INFO - [2023-02-03T11:47:08.703+0000] {dag.py:2676} INFO - Sync 1 DAGs
[2023-02-03T11:47:08.788+0000] {logging_mixin.py:137} INFO - [2023-02-03T11:47:08.787+0000] {dag.py:3427} INFO - Setting next_dagrun for example_short_circuit_operator to 2023-02-02T11:47:08.787522+00:00, run_after=2023-02-03T11:47:08.787522+00:00
[2023-02-03T11:47:08.833+0000] {processor.py:175} INFO - Processing /home/airflow/.local/lib/python3.7/site-packages/airflow/example_dags/example_short_circuit_operator.py took 0.287 seconds
[2023-02-03T11:47:39.057+0000] {processor.py:153} INFO - Started process (PID=574) to work on /home/airflow/.local/lib/python3.7/site-packages/airflow/example_dags/example_short_circuit_operator.py
[2023-02-03T11:47:39.059+0000] {processor.py:743} INFO - Processing file /home/airflow/.local/lib/python3.7/site-packages/airflow/example_dags/example_short_circuit_operator.py for tasks to queue
[2023-02-03T11:47:39.061+0000] {logging_mixin.py:137} INFO - [2023-02-03T11:47:39.060+0000] {dagbag.py:538} INFO - Filling up the DagBag from /home/airflow/.local/lib/python3.7/site-packages/airflow/example_dags/example_short_circuit_operator.py
[2023-02-03T11:47:39.096+0000] {processor.py:753} INFO - DAG(s) dict_keys(['example_short_circuit_operator']) retrieved from /home/airflow/.local/lib/python3.7/site-packages/airflow/example_dags/example_short_circuit_operator.py
[2023-02-03T11:47:39.186+0000] {logging_mixin.py:137} INFO - [2023-02-03T11:47:39.186+0000] {dag.py:2676} INFO - Sync 1 DAGs
[2023-02-03T11:47:39.246+0000] {logging_mixin.py:137} INFO - [2023-02-03T11:47:39.246+0000] {dag.py:3427} INFO - Setting next_dagrun for example_short_circuit_operator to 2023-02-02T11:47:39.246198+00:00, run_after=2023-02-03T11:47:39.246198+00:00
[2023-02-03T11:47:39.290+0000] {processor.py:175} INFO - Processing /home/airflow/.local/lib/python3.7/site-packages/airflow/example_dags/example_short_circuit_operator.py took 0.238 seconds
[2023-02-03T11:48:09.920+0000] {processor.py:153} INFO - Started process (PID=636) to work on /home/airflow/.local/lib/python3.7/site-packages/airflow/example_dags/example_short_circuit_operator.py
[2023-02-03T11:48:09.922+0000] {processor.py:743} INFO - Processing file /home/airflow/.local/lib/python3.7/site-packages/airflow/example_dags/example_short_circuit_operator.py for tasks to queue
[2023-02-03T11:48:09.923+0000] {logging_mixin.py:137} INFO - [2023-02-03T11:48:09.923+0000] {dagbag.py:538} INFO - Filling up the DagBag from /home/airflow/.local/lib/python3.7/site-packages/airflow/example_dags/example_short_circuit_operator.py
[2023-02-03T11:48:09.958+0000] {processor.py:753} INFO - DAG(s) dict_keys(['example_short_circuit_operator']) retrieved from /home/airflow/.local/lib/python3.7/site-packages/airflow/example_dags/example_short_circuit_operator.py
[2023-02-03T11:48:10.032+0000] {logging_mixin.py:137} INFO - [2023-02-03T11:48:10.032+0000] {dag.py:2676} INFO - Sync 1 DAGs
[2023-02-03T11:48:10.092+0000] {logging_mixin.py:137} INFO - [2023-02-03T11:48:10.092+0000] {dag.py:3427} INFO - Setting next_dagrun for example_short_circuit_operator to 2023-02-02T11:48:10.092405+00:00, run_after=2023-02-03T11:48:10.092405+00:00
[2023-02-03T11:48:10.157+0000] {processor.py:175} INFO - Processing /home/airflow/.local/lib/python3.7/site-packages/airflow/example_dags/example_short_circuit_operator.py took 0.242 seconds
[2023-02-03T11:48:41.280+0000] {processor.py:153} INFO - Started process (PID=707) to work on /home/airflow/.local/lib/python3.7/site-packages/airflow/example_dags/example_short_circuit_operator.py
[2023-02-03T11:48:41.283+0000] {processor.py:743} INFO - Processing file /home/airflow/.local/lib/python3.7/site-packages/airflow/example_dags/example_short_circuit_operator.py for tasks to queue
[2023-02-03T11:48:41.285+0000] {logging_mixin.py:137} INFO - [2023-02-03T11:48:41.285+0000] {dagbag.py:538} INFO - Filling up the DagBag from /home/airflow/.local/lib/python3.7/site-packages/airflow/example_dags/example_short_circuit_operator.py
[2023-02-03T11:48:41.311+0000] {processor.py:753} INFO - DAG(s) dict_keys(['example_short_circuit_operator']) retrieved from /home/airflow/.local/lib/python3.7/site-packages/airflow/example_dags/example_short_circuit_operator.py
[2023-02-03T11:48:41.388+0000] {logging_mixin.py:137} INFO - [2023-02-03T11:48:41.387+0000] {dag.py:2676} INFO - Sync 1 DAGs
[2023-02-03T11:48:41.447+0000] {logging_mixin.py:137} INFO - [2023-02-03T11:48:41.446+0000] {dag.py:3427} INFO - Setting next_dagrun for example_short_circuit_operator to 2023-02-02T11:48:41.446503+00:00, run_after=2023-02-03T11:48:41.446503+00:00
[2023-02-03T11:48:41.477+0000] {processor.py:175} INFO - Processing /home/airflow/.local/lib/python3.7/site-packages/airflow/example_dags/example_short_circuit_operator.py took 0.203 seconds
[2023-02-03T11:49:11.889+0000] {processor.py:153} INFO - Started process (PID=772) to work on /home/airflow/.local/lib/python3.7/site-packages/airflow/example_dags/example_short_circuit_operator.py
[2023-02-03T11:49:11.891+0000] {processor.py:743} INFO - Processing file /home/airflow/.local/lib/python3.7/site-packages/airflow/example_dags/example_short_circuit_operator.py for tasks to queue
[2023-02-03T11:49:11.893+0000] {logging_mixin.py:137} INFO - [2023-02-03T11:49:11.892+0000] {dagbag.py:538} INFO - Filling up the DagBag from /home/airflow/.local/lib/python3.7/site-packages/airflow/example_dags/example_short_circuit_operator.py
[2023-02-03T11:49:11.914+0000] {processor.py:753} INFO - DAG(s) dict_keys(['example_short_circuit_operator']) retrieved from /home/airflow/.local/lib/python3.7/site-packages/airflow/example_dags/example_short_circuit_operator.py
[2023-02-03T11:49:11.977+0000] {logging_mixin.py:137} INFO - [2023-02-03T11:49:11.977+0000] {dag.py:2676} INFO - Sync 1 DAGs
[2023-02-03T11:49:12.023+0000] {logging_mixin.py:137} INFO - [2023-02-03T11:49:12.023+0000] {dag.py:3427} INFO - Setting next_dagrun for example_short_circuit_operator to 2023-02-02T11:49:12.023197+00:00, run_after=2023-02-03T11:49:12.023197+00:00
[2023-02-03T11:49:12.072+0000] {processor.py:175} INFO - Processing /home/airflow/.local/lib/python3.7/site-packages/airflow/example_dags/example_short_circuit_operator.py took 0.186 seconds
[2023-02-03T11:49:42.946+0000] {processor.py:153} INFO - Started process (PID=834) to work on /home/airflow/.local/lib/python3.7/site-packages/airflow/example_dags/example_short_circuit_operator.py
[2023-02-03T11:49:42.964+0000] {processor.py:743} INFO - Processing file /home/airflow/.local/lib/python3.7/site-packages/airflow/example_dags/example_short_circuit_operator.py for tasks to queue
[2023-02-03T11:49:42.968+0000] {logging_mixin.py:137} INFO - [2023-02-03T11:49:42.968+0000] {dagbag.py:538} INFO - Filling up the DagBag from /home/airflow/.local/lib/python3.7/site-packages/airflow/example_dags/example_short_circuit_operator.py
[2023-02-03T11:49:43.046+0000] {processor.py:753} INFO - DAG(s) dict_keys(['example_short_circuit_operator']) retrieved from /home/airflow/.local/lib/python3.7/site-packages/airflow/example_dags/example_short_circuit_operator.py
[2023-02-03T11:49:43.217+0000] {logging_mixin.py:137} INFO - [2023-02-03T11:49:43.216+0000] {dag.py:2676} INFO - Sync 1 DAGs
[2023-02-03T11:49:43.534+0000] {logging_mixin.py:137} INFO - [2023-02-03T11:49:43.534+0000] {dag.py:3427} INFO - Setting next_dagrun for example_short_circuit_operator to 2023-02-02T11:49:43.534175+00:00, run_after=2023-02-03T11:49:43.534175+00:00
[2023-02-03T11:49:43.713+0000] {processor.py:175} INFO - Processing /home/airflow/.local/lib/python3.7/site-packages/airflow/example_dags/example_short_circuit_operator.py took 0.786 seconds
[2023-02-03T11:50:14.260+0000] {processor.py:153} INFO - Started process (PID=895) to work on /home/airflow/.local/lib/python3.7/site-packages/airflow/example_dags/example_short_circuit_operator.py
[2023-02-03T11:50:14.269+0000] {processor.py:743} INFO - Processing file /home/airflow/.local/lib/python3.7/site-packages/airflow/example_dags/example_short_circuit_operator.py for tasks to queue
[2023-02-03T11:50:14.271+0000] {logging_mixin.py:137} INFO - [2023-02-03T11:50:14.270+0000] {dagbag.py:538} INFO - Filling up the DagBag from /home/airflow/.local/lib/python3.7/site-packages/airflow/example_dags/example_short_circuit_operator.py
[2023-02-03T11:50:14.299+0000] {processor.py:753} INFO - DAG(s) dict_keys(['example_short_circuit_operator']) retrieved from /home/airflow/.local/lib/python3.7/site-packages/airflow/example_dags/example_short_circuit_operator.py
[2023-02-03T11:50:14.400+0000] {logging_mixin.py:137} INFO - [2023-02-03T11:50:14.400+0000] {dag.py:2676} INFO - Sync 1 DAGs
[2023-02-03T11:50:14.436+0000] {logging_mixin.py:137} INFO - [2023-02-03T11:50:14.435+0000] {dag.py:3427} INFO - Setting next_dagrun for example_short_circuit_operator to 2023-02-02T11:50:14.435470+00:00, run_after=2023-02-03T11:50:14.435470+00:00
[2023-02-03T11:50:14.475+0000] {processor.py:175} INFO - Processing /home/airflow/.local/lib/python3.7/site-packages/airflow/example_dags/example_short_circuit_operator.py took 0.242 seconds
[2023-02-03T11:50:44.687+0000] {processor.py:153} INFO - Started process (PID=969) to work on /home/airflow/.local/lib/python3.7/site-packages/airflow/example_dags/example_short_circuit_operator.py
[2023-02-03T11:50:44.690+0000] {processor.py:743} INFO - Processing file /home/airflow/.local/lib/python3.7/site-packages/airflow/example_dags/example_short_circuit_operator.py for tasks to queue
[2023-02-03T11:50:44.692+0000] {logging_mixin.py:137} INFO - [2023-02-03T11:50:44.691+0000] {dagbag.py:538} INFO - Filling up the DagBag from /home/airflow/.local/lib/python3.7/site-packages/airflow/example_dags/example_short_circuit_operator.py
[2023-02-03T11:50:44.720+0000] {processor.py:753} INFO - DAG(s) dict_keys(['example_short_circuit_operator']) retrieved from /home/airflow/.local/lib/python3.7/site-packages/airflow/example_dags/example_short_circuit_operator.py
[2023-02-03T11:50:44.803+0000] {logging_mixin.py:137} INFO - [2023-02-03T11:50:44.803+0000] {dag.py:2676} INFO - Sync 1 DAGs
[2023-02-03T11:50:44.871+0000] {logging_mixin.py:137} INFO - [2023-02-03T11:50:44.871+0000] {dag.py:3427} INFO - Setting next_dagrun for example_short_circuit_operator to 2023-02-02T11:50:44.871130+00:00, run_after=2023-02-03T11:50:44.871130+00:00
[2023-02-03T11:50:44.943+0000] {processor.py:175} INFO - Processing /home/airflow/.local/lib/python3.7/site-packages/airflow/example_dags/example_short_circuit_operator.py took 0.263 seconds
[2023-02-03T11:55:28.506+0000] {processor.py:153} INFO - Started process (PID=50) to work on /home/airflow/.local/lib/python3.7/site-packages/airflow/example_dags/example_short_circuit_operator.py
[2023-02-03T11:55:28.514+0000] {processor.py:743} INFO - Processing file /home/airflow/.local/lib/python3.7/site-packages/airflow/example_dags/example_short_circuit_operator.py for tasks to queue
[2023-02-03T11:55:28.517+0000] {logging_mixin.py:137} INFO - [2023-02-03T11:55:28.517+0000] {dagbag.py:538} INFO - Filling up the DagBag from /home/airflow/.local/lib/python3.7/site-packages/airflow/example_dags/example_short_circuit_operator.py
[2023-02-03T11:55:28.574+0000] {processor.py:753} INFO - DAG(s) dict_keys(['example_short_circuit_operator']) retrieved from /home/airflow/.local/lib/python3.7/site-packages/airflow/example_dags/example_short_circuit_operator.py
[2023-02-03T11:55:28.792+0000] {logging_mixin.py:137} INFO - [2023-02-03T11:55:28.792+0000] {dag.py:2676} INFO - Sync 1 DAGs
[2023-02-03T11:55:28.886+0000] {logging_mixin.py:137} INFO - [2023-02-03T11:55:28.886+0000] {dag.py:3427} INFO - Setting next_dagrun for example_short_circuit_operator to 2023-02-02T11:55:28.885667+00:00, run_after=2023-02-03T11:55:28.885667+00:00
[2023-02-03T11:55:28.960+0000] {processor.py:175} INFO - Processing /home/airflow/.local/lib/python3.7/site-packages/airflow/example_dags/example_short_circuit_operator.py took 0.481 seconds
[2023-02-03T11:55:59.140+0000] {processor.py:153} INFO - Started process (PID=112) to work on /home/airflow/.local/lib/python3.7/site-packages/airflow/example_dags/example_short_circuit_operator.py
[2023-02-03T11:55:59.143+0000] {processor.py:743} INFO - Processing file /home/airflow/.local/lib/python3.7/site-packages/airflow/example_dags/example_short_circuit_operator.py for tasks to queue
[2023-02-03T11:55:59.145+0000] {logging_mixin.py:137} INFO - [2023-02-03T11:55:59.145+0000] {dagbag.py:538} INFO - Filling up the DagBag from /home/airflow/.local/lib/python3.7/site-packages/airflow/example_dags/example_short_circuit_operator.py
[2023-02-03T11:55:59.183+0000] {processor.py:753} INFO - DAG(s) dict_keys(['example_short_circuit_operator']) retrieved from /home/airflow/.local/lib/python3.7/site-packages/airflow/example_dags/example_short_circuit_operator.py
[2023-02-03T11:55:59.293+0000] {logging_mixin.py:137} INFO - [2023-02-03T11:55:59.293+0000] {dag.py:2676} INFO - Sync 1 DAGs
[2023-02-03T11:55:59.355+0000] {logging_mixin.py:137} INFO - [2023-02-03T11:55:59.354+0000] {dag.py:3427} INFO - Setting next_dagrun for example_short_circuit_operator to 2023-02-02T11:55:59.354096+00:00, run_after=2023-02-03T11:55:59.354096+00:00
[2023-02-03T11:55:59.396+0000] {processor.py:175} INFO - Processing /home/airflow/.local/lib/python3.7/site-packages/airflow/example_dags/example_short_circuit_operator.py took 0.262 seconds
[2023-02-03T11:56:29.541+0000] {processor.py:153} INFO - Started process (PID=173) to work on /home/airflow/.local/lib/python3.7/site-packages/airflow/example_dags/example_short_circuit_operator.py
[2023-02-03T11:56:29.543+0000] {processor.py:743} INFO - Processing file /home/airflow/.local/lib/python3.7/site-packages/airflow/example_dags/example_short_circuit_operator.py for tasks to queue
[2023-02-03T11:56:29.545+0000] {logging_mixin.py:137} INFO - [2023-02-03T11:56:29.544+0000] {dagbag.py:538} INFO - Filling up the DagBag from /home/airflow/.local/lib/python3.7/site-packages/airflow/example_dags/example_short_circuit_operator.py
[2023-02-03T11:56:29.573+0000] {processor.py:753} INFO - DAG(s) dict_keys(['example_short_circuit_operator']) retrieved from /home/airflow/.local/lib/python3.7/site-packages/airflow/example_dags/example_short_circuit_operator.py
[2023-02-03T11:56:29.665+0000] {logging_mixin.py:137} INFO - [2023-02-03T11:56:29.664+0000] {dag.py:2676} INFO - Sync 1 DAGs
[2023-02-03T11:56:29.798+0000] {logging_mixin.py:137} INFO - [2023-02-03T11:56:29.798+0000] {dag.py:3427} INFO - Setting next_dagrun for example_short_circuit_operator to 2023-02-02T11:56:29.797639+00:00, run_after=2023-02-03T11:56:29.797639+00:00
[2023-02-03T11:56:29.854+0000] {processor.py:175} INFO - Processing /home/airflow/.local/lib/python3.7/site-packages/airflow/example_dags/example_short_circuit_operator.py took 0.319 seconds
[2023-02-03T11:57:00.360+0000] {processor.py:153} INFO - Started process (PID=235) to work on /home/airflow/.local/lib/python3.7/site-packages/airflow/example_dags/example_short_circuit_operator.py
[2023-02-03T11:57:00.366+0000] {processor.py:743} INFO - Processing file /home/airflow/.local/lib/python3.7/site-packages/airflow/example_dags/example_short_circuit_operator.py for tasks to queue
[2023-02-03T11:57:00.367+0000] {logging_mixin.py:137} INFO - [2023-02-03T11:57:00.367+0000] {dagbag.py:538} INFO - Filling up the DagBag from /home/airflow/.local/lib/python3.7/site-packages/airflow/example_dags/example_short_circuit_operator.py
[2023-02-03T11:57:00.399+0000] {processor.py:753} INFO - DAG(s) dict_keys(['example_short_circuit_operator']) retrieved from /home/airflow/.local/lib/python3.7/site-packages/airflow/example_dags/example_short_circuit_operator.py
[2023-02-03T11:57:00.486+0000] {logging_mixin.py:137} INFO - [2023-02-03T11:57:00.486+0000] {dag.py:2676} INFO - Sync 1 DAGs
[2023-02-03T11:57:00.558+0000] {logging_mixin.py:137} INFO - [2023-02-03T11:57:00.558+0000] {dag.py:3427} INFO - Setting next_dagrun for example_short_circuit_operator to 2023-02-02T11:57:00.557338+00:00, run_after=2023-02-03T11:57:00.557338+00:00
[2023-02-03T11:57:00.637+0000] {processor.py:175} INFO - Processing /home/airflow/.local/lib/python3.7/site-packages/airflow/example_dags/example_short_circuit_operator.py took 0.287 seconds
[2023-02-03T11:57:30.930+0000] {processor.py:153} INFO - Started process (PID=310) to work on /home/airflow/.local/lib/python3.7/site-packages/airflow/example_dags/example_short_circuit_operator.py
[2023-02-03T11:57:30.931+0000] {processor.py:743} INFO - Processing file /home/airflow/.local/lib/python3.7/site-packages/airflow/example_dags/example_short_circuit_operator.py for tasks to queue
[2023-02-03T11:57:30.933+0000] {logging_mixin.py:137} INFO - [2023-02-03T11:57:30.933+0000] {dagbag.py:538} INFO - Filling up the DagBag from /home/airflow/.local/lib/python3.7/site-packages/airflow/example_dags/example_short_circuit_operator.py
[2023-02-03T11:57:30.966+0000] {processor.py:753} INFO - DAG(s) dict_keys(['example_short_circuit_operator']) retrieved from /home/airflow/.local/lib/python3.7/site-packages/airflow/example_dags/example_short_circuit_operator.py
[2023-02-03T11:57:31.043+0000] {logging_mixin.py:137} INFO - [2023-02-03T11:57:31.042+0000] {dag.py:2676} INFO - Sync 1 DAGs
[2023-02-03T11:57:31.121+0000] {logging_mixin.py:137} INFO - [2023-02-03T11:57:31.120+0000] {dag.py:3427} INFO - Setting next_dagrun for example_short_circuit_operator to 2023-02-02T11:57:31.120594+00:00, run_after=2023-02-03T11:57:31.120594+00:00
[2023-02-03T11:57:31.174+0000] {processor.py:175} INFO - Processing /home/airflow/.local/lib/python3.7/site-packages/airflow/example_dags/example_short_circuit_operator.py took 0.251 seconds
