[2023-02-03T11:39:56.798+0000] {processor.py:153} INFO - Started process (PID=77) to work on /home/airflow/.local/lib/python3.7/site-packages/airflow/example_dags/example_short_circuit_decorator.py
[2023-02-03T11:39:56.824+0000] {processor.py:743} INFO - Processing file /home/airflow/.local/lib/python3.7/site-packages/airflow/example_dags/example_short_circuit_decorator.py for tasks to queue
[2023-02-03T11:39:56.835+0000] {logging_mixin.py:137} INFO - [2023-02-03T11:39:56.834+0000] {dagbag.py:538} INFO - Filling up the DagBag from /home/airflow/.local/lib/python3.7/site-packages/airflow/example_dags/example_short_circuit_decorator.py
[2023-02-03T11:39:57.110+0000] {processor.py:753} INFO - DAG(s) dict_keys(['example_short_circuit_decorator']) retrieved from /home/airflow/.local/lib/python3.7/site-packages/airflow/example_dags/example_short_circuit_decorator.py
[2023-02-03T11:39:57.532+0000] {logging_mixin.py:137} INFO - [2023-02-03T11:39:57.522+0000] {dag.py:2676} INFO - Sync 1 DAGs
[2023-02-03T11:39:57.748+0000] {logging_mixin.py:137} INFO - [2023-02-03T11:39:57.747+0000] {dag.py:3427} INFO - Setting next_dagrun for example_short_circuit_decorator to 2023-02-02T11:39:57.747422+00:00, run_after=2023-02-03T11:39:57.747422+00:00
[2023-02-03T11:39:57.937+0000] {processor.py:175} INFO - Processing /home/airflow/.local/lib/python3.7/site-packages/airflow/example_dags/example_short_circuit_decorator.py took 1.143 seconds
[2023-02-03T11:40:28.099+0000] {processor.py:153} INFO - Started process (PID=140) to work on /home/airflow/.local/lib/python3.7/site-packages/airflow/example_dags/example_short_circuit_decorator.py
[2023-02-03T11:40:28.102+0000] {processor.py:743} INFO - Processing file /home/airflow/.local/lib/python3.7/site-packages/airflow/example_dags/example_short_circuit_decorator.py for tasks to queue
[2023-02-03T11:40:28.106+0000] {logging_mixin.py:137} INFO - [2023-02-03T11:40:28.105+0000] {dagbag.py:538} INFO - Filling up the DagBag from /home/airflow/.local/lib/python3.7/site-packages/airflow/example_dags/example_short_circuit_decorator.py
[2023-02-03T11:40:28.173+0000] {processor.py:753} INFO - DAG(s) dict_keys(['example_short_circuit_decorator']) retrieved from /home/airflow/.local/lib/python3.7/site-packages/airflow/example_dags/example_short_circuit_decorator.py
[2023-02-03T11:40:28.289+0000] {logging_mixin.py:137} INFO - [2023-02-03T11:40:28.289+0000] {dag.py:2676} INFO - Sync 1 DAGs
[2023-02-03T11:40:28.431+0000] {logging_mixin.py:137} INFO - [2023-02-03T11:40:28.431+0000] {dag.py:3427} INFO - Setting next_dagrun for example_short_circuit_decorator to 2023-02-02T11:40:28.430519+00:00, run_after=2023-02-03T11:40:28.430519+00:00
[2023-02-03T11:40:28.502+0000] {processor.py:175} INFO - Processing /home/airflow/.local/lib/python3.7/site-packages/airflow/example_dags/example_short_circuit_decorator.py took 0.415 seconds
[2023-02-03T11:40:58.856+0000] {processor.py:153} INFO - Started process (PID=205) to work on /home/airflow/.local/lib/python3.7/site-packages/airflow/example_dags/example_short_circuit_decorator.py
[2023-02-03T11:40:58.859+0000] {processor.py:743} INFO - Processing file /home/airflow/.local/lib/python3.7/site-packages/airflow/example_dags/example_short_circuit_decorator.py for tasks to queue
[2023-02-03T11:40:58.861+0000] {logging_mixin.py:137} INFO - [2023-02-03T11:40:58.860+0000] {dagbag.py:538} INFO - Filling up the DagBag from /home/airflow/.local/lib/python3.7/site-packages/airflow/example_dags/example_short_circuit_decorator.py
[2023-02-03T11:40:58.903+0000] {processor.py:753} INFO - DAG(s) dict_keys(['example_short_circuit_decorator']) retrieved from /home/airflow/.local/lib/python3.7/site-packages/airflow/example_dags/example_short_circuit_decorator.py
[2023-02-03T11:40:58.988+0000] {logging_mixin.py:137} INFO - [2023-02-03T11:40:58.987+0000] {dag.py:2676} INFO - Sync 1 DAGs
[2023-02-03T11:40:59.062+0000] {logging_mixin.py:137} INFO - [2023-02-03T11:40:59.061+0000] {dag.py:3427} INFO - Setting next_dagrun for example_short_circuit_decorator to 2023-02-02T11:40:59.061503+00:00, run_after=2023-02-03T11:40:59.061503+00:00
[2023-02-03T11:40:59.125+0000] {processor.py:175} INFO - Processing /home/airflow/.local/lib/python3.7/site-packages/airflow/example_dags/example_short_circuit_decorator.py took 0.276 seconds
[2023-02-03T11:41:30.029+0000] {processor.py:153} INFO - Started process (PID=267) to work on /home/airflow/.local/lib/python3.7/site-packages/airflow/example_dags/example_short_circuit_decorator.py
[2023-02-03T11:41:30.030+0000] {processor.py:743} INFO - Processing file /home/airflow/.local/lib/python3.7/site-packages/airflow/example_dags/example_short_circuit_decorator.py for tasks to queue
[2023-02-03T11:41:30.032+0000] {logging_mixin.py:137} INFO - [2023-02-03T11:41:30.032+0000] {dagbag.py:538} INFO - Filling up the DagBag from /home/airflow/.local/lib/python3.7/site-packages/airflow/example_dags/example_short_circuit_decorator.py
[2023-02-03T11:41:30.076+0000] {processor.py:753} INFO - DAG(s) dict_keys(['example_short_circuit_decorator']) retrieved from /home/airflow/.local/lib/python3.7/site-packages/airflow/example_dags/example_short_circuit_decorator.py
[2023-02-03T11:41:30.139+0000] {logging_mixin.py:137} INFO - [2023-02-03T11:41:30.139+0000] {dag.py:2676} INFO - Sync 1 DAGs
[2023-02-03T11:41:30.187+0000] {logging_mixin.py:137} INFO - [2023-02-03T11:41:30.186+0000] {dag.py:3427} INFO - Setting next_dagrun for example_short_circuit_decorator to 2023-02-02T11:41:30.186671+00:00, run_after=2023-02-03T11:41:30.186671+00:00
[2023-02-03T11:41:30.221+0000] {processor.py:175} INFO - Processing /home/airflow/.local/lib/python3.7/site-packages/airflow/example_dags/example_short_circuit_decorator.py took 0.198 seconds
[2023-02-03T11:42:00.537+0000] {processor.py:153} INFO - Started process (PID=337) to work on /home/airflow/.local/lib/python3.7/site-packages/airflow/example_dags/example_short_circuit_decorator.py
[2023-02-03T11:42:00.539+0000] {processor.py:743} INFO - Processing file /home/airflow/.local/lib/python3.7/site-packages/airflow/example_dags/example_short_circuit_decorator.py for tasks to queue
[2023-02-03T11:42:00.540+0000] {logging_mixin.py:137} INFO - [2023-02-03T11:42:00.540+0000] {dagbag.py:538} INFO - Filling up the DagBag from /home/airflow/.local/lib/python3.7/site-packages/airflow/example_dags/example_short_circuit_decorator.py
[2023-02-03T11:42:00.571+0000] {processor.py:753} INFO - DAG(s) dict_keys(['example_short_circuit_decorator']) retrieved from /home/airflow/.local/lib/python3.7/site-packages/airflow/example_dags/example_short_circuit_decorator.py
[2023-02-03T11:42:00.631+0000] {logging_mixin.py:137} INFO - [2023-02-03T11:42:00.631+0000] {dag.py:2676} INFO - Sync 1 DAGs
[2023-02-03T11:42:00.674+0000] {logging_mixin.py:137} INFO - [2023-02-03T11:42:00.674+0000] {dag.py:3427} INFO - Setting next_dagrun for example_short_circuit_decorator to 2023-02-02T11:42:00.674411+00:00, run_after=2023-02-03T11:42:00.674411+00:00
[2023-02-03T11:42:00.706+0000] {processor.py:175} INFO - Processing /home/airflow/.local/lib/python3.7/site-packages/airflow/example_dags/example_short_circuit_decorator.py took 0.172 seconds
[2023-02-03T11:42:31.309+0000] {processor.py:153} INFO - Started process (PID=404) to work on /home/airflow/.local/lib/python3.7/site-packages/airflow/example_dags/example_short_circuit_decorator.py
[2023-02-03T11:42:31.311+0000] {processor.py:743} INFO - Processing file /home/airflow/.local/lib/python3.7/site-packages/airflow/example_dags/example_short_circuit_decorator.py for tasks to queue
[2023-02-03T11:42:31.313+0000] {logging_mixin.py:137} INFO - [2023-02-03T11:42:31.312+0000] {dagbag.py:538} INFO - Filling up the DagBag from /home/airflow/.local/lib/python3.7/site-packages/airflow/example_dags/example_short_circuit_decorator.py
[2023-02-03T11:42:31.349+0000] {processor.py:753} INFO - DAG(s) dict_keys(['example_short_circuit_decorator']) retrieved from /home/airflow/.local/lib/python3.7/site-packages/airflow/example_dags/example_short_circuit_decorator.py
[2023-02-03T11:42:31.425+0000] {logging_mixin.py:137} INFO - [2023-02-03T11:42:31.425+0000] {dag.py:2676} INFO - Sync 1 DAGs
[2023-02-03T11:42:31.478+0000] {logging_mixin.py:137} INFO - [2023-02-03T11:42:31.478+0000] {dag.py:3427} INFO - Setting next_dagrun for example_short_circuit_decorator to 2023-02-02T11:42:31.477779+00:00, run_after=2023-02-03T11:42:31.477779+00:00
[2023-02-03T11:42:31.521+0000] {processor.py:175} INFO - Processing /home/airflow/.local/lib/python3.7/site-packages/airflow/example_dags/example_short_circuit_decorator.py took 0.216 seconds
[2023-02-03T11:43:39.632+0000] {processor.py:153} INFO - Started process (PID=69) to work on /home/airflow/.local/lib/python3.7/site-packages/airflow/example_dags/example_short_circuit_decorator.py
[2023-02-03T11:43:39.635+0000] {processor.py:743} INFO - Processing file /home/airflow/.local/lib/python3.7/site-packages/airflow/example_dags/example_short_circuit_decorator.py for tasks to queue
[2023-02-03T11:43:39.641+0000] {logging_mixin.py:137} INFO - [2023-02-03T11:43:39.641+0000] {dagbag.py:538} INFO - Filling up the DagBag from /home/airflow/.local/lib/python3.7/site-packages/airflow/example_dags/example_short_circuit_decorator.py
[2023-02-03T11:43:39.746+0000] {processor.py:753} INFO - DAG(s) dict_keys(['example_short_circuit_decorator']) retrieved from /home/airflow/.local/lib/python3.7/site-packages/airflow/example_dags/example_short_circuit_decorator.py
[2023-02-03T11:43:39.897+0000] {logging_mixin.py:137} INFO - [2023-02-03T11:43:39.896+0000] {dag.py:2676} INFO - Sync 1 DAGs
[2023-02-03T11:43:39.981+0000] {logging_mixin.py:137} INFO - [2023-02-03T11:43:39.981+0000] {dag.py:3427} INFO - Setting next_dagrun for example_short_circuit_decorator to 2023-02-02T11:43:39.980762+00:00, run_after=2023-02-03T11:43:39.980762+00:00
[2023-02-03T11:43:40.028+0000] {processor.py:175} INFO - Processing /home/airflow/.local/lib/python3.7/site-packages/airflow/example_dags/example_short_circuit_decorator.py took 0.408 seconds
[2023-02-03T11:44:10.308+0000] {processor.py:153} INFO - Started process (PID=132) to work on /home/airflow/.local/lib/python3.7/site-packages/airflow/example_dags/example_short_circuit_decorator.py
[2023-02-03T11:44:10.311+0000] {processor.py:743} INFO - Processing file /home/airflow/.local/lib/python3.7/site-packages/airflow/example_dags/example_short_circuit_decorator.py for tasks to queue
[2023-02-03T11:44:10.313+0000] {logging_mixin.py:137} INFO - [2023-02-03T11:44:10.313+0000] {dagbag.py:538} INFO - Filling up the DagBag from /home/airflow/.local/lib/python3.7/site-packages/airflow/example_dags/example_short_circuit_decorator.py
[2023-02-03T11:44:10.357+0000] {processor.py:753} INFO - DAG(s) dict_keys(['example_short_circuit_decorator']) retrieved from /home/airflow/.local/lib/python3.7/site-packages/airflow/example_dags/example_short_circuit_decorator.py
[2023-02-03T11:44:10.453+0000] {logging_mixin.py:137} INFO - [2023-02-03T11:44:10.453+0000] {dag.py:2676} INFO - Sync 1 DAGs
[2023-02-03T11:44:10.521+0000] {logging_mixin.py:137} INFO - [2023-02-03T11:44:10.521+0000] {dag.py:3427} INFO - Setting next_dagrun for example_short_circuit_decorator to 2023-02-02T11:44:10.520634+00:00, run_after=2023-02-03T11:44:10.520634+00:00
[2023-02-03T11:44:10.582+0000] {processor.py:175} INFO - Processing /home/airflow/.local/lib/python3.7/site-packages/airflow/example_dags/example_short_circuit_decorator.py took 0.278 seconds
[2023-02-03T11:44:41.690+0000] {processor.py:153} INFO - Started process (PID=204) to work on /home/airflow/.local/lib/python3.7/site-packages/airflow/example_dags/example_short_circuit_decorator.py
[2023-02-03T11:44:41.693+0000] {processor.py:743} INFO - Processing file /home/airflow/.local/lib/python3.7/site-packages/airflow/example_dags/example_short_circuit_decorator.py for tasks to queue
[2023-02-03T11:44:41.702+0000] {logging_mixin.py:137} INFO - [2023-02-03T11:44:41.701+0000] {dagbag.py:538} INFO - Filling up the DagBag from /home/airflow/.local/lib/python3.7/site-packages/airflow/example_dags/example_short_circuit_decorator.py
[2023-02-03T11:44:41.777+0000] {processor.py:753} INFO - DAG(s) dict_keys(['example_short_circuit_decorator']) retrieved from /home/airflow/.local/lib/python3.7/site-packages/airflow/example_dags/example_short_circuit_decorator.py
[2023-02-03T11:44:41.916+0000] {logging_mixin.py:137} INFO - [2023-02-03T11:44:41.915+0000] {dag.py:2676} INFO - Sync 1 DAGs
[2023-02-03T11:44:42.107+0000] {logging_mixin.py:137} INFO - [2023-02-03T11:44:42.107+0000] {dag.py:3427} INFO - Setting next_dagrun for example_short_circuit_decorator to 2023-02-02T11:44:42.107015+00:00, run_after=2023-02-03T11:44:42.107015+00:00
[2023-02-03T11:44:42.194+0000] {processor.py:175} INFO - Processing /home/airflow/.local/lib/python3.7/site-packages/airflow/example_dags/example_short_circuit_decorator.py took 0.511 seconds
[2023-02-03T11:45:12.543+0000] {processor.py:153} INFO - Started process (PID=267) to work on /home/airflow/.local/lib/python3.7/site-packages/airflow/example_dags/example_short_circuit_decorator.py
[2023-02-03T11:45:12.546+0000] {processor.py:743} INFO - Processing file /home/airflow/.local/lib/python3.7/site-packages/airflow/example_dags/example_short_circuit_decorator.py for tasks to queue
[2023-02-03T11:45:12.548+0000] {logging_mixin.py:137} INFO - [2023-02-03T11:45:12.548+0000] {dagbag.py:538} INFO - Filling up the DagBag from /home/airflow/.local/lib/python3.7/site-packages/airflow/example_dags/example_short_circuit_decorator.py
[2023-02-03T11:45:12.597+0000] {processor.py:753} INFO - DAG(s) dict_keys(['example_short_circuit_decorator']) retrieved from /home/airflow/.local/lib/python3.7/site-packages/airflow/example_dags/example_short_circuit_decorator.py
[2023-02-03T11:45:12.702+0000] {logging_mixin.py:137} INFO - [2023-02-03T11:45:12.702+0000] {dag.py:2676} INFO - Sync 1 DAGs
[2023-02-03T11:45:12.774+0000] {logging_mixin.py:137} INFO - [2023-02-03T11:45:12.774+0000] {dag.py:3427} INFO - Setting next_dagrun for example_short_circuit_decorator to 2023-02-02T11:45:12.774019+00:00, run_after=2023-02-03T11:45:12.774019+00:00
[2023-02-03T11:45:12.829+0000] {processor.py:175} INFO - Processing /home/airflow/.local/lib/python3.7/site-packages/airflow/example_dags/example_short_circuit_decorator.py took 0.293 seconds
[2023-02-03T11:45:43.032+0000] {processor.py:153} INFO - Started process (PID=332) to work on /home/airflow/.local/lib/python3.7/site-packages/airflow/example_dags/example_short_circuit_decorator.py
[2023-02-03T11:45:43.035+0000] {processor.py:743} INFO - Processing file /home/airflow/.local/lib/python3.7/site-packages/airflow/example_dags/example_short_circuit_decorator.py for tasks to queue
[2023-02-03T11:45:43.038+0000] {logging_mixin.py:137} INFO - [2023-02-03T11:45:43.037+0000] {dagbag.py:538} INFO - Filling up the DagBag from /home/airflow/.local/lib/python3.7/site-packages/airflow/example_dags/example_short_circuit_decorator.py
[2023-02-03T11:45:43.115+0000] {processor.py:753} INFO - DAG(s) dict_keys(['example_short_circuit_decorator']) retrieved from /home/airflow/.local/lib/python3.7/site-packages/airflow/example_dags/example_short_circuit_decorator.py
[2023-02-03T11:45:43.198+0000] {logging_mixin.py:137} INFO - [2023-02-03T11:45:43.198+0000] {dag.py:2676} INFO - Sync 1 DAGs
[2023-02-03T11:45:43.269+0000] {logging_mixin.py:137} INFO - [2023-02-03T11:45:43.269+0000] {dag.py:3427} INFO - Setting next_dagrun for example_short_circuit_decorator to 2023-02-02T11:45:43.268649+00:00, run_after=2023-02-03T11:45:43.268649+00:00
[2023-02-03T11:45:43.357+0000] {processor.py:175} INFO - Processing /home/airflow/.local/lib/python3.7/site-packages/airflow/example_dags/example_short_circuit_decorator.py took 0.332 seconds
[2023-02-03T11:46:13.845+0000] {processor.py:153} INFO - Started process (PID=395) to work on /home/airflow/.local/lib/python3.7/site-packages/airflow/example_dags/example_short_circuit_decorator.py
[2023-02-03T11:46:13.847+0000] {processor.py:743} INFO - Processing file /home/airflow/.local/lib/python3.7/site-packages/airflow/example_dags/example_short_circuit_decorator.py for tasks to queue
[2023-02-03T11:46:13.849+0000] {logging_mixin.py:137} INFO - [2023-02-03T11:46:13.849+0000] {dagbag.py:538} INFO - Filling up the DagBag from /home/airflow/.local/lib/python3.7/site-packages/airflow/example_dags/example_short_circuit_decorator.py
[2023-02-03T11:46:13.885+0000] {processor.py:753} INFO - DAG(s) dict_keys(['example_short_circuit_decorator']) retrieved from /home/airflow/.local/lib/python3.7/site-packages/airflow/example_dags/example_short_circuit_decorator.py
[2023-02-03T11:46:13.985+0000] {logging_mixin.py:137} INFO - [2023-02-03T11:46:13.985+0000] {dag.py:2676} INFO - Sync 1 DAGs
[2023-02-03T11:46:14.066+0000] {logging_mixin.py:137} INFO - [2023-02-03T11:46:14.066+0000] {dag.py:3427} INFO - Setting next_dagrun for example_short_circuit_decorator to 2023-02-02T11:46:14.066218+00:00, run_after=2023-02-03T11:46:14.066218+00:00
[2023-02-03T11:46:14.139+0000] {processor.py:175} INFO - Processing /home/airflow/.local/lib/python3.7/site-packages/airflow/example_dags/example_short_circuit_decorator.py took 0.298 seconds
[2023-02-03T11:46:44.562+0000] {processor.py:153} INFO - Started process (PID=470) to work on /home/airflow/.local/lib/python3.7/site-packages/airflow/example_dags/example_short_circuit_decorator.py
[2023-02-03T11:46:44.564+0000] {processor.py:743} INFO - Processing file /home/airflow/.local/lib/python3.7/site-packages/airflow/example_dags/example_short_circuit_decorator.py for tasks to queue
[2023-02-03T11:46:44.566+0000] {logging_mixin.py:137} INFO - [2023-02-03T11:46:44.566+0000] {dagbag.py:538} INFO - Filling up the DagBag from /home/airflow/.local/lib/python3.7/site-packages/airflow/example_dags/example_short_circuit_decorator.py
[2023-02-03T11:46:44.595+0000] {processor.py:753} INFO - DAG(s) dict_keys(['example_short_circuit_decorator']) retrieved from /home/airflow/.local/lib/python3.7/site-packages/airflow/example_dags/example_short_circuit_decorator.py
[2023-02-03T11:46:44.690+0000] {logging_mixin.py:137} INFO - [2023-02-03T11:46:44.689+0000] {dag.py:2676} INFO - Sync 1 DAGs
[2023-02-03T11:46:44.767+0000] {logging_mixin.py:137} INFO - [2023-02-03T11:46:44.767+0000] {dag.py:3427} INFO - Setting next_dagrun for example_short_circuit_decorator to 2023-02-02T11:46:44.766657+00:00, run_after=2023-02-03T11:46:44.766657+00:00
[2023-02-03T11:46:44.829+0000] {processor.py:175} INFO - Processing /home/airflow/.local/lib/python3.7/site-packages/airflow/example_dags/example_short_circuit_decorator.py took 0.296 seconds
[2023-02-03T11:47:15.645+0000] {processor.py:153} INFO - Started process (PID=532) to work on /home/airflow/.local/lib/python3.7/site-packages/airflow/example_dags/example_short_circuit_decorator.py
[2023-02-03T11:47:15.648+0000] {processor.py:743} INFO - Processing file /home/airflow/.local/lib/python3.7/site-packages/airflow/example_dags/example_short_circuit_decorator.py for tasks to queue
[2023-02-03T11:47:15.650+0000] {logging_mixin.py:137} INFO - [2023-02-03T11:47:15.650+0000] {dagbag.py:538} INFO - Filling up the DagBag from /home/airflow/.local/lib/python3.7/site-packages/airflow/example_dags/example_short_circuit_decorator.py
[2023-02-03T11:47:15.704+0000] {processor.py:753} INFO - DAG(s) dict_keys(['example_short_circuit_decorator']) retrieved from /home/airflow/.local/lib/python3.7/site-packages/airflow/example_dags/example_short_circuit_decorator.py
[2023-02-03T11:47:15.797+0000] {logging_mixin.py:137} INFO - [2023-02-03T11:47:15.797+0000] {dag.py:2676} INFO - Sync 1 DAGs
[2023-02-03T11:47:15.856+0000] {logging_mixin.py:137} INFO - [2023-02-03T11:47:15.856+0000] {dag.py:3427} INFO - Setting next_dagrun for example_short_circuit_decorator to 2023-02-02T11:47:15.855962+00:00, run_after=2023-02-03T11:47:15.855962+00:00
[2023-02-03T11:47:15.905+0000] {processor.py:175} INFO - Processing /home/airflow/.local/lib/python3.7/site-packages/airflow/example_dags/example_short_circuit_decorator.py took 0.267 seconds
[2023-02-03T11:47:46.850+0000] {processor.py:153} INFO - Started process (PID=600) to work on /home/airflow/.local/lib/python3.7/site-packages/airflow/example_dags/example_short_circuit_decorator.py
[2023-02-03T11:47:46.857+0000] {processor.py:743} INFO - Processing file /home/airflow/.local/lib/python3.7/site-packages/airflow/example_dags/example_short_circuit_decorator.py for tasks to queue
[2023-02-03T11:47:46.861+0000] {logging_mixin.py:137} INFO - [2023-02-03T11:47:46.860+0000] {dagbag.py:538} INFO - Filling up the DagBag from /home/airflow/.local/lib/python3.7/site-packages/airflow/example_dags/example_short_circuit_decorator.py
[2023-02-03T11:47:46.962+0000] {processor.py:753} INFO - DAG(s) dict_keys(['example_short_circuit_decorator']) retrieved from /home/airflow/.local/lib/python3.7/site-packages/airflow/example_dags/example_short_circuit_decorator.py
[2023-02-03T11:47:47.064+0000] {logging_mixin.py:137} INFO - [2023-02-03T11:47:47.064+0000] {dag.py:2676} INFO - Sync 1 DAGs
[2023-02-03T11:47:47.151+0000] {logging_mixin.py:137} INFO - [2023-02-03T11:47:47.151+0000] {dag.py:3427} INFO - Setting next_dagrun for example_short_circuit_decorator to 2023-02-02T11:47:47.151226+00:00, run_after=2023-02-03T11:47:47.151226+00:00
[2023-02-03T11:47:47.196+0000] {processor.py:175} INFO - Processing /home/airflow/.local/lib/python3.7/site-packages/airflow/example_dags/example_short_circuit_decorator.py took 0.356 seconds
[2023-02-03T11:48:17.997+0000] {processor.py:153} INFO - Started process (PID=667) to work on /home/airflow/.local/lib/python3.7/site-packages/airflow/example_dags/example_short_circuit_decorator.py
[2023-02-03T11:48:18.000+0000] {processor.py:743} INFO - Processing file /home/airflow/.local/lib/python3.7/site-packages/airflow/example_dags/example_short_circuit_decorator.py for tasks to queue
[2023-02-03T11:48:18.001+0000] {logging_mixin.py:137} INFO - [2023-02-03T11:48:18.001+0000] {dagbag.py:538} INFO - Filling up the DagBag from /home/airflow/.local/lib/python3.7/site-packages/airflow/example_dags/example_short_circuit_decorator.py
[2023-02-03T11:48:18.036+0000] {processor.py:753} INFO - DAG(s) dict_keys(['example_short_circuit_decorator']) retrieved from /home/airflow/.local/lib/python3.7/site-packages/airflow/example_dags/example_short_circuit_decorator.py
[2023-02-03T11:48:18.110+0000] {logging_mixin.py:137} INFO - [2023-02-03T11:48:18.109+0000] {dag.py:2676} INFO - Sync 1 DAGs
[2023-02-03T11:48:18.162+0000] {logging_mixin.py:137} INFO - [2023-02-03T11:48:18.162+0000] {dag.py:3427} INFO - Setting next_dagrun for example_short_circuit_decorator to 2023-02-02T11:48:18.161619+00:00, run_after=2023-02-03T11:48:18.161619+00:00
[2023-02-03T11:48:18.200+0000] {processor.py:175} INFO - Processing /home/airflow/.local/lib/python3.7/site-packages/airflow/example_dags/example_short_circuit_decorator.py took 0.207 seconds
[2023-02-03T11:48:48.712+0000] {processor.py:153} INFO - Started process (PID=729) to work on /home/airflow/.local/lib/python3.7/site-packages/airflow/example_dags/example_short_circuit_decorator.py
[2023-02-03T11:48:48.715+0000] {processor.py:743} INFO - Processing file /home/airflow/.local/lib/python3.7/site-packages/airflow/example_dags/example_short_circuit_decorator.py for tasks to queue
[2023-02-03T11:48:48.717+0000] {logging_mixin.py:137} INFO - [2023-02-03T11:48:48.717+0000] {dagbag.py:538} INFO - Filling up the DagBag from /home/airflow/.local/lib/python3.7/site-packages/airflow/example_dags/example_short_circuit_decorator.py
[2023-02-03T11:48:48.766+0000] {processor.py:753} INFO - DAG(s) dict_keys(['example_short_circuit_decorator']) retrieved from /home/airflow/.local/lib/python3.7/site-packages/airflow/example_dags/example_short_circuit_decorator.py
[2023-02-03T11:48:48.871+0000] {logging_mixin.py:137} INFO - [2023-02-03T11:48:48.871+0000] {dag.py:2676} INFO - Sync 1 DAGs
[2023-02-03T11:48:48.984+0000] {logging_mixin.py:137} INFO - [2023-02-03T11:48:48.984+0000] {dag.py:3427} INFO - Setting next_dagrun for example_short_circuit_decorator to 2023-02-02T11:48:48.984090+00:00, run_after=2023-02-03T11:48:48.984090+00:00
[2023-02-03T11:48:49.051+0000] {processor.py:175} INFO - Processing /home/airflow/.local/lib/python3.7/site-packages/airflow/example_dags/example_short_circuit_decorator.py took 0.345 seconds
[2023-02-03T11:49:19.562+0000] {processor.py:153} INFO - Started process (PID=798) to work on /home/airflow/.local/lib/python3.7/site-packages/airflow/example_dags/example_short_circuit_decorator.py
[2023-02-03T11:49:19.565+0000] {processor.py:743} INFO - Processing file /home/airflow/.local/lib/python3.7/site-packages/airflow/example_dags/example_short_circuit_decorator.py for tasks to queue
[2023-02-03T11:49:19.567+0000] {logging_mixin.py:137} INFO - [2023-02-03T11:49:19.567+0000] {dagbag.py:538} INFO - Filling up the DagBag from /home/airflow/.local/lib/python3.7/site-packages/airflow/example_dags/example_short_circuit_decorator.py
[2023-02-03T11:49:19.620+0000] {processor.py:753} INFO - DAG(s) dict_keys(['example_short_circuit_decorator']) retrieved from /home/airflow/.local/lib/python3.7/site-packages/airflow/example_dags/example_short_circuit_decorator.py
[2023-02-03T11:49:19.703+0000] {logging_mixin.py:137} INFO - [2023-02-03T11:49:19.703+0000] {dag.py:2676} INFO - Sync 1 DAGs
[2023-02-03T11:49:19.789+0000] {logging_mixin.py:137} INFO - [2023-02-03T11:49:19.789+0000] {dag.py:3427} INFO - Setting next_dagrun for example_short_circuit_decorator to 2023-02-02T11:49:19.788501+00:00, run_after=2023-02-03T11:49:19.788501+00:00
[2023-02-03T11:49:19.845+0000] {processor.py:175} INFO - Processing /home/airflow/.local/lib/python3.7/site-packages/airflow/example_dags/example_short_circuit_decorator.py took 0.298 seconds
[2023-02-03T11:49:50.507+0000] {processor.py:153} INFO - Started process (PID=864) to work on /home/airflow/.local/lib/python3.7/site-packages/airflow/example_dags/example_short_circuit_decorator.py
[2023-02-03T11:49:50.510+0000] {processor.py:743} INFO - Processing file /home/airflow/.local/lib/python3.7/site-packages/airflow/example_dags/example_short_circuit_decorator.py for tasks to queue
[2023-02-03T11:49:50.514+0000] {logging_mixin.py:137} INFO - [2023-02-03T11:49:50.513+0000] {dagbag.py:538} INFO - Filling up the DagBag from /home/airflow/.local/lib/python3.7/site-packages/airflow/example_dags/example_short_circuit_decorator.py
[2023-02-03T11:49:50.588+0000] {processor.py:753} INFO - DAG(s) dict_keys(['example_short_circuit_decorator']) retrieved from /home/airflow/.local/lib/python3.7/site-packages/airflow/example_dags/example_short_circuit_decorator.py
[2023-02-03T11:49:50.694+0000] {logging_mixin.py:137} INFO - [2023-02-03T11:49:50.694+0000] {dag.py:2676} INFO - Sync 1 DAGs
[2023-02-03T11:49:50.819+0000] {logging_mixin.py:137} INFO - [2023-02-03T11:49:50.818+0000] {dag.py:3427} INFO - Setting next_dagrun for example_short_circuit_decorator to 2023-02-02T11:49:50.818290+00:00, run_after=2023-02-03T11:49:50.818290+00:00
[2023-02-03T11:49:50.917+0000] {processor.py:175} INFO - Processing /home/airflow/.local/lib/python3.7/site-packages/airflow/example_dags/example_short_circuit_decorator.py took 0.420 seconds
[2023-02-03T11:50:21.413+0000] {processor.py:153} INFO - Started process (PID=926) to work on /home/airflow/.local/lib/python3.7/site-packages/airflow/example_dags/example_short_circuit_decorator.py
[2023-02-03T11:50:21.419+0000] {processor.py:743} INFO - Processing file /home/airflow/.local/lib/python3.7/site-packages/airflow/example_dags/example_short_circuit_decorator.py for tasks to queue
[2023-02-03T11:50:21.423+0000] {logging_mixin.py:137} INFO - [2023-02-03T11:50:21.423+0000] {dagbag.py:538} INFO - Filling up the DagBag from /home/airflow/.local/lib/python3.7/site-packages/airflow/example_dags/example_short_circuit_decorator.py
[2023-02-03T11:50:21.516+0000] {processor.py:753} INFO - DAG(s) dict_keys(['example_short_circuit_decorator']) retrieved from /home/airflow/.local/lib/python3.7/site-packages/airflow/example_dags/example_short_circuit_decorator.py
[2023-02-03T11:50:21.613+0000] {logging_mixin.py:137} INFO - [2023-02-03T11:50:21.612+0000] {dag.py:2676} INFO - Sync 1 DAGs
[2023-02-03T11:50:21.694+0000] {logging_mixin.py:137} INFO - [2023-02-03T11:50:21.694+0000] {dag.py:3427} INFO - Setting next_dagrun for example_short_circuit_decorator to 2023-02-02T11:50:21.694352+00:00, run_after=2023-02-03T11:50:21.694352+00:00
[2023-02-03T11:50:21.747+0000] {processor.py:175} INFO - Processing /home/airflow/.local/lib/python3.7/site-packages/airflow/example_dags/example_short_circuit_decorator.py took 0.344 seconds
[2023-02-03T11:50:52.313+0000] {processor.py:153} INFO - Started process (PID=988) to work on /home/airflow/.local/lib/python3.7/site-packages/airflow/example_dags/example_short_circuit_decorator.py
[2023-02-03T11:50:52.316+0000] {processor.py:743} INFO - Processing file /home/airflow/.local/lib/python3.7/site-packages/airflow/example_dags/example_short_circuit_decorator.py for tasks to queue
[2023-02-03T11:50:52.319+0000] {logging_mixin.py:137} INFO - [2023-02-03T11:50:52.318+0000] {dagbag.py:538} INFO - Filling up the DagBag from /home/airflow/.local/lib/python3.7/site-packages/airflow/example_dags/example_short_circuit_decorator.py
[2023-02-03T11:50:52.363+0000] {processor.py:753} INFO - DAG(s) dict_keys(['example_short_circuit_decorator']) retrieved from /home/airflow/.local/lib/python3.7/site-packages/airflow/example_dags/example_short_circuit_decorator.py
[2023-02-03T11:50:52.450+0000] {logging_mixin.py:137} INFO - [2023-02-03T11:50:52.449+0000] {dag.py:2676} INFO - Sync 1 DAGs
[2023-02-03T11:50:52.518+0000] {logging_mixin.py:137} INFO - [2023-02-03T11:50:52.518+0000] {dag.py:3427} INFO - Setting next_dagrun for example_short_circuit_decorator to 2023-02-02T11:50:52.517479+00:00, run_after=2023-02-03T11:50:52.517479+00:00
[2023-02-03T11:50:52.562+0000] {processor.py:175} INFO - Processing /home/airflow/.local/lib/python3.7/site-packages/airflow/example_dags/example_short_circuit_decorator.py took 0.256 seconds
[2023-02-03T11:55:35.613+0000] {processor.py:153} INFO - Started process (PID=78) to work on /home/airflow/.local/lib/python3.7/site-packages/airflow/example_dags/example_short_circuit_decorator.py
[2023-02-03T11:55:35.632+0000] {processor.py:743} INFO - Processing file /home/airflow/.local/lib/python3.7/site-packages/airflow/example_dags/example_short_circuit_decorator.py for tasks to queue
[2023-02-03T11:55:35.642+0000] {logging_mixin.py:137} INFO - [2023-02-03T11:55:35.634+0000] {dagbag.py:538} INFO - Filling up the DagBag from /home/airflow/.local/lib/python3.7/site-packages/airflow/example_dags/example_short_circuit_decorator.py
[2023-02-03T11:55:35.872+0000] {processor.py:753} INFO - DAG(s) dict_keys(['example_short_circuit_decorator']) retrieved from /home/airflow/.local/lib/python3.7/site-packages/airflow/example_dags/example_short_circuit_decorator.py
[2023-02-03T11:55:36.208+0000] {logging_mixin.py:137} INFO - [2023-02-03T11:55:36.206+0000] {dag.py:2676} INFO - Sync 1 DAGs
[2023-02-03T11:55:36.428+0000] {logging_mixin.py:137} INFO - [2023-02-03T11:55:36.427+0000] {dag.py:3427} INFO - Setting next_dagrun for example_short_circuit_decorator to 2023-02-02T11:55:36.423594+00:00, run_after=2023-02-03T11:55:36.423594+00:00
[2023-02-03T11:55:36.501+0000] {processor.py:175} INFO - Processing /home/airflow/.local/lib/python3.7/site-packages/airflow/example_dags/example_short_circuit_decorator.py took 0.903 seconds
[2023-02-03T11:56:07.842+0000] {processor.py:153} INFO - Started process (PID=139) to work on /home/airflow/.local/lib/python3.7/site-packages/airflow/example_dags/example_short_circuit_decorator.py
[2023-02-03T11:56:07.847+0000] {processor.py:743} INFO - Processing file /home/airflow/.local/lib/python3.7/site-packages/airflow/example_dags/example_short_circuit_decorator.py for tasks to queue
[2023-02-03T11:56:07.851+0000] {logging_mixin.py:137} INFO - [2023-02-03T11:56:07.850+0000] {dagbag.py:538} INFO - Filling up the DagBag from /home/airflow/.local/lib/python3.7/site-packages/airflow/example_dags/example_short_circuit_decorator.py
[2023-02-03T11:56:08.034+0000] {processor.py:753} INFO - DAG(s) dict_keys(['example_short_circuit_decorator']) retrieved from /home/airflow/.local/lib/python3.7/site-packages/airflow/example_dags/example_short_circuit_decorator.py
[2023-02-03T11:56:08.814+0000] {logging_mixin.py:137} INFO - [2023-02-03T11:56:08.814+0000] {dag.py:2676} INFO - Sync 1 DAGs
[2023-02-03T11:56:09.779+0000] {logging_mixin.py:137} INFO - [2023-02-03T11:56:09.778+0000] {dag.py:3427} INFO - Setting next_dagrun for example_short_circuit_decorator to 2023-02-02T11:56:09.775897+00:00, run_after=2023-02-03T11:56:09.775897+00:00
[2023-02-03T11:56:10.098+0000] {processor.py:175} INFO - Processing /home/airflow/.local/lib/python3.7/site-packages/airflow/example_dags/example_short_circuit_decorator.py took 2.261 seconds
[2023-02-03T11:56:40.635+0000] {processor.py:153} INFO - Started process (PID=204) to work on /home/airflow/.local/lib/python3.7/site-packages/airflow/example_dags/example_short_circuit_decorator.py
[2023-02-03T11:56:40.636+0000] {processor.py:743} INFO - Processing file /home/airflow/.local/lib/python3.7/site-packages/airflow/example_dags/example_short_circuit_decorator.py for tasks to queue
[2023-02-03T11:56:40.638+0000] {logging_mixin.py:137} INFO - [2023-02-03T11:56:40.637+0000] {dagbag.py:538} INFO - Filling up the DagBag from /home/airflow/.local/lib/python3.7/site-packages/airflow/example_dags/example_short_circuit_decorator.py
[2023-02-03T11:56:40.669+0000] {processor.py:753} INFO - DAG(s) dict_keys(['example_short_circuit_decorator']) retrieved from /home/airflow/.local/lib/python3.7/site-packages/airflow/example_dags/example_short_circuit_decorator.py
[2023-02-03T11:56:40.727+0000] {logging_mixin.py:137} INFO - [2023-02-03T11:56:40.726+0000] {dag.py:2676} INFO - Sync 1 DAGs
[2023-02-03T11:56:40.772+0000] {logging_mixin.py:137} INFO - [2023-02-03T11:56:40.771+0000] {dag.py:3427} INFO - Setting next_dagrun for example_short_circuit_decorator to 2023-02-02T11:56:40.771669+00:00, run_after=2023-02-03T11:56:40.771669+00:00
[2023-02-03T11:56:40.808+0000] {processor.py:175} INFO - Processing /home/airflow/.local/lib/python3.7/site-packages/airflow/example_dags/example_short_circuit_decorator.py took 0.178 seconds
[2023-02-03T11:57:11.591+0000] {processor.py:153} INFO - Started process (PID=267) to work on /home/airflow/.local/lib/python3.7/site-packages/airflow/example_dags/example_short_circuit_decorator.py
[2023-02-03T11:57:11.592+0000] {processor.py:743} INFO - Processing file /home/airflow/.local/lib/python3.7/site-packages/airflow/example_dags/example_short_circuit_decorator.py for tasks to queue
[2023-02-03T11:57:11.593+0000] {logging_mixin.py:137} INFO - [2023-02-03T11:57:11.593+0000] {dagbag.py:538} INFO - Filling up the DagBag from /home/airflow/.local/lib/python3.7/site-packages/airflow/example_dags/example_short_circuit_decorator.py
[2023-02-03T11:57:11.635+0000] {processor.py:753} INFO - DAG(s) dict_keys(['example_short_circuit_decorator']) retrieved from /home/airflow/.local/lib/python3.7/site-packages/airflow/example_dags/example_short_circuit_decorator.py
[2023-02-03T11:57:11.708+0000] {logging_mixin.py:137} INFO - [2023-02-03T11:57:11.708+0000] {dag.py:2676} INFO - Sync 1 DAGs
[2023-02-03T11:57:11.765+0000] {logging_mixin.py:137} INFO - [2023-02-03T11:57:11.764+0000] {dag.py:3427} INFO - Setting next_dagrun for example_short_circuit_decorator to 2023-02-02T11:57:11.764615+00:00, run_after=2023-02-03T11:57:11.764615+00:00
[2023-02-03T11:57:11.822+0000] {processor.py:175} INFO - Processing /home/airflow/.local/lib/python3.7/site-packages/airflow/example_dags/example_short_circuit_decorator.py took 0.235 seconds
[2023-02-03T11:57:42.315+0000] {processor.py:153} INFO - Started process (PID=338) to work on /home/airflow/.local/lib/python3.7/site-packages/airflow/example_dags/example_short_circuit_decorator.py
[2023-02-03T11:57:42.318+0000] {processor.py:743} INFO - Processing file /home/airflow/.local/lib/python3.7/site-packages/airflow/example_dags/example_short_circuit_decorator.py for tasks to queue
[2023-02-03T11:57:42.320+0000] {logging_mixin.py:137} INFO - [2023-02-03T11:57:42.320+0000] {dagbag.py:538} INFO - Filling up the DagBag from /home/airflow/.local/lib/python3.7/site-packages/airflow/example_dags/example_short_circuit_decorator.py
[2023-02-03T11:57:42.376+0000] {processor.py:753} INFO - DAG(s) dict_keys(['example_short_circuit_decorator']) retrieved from /home/airflow/.local/lib/python3.7/site-packages/airflow/example_dags/example_short_circuit_decorator.py
[2023-02-03T11:57:42.532+0000] {logging_mixin.py:137} INFO - [2023-02-03T11:57:42.532+0000] {dag.py:2676} INFO - Sync 1 DAGs
[2023-02-03T11:57:42.611+0000] {logging_mixin.py:137} INFO - [2023-02-03T11:57:42.611+0000] {dag.py:3427} INFO - Setting next_dagrun for example_short_circuit_decorator to 2023-02-02T11:57:42.611049+00:00, run_after=2023-02-03T11:57:42.611049+00:00
[2023-02-03T11:57:42.661+0000] {processor.py:175} INFO - Processing /home/airflow/.local/lib/python3.7/site-packages/airflow/example_dags/example_short_circuit_decorator.py took 0.352 seconds
