[2023-02-03T11:39:59.574+0000] {processor.py:153} INFO - Started process (PID=86) to work on /home/airflow/.local/lib/python3.7/site-packages/airflow/example_dags/example_subdag_operator.py
[2023-02-03T11:39:59.579+0000] {processor.py:743} INFO - Processing file /home/airflow/.local/lib/python3.7/site-packages/airflow/example_dags/example_subdag_operator.py for tasks to queue
[2023-02-03T11:39:59.587+0000] {logging_mixin.py:137} INFO - [2023-02-03T11:39:59.586+0000] {dagbag.py:538} INFO - Filling up the DagBag from /home/airflow/.local/lib/python3.7/site-packages/airflow/example_dags/example_subdag_operator.py
[2023-02-03T11:39:59.793+0000] {processor.py:753} INFO - DAG(s) dict_keys(['example_subdag_operator.section-1', 'example_subdag_operator.section-2', 'example_subdag_operator']) retrieved from /home/airflow/.local/lib/python3.7/site-packages/airflow/example_dags/example_subdag_operator.py
[2023-02-03T11:39:59.993+0000] {logging_mixin.py:137} INFO - [2023-02-03T11:39:59.993+0000] {dag.py:2676} INFO - Sync 3 DAGs
[2023-02-03T11:40:00.092+0000] {logging_mixin.py:137} INFO - [2023-02-03T11:40:00.091+0000] {dag.py:3427} INFO - Setting next_dagrun for example_subdag_operator to 2022-01-01T00:00:00+00:00, run_after=2022-01-01T00:00:00+00:00
[2023-02-03T11:40:00.102+0000] {logging_mixin.py:137} INFO - [2023-02-03T11:40:00.101+0000] {dag.py:3427} INFO - Setting next_dagrun for example_subdag_operator.section-1 to None, run_after=None
[2023-02-03T11:40:00.105+0000] {logging_mixin.py:137} INFO - [2023-02-03T11:40:00.104+0000] {dag.py:3427} INFO - Setting next_dagrun for example_subdag_operator.section-2 to None, run_after=None
[2023-02-03T11:40:00.122+0000] {logging_mixin.py:137} INFO - [2023-02-03T11:40:00.122+0000] {dag.py:2676} INFO - Sync 2 DAGs
[2023-02-03T11:40:00.132+0000] {logging_mixin.py:137} INFO - [2023-02-03T11:40:00.132+0000] {dag.py:3427} INFO - Setting next_dagrun for example_subdag_operator.section-1 to None, run_after=None
[2023-02-03T11:40:00.134+0000] {logging_mixin.py:137} INFO - [2023-02-03T11:40:00.134+0000] {dag.py:3427} INFO - Setting next_dagrun for example_subdag_operator.section-2 to None, run_after=None
[2023-02-03T11:40:00.185+0000] {processor.py:175} INFO - Processing /home/airflow/.local/lib/python3.7/site-packages/airflow/example_dags/example_subdag_operator.py took 0.619 seconds
[2023-02-03T11:40:30.353+0000] {processor.py:153} INFO - Started process (PID=149) to work on /home/airflow/.local/lib/python3.7/site-packages/airflow/example_dags/example_subdag_operator.py
[2023-02-03T11:40:30.356+0000] {processor.py:743} INFO - Processing file /home/airflow/.local/lib/python3.7/site-packages/airflow/example_dags/example_subdag_operator.py for tasks to queue
[2023-02-03T11:40:30.359+0000] {logging_mixin.py:137} INFO - [2023-02-03T11:40:30.358+0000] {dagbag.py:538} INFO - Filling up the DagBag from /home/airflow/.local/lib/python3.7/site-packages/airflow/example_dags/example_subdag_operator.py
[2023-02-03T11:40:30.460+0000] {processor.py:753} INFO - DAG(s) dict_keys(['example_subdag_operator.section-1', 'example_subdag_operator.section-2', 'example_subdag_operator']) retrieved from /home/airflow/.local/lib/python3.7/site-packages/airflow/example_dags/example_subdag_operator.py
[2023-02-03T11:40:30.530+0000] {logging_mixin.py:137} INFO - [2023-02-03T11:40:30.530+0000] {dag.py:2676} INFO - Sync 3 DAGs
[2023-02-03T11:40:30.631+0000] {logging_mixin.py:137} INFO - [2023-02-03T11:40:30.630+0000] {dag.py:3427} INFO - Setting next_dagrun for example_subdag_operator to 2022-01-01T00:00:00+00:00, run_after=2022-01-01T00:00:00+00:00
[2023-02-03T11:40:30.644+0000] {logging_mixin.py:137} INFO - [2023-02-03T11:40:30.644+0000] {dag.py:3427} INFO - Setting next_dagrun for example_subdag_operator.section-1 to None, run_after=None
[2023-02-03T11:40:30.648+0000] {logging_mixin.py:137} INFO - [2023-02-03T11:40:30.648+0000] {dag.py:3427} INFO - Setting next_dagrun for example_subdag_operator.section-2 to None, run_after=None
[2023-02-03T11:40:30.674+0000] {logging_mixin.py:137} INFO - [2023-02-03T11:40:30.674+0000] {dag.py:2676} INFO - Sync 2 DAGs
[2023-02-03T11:40:30.690+0000] {logging_mixin.py:137} INFO - [2023-02-03T11:40:30.690+0000] {dag.py:3427} INFO - Setting next_dagrun for example_subdag_operator.section-1 to None, run_after=None
[2023-02-03T11:40:30.692+0000] {logging_mixin.py:137} INFO - [2023-02-03T11:40:30.692+0000] {dag.py:3427} INFO - Setting next_dagrun for example_subdag_operator.section-2 to None, run_after=None
[2023-02-03T11:40:30.727+0000] {processor.py:175} INFO - Processing /home/airflow/.local/lib/python3.7/site-packages/airflow/example_dags/example_subdag_operator.py took 0.382 seconds
[2023-02-03T11:41:00.925+0000] {processor.py:153} INFO - Started process (PID=211) to work on /home/airflow/.local/lib/python3.7/site-packages/airflow/example_dags/example_subdag_operator.py
[2023-02-03T11:41:00.927+0000] {processor.py:743} INFO - Processing file /home/airflow/.local/lib/python3.7/site-packages/airflow/example_dags/example_subdag_operator.py for tasks to queue
[2023-02-03T11:41:00.928+0000] {logging_mixin.py:137} INFO - [2023-02-03T11:41:00.928+0000] {dagbag.py:538} INFO - Filling up the DagBag from /home/airflow/.local/lib/python3.7/site-packages/airflow/example_dags/example_subdag_operator.py
[2023-02-03T11:41:00.984+0000] {processor.py:753} INFO - DAG(s) dict_keys(['example_subdag_operator.section-1', 'example_subdag_operator.section-2', 'example_subdag_operator']) retrieved from /home/airflow/.local/lib/python3.7/site-packages/airflow/example_dags/example_subdag_operator.py
[2023-02-03T11:41:01.024+0000] {logging_mixin.py:137} INFO - [2023-02-03T11:41:01.024+0000] {dag.py:2676} INFO - Sync 3 DAGs
[2023-02-03T11:41:01.070+0000] {logging_mixin.py:137} INFO - [2023-02-03T11:41:01.070+0000] {dag.py:3427} INFO - Setting next_dagrun for example_subdag_operator to 2022-01-01T00:00:00+00:00, run_after=2022-01-01T00:00:00+00:00
[2023-02-03T11:41:01.076+0000] {logging_mixin.py:137} INFO - [2023-02-03T11:41:01.076+0000] {dag.py:3427} INFO - Setting next_dagrun for example_subdag_operator.section-1 to None, run_after=None
[2023-02-03T11:41:01.078+0000] {logging_mixin.py:137} INFO - [2023-02-03T11:41:01.078+0000] {dag.py:3427} INFO - Setting next_dagrun for example_subdag_operator.section-2 to None, run_after=None
[2023-02-03T11:41:01.089+0000] {logging_mixin.py:137} INFO - [2023-02-03T11:41:01.089+0000] {dag.py:2676} INFO - Sync 2 DAGs
[2023-02-03T11:41:01.097+0000] {logging_mixin.py:137} INFO - [2023-02-03T11:41:01.096+0000] {dag.py:3427} INFO - Setting next_dagrun for example_subdag_operator.section-1 to None, run_after=None
[2023-02-03T11:41:01.098+0000] {logging_mixin.py:137} INFO - [2023-02-03T11:41:01.098+0000] {dag.py:3427} INFO - Setting next_dagrun for example_subdag_operator.section-2 to None, run_after=None
[2023-02-03T11:41:01.115+0000] {processor.py:175} INFO - Processing /home/airflow/.local/lib/python3.7/site-packages/airflow/example_dags/example_subdag_operator.py took 0.196 seconds
[2023-02-03T11:41:31.711+0000] {processor.py:153} INFO - Started process (PID=273) to work on /home/airflow/.local/lib/python3.7/site-packages/airflow/example_dags/example_subdag_operator.py
[2023-02-03T11:41:31.712+0000] {processor.py:743} INFO - Processing file /home/airflow/.local/lib/python3.7/site-packages/airflow/example_dags/example_subdag_operator.py for tasks to queue
[2023-02-03T11:41:31.714+0000] {logging_mixin.py:137} INFO - [2023-02-03T11:41:31.713+0000] {dagbag.py:538} INFO - Filling up the DagBag from /home/airflow/.local/lib/python3.7/site-packages/airflow/example_dags/example_subdag_operator.py
[2023-02-03T11:41:31.776+0000] {processor.py:753} INFO - DAG(s) dict_keys(['example_subdag_operator.section-1', 'example_subdag_operator.section-2', 'example_subdag_operator']) retrieved from /home/airflow/.local/lib/python3.7/site-packages/airflow/example_dags/example_subdag_operator.py
[2023-02-03T11:41:31.821+0000] {logging_mixin.py:137} INFO - [2023-02-03T11:41:31.821+0000] {dag.py:2676} INFO - Sync 3 DAGs
[2023-02-03T11:41:31.869+0000] {logging_mixin.py:137} INFO - [2023-02-03T11:41:31.868+0000] {dag.py:3427} INFO - Setting next_dagrun for example_subdag_operator to 2022-01-01T00:00:00+00:00, run_after=2022-01-01T00:00:00+00:00
[2023-02-03T11:41:31.875+0000] {logging_mixin.py:137} INFO - [2023-02-03T11:41:31.875+0000] {dag.py:3427} INFO - Setting next_dagrun for example_subdag_operator.section-1 to None, run_after=None
[2023-02-03T11:41:31.879+0000] {logging_mixin.py:137} INFO - [2023-02-03T11:41:31.878+0000] {dag.py:3427} INFO - Setting next_dagrun for example_subdag_operator.section-2 to None, run_after=None
[2023-02-03T11:41:31.892+0000] {logging_mixin.py:137} INFO - [2023-02-03T11:41:31.891+0000] {dag.py:2676} INFO - Sync 2 DAGs
[2023-02-03T11:41:31.898+0000] {logging_mixin.py:137} INFO - [2023-02-03T11:41:31.898+0000] {dag.py:3427} INFO - Setting next_dagrun for example_subdag_operator.section-1 to None, run_after=None
[2023-02-03T11:41:31.900+0000] {logging_mixin.py:137} INFO - [2023-02-03T11:41:31.899+0000] {dag.py:3427} INFO - Setting next_dagrun for example_subdag_operator.section-2 to None, run_after=None
[2023-02-03T11:41:31.916+0000] {processor.py:175} INFO - Processing /home/airflow/.local/lib/python3.7/site-packages/airflow/example_dags/example_subdag_operator.py took 0.210 seconds
[2023-02-03T11:42:02.242+0000] {processor.py:153} INFO - Started process (PID=348) to work on /home/airflow/.local/lib/python3.7/site-packages/airflow/example_dags/example_subdag_operator.py
[2023-02-03T11:42:02.245+0000] {processor.py:743} INFO - Processing file /home/airflow/.local/lib/python3.7/site-packages/airflow/example_dags/example_subdag_operator.py for tasks to queue
[2023-02-03T11:42:02.247+0000] {logging_mixin.py:137} INFO - [2023-02-03T11:42:02.247+0000] {dagbag.py:538} INFO - Filling up the DagBag from /home/airflow/.local/lib/python3.7/site-packages/airflow/example_dags/example_subdag_operator.py
[2023-02-03T11:42:02.325+0000] {processor.py:753} INFO - DAG(s) dict_keys(['example_subdag_operator.section-1', 'example_subdag_operator.section-2', 'example_subdag_operator']) retrieved from /home/airflow/.local/lib/python3.7/site-packages/airflow/example_dags/example_subdag_operator.py
[2023-02-03T11:42:02.374+0000] {logging_mixin.py:137} INFO - [2023-02-03T11:42:02.374+0000] {dag.py:2676} INFO - Sync 3 DAGs
[2023-02-03T11:42:02.435+0000] {logging_mixin.py:137} INFO - [2023-02-03T11:42:02.434+0000] {dag.py:3427} INFO - Setting next_dagrun for example_subdag_operator to 2022-01-01T00:00:00+00:00, run_after=2022-01-01T00:00:00+00:00
[2023-02-03T11:42:02.445+0000] {logging_mixin.py:137} INFO - [2023-02-03T11:42:02.445+0000] {dag.py:3427} INFO - Setting next_dagrun for example_subdag_operator.section-1 to None, run_after=None
[2023-02-03T11:42:02.448+0000] {logging_mixin.py:137} INFO - [2023-02-03T11:42:02.448+0000] {dag.py:3427} INFO - Setting next_dagrun for example_subdag_operator.section-2 to None, run_after=None
[2023-02-03T11:42:02.472+0000] {logging_mixin.py:137} INFO - [2023-02-03T11:42:02.472+0000] {dag.py:2676} INFO - Sync 2 DAGs
[2023-02-03T11:42:02.481+0000] {logging_mixin.py:137} INFO - [2023-02-03T11:42:02.481+0000] {dag.py:3427} INFO - Setting next_dagrun for example_subdag_operator.section-1 to None, run_after=None
[2023-02-03T11:42:02.482+0000] {logging_mixin.py:137} INFO - [2023-02-03T11:42:02.482+0000] {dag.py:3427} INFO - Setting next_dagrun for example_subdag_operator.section-2 to None, run_after=None
[2023-02-03T11:42:02.508+0000] {processor.py:175} INFO - Processing /home/airflow/.local/lib/python3.7/site-packages/airflow/example_dags/example_subdag_operator.py took 0.271 seconds
[2023-02-03T11:43:40.971+0000] {processor.py:153} INFO - Started process (PID=75) to work on /home/airflow/.local/lib/python3.7/site-packages/airflow/example_dags/example_subdag_operator.py
[2023-02-03T11:43:40.975+0000] {processor.py:743} INFO - Processing file /home/airflow/.local/lib/python3.7/site-packages/airflow/example_dags/example_subdag_operator.py for tasks to queue
[2023-02-03T11:43:40.980+0000] {logging_mixin.py:137} INFO - [2023-02-03T11:43:40.979+0000] {dagbag.py:538} INFO - Filling up the DagBag from /home/airflow/.local/lib/python3.7/site-packages/airflow/example_dags/example_subdag_operator.py
[2023-02-03T11:43:41.072+0000] {processor.py:753} INFO - DAG(s) dict_keys(['example_subdag_operator.section-1', 'example_subdag_operator.section-2', 'example_subdag_operator']) retrieved from /home/airflow/.local/lib/python3.7/site-packages/airflow/example_dags/example_subdag_operator.py
[2023-02-03T11:43:41.148+0000] {logging_mixin.py:137} INFO - [2023-02-03T11:43:41.148+0000] {dag.py:2676} INFO - Sync 3 DAGs
[2023-02-03T11:43:41.241+0000] {logging_mixin.py:137} INFO - [2023-02-03T11:43:41.240+0000] {dag.py:3427} INFO - Setting next_dagrun for example_subdag_operator to 2022-01-01T00:00:00+00:00, run_after=2022-01-01T00:00:00+00:00
[2023-02-03T11:43:41.263+0000] {logging_mixin.py:137} INFO - [2023-02-03T11:43:41.263+0000] {dag.py:3427} INFO - Setting next_dagrun for example_subdag_operator.section-1 to None, run_after=None
[2023-02-03T11:43:41.268+0000] {logging_mixin.py:137} INFO - [2023-02-03T11:43:41.268+0000] {dag.py:3427} INFO - Setting next_dagrun for example_subdag_operator.section-2 to None, run_after=None
[2023-02-03T11:43:41.296+0000] {logging_mixin.py:137} INFO - [2023-02-03T11:43:41.296+0000] {dag.py:2676} INFO - Sync 2 DAGs
[2023-02-03T11:43:41.310+0000] {logging_mixin.py:137} INFO - [2023-02-03T11:43:41.309+0000] {dag.py:3427} INFO - Setting next_dagrun for example_subdag_operator.section-1 to None, run_after=None
[2023-02-03T11:43:41.312+0000] {logging_mixin.py:137} INFO - [2023-02-03T11:43:41.311+0000] {dag.py:3427} INFO - Setting next_dagrun for example_subdag_operator.section-2 to None, run_after=None
[2023-02-03T11:43:41.338+0000] {processor.py:175} INFO - Processing /home/airflow/.local/lib/python3.7/site-packages/airflow/example_dags/example_subdag_operator.py took 0.380 seconds
[2023-02-03T11:44:11.844+0000] {processor.py:153} INFO - Started process (PID=138) to work on /home/airflow/.local/lib/python3.7/site-packages/airflow/example_dags/example_subdag_operator.py
[2023-02-03T11:44:11.848+0000] {processor.py:743} INFO - Processing file /home/airflow/.local/lib/python3.7/site-packages/airflow/example_dags/example_subdag_operator.py for tasks to queue
[2023-02-03T11:44:11.850+0000] {logging_mixin.py:137} INFO - [2023-02-03T11:44:11.850+0000] {dagbag.py:538} INFO - Filling up the DagBag from /home/airflow/.local/lib/python3.7/site-packages/airflow/example_dags/example_subdag_operator.py
[2023-02-03T11:44:11.979+0000] {processor.py:753} INFO - DAG(s) dict_keys(['example_subdag_operator.section-1', 'example_subdag_operator.section-2', 'example_subdag_operator']) retrieved from /home/airflow/.local/lib/python3.7/site-packages/airflow/example_dags/example_subdag_operator.py
[2023-02-03T11:44:12.092+0000] {logging_mixin.py:137} INFO - [2023-02-03T11:44:12.092+0000] {dag.py:2676} INFO - Sync 3 DAGs
[2023-02-03T11:44:12.214+0000] {logging_mixin.py:137} INFO - [2023-02-03T11:44:12.214+0000] {dag.py:3427} INFO - Setting next_dagrun for example_subdag_operator to 2022-01-01T00:00:00+00:00, run_after=2022-01-01T00:00:00+00:00
[2023-02-03T11:44:12.222+0000] {logging_mixin.py:137} INFO - [2023-02-03T11:44:12.222+0000] {dag.py:3427} INFO - Setting next_dagrun for example_subdag_operator.section-1 to None, run_after=None
[2023-02-03T11:44:12.227+0000] {logging_mixin.py:137} INFO - [2023-02-03T11:44:12.227+0000] {dag.py:3427} INFO - Setting next_dagrun for example_subdag_operator.section-2 to None, run_after=None
[2023-02-03T11:44:12.246+0000] {logging_mixin.py:137} INFO - [2023-02-03T11:44:12.246+0000] {dag.py:2676} INFO - Sync 2 DAGs
[2023-02-03T11:44:12.257+0000] {logging_mixin.py:137} INFO - [2023-02-03T11:44:12.256+0000] {dag.py:3427} INFO - Setting next_dagrun for example_subdag_operator.section-1 to None, run_after=None
[2023-02-03T11:44:12.259+0000] {logging_mixin.py:137} INFO - [2023-02-03T11:44:12.258+0000] {dag.py:3427} INFO - Setting next_dagrun for example_subdag_operator.section-2 to None, run_after=None
[2023-02-03T11:44:12.287+0000] {processor.py:175} INFO - Processing /home/airflow/.local/lib/python3.7/site-packages/airflow/example_dags/example_subdag_operator.py took 0.450 seconds
[2023-02-03T11:44:43.333+0000] {processor.py:153} INFO - Started process (PID=210) to work on /home/airflow/.local/lib/python3.7/site-packages/airflow/example_dags/example_subdag_operator.py
[2023-02-03T11:44:43.339+0000] {processor.py:743} INFO - Processing file /home/airflow/.local/lib/python3.7/site-packages/airflow/example_dags/example_subdag_operator.py for tasks to queue
[2023-02-03T11:44:43.346+0000] {logging_mixin.py:137} INFO - [2023-02-03T11:44:43.345+0000] {dagbag.py:538} INFO - Filling up the DagBag from /home/airflow/.local/lib/python3.7/site-packages/airflow/example_dags/example_subdag_operator.py
[2023-02-03T11:44:43.531+0000] {processor.py:753} INFO - DAG(s) dict_keys(['example_subdag_operator.section-1', 'example_subdag_operator.section-2', 'example_subdag_operator']) retrieved from /home/airflow/.local/lib/python3.7/site-packages/airflow/example_dags/example_subdag_operator.py
[2023-02-03T11:44:43.605+0000] {logging_mixin.py:137} INFO - [2023-02-03T11:44:43.605+0000] {dag.py:2676} INFO - Sync 3 DAGs
[2023-02-03T11:44:43.717+0000] {logging_mixin.py:137} INFO - [2023-02-03T11:44:43.716+0000] {dag.py:3427} INFO - Setting next_dagrun for example_subdag_operator to 2022-01-01T00:00:00+00:00, run_after=2022-01-01T00:00:00+00:00
[2023-02-03T11:44:43.733+0000] {logging_mixin.py:137} INFO - [2023-02-03T11:44:43.732+0000] {dag.py:3427} INFO - Setting next_dagrun for example_subdag_operator.section-1 to None, run_after=None
[2023-02-03T11:44:43.736+0000] {logging_mixin.py:137} INFO - [2023-02-03T11:44:43.736+0000] {dag.py:3427} INFO - Setting next_dagrun for example_subdag_operator.section-2 to None, run_after=None
[2023-02-03T11:44:43.771+0000] {logging_mixin.py:137} INFO - [2023-02-03T11:44:43.771+0000] {dag.py:2676} INFO - Sync 2 DAGs
[2023-02-03T11:44:43.792+0000] {logging_mixin.py:137} INFO - [2023-02-03T11:44:43.792+0000] {dag.py:3427} INFO - Setting next_dagrun for example_subdag_operator.section-1 to None, run_after=None
[2023-02-03T11:44:43.795+0000] {logging_mixin.py:137} INFO - [2023-02-03T11:44:43.795+0000] {dag.py:3427} INFO - Setting next_dagrun for example_subdag_operator.section-2 to None, run_after=None
[2023-02-03T11:44:43.827+0000] {processor.py:175} INFO - Processing /home/airflow/.local/lib/python3.7/site-packages/airflow/example_dags/example_subdag_operator.py took 0.512 seconds
[2023-02-03T11:45:14.160+0000] {processor.py:153} INFO - Started process (PID=276) to work on /home/airflow/.local/lib/python3.7/site-packages/airflow/example_dags/example_subdag_operator.py
[2023-02-03T11:45:14.163+0000] {processor.py:743} INFO - Processing file /home/airflow/.local/lib/python3.7/site-packages/airflow/example_dags/example_subdag_operator.py for tasks to queue
[2023-02-03T11:45:14.165+0000] {logging_mixin.py:137} INFO - [2023-02-03T11:45:14.165+0000] {dagbag.py:538} INFO - Filling up the DagBag from /home/airflow/.local/lib/python3.7/site-packages/airflow/example_dags/example_subdag_operator.py
[2023-02-03T11:45:14.290+0000] {processor.py:753} INFO - DAG(s) dict_keys(['example_subdag_operator.section-1', 'example_subdag_operator.section-2', 'example_subdag_operator']) retrieved from /home/airflow/.local/lib/python3.7/site-packages/airflow/example_dags/example_subdag_operator.py
[2023-02-03T11:45:14.378+0000] {logging_mixin.py:137} INFO - [2023-02-03T11:45:14.377+0000] {dag.py:2676} INFO - Sync 3 DAGs
[2023-02-03T11:45:14.495+0000] {logging_mixin.py:137} INFO - [2023-02-03T11:45:14.495+0000] {dag.py:3427} INFO - Setting next_dagrun for example_subdag_operator to 2022-01-01T00:00:00+00:00, run_after=2022-01-01T00:00:00+00:00
[2023-02-03T11:45:14.511+0000] {logging_mixin.py:137} INFO - [2023-02-03T11:45:14.510+0000] {dag.py:3427} INFO - Setting next_dagrun for example_subdag_operator.section-1 to None, run_after=None
[2023-02-03T11:45:14.514+0000] {logging_mixin.py:137} INFO - [2023-02-03T11:45:14.514+0000] {dag.py:3427} INFO - Setting next_dagrun for example_subdag_operator.section-2 to None, run_after=None
[2023-02-03T11:45:14.552+0000] {logging_mixin.py:137} INFO - [2023-02-03T11:45:14.552+0000] {dag.py:2676} INFO - Sync 2 DAGs
[2023-02-03T11:45:14.578+0000] {logging_mixin.py:137} INFO - [2023-02-03T11:45:14.578+0000] {dag.py:3427} INFO - Setting next_dagrun for example_subdag_operator.section-1 to None, run_after=None
[2023-02-03T11:45:14.580+0000] {logging_mixin.py:137} INFO - [2023-02-03T11:45:14.580+0000] {dag.py:3427} INFO - Setting next_dagrun for example_subdag_operator.section-2 to None, run_after=None
[2023-02-03T11:45:14.605+0000] {processor.py:175} INFO - Processing /home/airflow/.local/lib/python3.7/site-packages/airflow/example_dags/example_subdag_operator.py took 0.459 seconds
[2023-02-03T11:45:45.260+0000] {processor.py:153} INFO - Started process (PID=338) to work on /home/airflow/.local/lib/python3.7/site-packages/airflow/example_dags/example_subdag_operator.py
[2023-02-03T11:45:45.263+0000] {processor.py:743} INFO - Processing file /home/airflow/.local/lib/python3.7/site-packages/airflow/example_dags/example_subdag_operator.py for tasks to queue
[2023-02-03T11:45:45.265+0000] {logging_mixin.py:137} INFO - [2023-02-03T11:45:45.265+0000] {dagbag.py:538} INFO - Filling up the DagBag from /home/airflow/.local/lib/python3.7/site-packages/airflow/example_dags/example_subdag_operator.py
[2023-02-03T11:45:45.360+0000] {processor.py:753} INFO - DAG(s) dict_keys(['example_subdag_operator.section-1', 'example_subdag_operator.section-2', 'example_subdag_operator']) retrieved from /home/airflow/.local/lib/python3.7/site-packages/airflow/example_dags/example_subdag_operator.py
[2023-02-03T11:45:45.440+0000] {logging_mixin.py:137} INFO - [2023-02-03T11:45:45.440+0000] {dag.py:2676} INFO - Sync 3 DAGs
[2023-02-03T11:45:45.532+0000] {logging_mixin.py:137} INFO - [2023-02-03T11:45:45.532+0000] {dag.py:3427} INFO - Setting next_dagrun for example_subdag_operator to 2022-01-01T00:00:00+00:00, run_after=2022-01-01T00:00:00+00:00
[2023-02-03T11:45:45.544+0000] {logging_mixin.py:137} INFO - [2023-02-03T11:45:45.544+0000] {dag.py:3427} INFO - Setting next_dagrun for example_subdag_operator.section-1 to None, run_after=None
[2023-02-03T11:45:45.548+0000] {logging_mixin.py:137} INFO - [2023-02-03T11:45:45.548+0000] {dag.py:3427} INFO - Setting next_dagrun for example_subdag_operator.section-2 to None, run_after=None
[2023-02-03T11:45:45.574+0000] {logging_mixin.py:137} INFO - [2023-02-03T11:45:45.574+0000] {dag.py:2676} INFO - Sync 2 DAGs
[2023-02-03T11:45:45.586+0000] {logging_mixin.py:137} INFO - [2023-02-03T11:45:45.586+0000] {dag.py:3427} INFO - Setting next_dagrun for example_subdag_operator.section-1 to None, run_after=None
[2023-02-03T11:45:45.588+0000] {logging_mixin.py:137} INFO - [2023-02-03T11:45:45.587+0000] {dag.py:3427} INFO - Setting next_dagrun for example_subdag_operator.section-2 to None, run_after=None
[2023-02-03T11:45:45.618+0000] {processor.py:175} INFO - Processing /home/airflow/.local/lib/python3.7/site-packages/airflow/example_dags/example_subdag_operator.py took 0.364 seconds
[2023-02-03T11:46:15.796+0000] {processor.py:153} INFO - Started process (PID=401) to work on /home/airflow/.local/lib/python3.7/site-packages/airflow/example_dags/example_subdag_operator.py
[2023-02-03T11:46:15.799+0000] {processor.py:743} INFO - Processing file /home/airflow/.local/lib/python3.7/site-packages/airflow/example_dags/example_subdag_operator.py for tasks to queue
[2023-02-03T11:46:15.800+0000] {logging_mixin.py:137} INFO - [2023-02-03T11:46:15.800+0000] {dagbag.py:538} INFO - Filling up the DagBag from /home/airflow/.local/lib/python3.7/site-packages/airflow/example_dags/example_subdag_operator.py
[2023-02-03T11:46:15.867+0000] {processor.py:753} INFO - DAG(s) dict_keys(['example_subdag_operator.section-1', 'example_subdag_operator.section-2', 'example_subdag_operator']) retrieved from /home/airflow/.local/lib/python3.7/site-packages/airflow/example_dags/example_subdag_operator.py
[2023-02-03T11:46:15.918+0000] {logging_mixin.py:137} INFO - [2023-02-03T11:46:15.918+0000] {dag.py:2676} INFO - Sync 3 DAGs
[2023-02-03T11:46:15.970+0000] {logging_mixin.py:137} INFO - [2023-02-03T11:46:15.970+0000] {dag.py:3427} INFO - Setting next_dagrun for example_subdag_operator to 2022-01-01T00:00:00+00:00, run_after=2022-01-01T00:00:00+00:00
[2023-02-03T11:46:15.979+0000] {logging_mixin.py:137} INFO - [2023-02-03T11:46:15.979+0000] {dag.py:3427} INFO - Setting next_dagrun for example_subdag_operator.section-1 to None, run_after=None
[2023-02-03T11:46:15.981+0000] {logging_mixin.py:137} INFO - [2023-02-03T11:46:15.981+0000] {dag.py:3427} INFO - Setting next_dagrun for example_subdag_operator.section-2 to None, run_after=None
[2023-02-03T11:46:15.995+0000] {logging_mixin.py:137} INFO - [2023-02-03T11:46:15.995+0000] {dag.py:2676} INFO - Sync 2 DAGs
[2023-02-03T11:46:16.007+0000] {logging_mixin.py:137} INFO - [2023-02-03T11:46:16.007+0000] {dag.py:3427} INFO - Setting next_dagrun for example_subdag_operator.section-1 to None, run_after=None
[2023-02-03T11:46:16.009+0000] {logging_mixin.py:137} INFO - [2023-02-03T11:46:16.009+0000] {dag.py:3427} INFO - Setting next_dagrun for example_subdag_operator.section-2 to None, run_after=None
[2023-02-03T11:46:16.034+0000] {processor.py:175} INFO - Processing /home/airflow/.local/lib/python3.7/site-packages/airflow/example_dags/example_subdag_operator.py took 0.244 seconds
[2023-02-03T11:46:46.488+0000] {processor.py:153} INFO - Started process (PID=476) to work on /home/airflow/.local/lib/python3.7/site-packages/airflow/example_dags/example_subdag_operator.py
[2023-02-03T11:46:46.491+0000] {processor.py:743} INFO - Processing file /home/airflow/.local/lib/python3.7/site-packages/airflow/example_dags/example_subdag_operator.py for tasks to queue
[2023-02-03T11:46:46.493+0000] {logging_mixin.py:137} INFO - [2023-02-03T11:46:46.493+0000] {dagbag.py:538} INFO - Filling up the DagBag from /home/airflow/.local/lib/python3.7/site-packages/airflow/example_dags/example_subdag_operator.py
[2023-02-03T11:46:46.568+0000] {processor.py:753} INFO - DAG(s) dict_keys(['example_subdag_operator.section-1', 'example_subdag_operator.section-2', 'example_subdag_operator']) retrieved from /home/airflow/.local/lib/python3.7/site-packages/airflow/example_dags/example_subdag_operator.py
[2023-02-03T11:46:46.632+0000] {logging_mixin.py:137} INFO - [2023-02-03T11:46:46.631+0000] {dag.py:2676} INFO - Sync 3 DAGs
[2023-02-03T11:46:46.701+0000] {logging_mixin.py:137} INFO - [2023-02-03T11:46:46.701+0000] {dag.py:3427} INFO - Setting next_dagrun for example_subdag_operator to 2022-01-01T00:00:00+00:00, run_after=2022-01-01T00:00:00+00:00
[2023-02-03T11:46:46.709+0000] {logging_mixin.py:137} INFO - [2023-02-03T11:46:46.709+0000] {dag.py:3427} INFO - Setting next_dagrun for example_subdag_operator.section-1 to None, run_after=None
[2023-02-03T11:46:46.712+0000] {logging_mixin.py:137} INFO - [2023-02-03T11:46:46.712+0000] {dag.py:3427} INFO - Setting next_dagrun for example_subdag_operator.section-2 to None, run_after=None
[2023-02-03T11:46:46.727+0000] {logging_mixin.py:137} INFO - [2023-02-03T11:46:46.727+0000] {dag.py:2676} INFO - Sync 2 DAGs
[2023-02-03T11:46:46.737+0000] {logging_mixin.py:137} INFO - [2023-02-03T11:46:46.737+0000] {dag.py:3427} INFO - Setting next_dagrun for example_subdag_operator.section-1 to None, run_after=None
[2023-02-03T11:46:46.738+0000] {logging_mixin.py:137} INFO - [2023-02-03T11:46:46.738+0000] {dag.py:3427} INFO - Setting next_dagrun for example_subdag_operator.section-2 to None, run_after=None
[2023-02-03T11:46:46.763+0000] {processor.py:175} INFO - Processing /home/airflow/.local/lib/python3.7/site-packages/airflow/example_dags/example_subdag_operator.py took 0.282 seconds
[2023-02-03T11:47:17.510+0000] {processor.py:153} INFO - Started process (PID=538) to work on /home/airflow/.local/lib/python3.7/site-packages/airflow/example_dags/example_subdag_operator.py
[2023-02-03T11:47:17.512+0000] {processor.py:743} INFO - Processing file /home/airflow/.local/lib/python3.7/site-packages/airflow/example_dags/example_subdag_operator.py for tasks to queue
[2023-02-03T11:47:17.514+0000] {logging_mixin.py:137} INFO - [2023-02-03T11:47:17.514+0000] {dagbag.py:538} INFO - Filling up the DagBag from /home/airflow/.local/lib/python3.7/site-packages/airflow/example_dags/example_subdag_operator.py
[2023-02-03T11:47:17.587+0000] {processor.py:753} INFO - DAG(s) dict_keys(['example_subdag_operator.section-1', 'example_subdag_operator.section-2', 'example_subdag_operator']) retrieved from /home/airflow/.local/lib/python3.7/site-packages/airflow/example_dags/example_subdag_operator.py
[2023-02-03T11:47:17.641+0000] {logging_mixin.py:137} INFO - [2023-02-03T11:47:17.641+0000] {dag.py:2676} INFO - Sync 3 DAGs
[2023-02-03T11:47:17.699+0000] {logging_mixin.py:137} INFO - [2023-02-03T11:47:17.699+0000] {dag.py:3427} INFO - Setting next_dagrun for example_subdag_operator to 2022-01-01T00:00:00+00:00, run_after=2022-01-01T00:00:00+00:00
[2023-02-03T11:47:17.707+0000] {logging_mixin.py:137} INFO - [2023-02-03T11:47:17.707+0000] {dag.py:3427} INFO - Setting next_dagrun for example_subdag_operator.section-1 to None, run_after=None
[2023-02-03T11:47:17.710+0000] {logging_mixin.py:137} INFO - [2023-02-03T11:47:17.710+0000] {dag.py:3427} INFO - Setting next_dagrun for example_subdag_operator.section-2 to None, run_after=None
[2023-02-03T11:47:17.727+0000] {logging_mixin.py:137} INFO - [2023-02-03T11:47:17.727+0000] {dag.py:2676} INFO - Sync 2 DAGs
[2023-02-03T11:47:17.736+0000] {logging_mixin.py:137} INFO - [2023-02-03T11:47:17.736+0000] {dag.py:3427} INFO - Setting next_dagrun for example_subdag_operator.section-1 to None, run_after=None
[2023-02-03T11:47:17.737+0000] {logging_mixin.py:137} INFO - [2023-02-03T11:47:17.737+0000] {dag.py:3427} INFO - Setting next_dagrun for example_subdag_operator.section-2 to None, run_after=None
[2023-02-03T11:47:17.761+0000] {processor.py:175} INFO - Processing /home/airflow/.local/lib/python3.7/site-packages/airflow/example_dags/example_subdag_operator.py took 0.259 seconds
[2023-02-03T11:47:48.229+0000] {processor.py:153} INFO - Started process (PID=608) to work on /home/airflow/.local/lib/python3.7/site-packages/airflow/example_dags/example_subdag_operator.py
[2023-02-03T11:47:48.232+0000] {processor.py:743} INFO - Processing file /home/airflow/.local/lib/python3.7/site-packages/airflow/example_dags/example_subdag_operator.py for tasks to queue
[2023-02-03T11:47:48.235+0000] {logging_mixin.py:137} INFO - [2023-02-03T11:47:48.234+0000] {dagbag.py:538} INFO - Filling up the DagBag from /home/airflow/.local/lib/python3.7/site-packages/airflow/example_dags/example_subdag_operator.py
[2023-02-03T11:47:48.458+0000] {processor.py:753} INFO - DAG(s) dict_keys(['example_subdag_operator.section-1', 'example_subdag_operator.section-2', 'example_subdag_operator']) retrieved from /home/airflow/.local/lib/python3.7/site-packages/airflow/example_dags/example_subdag_operator.py
[2023-02-03T11:47:48.543+0000] {logging_mixin.py:137} INFO - [2023-02-03T11:47:48.543+0000] {dag.py:2676} INFO - Sync 3 DAGs
[2023-02-03T11:47:48.657+0000] {logging_mixin.py:137} INFO - [2023-02-03T11:47:48.656+0000] {dag.py:3427} INFO - Setting next_dagrun for example_subdag_operator to 2022-01-01T00:00:00+00:00, run_after=2022-01-01T00:00:00+00:00
[2023-02-03T11:47:48.672+0000] {logging_mixin.py:137} INFO - [2023-02-03T11:47:48.671+0000] {dag.py:3427} INFO - Setting next_dagrun for example_subdag_operator.section-1 to None, run_after=None
[2023-02-03T11:47:48.678+0000] {logging_mixin.py:137} INFO - [2023-02-03T11:47:48.678+0000] {dag.py:3427} INFO - Setting next_dagrun for example_subdag_operator.section-2 to None, run_after=None
[2023-02-03T11:47:48.701+0000] {logging_mixin.py:137} INFO - [2023-02-03T11:47:48.701+0000] {dag.py:2676} INFO - Sync 2 DAGs
[2023-02-03T11:47:48.712+0000] {logging_mixin.py:137} INFO - [2023-02-03T11:47:48.712+0000] {dag.py:3427} INFO - Setting next_dagrun for example_subdag_operator.section-1 to None, run_after=None
[2023-02-03T11:47:48.713+0000] {logging_mixin.py:137} INFO - [2023-02-03T11:47:48.713+0000] {dag.py:3427} INFO - Setting next_dagrun for example_subdag_operator.section-2 to None, run_after=None
[2023-02-03T11:47:48.741+0000] {processor.py:175} INFO - Processing /home/airflow/.local/lib/python3.7/site-packages/airflow/example_dags/example_subdag_operator.py took 0.519 seconds
[2023-02-03T11:48:19.162+0000] {processor.py:153} INFO - Started process (PID=673) to work on /home/airflow/.local/lib/python3.7/site-packages/airflow/example_dags/example_subdag_operator.py
[2023-02-03T11:48:19.164+0000] {processor.py:743} INFO - Processing file /home/airflow/.local/lib/python3.7/site-packages/airflow/example_dags/example_subdag_operator.py for tasks to queue
[2023-02-03T11:48:19.166+0000] {logging_mixin.py:137} INFO - [2023-02-03T11:48:19.166+0000] {dagbag.py:538} INFO - Filling up the DagBag from /home/airflow/.local/lib/python3.7/site-packages/airflow/example_dags/example_subdag_operator.py
[2023-02-03T11:48:19.248+0000] {processor.py:753} INFO - DAG(s) dict_keys(['example_subdag_operator.section-1', 'example_subdag_operator.section-2', 'example_subdag_operator']) retrieved from /home/airflow/.local/lib/python3.7/site-packages/airflow/example_dags/example_subdag_operator.py
[2023-02-03T11:48:19.313+0000] {logging_mixin.py:137} INFO - [2023-02-03T11:48:19.313+0000] {dag.py:2676} INFO - Sync 3 DAGs
[2023-02-03T11:48:19.392+0000] {logging_mixin.py:137} INFO - [2023-02-03T11:48:19.392+0000] {dag.py:3427} INFO - Setting next_dagrun for example_subdag_operator to 2022-01-01T00:00:00+00:00, run_after=2022-01-01T00:00:00+00:00
[2023-02-03T11:48:19.399+0000] {logging_mixin.py:137} INFO - [2023-02-03T11:48:19.398+0000] {dag.py:3427} INFO - Setting next_dagrun for example_subdag_operator.section-1 to None, run_after=None
[2023-02-03T11:48:19.402+0000] {logging_mixin.py:137} INFO - [2023-02-03T11:48:19.401+0000] {dag.py:3427} INFO - Setting next_dagrun for example_subdag_operator.section-2 to None, run_after=None
[2023-02-03T11:48:19.422+0000] {logging_mixin.py:137} INFO - [2023-02-03T11:48:19.422+0000] {dag.py:2676} INFO - Sync 2 DAGs
[2023-02-03T11:48:19.438+0000] {logging_mixin.py:137} INFO - [2023-02-03T11:48:19.438+0000] {dag.py:3427} INFO - Setting next_dagrun for example_subdag_operator.section-1 to None, run_after=None
[2023-02-03T11:48:19.440+0000] {logging_mixin.py:137} INFO - [2023-02-03T11:48:19.439+0000] {dag.py:3427} INFO - Setting next_dagrun for example_subdag_operator.section-2 to None, run_after=None
[2023-02-03T11:48:19.464+0000] {processor.py:175} INFO - Processing /home/airflow/.local/lib/python3.7/site-packages/airflow/example_dags/example_subdag_operator.py took 0.308 seconds
[2023-02-03T11:48:49.867+0000] {processor.py:153} INFO - Started process (PID=735) to work on /home/airflow/.local/lib/python3.7/site-packages/airflow/example_dags/example_subdag_operator.py
[2023-02-03T11:48:49.871+0000] {processor.py:743} INFO - Processing file /home/airflow/.local/lib/python3.7/site-packages/airflow/example_dags/example_subdag_operator.py for tasks to queue
[2023-02-03T11:48:49.873+0000] {logging_mixin.py:137} INFO - [2023-02-03T11:48:49.873+0000] {dagbag.py:538} INFO - Filling up the DagBag from /home/airflow/.local/lib/python3.7/site-packages/airflow/example_dags/example_subdag_operator.py
[2023-02-03T11:48:49.971+0000] {processor.py:753} INFO - DAG(s) dict_keys(['example_subdag_operator.section-1', 'example_subdag_operator.section-2', 'example_subdag_operator']) retrieved from /home/airflow/.local/lib/python3.7/site-packages/airflow/example_dags/example_subdag_operator.py
[2023-02-03T11:48:50.044+0000] {logging_mixin.py:137} INFO - [2023-02-03T11:48:50.044+0000] {dag.py:2676} INFO - Sync 3 DAGs
[2023-02-03T11:48:50.127+0000] {logging_mixin.py:137} INFO - [2023-02-03T11:48:50.127+0000] {dag.py:3427} INFO - Setting next_dagrun for example_subdag_operator to 2022-01-01T00:00:00+00:00, run_after=2022-01-01T00:00:00+00:00
[2023-02-03T11:48:50.139+0000] {logging_mixin.py:137} INFO - [2023-02-03T11:48:50.139+0000] {dag.py:3427} INFO - Setting next_dagrun for example_subdag_operator.section-1 to None, run_after=None
[2023-02-03T11:48:50.142+0000] {logging_mixin.py:137} INFO - [2023-02-03T11:48:50.142+0000] {dag.py:3427} INFO - Setting next_dagrun for example_subdag_operator.section-2 to None, run_after=None
[2023-02-03T11:48:50.168+0000] {logging_mixin.py:137} INFO - [2023-02-03T11:48:50.167+0000] {dag.py:2676} INFO - Sync 2 DAGs
[2023-02-03T11:48:50.179+0000] {logging_mixin.py:137} INFO - [2023-02-03T11:48:50.179+0000] {dag.py:3427} INFO - Setting next_dagrun for example_subdag_operator.section-1 to None, run_after=None
[2023-02-03T11:48:50.181+0000] {logging_mixin.py:137} INFO - [2023-02-03T11:48:50.181+0000] {dag.py:3427} INFO - Setting next_dagrun for example_subdag_operator.section-2 to None, run_after=None
[2023-02-03T11:48:50.211+0000] {processor.py:175} INFO - Processing /home/airflow/.local/lib/python3.7/site-packages/airflow/example_dags/example_subdag_operator.py took 0.357 seconds
[2023-02-03T11:49:20.726+0000] {processor.py:153} INFO - Started process (PID=806) to work on /home/airflow/.local/lib/python3.7/site-packages/airflow/example_dags/example_subdag_operator.py
[2023-02-03T11:49:20.729+0000] {processor.py:743} INFO - Processing file /home/airflow/.local/lib/python3.7/site-packages/airflow/example_dags/example_subdag_operator.py for tasks to queue
[2023-02-03T11:49:20.731+0000] {logging_mixin.py:137} INFO - [2023-02-03T11:49:20.731+0000] {dagbag.py:538} INFO - Filling up the DagBag from /home/airflow/.local/lib/python3.7/site-packages/airflow/example_dags/example_subdag_operator.py
[2023-02-03T11:49:20.843+0000] {processor.py:753} INFO - DAG(s) dict_keys(['example_subdag_operator.section-1', 'example_subdag_operator.section-2', 'example_subdag_operator']) retrieved from /home/airflow/.local/lib/python3.7/site-packages/airflow/example_dags/example_subdag_operator.py
[2023-02-03T11:49:20.912+0000] {logging_mixin.py:137} INFO - [2023-02-03T11:49:20.912+0000] {dag.py:2676} INFO - Sync 3 DAGs
[2023-02-03T11:49:21.000+0000] {logging_mixin.py:137} INFO - [2023-02-03T11:49:20.999+0000] {dag.py:3427} INFO - Setting next_dagrun for example_subdag_operator to 2022-01-01T00:00:00+00:00, run_after=2022-01-01T00:00:00+00:00
[2023-02-03T11:49:21.009+0000] {logging_mixin.py:137} INFO - [2023-02-03T11:49:21.008+0000] {dag.py:3427} INFO - Setting next_dagrun for example_subdag_operator.section-1 to None, run_after=None
[2023-02-03T11:49:21.012+0000] {logging_mixin.py:137} INFO - [2023-02-03T11:49:21.012+0000] {dag.py:3427} INFO - Setting next_dagrun for example_subdag_operator.section-2 to None, run_after=None
[2023-02-03T11:49:21.030+0000] {logging_mixin.py:137} INFO - [2023-02-03T11:49:21.030+0000] {dag.py:2676} INFO - Sync 2 DAGs
[2023-02-03T11:49:21.043+0000] {logging_mixin.py:137} INFO - [2023-02-03T11:49:21.043+0000] {dag.py:3427} INFO - Setting next_dagrun for example_subdag_operator.section-1 to None, run_after=None
[2023-02-03T11:49:21.045+0000] {logging_mixin.py:137} INFO - [2023-02-03T11:49:21.045+0000] {dag.py:3427} INFO - Setting next_dagrun for example_subdag_operator.section-2 to None, run_after=None
[2023-02-03T11:49:21.081+0000] {processor.py:175} INFO - Processing /home/airflow/.local/lib/python3.7/site-packages/airflow/example_dags/example_subdag_operator.py took 0.364 seconds
[2023-02-03T11:49:52.396+0000] {processor.py:153} INFO - Started process (PID=870) to work on /home/airflow/.local/lib/python3.7/site-packages/airflow/example_dags/example_subdag_operator.py
[2023-02-03T11:49:52.400+0000] {processor.py:743} INFO - Processing file /home/airflow/.local/lib/python3.7/site-packages/airflow/example_dags/example_subdag_operator.py for tasks to queue
[2023-02-03T11:49:52.405+0000] {logging_mixin.py:137} INFO - [2023-02-03T11:49:52.405+0000] {dagbag.py:538} INFO - Filling up the DagBag from /home/airflow/.local/lib/python3.7/site-packages/airflow/example_dags/example_subdag_operator.py
[2023-02-03T11:49:52.568+0000] {processor.py:753} INFO - DAG(s) dict_keys(['example_subdag_operator.section-1', 'example_subdag_operator.section-2', 'example_subdag_operator']) retrieved from /home/airflow/.local/lib/python3.7/site-packages/airflow/example_dags/example_subdag_operator.py
[2023-02-03T11:49:52.664+0000] {logging_mixin.py:137} INFO - [2023-02-03T11:49:52.664+0000] {dag.py:2676} INFO - Sync 3 DAGs
[2023-02-03T11:49:52.765+0000] {logging_mixin.py:137} INFO - [2023-02-03T11:49:52.765+0000] {dag.py:3427} INFO - Setting next_dagrun for example_subdag_operator to 2022-01-01T00:00:00+00:00, run_after=2022-01-01T00:00:00+00:00
[2023-02-03T11:49:52.782+0000] {logging_mixin.py:137} INFO - [2023-02-03T11:49:52.782+0000] {dag.py:3427} INFO - Setting next_dagrun for example_subdag_operator.section-1 to None, run_after=None
[2023-02-03T11:49:52.786+0000] {logging_mixin.py:137} INFO - [2023-02-03T11:49:52.786+0000] {dag.py:3427} INFO - Setting next_dagrun for example_subdag_operator.section-2 to None, run_after=None
[2023-02-03T11:49:52.810+0000] {logging_mixin.py:137} INFO - [2023-02-03T11:49:52.809+0000] {dag.py:2676} INFO - Sync 2 DAGs
[2023-02-03T11:49:52.830+0000] {logging_mixin.py:137} INFO - [2023-02-03T11:49:52.830+0000] {dag.py:3427} INFO - Setting next_dagrun for example_subdag_operator.section-1 to None, run_after=None
[2023-02-03T11:49:52.832+0000] {logging_mixin.py:137} INFO - [2023-02-03T11:49:52.832+0000] {dag.py:3427} INFO - Setting next_dagrun for example_subdag_operator.section-2 to None, run_after=None
[2023-02-03T11:49:52.872+0000] {processor.py:175} INFO - Processing /home/airflow/.local/lib/python3.7/site-packages/airflow/example_dags/example_subdag_operator.py took 0.488 seconds
[2023-02-03T11:50:23.072+0000] {processor.py:153} INFO - Started process (PID=932) to work on /home/airflow/.local/lib/python3.7/site-packages/airflow/example_dags/example_subdag_operator.py
[2023-02-03T11:50:23.074+0000] {processor.py:743} INFO - Processing file /home/airflow/.local/lib/python3.7/site-packages/airflow/example_dags/example_subdag_operator.py for tasks to queue
[2023-02-03T11:50:23.076+0000] {logging_mixin.py:137} INFO - [2023-02-03T11:50:23.076+0000] {dagbag.py:538} INFO - Filling up the DagBag from /home/airflow/.local/lib/python3.7/site-packages/airflow/example_dags/example_subdag_operator.py
[2023-02-03T11:50:23.175+0000] {processor.py:753} INFO - DAG(s) dict_keys(['example_subdag_operator.section-1', 'example_subdag_operator.section-2', 'example_subdag_operator']) retrieved from /home/airflow/.local/lib/python3.7/site-packages/airflow/example_dags/example_subdag_operator.py
[2023-02-03T11:50:23.294+0000] {logging_mixin.py:137} INFO - [2023-02-03T11:50:23.294+0000] {dag.py:2676} INFO - Sync 3 DAGs
[2023-02-03T11:50:23.471+0000] {logging_mixin.py:137} INFO - [2023-02-03T11:50:23.470+0000] {dag.py:3427} INFO - Setting next_dagrun for example_subdag_operator to 2022-01-01T00:00:00+00:00, run_after=2022-01-01T00:00:00+00:00
[2023-02-03T11:50:23.498+0000] {logging_mixin.py:137} INFO - [2023-02-03T11:50:23.497+0000] {dag.py:3427} INFO - Setting next_dagrun for example_subdag_operator.section-1 to None, run_after=None
[2023-02-03T11:50:23.530+0000] {logging_mixin.py:137} INFO - [2023-02-03T11:50:23.530+0000] {dag.py:3427} INFO - Setting next_dagrun for example_subdag_operator.section-2 to None, run_after=None
[2023-02-03T11:50:23.575+0000] {logging_mixin.py:137} INFO - [2023-02-03T11:50:23.574+0000] {dag.py:2676} INFO - Sync 2 DAGs
[2023-02-03T11:50:23.594+0000] {logging_mixin.py:137} INFO - [2023-02-03T11:50:23.594+0000] {dag.py:3427} INFO - Setting next_dagrun for example_subdag_operator.section-1 to None, run_after=None
[2023-02-03T11:50:23.596+0000] {logging_mixin.py:137} INFO - [2023-02-03T11:50:23.596+0000] {dag.py:3427} INFO - Setting next_dagrun for example_subdag_operator.section-2 to None, run_after=None
[2023-02-03T11:50:23.621+0000] {processor.py:175} INFO - Processing /home/airflow/.local/lib/python3.7/site-packages/airflow/example_dags/example_subdag_operator.py took 0.557 seconds
[2023-02-03T11:50:53.869+0000] {processor.py:153} INFO - Started process (PID=994) to work on /home/airflow/.local/lib/python3.7/site-packages/airflow/example_dags/example_subdag_operator.py
[2023-02-03T11:50:53.872+0000] {processor.py:743} INFO - Processing file /home/airflow/.local/lib/python3.7/site-packages/airflow/example_dags/example_subdag_operator.py for tasks to queue
[2023-02-03T11:50:53.874+0000] {logging_mixin.py:137} INFO - [2023-02-03T11:50:53.873+0000] {dagbag.py:538} INFO - Filling up the DagBag from /home/airflow/.local/lib/python3.7/site-packages/airflow/example_dags/example_subdag_operator.py
[2023-02-03T11:50:53.955+0000] {processor.py:753} INFO - DAG(s) dict_keys(['example_subdag_operator.section-1', 'example_subdag_operator.section-2', 'example_subdag_operator']) retrieved from /home/airflow/.local/lib/python3.7/site-packages/airflow/example_dags/example_subdag_operator.py
[2023-02-03T11:50:54.021+0000] {logging_mixin.py:137} INFO - [2023-02-03T11:50:54.020+0000] {dag.py:2676} INFO - Sync 3 DAGs
[2023-02-03T11:50:54.117+0000] {logging_mixin.py:137} INFO - [2023-02-03T11:50:54.117+0000] {dag.py:3427} INFO - Setting next_dagrun for example_subdag_operator to 2022-01-01T00:00:00+00:00, run_after=2022-01-01T00:00:00+00:00
[2023-02-03T11:50:54.130+0000] {logging_mixin.py:137} INFO - [2023-02-03T11:50:54.130+0000] {dag.py:3427} INFO - Setting next_dagrun for example_subdag_operator.section-1 to None, run_after=None
[2023-02-03T11:50:54.134+0000] {logging_mixin.py:137} INFO - [2023-02-03T11:50:54.133+0000] {dag.py:3427} INFO - Setting next_dagrun for example_subdag_operator.section-2 to None, run_after=None
[2023-02-03T11:50:54.157+0000] {logging_mixin.py:137} INFO - [2023-02-03T11:50:54.156+0000] {dag.py:2676} INFO - Sync 2 DAGs
[2023-02-03T11:50:54.175+0000] {logging_mixin.py:137} INFO - [2023-02-03T11:50:54.175+0000] {dag.py:3427} INFO - Setting next_dagrun for example_subdag_operator.section-1 to None, run_after=None
[2023-02-03T11:50:54.177+0000] {logging_mixin.py:137} INFO - [2023-02-03T11:50:54.177+0000] {dag.py:3427} INFO - Setting next_dagrun for example_subdag_operator.section-2 to None, run_after=None
[2023-02-03T11:50:54.237+0000] {processor.py:175} INFO - Processing /home/airflow/.local/lib/python3.7/site-packages/airflow/example_dags/example_subdag_operator.py took 0.376 seconds
[2023-02-03T11:55:37.965+0000] {processor.py:153} INFO - Started process (PID=84) to work on /home/airflow/.local/lib/python3.7/site-packages/airflow/example_dags/example_subdag_operator.py
[2023-02-03T11:55:37.969+0000] {processor.py:743} INFO - Processing file /home/airflow/.local/lib/python3.7/site-packages/airflow/example_dags/example_subdag_operator.py for tasks to queue
[2023-02-03T11:55:37.972+0000] {logging_mixin.py:137} INFO - [2023-02-03T11:55:37.972+0000] {dagbag.py:538} INFO - Filling up the DagBag from /home/airflow/.local/lib/python3.7/site-packages/airflow/example_dags/example_subdag_operator.py
[2023-02-03T11:55:38.075+0000] {processor.py:753} INFO - DAG(s) dict_keys(['example_subdag_operator.section-1', 'example_subdag_operator.section-2', 'example_subdag_operator']) retrieved from /home/airflow/.local/lib/python3.7/site-packages/airflow/example_dags/example_subdag_operator.py
[2023-02-03T11:55:38.266+0000] {logging_mixin.py:137} INFO - [2023-02-03T11:55:38.265+0000] {dag.py:2676} INFO - Sync 3 DAGs
[2023-02-03T11:55:38.501+0000] {logging_mixin.py:137} INFO - [2023-02-03T11:55:38.500+0000] {dag.py:3427} INFO - Setting next_dagrun for example_subdag_operator to 2022-01-01T00:00:00+00:00, run_after=2022-01-01T00:00:00+00:00
[2023-02-03T11:55:38.516+0000] {logging_mixin.py:137} INFO - [2023-02-03T11:55:38.515+0000] {dag.py:3427} INFO - Setting next_dagrun for example_subdag_operator.section-1 to None, run_after=None
[2023-02-03T11:55:38.521+0000] {logging_mixin.py:137} INFO - [2023-02-03T11:55:38.521+0000] {dag.py:3427} INFO - Setting next_dagrun for example_subdag_operator.section-2 to None, run_after=None
[2023-02-03T11:55:38.554+0000] {logging_mixin.py:137} INFO - [2023-02-03T11:55:38.554+0000] {dag.py:2676} INFO - Sync 2 DAGs
[2023-02-03T11:55:38.569+0000] {logging_mixin.py:137} INFO - [2023-02-03T11:55:38.569+0000] {dag.py:3427} INFO - Setting next_dagrun for example_subdag_operator.section-1 to None, run_after=None
[2023-02-03T11:55:38.571+0000] {logging_mixin.py:137} INFO - [2023-02-03T11:55:38.570+0000] {dag.py:3427} INFO - Setting next_dagrun for example_subdag_operator.section-2 to None, run_after=None
[2023-02-03T11:55:38.609+0000] {processor.py:175} INFO - Processing /home/airflow/.local/lib/python3.7/site-packages/airflow/example_dags/example_subdag_operator.py took 0.654 seconds
[2023-02-03T11:56:12.106+0000] {processor.py:153} INFO - Started process (PID=148) to work on /home/airflow/.local/lib/python3.7/site-packages/airflow/example_dags/example_subdag_operator.py
[2023-02-03T11:56:12.119+0000] {processor.py:743} INFO - Processing file /home/airflow/.local/lib/python3.7/site-packages/airflow/example_dags/example_subdag_operator.py for tasks to queue
[2023-02-03T11:56:12.142+0000] {logging_mixin.py:137} INFO - [2023-02-03T11:56:12.141+0000] {dagbag.py:538} INFO - Filling up the DagBag from /home/airflow/.local/lib/python3.7/site-packages/airflow/example_dags/example_subdag_operator.py
[2023-02-03T11:56:12.374+0000] {processor.py:753} INFO - DAG(s) dict_keys(['example_subdag_operator.section-1', 'example_subdag_operator.section-2', 'example_subdag_operator']) retrieved from /home/airflow/.local/lib/python3.7/site-packages/airflow/example_dags/example_subdag_operator.py
[2023-02-03T11:56:12.484+0000] {logging_mixin.py:137} INFO - [2023-02-03T11:56:12.483+0000] {dag.py:2676} INFO - Sync 3 DAGs
[2023-02-03T11:56:12.586+0000] {logging_mixin.py:137} INFO - [2023-02-03T11:56:12.586+0000] {dag.py:3427} INFO - Setting next_dagrun for example_subdag_operator to 2022-01-01T00:00:00+00:00, run_after=2022-01-01T00:00:00+00:00
[2023-02-03T11:56:12.600+0000] {logging_mixin.py:137} INFO - [2023-02-03T11:56:12.600+0000] {dag.py:3427} INFO - Setting next_dagrun for example_subdag_operator.section-1 to None, run_after=None
[2023-02-03T11:56:12.606+0000] {logging_mixin.py:137} INFO - [2023-02-03T11:56:12.606+0000] {dag.py:3427} INFO - Setting next_dagrun for example_subdag_operator.section-2 to None, run_after=None
[2023-02-03T11:56:12.632+0000] {logging_mixin.py:137} INFO - [2023-02-03T11:56:12.632+0000] {dag.py:2676} INFO - Sync 2 DAGs
[2023-02-03T11:56:12.653+0000] {logging_mixin.py:137} INFO - [2023-02-03T11:56:12.653+0000] {dag.py:3427} INFO - Setting next_dagrun for example_subdag_operator.section-1 to None, run_after=None
[2023-02-03T11:56:12.655+0000] {logging_mixin.py:137} INFO - [2023-02-03T11:56:12.654+0000] {dag.py:3427} INFO - Setting next_dagrun for example_subdag_operator.section-2 to None, run_after=None
[2023-02-03T11:56:12.696+0000] {processor.py:175} INFO - Processing /home/airflow/.local/lib/python3.7/site-packages/airflow/example_dags/example_subdag_operator.py took 0.603 seconds
[2023-02-03T11:56:43.364+0000] {processor.py:153} INFO - Started process (PID=210) to work on /home/airflow/.local/lib/python3.7/site-packages/airflow/example_dags/example_subdag_operator.py
[2023-02-03T11:56:43.367+0000] {processor.py:743} INFO - Processing file /home/airflow/.local/lib/python3.7/site-packages/airflow/example_dags/example_subdag_operator.py for tasks to queue
[2023-02-03T11:56:43.372+0000] {logging_mixin.py:137} INFO - [2023-02-03T11:56:43.371+0000] {dagbag.py:538} INFO - Filling up the DagBag from /home/airflow/.local/lib/python3.7/site-packages/airflow/example_dags/example_subdag_operator.py
[2023-02-03T11:56:43.457+0000] {processor.py:753} INFO - DAG(s) dict_keys(['example_subdag_operator.section-1', 'example_subdag_operator.section-2', 'example_subdag_operator']) retrieved from /home/airflow/.local/lib/python3.7/site-packages/airflow/example_dags/example_subdag_operator.py
[2023-02-03T11:56:43.517+0000] {logging_mixin.py:137} INFO - [2023-02-03T11:56:43.517+0000] {dag.py:2676} INFO - Sync 3 DAGs
[2023-02-03T11:56:43.584+0000] {logging_mixin.py:137} INFO - [2023-02-03T11:56:43.584+0000] {dag.py:3427} INFO - Setting next_dagrun for example_subdag_operator to 2022-01-01T00:00:00+00:00, run_after=2022-01-01T00:00:00+00:00
[2023-02-03T11:56:43.592+0000] {logging_mixin.py:137} INFO - [2023-02-03T11:56:43.592+0000] {dag.py:3427} INFO - Setting next_dagrun for example_subdag_operator.section-1 to None, run_after=None
[2023-02-03T11:56:43.595+0000] {logging_mixin.py:137} INFO - [2023-02-03T11:56:43.595+0000] {dag.py:3427} INFO - Setting next_dagrun for example_subdag_operator.section-2 to None, run_after=None
[2023-02-03T11:56:43.627+0000] {logging_mixin.py:137} INFO - [2023-02-03T11:56:43.627+0000] {dag.py:2676} INFO - Sync 2 DAGs
[2023-02-03T11:56:43.638+0000] {logging_mixin.py:137} INFO - [2023-02-03T11:56:43.638+0000] {dag.py:3427} INFO - Setting next_dagrun for example_subdag_operator.section-1 to None, run_after=None
[2023-02-03T11:56:43.639+0000] {logging_mixin.py:137} INFO - [2023-02-03T11:56:43.639+0000] {dag.py:3427} INFO - Setting next_dagrun for example_subdag_operator.section-2 to None, run_after=None
[2023-02-03T11:56:43.667+0000] {processor.py:175} INFO - Processing /home/airflow/.local/lib/python3.7/site-packages/airflow/example_dags/example_subdag_operator.py took 0.311 seconds
[2023-02-03T11:57:13.946+0000] {processor.py:153} INFO - Started process (PID=273) to work on /home/airflow/.local/lib/python3.7/site-packages/airflow/example_dags/example_subdag_operator.py
[2023-02-03T11:57:13.949+0000] {processor.py:743} INFO - Processing file /home/airflow/.local/lib/python3.7/site-packages/airflow/example_dags/example_subdag_operator.py for tasks to queue
[2023-02-03T11:57:13.951+0000] {logging_mixin.py:137} INFO - [2023-02-03T11:57:13.951+0000] {dagbag.py:538} INFO - Filling up the DagBag from /home/airflow/.local/lib/python3.7/site-packages/airflow/example_dags/example_subdag_operator.py
[2023-02-03T11:57:14.064+0000] {processor.py:753} INFO - DAG(s) dict_keys(['example_subdag_operator.section-1', 'example_subdag_operator.section-2', 'example_subdag_operator']) retrieved from /home/airflow/.local/lib/python3.7/site-packages/airflow/example_dags/example_subdag_operator.py
[2023-02-03T11:57:14.216+0000] {logging_mixin.py:137} INFO - [2023-02-03T11:57:14.215+0000] {dag.py:2676} INFO - Sync 3 DAGs
[2023-02-03T11:57:14.323+0000] {logging_mixin.py:137} INFO - [2023-02-03T11:57:14.323+0000] {dag.py:3427} INFO - Setting next_dagrun for example_subdag_operator to 2022-01-01T00:00:00+00:00, run_after=2022-01-01T00:00:00+00:00
[2023-02-03T11:57:14.334+0000] {logging_mixin.py:137} INFO - [2023-02-03T11:57:14.334+0000] {dag.py:3427} INFO - Setting next_dagrun for example_subdag_operator.section-1 to None, run_after=None
[2023-02-03T11:57:14.336+0000] {logging_mixin.py:137} INFO - [2023-02-03T11:57:14.336+0000] {dag.py:3427} INFO - Setting next_dagrun for example_subdag_operator.section-2 to None, run_after=None
[2023-02-03T11:57:14.354+0000] {logging_mixin.py:137} INFO - [2023-02-03T11:57:14.354+0000] {dag.py:2676} INFO - Sync 2 DAGs
[2023-02-03T11:57:14.371+0000] {logging_mixin.py:137} INFO - [2023-02-03T11:57:14.370+0000] {dag.py:3427} INFO - Setting next_dagrun for example_subdag_operator.section-1 to None, run_after=None
[2023-02-03T11:57:14.372+0000] {logging_mixin.py:137} INFO - [2023-02-03T11:57:14.372+0000] {dag.py:3427} INFO - Setting next_dagrun for example_subdag_operator.section-2 to None, run_after=None
[2023-02-03T11:57:14.404+0000] {processor.py:175} INFO - Processing /home/airflow/.local/lib/python3.7/site-packages/airflow/example_dags/example_subdag_operator.py took 0.490 seconds
[2023-02-03T11:57:44.479+0000] {processor.py:153} INFO - Started process (PID=347) to work on /home/airflow/.local/lib/python3.7/site-packages/airflow/example_dags/example_subdag_operator.py
[2023-02-03T11:57:44.483+0000] {processor.py:743} INFO - Processing file /home/airflow/.local/lib/python3.7/site-packages/airflow/example_dags/example_subdag_operator.py for tasks to queue
[2023-02-03T11:57:44.486+0000] {logging_mixin.py:137} INFO - [2023-02-03T11:57:44.485+0000] {dagbag.py:538} INFO - Filling up the DagBag from /home/airflow/.local/lib/python3.7/site-packages/airflow/example_dags/example_subdag_operator.py
[2023-02-03T11:57:44.605+0000] {processor.py:753} INFO - DAG(s) dict_keys(['example_subdag_operator.section-1', 'example_subdag_operator.section-2', 'example_subdag_operator']) retrieved from /home/airflow/.local/lib/python3.7/site-packages/airflow/example_dags/example_subdag_operator.py
[2023-02-03T11:57:44.672+0000] {logging_mixin.py:137} INFO - [2023-02-03T11:57:44.672+0000] {dag.py:2676} INFO - Sync 3 DAGs
[2023-02-03T11:57:44.744+0000] {logging_mixin.py:137} INFO - [2023-02-03T11:57:44.744+0000] {dag.py:3427} INFO - Setting next_dagrun for example_subdag_operator to 2022-01-01T00:00:00+00:00, run_after=2022-01-01T00:00:00+00:00
[2023-02-03T11:57:44.756+0000] {logging_mixin.py:137} INFO - [2023-02-03T11:57:44.755+0000] {dag.py:3427} INFO - Setting next_dagrun for example_subdag_operator.section-1 to None, run_after=None
[2023-02-03T11:57:44.759+0000] {logging_mixin.py:137} INFO - [2023-02-03T11:57:44.759+0000] {dag.py:3427} INFO - Setting next_dagrun for example_subdag_operator.section-2 to None, run_after=None
[2023-02-03T11:57:44.781+0000] {logging_mixin.py:137} INFO - [2023-02-03T11:57:44.781+0000] {dag.py:2676} INFO - Sync 2 DAGs
[2023-02-03T11:57:44.795+0000] {logging_mixin.py:137} INFO - [2023-02-03T11:57:44.795+0000] {dag.py:3427} INFO - Setting next_dagrun for example_subdag_operator.section-1 to None, run_after=None
[2023-02-03T11:57:44.797+0000] {logging_mixin.py:137} INFO - [2023-02-03T11:57:44.797+0000] {dag.py:3427} INFO - Setting next_dagrun for example_subdag_operator.section-2 to None, run_after=None
[2023-02-03T11:57:44.831+0000] {processor.py:175} INFO - Processing /home/airflow/.local/lib/python3.7/site-packages/airflow/example_dags/example_subdag_operator.py took 0.358 seconds
