[2023-02-03T11:39:52.818+0000] {processor.py:153} INFO - Started process (PID=71) to work on /home/airflow/.local/lib/python3.7/site-packages/airflow/example_dags/example_kubernetes_executor.py
[2023-02-03T11:39:52.845+0000] {processor.py:743} INFO - Processing file /home/airflow/.local/lib/python3.7/site-packages/airflow/example_dags/example_kubernetes_executor.py for tasks to queue
[2023-02-03T11:39:52.859+0000] {logging_mixin.py:137} INFO - [2023-02-03T11:39:52.858+0000] {dagbag.py:538} INFO - Filling up the DagBag from /home/airflow/.local/lib/python3.7/site-packages/airflow/example_dags/example_kubernetes_executor.py
[2023-02-03T11:39:53.239+0000] {processor.py:753} INFO - DAG(s) dict_keys(['example_kubernetes_executor']) retrieved from /home/airflow/.local/lib/python3.7/site-packages/airflow/example_dags/example_kubernetes_executor.py
[2023-02-03T11:39:53.673+0000] {logging_mixin.py:137} INFO - [2023-02-03T11:39:53.673+0000] {dag.py:2676} INFO - Sync 1 DAGs
[2023-02-03T11:39:53.855+0000] {logging_mixin.py:137} INFO - [2023-02-03T11:39:53.855+0000] {dag.py:3427} INFO - Setting next_dagrun for example_kubernetes_executor to None, run_after=None
[2023-02-03T11:39:53.939+0000] {processor.py:175} INFO - Processing /home/airflow/.local/lib/python3.7/site-packages/airflow/example_dags/example_kubernetes_executor.py took 1.194 seconds
[2023-02-03T11:40:24.850+0000] {processor.py:153} INFO - Started process (PID=131) to work on /home/airflow/.local/lib/python3.7/site-packages/airflow/example_dags/example_kubernetes_executor.py
[2023-02-03T11:40:24.868+0000] {processor.py:743} INFO - Processing file /home/airflow/.local/lib/python3.7/site-packages/airflow/example_dags/example_kubernetes_executor.py for tasks to queue
[2023-02-03T11:40:24.871+0000] {logging_mixin.py:137} INFO - [2023-02-03T11:40:24.870+0000] {dagbag.py:538} INFO - Filling up the DagBag from /home/airflow/.local/lib/python3.7/site-packages/airflow/example_dags/example_kubernetes_executor.py
[2023-02-03T11:40:24.959+0000] {processor.py:753} INFO - DAG(s) dict_keys(['example_kubernetes_executor']) retrieved from /home/airflow/.local/lib/python3.7/site-packages/airflow/example_dags/example_kubernetes_executor.py
[2023-02-03T11:40:25.151+0000] {logging_mixin.py:137} INFO - [2023-02-03T11:40:25.151+0000] {dag.py:2676} INFO - Sync 1 DAGs
[2023-02-03T11:40:25.442+0000] {logging_mixin.py:137} INFO - [2023-02-03T11:40:25.440+0000] {dag.py:3427} INFO - Setting next_dagrun for example_kubernetes_executor to None, run_after=None
[2023-02-03T11:40:25.728+0000] {processor.py:175} INFO - Processing /home/airflow/.local/lib/python3.7/site-packages/airflow/example_dags/example_kubernetes_executor.py took 0.884 seconds
[2023-02-03T11:40:55.864+0000] {processor.py:153} INFO - Started process (PID=196) to work on /home/airflow/.local/lib/python3.7/site-packages/airflow/example_dags/example_kubernetes_executor.py
[2023-02-03T11:40:55.870+0000] {processor.py:743} INFO - Processing file /home/airflow/.local/lib/python3.7/site-packages/airflow/example_dags/example_kubernetes_executor.py for tasks to queue
[2023-02-03T11:40:55.872+0000] {logging_mixin.py:137} INFO - [2023-02-03T11:40:55.871+0000] {dagbag.py:538} INFO - Filling up the DagBag from /home/airflow/.local/lib/python3.7/site-packages/airflow/example_dags/example_kubernetes_executor.py
[2023-02-03T11:40:55.929+0000] {processor.py:753} INFO - DAG(s) dict_keys(['example_kubernetes_executor']) retrieved from /home/airflow/.local/lib/python3.7/site-packages/airflow/example_dags/example_kubernetes_executor.py
[2023-02-03T11:40:56.076+0000] {logging_mixin.py:137} INFO - [2023-02-03T11:40:56.076+0000] {dag.py:2676} INFO - Sync 1 DAGs
[2023-02-03T11:40:56.160+0000] {logging_mixin.py:137} INFO - [2023-02-03T11:40:56.159+0000] {dag.py:3427} INFO - Setting next_dagrun for example_kubernetes_executor to None, run_after=None
[2023-02-03T11:40:56.204+0000] {processor.py:175} INFO - Processing /home/airflow/.local/lib/python3.7/site-packages/airflow/example_dags/example_kubernetes_executor.py took 0.351 seconds
[2023-02-03T11:41:26.353+0000] {processor.py:153} INFO - Started process (PID=261) to work on /home/airflow/.local/lib/python3.7/site-packages/airflow/example_dags/example_kubernetes_executor.py
[2023-02-03T11:41:26.357+0000] {processor.py:743} INFO - Processing file /home/airflow/.local/lib/python3.7/site-packages/airflow/example_dags/example_kubernetes_executor.py for tasks to queue
[2023-02-03T11:41:26.358+0000] {logging_mixin.py:137} INFO - [2023-02-03T11:41:26.358+0000] {dagbag.py:538} INFO - Filling up the DagBag from /home/airflow/.local/lib/python3.7/site-packages/airflow/example_dags/example_kubernetes_executor.py
[2023-02-03T11:41:26.394+0000] {processor.py:753} INFO - DAG(s) dict_keys(['example_kubernetes_executor']) retrieved from /home/airflow/.local/lib/python3.7/site-packages/airflow/example_dags/example_kubernetes_executor.py
[2023-02-03T11:41:26.462+0000] {logging_mixin.py:137} INFO - [2023-02-03T11:41:26.462+0000] {dag.py:2676} INFO - Sync 1 DAGs
[2023-02-03T11:41:26.510+0000] {logging_mixin.py:137} INFO - [2023-02-03T11:41:26.510+0000] {dag.py:3427} INFO - Setting next_dagrun for example_kubernetes_executor to None, run_after=None
[2023-02-03T11:41:26.543+0000] {processor.py:175} INFO - Processing /home/airflow/.local/lib/python3.7/site-packages/airflow/example_dags/example_kubernetes_executor.py took 0.198 seconds
[2023-02-03T11:41:56.669+0000] {processor.py:153} INFO - Started process (PID=323) to work on /home/airflow/.local/lib/python3.7/site-packages/airflow/example_dags/example_kubernetes_executor.py
[2023-02-03T11:41:56.671+0000] {processor.py:743} INFO - Processing file /home/airflow/.local/lib/python3.7/site-packages/airflow/example_dags/example_kubernetes_executor.py for tasks to queue
[2023-02-03T11:41:56.672+0000] {logging_mixin.py:137} INFO - [2023-02-03T11:41:56.672+0000] {dagbag.py:538} INFO - Filling up the DagBag from /home/airflow/.local/lib/python3.7/site-packages/airflow/example_dags/example_kubernetes_executor.py
[2023-02-03T11:41:56.715+0000] {processor.py:753} INFO - DAG(s) dict_keys(['example_kubernetes_executor']) retrieved from /home/airflow/.local/lib/python3.7/site-packages/airflow/example_dags/example_kubernetes_executor.py
[2023-02-03T11:41:56.864+0000] {logging_mixin.py:137} INFO - [2023-02-03T11:41:56.864+0000] {dag.py:2676} INFO - Sync 1 DAGs
[2023-02-03T11:41:56.930+0000] {logging_mixin.py:137} INFO - [2023-02-03T11:41:56.930+0000] {dag.py:3427} INFO - Setting next_dagrun for example_kubernetes_executor to None, run_after=None
[2023-02-03T11:41:56.967+0000] {processor.py:175} INFO - Processing /home/airflow/.local/lib/python3.7/site-packages/airflow/example_dags/example_kubernetes_executor.py took 0.305 seconds
[2023-02-03T11:42:27.360+0000] {processor.py:153} INFO - Started process (PID=398) to work on /home/airflow/.local/lib/python3.7/site-packages/airflow/example_dags/example_kubernetes_executor.py
[2023-02-03T11:42:27.363+0000] {processor.py:743} INFO - Processing file /home/airflow/.local/lib/python3.7/site-packages/airflow/example_dags/example_kubernetes_executor.py for tasks to queue
[2023-02-03T11:42:27.367+0000] {logging_mixin.py:137} INFO - [2023-02-03T11:42:27.366+0000] {dagbag.py:538} INFO - Filling up the DagBag from /home/airflow/.local/lib/python3.7/site-packages/airflow/example_dags/example_kubernetes_executor.py
[2023-02-03T11:42:27.420+0000] {processor.py:753} INFO - DAG(s) dict_keys(['example_kubernetes_executor']) retrieved from /home/airflow/.local/lib/python3.7/site-packages/airflow/example_dags/example_kubernetes_executor.py
[2023-02-03T11:42:27.534+0000] {logging_mixin.py:137} INFO - [2023-02-03T11:42:27.534+0000] {dag.py:2676} INFO - Sync 1 DAGs
[2023-02-03T11:42:27.620+0000] {logging_mixin.py:137} INFO - [2023-02-03T11:42:27.620+0000] {dag.py:3427} INFO - Setting next_dagrun for example_kubernetes_executor to None, run_after=None
[2023-02-03T11:42:27.673+0000] {processor.py:175} INFO - Processing /home/airflow/.local/lib/python3.7/site-packages/airflow/example_dags/example_kubernetes_executor.py took 0.319 seconds
[2023-02-03T11:43:37.950+0000] {processor.py:153} INFO - Started process (PID=63) to work on /home/airflow/.local/lib/python3.7/site-packages/airflow/example_dags/example_kubernetes_executor.py
[2023-02-03T11:43:37.954+0000] {processor.py:743} INFO - Processing file /home/airflow/.local/lib/python3.7/site-packages/airflow/example_dags/example_kubernetes_executor.py for tasks to queue
[2023-02-03T11:43:37.958+0000] {logging_mixin.py:137} INFO - [2023-02-03T11:43:37.958+0000] {dagbag.py:538} INFO - Filling up the DagBag from /home/airflow/.local/lib/python3.7/site-packages/airflow/example_dags/example_kubernetes_executor.py
[2023-02-03T11:43:38.073+0000] {processor.py:753} INFO - DAG(s) dict_keys(['example_kubernetes_executor']) retrieved from /home/airflow/.local/lib/python3.7/site-packages/airflow/example_dags/example_kubernetes_executor.py
[2023-02-03T11:43:38.217+0000] {logging_mixin.py:137} INFO - [2023-02-03T11:43:38.217+0000] {dag.py:2676} INFO - Sync 1 DAGs
[2023-02-03T11:43:38.442+0000] {logging_mixin.py:137} INFO - [2023-02-03T11:43:38.441+0000] {dag.py:3427} INFO - Setting next_dagrun for example_kubernetes_executor to None, run_after=None
[2023-02-03T11:43:38.536+0000] {processor.py:175} INFO - Processing /home/airflow/.local/lib/python3.7/site-packages/airflow/example_dags/example_kubernetes_executor.py took 0.596 seconds
[2023-02-03T11:44:08.646+0000] {processor.py:153} INFO - Started process (PID=126) to work on /home/airflow/.local/lib/python3.7/site-packages/airflow/example_dags/example_kubernetes_executor.py
[2023-02-03T11:44:08.648+0000] {processor.py:743} INFO - Processing file /home/airflow/.local/lib/python3.7/site-packages/airflow/example_dags/example_kubernetes_executor.py for tasks to queue
[2023-02-03T11:44:08.650+0000] {logging_mixin.py:137} INFO - [2023-02-03T11:44:08.650+0000] {dagbag.py:538} INFO - Filling up the DagBag from /home/airflow/.local/lib/python3.7/site-packages/airflow/example_dags/example_kubernetes_executor.py
[2023-02-03T11:44:08.701+0000] {processor.py:753} INFO - DAG(s) dict_keys(['example_kubernetes_executor']) retrieved from /home/airflow/.local/lib/python3.7/site-packages/airflow/example_dags/example_kubernetes_executor.py
[2023-02-03T11:44:08.788+0000] {logging_mixin.py:137} INFO - [2023-02-03T11:44:08.788+0000] {dag.py:2676} INFO - Sync 1 DAGs
[2023-02-03T11:44:08.855+0000] {logging_mixin.py:137} INFO - [2023-02-03T11:44:08.855+0000] {dag.py:3427} INFO - Setting next_dagrun for example_kubernetes_executor to None, run_after=None
[2023-02-03T11:44:08.909+0000] {processor.py:175} INFO - Processing /home/airflow/.local/lib/python3.7/site-packages/airflow/example_dags/example_kubernetes_executor.py took 0.269 seconds
[2023-02-03T11:44:39.960+0000] {processor.py:153} INFO - Started process (PID=188) to work on /home/airflow/.local/lib/python3.7/site-packages/airflow/example_dags/example_kubernetes_executor.py
[2023-02-03T11:44:39.963+0000] {processor.py:743} INFO - Processing file /home/airflow/.local/lib/python3.7/site-packages/airflow/example_dags/example_kubernetes_executor.py for tasks to queue
[2023-02-03T11:44:39.966+0000] {logging_mixin.py:137} INFO - [2023-02-03T11:44:39.965+0000] {dagbag.py:538} INFO - Filling up the DagBag from /home/airflow/.local/lib/python3.7/site-packages/airflow/example_dags/example_kubernetes_executor.py
[2023-02-03T11:44:40.041+0000] {processor.py:753} INFO - DAG(s) dict_keys(['example_kubernetes_executor']) retrieved from /home/airflow/.local/lib/python3.7/site-packages/airflow/example_dags/example_kubernetes_executor.py
[2023-02-03T11:44:40.189+0000] {logging_mixin.py:137} INFO - [2023-02-03T11:44:40.188+0000] {dag.py:2676} INFO - Sync 1 DAGs
[2023-02-03T11:44:40.358+0000] {logging_mixin.py:137} INFO - [2023-02-03T11:44:40.358+0000] {dag.py:3427} INFO - Setting next_dagrun for example_kubernetes_executor to None, run_after=None
[2023-02-03T11:44:40.474+0000] {processor.py:175} INFO - Processing /home/airflow/.local/lib/python3.7/site-packages/airflow/example_dags/example_kubernetes_executor.py took 0.523 seconds
[2023-02-03T11:45:10.654+0000] {processor.py:153} INFO - Started process (PID=252) to work on /home/airflow/.local/lib/python3.7/site-packages/airflow/example_dags/example_kubernetes_executor.py
[2023-02-03T11:45:10.657+0000] {processor.py:743} INFO - Processing file /home/airflow/.local/lib/python3.7/site-packages/airflow/example_dags/example_kubernetes_executor.py for tasks to queue
[2023-02-03T11:45:10.660+0000] {logging_mixin.py:137} INFO - [2023-02-03T11:45:10.659+0000] {dagbag.py:538} INFO - Filling up the DagBag from /home/airflow/.local/lib/python3.7/site-packages/airflow/example_dags/example_kubernetes_executor.py
[2023-02-03T11:45:10.725+0000] {processor.py:753} INFO - DAG(s) dict_keys(['example_kubernetes_executor']) retrieved from /home/airflow/.local/lib/python3.7/site-packages/airflow/example_dags/example_kubernetes_executor.py
[2023-02-03T11:45:10.852+0000] {logging_mixin.py:137} INFO - [2023-02-03T11:45:10.851+0000] {dag.py:2676} INFO - Sync 1 DAGs
[2023-02-03T11:45:10.956+0000] {logging_mixin.py:137} INFO - [2023-02-03T11:45:10.956+0000] {dag.py:3427} INFO - Setting next_dagrun for example_kubernetes_executor to None, run_after=None
[2023-02-03T11:45:11.011+0000] {processor.py:175} INFO - Processing /home/airflow/.local/lib/python3.7/site-packages/airflow/example_dags/example_kubernetes_executor.py took 0.364 seconds
[2023-02-03T11:45:41.121+0000] {processor.py:153} INFO - Started process (PID=326) to work on /home/airflow/.local/lib/python3.7/site-packages/airflow/example_dags/example_kubernetes_executor.py
[2023-02-03T11:45:41.123+0000] {processor.py:743} INFO - Processing file /home/airflow/.local/lib/python3.7/site-packages/airflow/example_dags/example_kubernetes_executor.py for tasks to queue
[2023-02-03T11:45:41.124+0000] {logging_mixin.py:137} INFO - [2023-02-03T11:45:41.124+0000] {dagbag.py:538} INFO - Filling up the DagBag from /home/airflow/.local/lib/python3.7/site-packages/airflow/example_dags/example_kubernetes_executor.py
[2023-02-03T11:45:41.173+0000] {processor.py:753} INFO - DAG(s) dict_keys(['example_kubernetes_executor']) retrieved from /home/airflow/.local/lib/python3.7/site-packages/airflow/example_dags/example_kubernetes_executor.py
[2023-02-03T11:45:41.283+0000] {logging_mixin.py:137} INFO - [2023-02-03T11:45:41.282+0000] {dag.py:2676} INFO - Sync 1 DAGs
[2023-02-03T11:45:41.353+0000] {logging_mixin.py:137} INFO - [2023-02-03T11:45:41.352+0000] {dag.py:3427} INFO - Setting next_dagrun for example_kubernetes_executor to None, run_after=None
[2023-02-03T11:45:41.398+0000] {processor.py:175} INFO - Processing /home/airflow/.local/lib/python3.7/site-packages/airflow/example_dags/example_kubernetes_executor.py took 0.282 seconds
[2023-02-03T11:46:11.921+0000] {processor.py:153} INFO - Started process (PID=389) to work on /home/airflow/.local/lib/python3.7/site-packages/airflow/example_dags/example_kubernetes_executor.py
[2023-02-03T11:46:11.924+0000] {processor.py:743} INFO - Processing file /home/airflow/.local/lib/python3.7/site-packages/airflow/example_dags/example_kubernetes_executor.py for tasks to queue
[2023-02-03T11:46:11.925+0000] {logging_mixin.py:137} INFO - [2023-02-03T11:46:11.925+0000] {dagbag.py:538} INFO - Filling up the DagBag from /home/airflow/.local/lib/python3.7/site-packages/airflow/example_dags/example_kubernetes_executor.py
[2023-02-03T11:46:12.044+0000] {processor.py:753} INFO - DAG(s) dict_keys(['example_kubernetes_executor']) retrieved from /home/airflow/.local/lib/python3.7/site-packages/airflow/example_dags/example_kubernetes_executor.py
[2023-02-03T11:46:12.143+0000] {logging_mixin.py:137} INFO - [2023-02-03T11:46:12.143+0000] {dag.py:2676} INFO - Sync 1 DAGs
[2023-02-03T11:46:12.206+0000] {logging_mixin.py:137} INFO - [2023-02-03T11:46:12.206+0000] {dag.py:3427} INFO - Setting next_dagrun for example_kubernetes_executor to None, run_after=None
[2023-02-03T11:46:12.247+0000] {processor.py:175} INFO - Processing /home/airflow/.local/lib/python3.7/site-packages/airflow/example_dags/example_kubernetes_executor.py took 0.331 seconds
[2023-02-03T11:46:42.512+0000] {processor.py:153} INFO - Started process (PID=459) to work on /home/airflow/.local/lib/python3.7/site-packages/airflow/example_dags/example_kubernetes_executor.py
[2023-02-03T11:46:42.515+0000] {processor.py:743} INFO - Processing file /home/airflow/.local/lib/python3.7/site-packages/airflow/example_dags/example_kubernetes_executor.py for tasks to queue
[2023-02-03T11:46:42.517+0000] {logging_mixin.py:137} INFO - [2023-02-03T11:46:42.517+0000] {dagbag.py:538} INFO - Filling up the DagBag from /home/airflow/.local/lib/python3.7/site-packages/airflow/example_dags/example_kubernetes_executor.py
[2023-02-03T11:46:42.584+0000] {processor.py:753} INFO - DAG(s) dict_keys(['example_kubernetes_executor']) retrieved from /home/airflow/.local/lib/python3.7/site-packages/airflow/example_dags/example_kubernetes_executor.py
[2023-02-03T11:46:42.706+0000] {logging_mixin.py:137} INFO - [2023-02-03T11:46:42.706+0000] {dag.py:2676} INFO - Sync 1 DAGs
[2023-02-03T11:46:42.787+0000] {logging_mixin.py:137} INFO - [2023-02-03T11:46:42.786+0000] {dag.py:3427} INFO - Setting next_dagrun for example_kubernetes_executor to None, run_after=None
[2023-02-03T11:46:42.829+0000] {processor.py:175} INFO - Processing /home/airflow/.local/lib/python3.7/site-packages/airflow/example_dags/example_kubernetes_executor.py took 0.324 seconds
[2023-02-03T11:47:13.605+0000] {processor.py:153} INFO - Started process (PID=526) to work on /home/airflow/.local/lib/python3.7/site-packages/airflow/example_dags/example_kubernetes_executor.py
[2023-02-03T11:47:13.608+0000] {processor.py:743} INFO - Processing file /home/airflow/.local/lib/python3.7/site-packages/airflow/example_dags/example_kubernetes_executor.py for tasks to queue
[2023-02-03T11:47:13.611+0000] {logging_mixin.py:137} INFO - [2023-02-03T11:47:13.610+0000] {dagbag.py:538} INFO - Filling up the DagBag from /home/airflow/.local/lib/python3.7/site-packages/airflow/example_dags/example_kubernetes_executor.py
[2023-02-03T11:47:13.680+0000] {processor.py:753} INFO - DAG(s) dict_keys(['example_kubernetes_executor']) retrieved from /home/airflow/.local/lib/python3.7/site-packages/airflow/example_dags/example_kubernetes_executor.py
[2023-02-03T11:47:13.804+0000] {logging_mixin.py:137} INFO - [2023-02-03T11:47:13.804+0000] {dag.py:2676} INFO - Sync 1 DAGs
[2023-02-03T11:47:13.895+0000] {logging_mixin.py:137} INFO - [2023-02-03T11:47:13.894+0000] {dag.py:3427} INFO - Setting next_dagrun for example_kubernetes_executor to None, run_after=None
[2023-02-03T11:47:13.952+0000] {processor.py:175} INFO - Processing /home/airflow/.local/lib/python3.7/site-packages/airflow/example_dags/example_kubernetes_executor.py took 0.352 seconds
[2023-02-03T11:47:44.616+0000] {processor.py:153} INFO - Started process (PID=587) to work on /home/airflow/.local/lib/python3.7/site-packages/airflow/example_dags/example_kubernetes_executor.py
[2023-02-03T11:47:44.618+0000] {processor.py:743} INFO - Processing file /home/airflow/.local/lib/python3.7/site-packages/airflow/example_dags/example_kubernetes_executor.py for tasks to queue
[2023-02-03T11:47:44.621+0000] {logging_mixin.py:137} INFO - [2023-02-03T11:47:44.620+0000] {dagbag.py:538} INFO - Filling up the DagBag from /home/airflow/.local/lib/python3.7/site-packages/airflow/example_dags/example_kubernetes_executor.py
[2023-02-03T11:47:44.673+0000] {processor.py:753} INFO - DAG(s) dict_keys(['example_kubernetes_executor']) retrieved from /home/airflow/.local/lib/python3.7/site-packages/airflow/example_dags/example_kubernetes_executor.py
[2023-02-03T11:47:44.775+0000] {logging_mixin.py:137} INFO - [2023-02-03T11:47:44.775+0000] {dag.py:2676} INFO - Sync 1 DAGs
[2023-02-03T11:47:44.846+0000] {logging_mixin.py:137} INFO - [2023-02-03T11:47:44.846+0000] {dag.py:3427} INFO - Setting next_dagrun for example_kubernetes_executor to None, run_after=None
[2023-02-03T11:47:44.908+0000] {processor.py:175} INFO - Processing /home/airflow/.local/lib/python3.7/site-packages/airflow/example_dags/example_kubernetes_executor.py took 0.299 seconds
[2023-02-03T11:48:14.997+0000] {processor.py:153} INFO - Started process (PID=657) to work on /home/airflow/.local/lib/python3.7/site-packages/airflow/example_dags/example_kubernetes_executor.py
[2023-02-03T11:48:15.000+0000] {processor.py:743} INFO - Processing file /home/airflow/.local/lib/python3.7/site-packages/airflow/example_dags/example_kubernetes_executor.py for tasks to queue
[2023-02-03T11:48:15.002+0000] {logging_mixin.py:137} INFO - [2023-02-03T11:48:15.002+0000] {dagbag.py:538} INFO - Filling up the DagBag from /home/airflow/.local/lib/python3.7/site-packages/airflow/example_dags/example_kubernetes_executor.py
[2023-02-03T11:48:15.078+0000] {processor.py:753} INFO - DAG(s) dict_keys(['example_kubernetes_executor']) retrieved from /home/airflow/.local/lib/python3.7/site-packages/airflow/example_dags/example_kubernetes_executor.py
[2023-02-03T11:48:15.212+0000] {logging_mixin.py:137} INFO - [2023-02-03T11:48:15.212+0000] {dag.py:2676} INFO - Sync 1 DAGs
[2023-02-03T11:48:15.335+0000] {logging_mixin.py:137} INFO - [2023-02-03T11:48:15.335+0000] {dag.py:3427} INFO - Setting next_dagrun for example_kubernetes_executor to None, run_after=None
[2023-02-03T11:48:15.387+0000] {processor.py:175} INFO - Processing /home/airflow/.local/lib/python3.7/site-packages/airflow/example_dags/example_kubernetes_executor.py took 0.400 seconds
[2023-02-03T11:48:45.477+0000] {processor.py:153} INFO - Started process (PID=722) to work on /home/airflow/.local/lib/python3.7/site-packages/airflow/example_dags/example_kubernetes_executor.py
[2023-02-03T11:48:45.479+0000] {processor.py:743} INFO - Processing file /home/airflow/.local/lib/python3.7/site-packages/airflow/example_dags/example_kubernetes_executor.py for tasks to queue
[2023-02-03T11:48:45.480+0000] {logging_mixin.py:137} INFO - [2023-02-03T11:48:45.480+0000] {dagbag.py:538} INFO - Filling up the DagBag from /home/airflow/.local/lib/python3.7/site-packages/airflow/example_dags/example_kubernetes_executor.py
[2023-02-03T11:48:45.523+0000] {processor.py:753} INFO - DAG(s) dict_keys(['example_kubernetes_executor']) retrieved from /home/airflow/.local/lib/python3.7/site-packages/airflow/example_dags/example_kubernetes_executor.py
[2023-02-03T11:48:45.620+0000] {logging_mixin.py:137} INFO - [2023-02-03T11:48:45.620+0000] {dag.py:2676} INFO - Sync 1 DAGs
[2023-02-03T11:48:45.678+0000] {logging_mixin.py:137} INFO - [2023-02-03T11:48:45.678+0000] {dag.py:3427} INFO - Setting next_dagrun for example_kubernetes_executor to None, run_after=None
[2023-02-03T11:48:45.719+0000] {processor.py:175} INFO - Processing /home/airflow/.local/lib/python3.7/site-packages/airflow/example_dags/example_kubernetes_executor.py took 0.248 seconds
[2023-02-03T11:49:16.148+0000] {processor.py:153} INFO - Started process (PID=784) to work on /home/airflow/.local/lib/python3.7/site-packages/airflow/example_dags/example_kubernetes_executor.py
[2023-02-03T11:49:16.150+0000] {processor.py:743} INFO - Processing file /home/airflow/.local/lib/python3.7/site-packages/airflow/example_dags/example_kubernetes_executor.py for tasks to queue
[2023-02-03T11:49:16.152+0000] {logging_mixin.py:137} INFO - [2023-02-03T11:49:16.152+0000] {dagbag.py:538} INFO - Filling up the DagBag from /home/airflow/.local/lib/python3.7/site-packages/airflow/example_dags/example_kubernetes_executor.py
[2023-02-03T11:49:16.197+0000] {processor.py:753} INFO - DAG(s) dict_keys(['example_kubernetes_executor']) retrieved from /home/airflow/.local/lib/python3.7/site-packages/airflow/example_dags/example_kubernetes_executor.py
[2023-02-03T11:49:16.281+0000] {logging_mixin.py:137} INFO - [2023-02-03T11:49:16.281+0000] {dag.py:2676} INFO - Sync 1 DAGs
[2023-02-03T11:49:16.337+0000] {logging_mixin.py:137} INFO - [2023-02-03T11:49:16.337+0000] {dag.py:3427} INFO - Setting next_dagrun for example_kubernetes_executor to None, run_after=None
[2023-02-03T11:49:16.377+0000] {processor.py:175} INFO - Processing /home/airflow/.local/lib/python3.7/site-packages/airflow/example_dags/example_kubernetes_executor.py took 0.233 seconds
[2023-02-03T11:49:48.153+0000] {processor.py:153} INFO - Started process (PID=854) to work on /home/airflow/.local/lib/python3.7/site-packages/airflow/example_dags/example_kubernetes_executor.py
[2023-02-03T11:49:48.157+0000] {processor.py:743} INFO - Processing file /home/airflow/.local/lib/python3.7/site-packages/airflow/example_dags/example_kubernetes_executor.py for tasks to queue
[2023-02-03T11:49:48.161+0000] {logging_mixin.py:137} INFO - [2023-02-03T11:49:48.160+0000] {dagbag.py:538} INFO - Filling up the DagBag from /home/airflow/.local/lib/python3.7/site-packages/airflow/example_dags/example_kubernetes_executor.py
[2023-02-03T11:49:48.256+0000] {processor.py:753} INFO - DAG(s) dict_keys(['example_kubernetes_executor']) retrieved from /home/airflow/.local/lib/python3.7/site-packages/airflow/example_dags/example_kubernetes_executor.py
[2023-02-03T11:49:48.594+0000] {logging_mixin.py:137} INFO - [2023-02-03T11:49:48.593+0000] {dag.py:2676} INFO - Sync 1 DAGs
[2023-02-03T11:49:48.778+0000] {logging_mixin.py:137} INFO - [2023-02-03T11:49:48.777+0000] {dag.py:3427} INFO - Setting next_dagrun for example_kubernetes_executor to None, run_after=None
[2023-02-03T11:49:48.863+0000] {processor.py:175} INFO - Processing /home/airflow/.local/lib/python3.7/site-packages/airflow/example_dags/example_kubernetes_executor.py took 0.769 seconds
[2023-02-03T11:50:19.060+0000] {processor.py:153} INFO - Started process (PID=919) to work on /home/airflow/.local/lib/python3.7/site-packages/airflow/example_dags/example_kubernetes_executor.py
[2023-02-03T11:50:19.069+0000] {processor.py:743} INFO - Processing file /home/airflow/.local/lib/python3.7/site-packages/airflow/example_dags/example_kubernetes_executor.py for tasks to queue
[2023-02-03T11:50:19.071+0000] {logging_mixin.py:137} INFO - [2023-02-03T11:50:19.071+0000] {dagbag.py:538} INFO - Filling up the DagBag from /home/airflow/.local/lib/python3.7/site-packages/airflow/example_dags/example_kubernetes_executor.py
[2023-02-03T11:50:19.141+0000] {processor.py:753} INFO - DAG(s) dict_keys(['example_kubernetes_executor']) retrieved from /home/airflow/.local/lib/python3.7/site-packages/airflow/example_dags/example_kubernetes_executor.py
[2023-02-03T11:50:19.235+0000] {logging_mixin.py:137} INFO - [2023-02-03T11:50:19.235+0000] {dag.py:2676} INFO - Sync 1 DAGs
[2023-02-03T11:50:19.326+0000] {logging_mixin.py:137} INFO - [2023-02-03T11:50:19.326+0000] {dag.py:3427} INFO - Setting next_dagrun for example_kubernetes_executor to None, run_after=None
[2023-02-03T11:50:19.426+0000] {processor.py:175} INFO - Processing /home/airflow/.local/lib/python3.7/site-packages/airflow/example_dags/example_kubernetes_executor.py took 0.376 seconds
[2023-02-03T11:50:49.866+0000] {processor.py:153} INFO - Started process (PID=981) to work on /home/airflow/.local/lib/python3.7/site-packages/airflow/example_dags/example_kubernetes_executor.py
[2023-02-03T11:50:49.875+0000] {processor.py:743} INFO - Processing file /home/airflow/.local/lib/python3.7/site-packages/airflow/example_dags/example_kubernetes_executor.py for tasks to queue
[2023-02-03T11:50:49.880+0000] {logging_mixin.py:137} INFO - [2023-02-03T11:50:49.880+0000] {dagbag.py:538} INFO - Filling up the DagBag from /home/airflow/.local/lib/python3.7/site-packages/airflow/example_dags/example_kubernetes_executor.py
[2023-02-03T11:50:49.979+0000] {processor.py:753} INFO - DAG(s) dict_keys(['example_kubernetes_executor']) retrieved from /home/airflow/.local/lib/python3.7/site-packages/airflow/example_dags/example_kubernetes_executor.py
[2023-02-03T11:50:50.113+0000] {logging_mixin.py:137} INFO - [2023-02-03T11:50:50.113+0000] {dag.py:2676} INFO - Sync 1 DAGs
[2023-02-03T11:50:50.213+0000] {logging_mixin.py:137} INFO - [2023-02-03T11:50:50.213+0000] {dag.py:3427} INFO - Setting next_dagrun for example_kubernetes_executor to None, run_after=None
[2023-02-03T11:50:50.340+0000] {processor.py:175} INFO - Processing /home/airflow/.local/lib/python3.7/site-packages/airflow/example_dags/example_kubernetes_executor.py took 0.486 seconds
[2023-02-03T11:55:32.572+0000] {processor.py:153} INFO - Started process (PID=70) to work on /home/airflow/.local/lib/python3.7/site-packages/airflow/example_dags/example_kubernetes_executor.py
[2023-02-03T11:55:32.584+0000] {processor.py:743} INFO - Processing file /home/airflow/.local/lib/python3.7/site-packages/airflow/example_dags/example_kubernetes_executor.py for tasks to queue
[2023-02-03T11:55:32.588+0000] {logging_mixin.py:137} INFO - [2023-02-03T11:55:32.587+0000] {dagbag.py:538} INFO - Filling up the DagBag from /home/airflow/.local/lib/python3.7/site-packages/airflow/example_dags/example_kubernetes_executor.py
[2023-02-03T11:55:32.833+0000] {processor.py:753} INFO - DAG(s) dict_keys(['example_kubernetes_executor']) retrieved from /home/airflow/.local/lib/python3.7/site-packages/airflow/example_dags/example_kubernetes_executor.py
[2023-02-03T11:55:33.051+0000] {logging_mixin.py:137} INFO - [2023-02-03T11:55:33.050+0000] {dag.py:2676} INFO - Sync 1 DAGs
[2023-02-03T11:55:33.173+0000] {logging_mixin.py:137} INFO - [2023-02-03T11:55:33.173+0000] {dag.py:3427} INFO - Setting next_dagrun for example_kubernetes_executor to None, run_after=None
[2023-02-03T11:55:33.292+0000] {processor.py:175} INFO - Processing /home/airflow/.local/lib/python3.7/site-packages/airflow/example_dags/example_kubernetes_executor.py took 0.762 seconds
[2023-02-03T11:56:03.740+0000] {processor.py:153} INFO - Started process (PID=125) to work on /home/airflow/.local/lib/python3.7/site-packages/airflow/example_dags/example_kubernetes_executor.py
[2023-02-03T11:56:03.746+0000] {processor.py:743} INFO - Processing file /home/airflow/.local/lib/python3.7/site-packages/airflow/example_dags/example_kubernetes_executor.py for tasks to queue
[2023-02-03T11:56:03.750+0000] {logging_mixin.py:137} INFO - [2023-02-03T11:56:03.750+0000] {dagbag.py:538} INFO - Filling up the DagBag from /home/airflow/.local/lib/python3.7/site-packages/airflow/example_dags/example_kubernetes_executor.py
[2023-02-03T11:56:03.900+0000] {processor.py:753} INFO - DAG(s) dict_keys(['example_kubernetes_executor']) retrieved from /home/airflow/.local/lib/python3.7/site-packages/airflow/example_dags/example_kubernetes_executor.py
[2023-02-03T11:56:04.087+0000] {logging_mixin.py:137} INFO - [2023-02-03T11:56:04.087+0000] {dag.py:2676} INFO - Sync 1 DAGs
[2023-02-03T11:56:04.202+0000] {logging_mixin.py:137} INFO - [2023-02-03T11:56:04.202+0000] {dag.py:3427} INFO - Setting next_dagrun for example_kubernetes_executor to None, run_after=None
[2023-02-03T11:56:04.274+0000] {processor.py:175} INFO - Processing /home/airflow/.local/lib/python3.7/site-packages/airflow/example_dags/example_kubernetes_executor.py took 0.547 seconds
[2023-02-03T11:56:34.832+0000] {processor.py:153} INFO - Started process (PID=186) to work on /home/airflow/.local/lib/python3.7/site-packages/airflow/example_dags/example_kubernetes_executor.py
[2023-02-03T11:56:34.835+0000] {processor.py:743} INFO - Processing file /home/airflow/.local/lib/python3.7/site-packages/airflow/example_dags/example_kubernetes_executor.py for tasks to queue
[2023-02-03T11:56:34.837+0000] {logging_mixin.py:137} INFO - [2023-02-03T11:56:34.837+0000] {dagbag.py:538} INFO - Filling up the DagBag from /home/airflow/.local/lib/python3.7/site-packages/airflow/example_dags/example_kubernetes_executor.py
[2023-02-03T11:56:34.916+0000] {processor.py:753} INFO - DAG(s) dict_keys(['example_kubernetes_executor']) retrieved from /home/airflow/.local/lib/python3.7/site-packages/airflow/example_dags/example_kubernetes_executor.py
[2023-02-03T11:56:35.023+0000] {logging_mixin.py:137} INFO - [2023-02-03T11:56:35.022+0000] {dag.py:2676} INFO - Sync 1 DAGs
[2023-02-03T11:56:35.101+0000] {logging_mixin.py:137} INFO - [2023-02-03T11:56:35.101+0000] {dag.py:3427} INFO - Setting next_dagrun for example_kubernetes_executor to None, run_after=None
[2023-02-03T11:56:35.162+0000] {processor.py:175} INFO - Processing /home/airflow/.local/lib/python3.7/site-packages/airflow/example_dags/example_kubernetes_executor.py took 0.338 seconds
[2023-02-03T11:57:05.785+0000] {processor.py:153} INFO - Started process (PID=261) to work on /home/airflow/.local/lib/python3.7/site-packages/airflow/example_dags/example_kubernetes_executor.py
[2023-02-03T11:57:05.787+0000] {processor.py:743} INFO - Processing file /home/airflow/.local/lib/python3.7/site-packages/airflow/example_dags/example_kubernetes_executor.py for tasks to queue
[2023-02-03T11:57:05.789+0000] {logging_mixin.py:137} INFO - [2023-02-03T11:57:05.789+0000] {dagbag.py:538} INFO - Filling up the DagBag from /home/airflow/.local/lib/python3.7/site-packages/airflow/example_dags/example_kubernetes_executor.py
[2023-02-03T11:57:05.835+0000] {processor.py:753} INFO - DAG(s) dict_keys(['example_kubernetes_executor']) retrieved from /home/airflow/.local/lib/python3.7/site-packages/airflow/example_dags/example_kubernetes_executor.py
[2023-02-03T11:57:05.913+0000] {logging_mixin.py:137} INFO - [2023-02-03T11:57:05.913+0000] {dag.py:2676} INFO - Sync 1 DAGs
[2023-02-03T11:57:05.965+0000] {logging_mixin.py:137} INFO - [2023-02-03T11:57:05.965+0000] {dag.py:3427} INFO - Setting next_dagrun for example_kubernetes_executor to None, run_after=None
[2023-02-03T11:57:06.001+0000] {processor.py:175} INFO - Processing /home/airflow/.local/lib/python3.7/site-packages/airflow/example_dags/example_kubernetes_executor.py took 0.222 seconds
[2023-02-03T11:57:36.327+0000] {processor.py:153} INFO - Started process (PID=323) to work on /home/airflow/.local/lib/python3.7/site-packages/airflow/example_dags/example_kubernetes_executor.py
[2023-02-03T11:57:36.330+0000] {processor.py:743} INFO - Processing file /home/airflow/.local/lib/python3.7/site-packages/airflow/example_dags/example_kubernetes_executor.py for tasks to queue
[2023-02-03T11:57:36.331+0000] {logging_mixin.py:137} INFO - [2023-02-03T11:57:36.331+0000] {dagbag.py:538} INFO - Filling up the DagBag from /home/airflow/.local/lib/python3.7/site-packages/airflow/example_dags/example_kubernetes_executor.py
[2023-02-03T11:57:36.383+0000] {processor.py:753} INFO - DAG(s) dict_keys(['example_kubernetes_executor']) retrieved from /home/airflow/.local/lib/python3.7/site-packages/airflow/example_dags/example_kubernetes_executor.py
[2023-02-03T11:57:36.469+0000] {logging_mixin.py:137} INFO - [2023-02-03T11:57:36.469+0000] {dag.py:2676} INFO - Sync 1 DAGs
[2023-02-03T11:57:36.535+0000] {logging_mixin.py:137} INFO - [2023-02-03T11:57:36.535+0000] {dag.py:3427} INFO - Setting next_dagrun for example_kubernetes_executor to None, run_after=None
[2023-02-03T11:57:36.583+0000] {processor.py:175} INFO - Processing /home/airflow/.local/lib/python3.7/site-packages/airflow/example_dags/example_kubernetes_executor.py took 0.261 seconds
