[2023-02-03T11:39:50.882+0000] {processor.py:153} INFO - Started process (PID=60) to work on /home/airflow/.local/lib/python3.7/site-packages/airflow/example_dags/example_latest_only_with_trigger.py
[2023-02-03T11:39:50.888+0000] {processor.py:743} INFO - Processing file /home/airflow/.local/lib/python3.7/site-packages/airflow/example_dags/example_latest_only_with_trigger.py for tasks to queue
[2023-02-03T11:39:50.891+0000] {logging_mixin.py:137} INFO - [2023-02-03T11:39:50.891+0000] {dagbag.py:538} INFO - Filling up the DagBag from /home/airflow/.local/lib/python3.7/site-packages/airflow/example_dags/example_latest_only_with_trigger.py
[2023-02-03T11:39:50.963+0000] {processor.py:753} INFO - DAG(s) dict_keys(['latest_only_with_trigger']) retrieved from /home/airflow/.local/lib/python3.7/site-packages/airflow/example_dags/example_latest_only_with_trigger.py
[2023-02-03T11:39:51.317+0000] {logging_mixin.py:137} INFO - [2023-02-03T11:39:51.316+0000] {dag.py:2676} INFO - Sync 1 DAGs
[2023-02-03T11:39:51.566+0000] {logging_mixin.py:137} INFO - [2023-02-03T11:39:51.566+0000] {dag.py:3427} INFO - Setting next_dagrun for latest_only_with_trigger to 2023-02-03T07:39:51.565116+00:00, run_after=2023-02-03T11:39:51.565116+00:00
[2023-02-03T11:39:51.843+0000] {processor.py:175} INFO - Processing /home/airflow/.local/lib/python3.7/site-packages/airflow/example_dags/example_latest_only_with_trigger.py took 0.970 seconds
[2023-02-03T11:40:21.993+0000] {processor.py:153} INFO - Started process (PID=122) to work on /home/airflow/.local/lib/python3.7/site-packages/airflow/example_dags/example_latest_only_with_trigger.py
[2023-02-03T11:40:21.995+0000] {processor.py:743} INFO - Processing file /home/airflow/.local/lib/python3.7/site-packages/airflow/example_dags/example_latest_only_with_trigger.py for tasks to queue
[2023-02-03T11:40:21.998+0000] {logging_mixin.py:137} INFO - [2023-02-03T11:40:21.998+0000] {dagbag.py:538} INFO - Filling up the DagBag from /home/airflow/.local/lib/python3.7/site-packages/airflow/example_dags/example_latest_only_with_trigger.py
[2023-02-03T11:40:22.032+0000] {processor.py:753} INFO - DAG(s) dict_keys(['latest_only_with_trigger']) retrieved from /home/airflow/.local/lib/python3.7/site-packages/airflow/example_dags/example_latest_only_with_trigger.py
[2023-02-03T11:40:22.119+0000] {logging_mixin.py:137} INFO - [2023-02-03T11:40:22.119+0000] {dag.py:2676} INFO - Sync 1 DAGs
[2023-02-03T11:40:22.175+0000] {logging_mixin.py:137} INFO - [2023-02-03T11:40:22.175+0000] {dag.py:3427} INFO - Setting next_dagrun for latest_only_with_trigger to 2023-02-03T07:40:22.175119+00:00, run_after=2023-02-03T11:40:22.175119+00:00
[2023-02-03T11:40:22.235+0000] {processor.py:175} INFO - Processing /home/airflow/.local/lib/python3.7/site-packages/airflow/example_dags/example_latest_only_with_trigger.py took 0.249 seconds
[2023-02-03T11:40:52.958+0000] {processor.py:153} INFO - Started process (PID=184) to work on /home/airflow/.local/lib/python3.7/site-packages/airflow/example_dags/example_latest_only_with_trigger.py
[2023-02-03T11:40:52.961+0000] {processor.py:743} INFO - Processing file /home/airflow/.local/lib/python3.7/site-packages/airflow/example_dags/example_latest_only_with_trigger.py for tasks to queue
[2023-02-03T11:40:52.963+0000] {logging_mixin.py:137} INFO - [2023-02-03T11:40:52.962+0000] {dagbag.py:538} INFO - Filling up the DagBag from /home/airflow/.local/lib/python3.7/site-packages/airflow/example_dags/example_latest_only_with_trigger.py
[2023-02-03T11:40:53.002+0000] {processor.py:753} INFO - DAG(s) dict_keys(['latest_only_with_trigger']) retrieved from /home/airflow/.local/lib/python3.7/site-packages/airflow/example_dags/example_latest_only_with_trigger.py
[2023-02-03T11:40:53.156+0000] {logging_mixin.py:137} INFO - [2023-02-03T11:40:53.156+0000] {dag.py:2676} INFO - Sync 1 DAGs
[2023-02-03T11:40:53.417+0000] {logging_mixin.py:137} INFO - [2023-02-03T11:40:53.417+0000] {dag.py:3427} INFO - Setting next_dagrun for latest_only_with_trigger to 2023-02-03T07:40:53.417053+00:00, run_after=2023-02-03T11:40:53.417053+00:00
[2023-02-03T11:40:53.476+0000] {processor.py:175} INFO - Processing /home/airflow/.local/lib/python3.7/site-packages/airflow/example_dags/example_latest_only_with_trigger.py took 0.524 seconds
[2023-02-03T11:41:23.641+0000] {processor.py:153} INFO - Started process (PID=258) to work on /home/airflow/.local/lib/python3.7/site-packages/airflow/example_dags/example_latest_only_with_trigger.py
[2023-02-03T11:41:23.644+0000] {processor.py:743} INFO - Processing file /home/airflow/.local/lib/python3.7/site-packages/airflow/example_dags/example_latest_only_with_trigger.py for tasks to queue
[2023-02-03T11:41:23.646+0000] {logging_mixin.py:137} INFO - [2023-02-03T11:41:23.646+0000] {dagbag.py:538} INFO - Filling up the DagBag from /home/airflow/.local/lib/python3.7/site-packages/airflow/example_dags/example_latest_only_with_trigger.py
[2023-02-03T11:41:23.708+0000] {processor.py:753} INFO - DAG(s) dict_keys(['latest_only_with_trigger']) retrieved from /home/airflow/.local/lib/python3.7/site-packages/airflow/example_dags/example_latest_only_with_trigger.py
[2023-02-03T11:41:23.834+0000] {logging_mixin.py:137} INFO - [2023-02-03T11:41:23.833+0000] {dag.py:2676} INFO - Sync 1 DAGs
[2023-02-03T11:41:23.926+0000] {logging_mixin.py:137} INFO - [2023-02-03T11:41:23.926+0000] {dag.py:3427} INFO - Setting next_dagrun for latest_only_with_trigger to 2023-02-03T07:41:23.925955+00:00, run_after=2023-02-03T11:41:23.925955+00:00
[2023-02-03T11:41:23.977+0000] {processor.py:175} INFO - Processing /home/airflow/.local/lib/python3.7/site-packages/airflow/example_dags/example_latest_only_with_trigger.py took 0.347 seconds
[2023-02-03T11:41:54.104+0000] {processor.py:153} INFO - Started process (PID=320) to work on /home/airflow/.local/lib/python3.7/site-packages/airflow/example_dags/example_latest_only_with_trigger.py
[2023-02-03T11:41:54.105+0000] {processor.py:743} INFO - Processing file /home/airflow/.local/lib/python3.7/site-packages/airflow/example_dags/example_latest_only_with_trigger.py for tasks to queue
[2023-02-03T11:41:54.107+0000] {logging_mixin.py:137} INFO - [2023-02-03T11:41:54.107+0000] {dagbag.py:538} INFO - Filling up the DagBag from /home/airflow/.local/lib/python3.7/site-packages/airflow/example_dags/example_latest_only_with_trigger.py
[2023-02-03T11:41:54.135+0000] {processor.py:753} INFO - DAG(s) dict_keys(['latest_only_with_trigger']) retrieved from /home/airflow/.local/lib/python3.7/site-packages/airflow/example_dags/example_latest_only_with_trigger.py
[2023-02-03T11:41:54.218+0000] {logging_mixin.py:137} INFO - [2023-02-03T11:41:54.218+0000] {dag.py:2676} INFO - Sync 1 DAGs
[2023-02-03T11:41:54.297+0000] {logging_mixin.py:137} INFO - [2023-02-03T11:41:54.297+0000] {dag.py:3427} INFO - Setting next_dagrun for latest_only_with_trigger to 2023-02-03T07:41:54.296499+00:00, run_after=2023-02-03T11:41:54.296499+00:00
[2023-02-03T11:41:54.358+0000] {processor.py:175} INFO - Processing /home/airflow/.local/lib/python3.7/site-packages/airflow/example_dags/example_latest_only_with_trigger.py took 0.260 seconds
[2023-02-03T11:42:24.716+0000] {processor.py:153} INFO - Started process (PID=383) to work on /home/airflow/.local/lib/python3.7/site-packages/airflow/example_dags/example_latest_only_with_trigger.py
[2023-02-03T11:42:24.719+0000] {processor.py:743} INFO - Processing file /home/airflow/.local/lib/python3.7/site-packages/airflow/example_dags/example_latest_only_with_trigger.py for tasks to queue
[2023-02-03T11:42:24.723+0000] {logging_mixin.py:137} INFO - [2023-02-03T11:42:24.722+0000] {dagbag.py:538} INFO - Filling up the DagBag from /home/airflow/.local/lib/python3.7/site-packages/airflow/example_dags/example_latest_only_with_trigger.py
[2023-02-03T11:42:24.763+0000] {processor.py:753} INFO - DAG(s) dict_keys(['latest_only_with_trigger']) retrieved from /home/airflow/.local/lib/python3.7/site-packages/airflow/example_dags/example_latest_only_with_trigger.py
[2023-02-03T11:42:24.879+0000] {logging_mixin.py:137} INFO - [2023-02-03T11:42:24.879+0000] {dag.py:2676} INFO - Sync 1 DAGs
[2023-02-03T11:42:24.960+0000] {logging_mixin.py:137} INFO - [2023-02-03T11:42:24.960+0000] {dag.py:3427} INFO - Setting next_dagrun for latest_only_with_trigger to 2023-02-03T07:42:24.960104+00:00, run_after=2023-02-03T11:42:24.960104+00:00
[2023-02-03T11:42:25.027+0000] {processor.py:175} INFO - Processing /home/airflow/.local/lib/python3.7/site-packages/airflow/example_dags/example_latest_only_with_trigger.py took 0.319 seconds
[2023-02-03T11:43:37.196+0000] {processor.py:153} INFO - Started process (PID=60) to work on /home/airflow/.local/lib/python3.7/site-packages/airflow/example_dags/example_latest_only_with_trigger.py
[2023-02-03T11:43:37.199+0000] {processor.py:743} INFO - Processing file /home/airflow/.local/lib/python3.7/site-packages/airflow/example_dags/example_latest_only_with_trigger.py for tasks to queue
[2023-02-03T11:43:37.201+0000] {logging_mixin.py:137} INFO - [2023-02-03T11:43:37.201+0000] {dagbag.py:538} INFO - Filling up the DagBag from /home/airflow/.local/lib/python3.7/site-packages/airflow/example_dags/example_latest_only_with_trigger.py
[2023-02-03T11:43:37.230+0000] {processor.py:753} INFO - DAG(s) dict_keys(['latest_only_with_trigger']) retrieved from /home/airflow/.local/lib/python3.7/site-packages/airflow/example_dags/example_latest_only_with_trigger.py
[2023-02-03T11:43:37.347+0000] {logging_mixin.py:137} INFO - [2023-02-03T11:43:37.347+0000] {dag.py:2676} INFO - Sync 1 DAGs
[2023-02-03T11:43:37.443+0000] {logging_mixin.py:137} INFO - [2023-02-03T11:43:37.442+0000] {dag.py:3427} INFO - Setting next_dagrun for latest_only_with_trigger to 2023-02-03T07:43:37.442455+00:00, run_after=2023-02-03T11:43:37.442455+00:00
[2023-02-03T11:43:37.507+0000] {processor.py:175} INFO - Processing /home/airflow/.local/lib/python3.7/site-packages/airflow/example_dags/example_latest_only_with_trigger.py took 0.319 seconds
[2023-02-03T11:44:07.946+0000] {processor.py:153} INFO - Started process (PID=123) to work on /home/airflow/.local/lib/python3.7/site-packages/airflow/example_dags/example_latest_only_with_trigger.py
[2023-02-03T11:44:07.949+0000] {processor.py:743} INFO - Processing file /home/airflow/.local/lib/python3.7/site-packages/airflow/example_dags/example_latest_only_with_trigger.py for tasks to queue
[2023-02-03T11:44:07.956+0000] {logging_mixin.py:137} INFO - [2023-02-03T11:44:07.956+0000] {dagbag.py:538} INFO - Filling up the DagBag from /home/airflow/.local/lib/python3.7/site-packages/airflow/example_dags/example_latest_only_with_trigger.py
[2023-02-03T11:44:08.013+0000] {processor.py:753} INFO - DAG(s) dict_keys(['latest_only_with_trigger']) retrieved from /home/airflow/.local/lib/python3.7/site-packages/airflow/example_dags/example_latest_only_with_trigger.py
[2023-02-03T11:44:08.128+0000] {logging_mixin.py:137} INFO - [2023-02-03T11:44:08.128+0000] {dag.py:2676} INFO - Sync 1 DAGs
[2023-02-03T11:44:08.191+0000] {logging_mixin.py:137} INFO - [2023-02-03T11:44:08.191+0000] {dag.py:3427} INFO - Setting next_dagrun for latest_only_with_trigger to 2023-02-03T07:44:08.190958+00:00, run_after=2023-02-03T11:44:08.190958+00:00
[2023-02-03T11:44:08.235+0000] {processor.py:175} INFO - Processing /home/airflow/.local/lib/python3.7/site-packages/airflow/example_dags/example_latest_only_with_trigger.py took 0.295 seconds
[2023-02-03T11:44:39.478+0000] {processor.py:153} INFO - Started process (PID=185) to work on /home/airflow/.local/lib/python3.7/site-packages/airflow/example_dags/example_latest_only_with_trigger.py
[2023-02-03T11:44:39.481+0000] {processor.py:743} INFO - Processing file /home/airflow/.local/lib/python3.7/site-packages/airflow/example_dags/example_latest_only_with_trigger.py for tasks to queue
[2023-02-03T11:44:39.484+0000] {logging_mixin.py:137} INFO - [2023-02-03T11:44:39.484+0000] {dagbag.py:538} INFO - Filling up the DagBag from /home/airflow/.local/lib/python3.7/site-packages/airflow/example_dags/example_latest_only_with_trigger.py
[2023-02-03T11:44:39.516+0000] {processor.py:753} INFO - DAG(s) dict_keys(['latest_only_with_trigger']) retrieved from /home/airflow/.local/lib/python3.7/site-packages/airflow/example_dags/example_latest_only_with_trigger.py
[2023-02-03T11:44:39.611+0000] {logging_mixin.py:137} INFO - [2023-02-03T11:44:39.611+0000] {dag.py:2676} INFO - Sync 1 DAGs
[2023-02-03T11:44:39.717+0000] {logging_mixin.py:137} INFO - [2023-02-03T11:44:39.717+0000] {dag.py:3427} INFO - Setting next_dagrun for latest_only_with_trigger to 2023-02-03T07:44:39.717117+00:00, run_after=2023-02-03T11:44:39.717117+00:00
[2023-02-03T11:44:39.819+0000] {processor.py:175} INFO - Processing /home/airflow/.local/lib/python3.7/site-packages/airflow/example_dags/example_latest_only_with_trigger.py took 0.347 seconds
[2023-02-03T11:45:09.953+0000] {processor.py:153} INFO - Started process (PID=249) to work on /home/airflow/.local/lib/python3.7/site-packages/airflow/example_dags/example_latest_only_with_trigger.py
[2023-02-03T11:45:09.956+0000] {processor.py:743} INFO - Processing file /home/airflow/.local/lib/python3.7/site-packages/airflow/example_dags/example_latest_only_with_trigger.py for tasks to queue
[2023-02-03T11:45:09.958+0000] {logging_mixin.py:137} INFO - [2023-02-03T11:45:09.958+0000] {dagbag.py:538} INFO - Filling up the DagBag from /home/airflow/.local/lib/python3.7/site-packages/airflow/example_dags/example_latest_only_with_trigger.py
[2023-02-03T11:45:09.990+0000] {processor.py:753} INFO - DAG(s) dict_keys(['latest_only_with_trigger']) retrieved from /home/airflow/.local/lib/python3.7/site-packages/airflow/example_dags/example_latest_only_with_trigger.py
[2023-02-03T11:45:10.088+0000] {logging_mixin.py:137} INFO - [2023-02-03T11:45:10.087+0000] {dag.py:2676} INFO - Sync 1 DAGs
[2023-02-03T11:45:10.176+0000] {logging_mixin.py:137} INFO - [2023-02-03T11:45:10.176+0000] {dag.py:3427} INFO - Setting next_dagrun for latest_only_with_trigger to 2023-02-03T07:45:10.175887+00:00, run_after=2023-02-03T11:45:10.175887+00:00
[2023-02-03T11:45:10.248+0000] {processor.py:175} INFO - Processing /home/airflow/.local/lib/python3.7/site-packages/airflow/example_dags/example_latest_only_with_trigger.py took 0.302 seconds
[2023-02-03T11:45:40.661+0000] {processor.py:153} INFO - Started process (PID=323) to work on /home/airflow/.local/lib/python3.7/site-packages/airflow/example_dags/example_latest_only_with_trigger.py
[2023-02-03T11:45:40.663+0000] {processor.py:743} INFO - Processing file /home/airflow/.local/lib/python3.7/site-packages/airflow/example_dags/example_latest_only_with_trigger.py for tasks to queue
[2023-02-03T11:45:40.664+0000] {logging_mixin.py:137} INFO - [2023-02-03T11:45:40.664+0000] {dagbag.py:538} INFO - Filling up the DagBag from /home/airflow/.local/lib/python3.7/site-packages/airflow/example_dags/example_latest_only_with_trigger.py
[2023-02-03T11:45:40.701+0000] {processor.py:753} INFO - DAG(s) dict_keys(['latest_only_with_trigger']) retrieved from /home/airflow/.local/lib/python3.7/site-packages/airflow/example_dags/example_latest_only_with_trigger.py
[2023-02-03T11:45:40.795+0000] {logging_mixin.py:137} INFO - [2023-02-03T11:45:40.795+0000] {dag.py:2676} INFO - Sync 1 DAGs
[2023-02-03T11:45:40.872+0000] {logging_mixin.py:137} INFO - [2023-02-03T11:45:40.872+0000] {dag.py:3427} INFO - Setting next_dagrun for latest_only_with_trigger to 2023-02-03T07:45:40.871325+00:00, run_after=2023-02-03T11:45:40.871325+00:00
[2023-02-03T11:45:40.912+0000] {processor.py:175} INFO - Processing /home/airflow/.local/lib/python3.7/site-packages/airflow/example_dags/example_latest_only_with_trigger.py took 0.255 seconds
[2023-02-03T11:46:11.641+0000] {processor.py:153} INFO - Started process (PID=386) to work on /home/airflow/.local/lib/python3.7/site-packages/airflow/example_dags/example_latest_only_with_trigger.py
[2023-02-03T11:46:11.643+0000] {processor.py:743} INFO - Processing file /home/airflow/.local/lib/python3.7/site-packages/airflow/example_dags/example_latest_only_with_trigger.py for tasks to queue
[2023-02-03T11:46:11.644+0000] {logging_mixin.py:137} INFO - [2023-02-03T11:46:11.644+0000] {dagbag.py:538} INFO - Filling up the DagBag from /home/airflow/.local/lib/python3.7/site-packages/airflow/example_dags/example_latest_only_with_trigger.py
[2023-02-03T11:46:11.668+0000] {processor.py:753} INFO - DAG(s) dict_keys(['latest_only_with_trigger']) retrieved from /home/airflow/.local/lib/python3.7/site-packages/airflow/example_dags/example_latest_only_with_trigger.py
[2023-02-03T11:46:11.742+0000] {logging_mixin.py:137} INFO - [2023-02-03T11:46:11.742+0000] {dag.py:2676} INFO - Sync 1 DAGs
[2023-02-03T11:46:11.792+0000] {logging_mixin.py:137} INFO - [2023-02-03T11:46:11.792+0000] {dag.py:3427} INFO - Setting next_dagrun for latest_only_with_trigger to 2023-02-03T07:46:11.792065+00:00, run_after=2023-02-03T11:46:11.792065+00:00
[2023-02-03T11:46:11.825+0000] {processor.py:175} INFO - Processing /home/airflow/.local/lib/python3.7/site-packages/airflow/example_dags/example_latest_only_with_trigger.py took 0.190 seconds
[2023-02-03T11:46:42.141+0000] {processor.py:153} INFO - Started process (PID=449) to work on /home/airflow/.local/lib/python3.7/site-packages/airflow/example_dags/example_latest_only_with_trigger.py
[2023-02-03T11:46:42.144+0000] {processor.py:743} INFO - Processing file /home/airflow/.local/lib/python3.7/site-packages/airflow/example_dags/example_latest_only_with_trigger.py for tasks to queue
[2023-02-03T11:46:42.145+0000] {logging_mixin.py:137} INFO - [2023-02-03T11:46:42.145+0000] {dagbag.py:538} INFO - Filling up the DagBag from /home/airflow/.local/lib/python3.7/site-packages/airflow/example_dags/example_latest_only_with_trigger.py
[2023-02-03T11:46:42.167+0000] {processor.py:753} INFO - DAG(s) dict_keys(['latest_only_with_trigger']) retrieved from /home/airflow/.local/lib/python3.7/site-packages/airflow/example_dags/example_latest_only_with_trigger.py
[2023-02-03T11:46:42.224+0000] {logging_mixin.py:137} INFO - [2023-02-03T11:46:42.224+0000] {dag.py:2676} INFO - Sync 1 DAGs
[2023-02-03T11:46:42.287+0000] {logging_mixin.py:137} INFO - [2023-02-03T11:46:42.286+0000] {dag.py:3427} INFO - Setting next_dagrun for latest_only_with_trigger to 2023-02-03T07:46:42.286092+00:00, run_after=2023-02-03T11:46:42.286092+00:00
[2023-02-03T11:46:42.327+0000] {processor.py:175} INFO - Processing /home/airflow/.local/lib/python3.7/site-packages/airflow/example_dags/example_latest_only_with_trigger.py took 0.191 seconds
[2023-02-03T11:47:13.164+0000] {processor.py:153} INFO - Started process (PID=523) to work on /home/airflow/.local/lib/python3.7/site-packages/airflow/example_dags/example_latest_only_with_trigger.py
[2023-02-03T11:47:13.166+0000] {processor.py:743} INFO - Processing file /home/airflow/.local/lib/python3.7/site-packages/airflow/example_dags/example_latest_only_with_trigger.py for tasks to queue
[2023-02-03T11:47:13.168+0000] {logging_mixin.py:137} INFO - [2023-02-03T11:47:13.168+0000] {dagbag.py:538} INFO - Filling up the DagBag from /home/airflow/.local/lib/python3.7/site-packages/airflow/example_dags/example_latest_only_with_trigger.py
[2023-02-03T11:47:13.198+0000] {processor.py:753} INFO - DAG(s) dict_keys(['latest_only_with_trigger']) retrieved from /home/airflow/.local/lib/python3.7/site-packages/airflow/example_dags/example_latest_only_with_trigger.py
[2023-02-03T11:47:13.315+0000] {logging_mixin.py:137} INFO - [2023-02-03T11:47:13.315+0000] {dag.py:2676} INFO - Sync 1 DAGs
[2023-02-03T11:47:13.450+0000] {logging_mixin.py:137} INFO - [2023-02-03T11:47:13.449+0000] {dag.py:3427} INFO - Setting next_dagrun for latest_only_with_trigger to 2023-02-03T07:47:13.448999+00:00, run_after=2023-02-03T11:47:13.448999+00:00
[2023-02-03T11:47:13.503+0000] {processor.py:175} INFO - Processing /home/airflow/.local/lib/python3.7/site-packages/airflow/example_dags/example_latest_only_with_trigger.py took 0.344 seconds
[2023-02-03T11:47:44.214+0000] {processor.py:153} INFO - Started process (PID=584) to work on /home/airflow/.local/lib/python3.7/site-packages/airflow/example_dags/example_latest_only_with_trigger.py
[2023-02-03T11:47:44.218+0000] {processor.py:743} INFO - Processing file /home/airflow/.local/lib/python3.7/site-packages/airflow/example_dags/example_latest_only_with_trigger.py for tasks to queue
[2023-02-03T11:47:44.220+0000] {logging_mixin.py:137} INFO - [2023-02-03T11:47:44.220+0000] {dagbag.py:538} INFO - Filling up the DagBag from /home/airflow/.local/lib/python3.7/site-packages/airflow/example_dags/example_latest_only_with_trigger.py
[2023-02-03T11:47:44.260+0000] {processor.py:753} INFO - DAG(s) dict_keys(['latest_only_with_trigger']) retrieved from /home/airflow/.local/lib/python3.7/site-packages/airflow/example_dags/example_latest_only_with_trigger.py
[2023-02-03T11:47:44.377+0000] {logging_mixin.py:137} INFO - [2023-02-03T11:47:44.377+0000] {dag.py:2676} INFO - Sync 1 DAGs
[2023-02-03T11:47:44.462+0000] {logging_mixin.py:137} INFO - [2023-02-03T11:47:44.461+0000] {dag.py:3427} INFO - Setting next_dagrun for latest_only_with_trigger to 2023-02-03T07:47:44.461114+00:00, run_after=2023-02-03T11:47:44.461114+00:00
[2023-02-03T11:47:44.520+0000] {processor.py:175} INFO - Processing /home/airflow/.local/lib/python3.7/site-packages/airflow/example_dags/example_latest_only_with_trigger.py took 0.336 seconds
[2023-02-03T11:48:14.580+0000] {processor.py:153} INFO - Started process (PID=653) to work on /home/airflow/.local/lib/python3.7/site-packages/airflow/example_dags/example_latest_only_with_trigger.py
[2023-02-03T11:48:14.582+0000] {processor.py:743} INFO - Processing file /home/airflow/.local/lib/python3.7/site-packages/airflow/example_dags/example_latest_only_with_trigger.py for tasks to queue
[2023-02-03T11:48:14.584+0000] {logging_mixin.py:137} INFO - [2023-02-03T11:48:14.584+0000] {dagbag.py:538} INFO - Filling up the DagBag from /home/airflow/.local/lib/python3.7/site-packages/airflow/example_dags/example_latest_only_with_trigger.py
[2023-02-03T11:48:14.612+0000] {processor.py:753} INFO - DAG(s) dict_keys(['latest_only_with_trigger']) retrieved from /home/airflow/.local/lib/python3.7/site-packages/airflow/example_dags/example_latest_only_with_trigger.py
[2023-02-03T11:48:14.702+0000] {logging_mixin.py:137} INFO - [2023-02-03T11:48:14.702+0000] {dag.py:2676} INFO - Sync 1 DAGs
[2023-02-03T11:48:14.800+0000] {logging_mixin.py:137} INFO - [2023-02-03T11:48:14.800+0000] {dag.py:3427} INFO - Setting next_dagrun for latest_only_with_trigger to 2023-02-03T07:48:14.799230+00:00, run_after=2023-02-03T11:48:14.799230+00:00
[2023-02-03T11:48:14.861+0000] {processor.py:175} INFO - Processing /home/airflow/.local/lib/python3.7/site-packages/airflow/example_dags/example_latest_only_with_trigger.py took 0.288 seconds
[2023-02-03T11:48:44.935+0000] {processor.py:153} INFO - Started process (PID=719) to work on /home/airflow/.local/lib/python3.7/site-packages/airflow/example_dags/example_latest_only_with_trigger.py
[2023-02-03T11:48:44.937+0000] {processor.py:743} INFO - Processing file /home/airflow/.local/lib/python3.7/site-packages/airflow/example_dags/example_latest_only_with_trigger.py for tasks to queue
[2023-02-03T11:48:44.938+0000] {logging_mixin.py:137} INFO - [2023-02-03T11:48:44.938+0000] {dagbag.py:538} INFO - Filling up the DagBag from /home/airflow/.local/lib/python3.7/site-packages/airflow/example_dags/example_latest_only_with_trigger.py
[2023-02-03T11:48:44.963+0000] {processor.py:753} INFO - DAG(s) dict_keys(['latest_only_with_trigger']) retrieved from /home/airflow/.local/lib/python3.7/site-packages/airflow/example_dags/example_latest_only_with_trigger.py
[2023-02-03T11:48:45.050+0000] {logging_mixin.py:137} INFO - [2023-02-03T11:48:45.050+0000] {dag.py:2676} INFO - Sync 1 DAGs
[2023-02-03T11:48:45.117+0000] {logging_mixin.py:137} INFO - [2023-02-03T11:48:45.117+0000] {dag.py:3427} INFO - Setting next_dagrun for latest_only_with_trigger to 2023-02-03T07:48:45.116914+00:00, run_after=2023-02-03T11:48:45.116914+00:00
[2023-02-03T11:48:45.158+0000] {processor.py:175} INFO - Processing /home/airflow/.local/lib/python3.7/site-packages/airflow/example_dags/example_latest_only_with_trigger.py took 0.229 seconds
[2023-02-03T11:49:15.510+0000] {processor.py:153} INFO - Started process (PID=782) to work on /home/airflow/.local/lib/python3.7/site-packages/airflow/example_dags/example_latest_only_with_trigger.py
[2023-02-03T11:49:15.513+0000] {processor.py:743} INFO - Processing file /home/airflow/.local/lib/python3.7/site-packages/airflow/example_dags/example_latest_only_with_trigger.py for tasks to queue
[2023-02-03T11:49:15.516+0000] {logging_mixin.py:137} INFO - [2023-02-03T11:49:15.516+0000] {dagbag.py:538} INFO - Filling up the DagBag from /home/airflow/.local/lib/python3.7/site-packages/airflow/example_dags/example_latest_only_with_trigger.py
[2023-02-03T11:49:15.563+0000] {processor.py:753} INFO - DAG(s) dict_keys(['latest_only_with_trigger']) retrieved from /home/airflow/.local/lib/python3.7/site-packages/airflow/example_dags/example_latest_only_with_trigger.py
[2023-02-03T11:49:15.675+0000] {logging_mixin.py:137} INFO - [2023-02-03T11:49:15.675+0000] {dag.py:2676} INFO - Sync 1 DAGs
[2023-02-03T11:49:15.783+0000] {logging_mixin.py:137} INFO - [2023-02-03T11:49:15.783+0000] {dag.py:3427} INFO - Setting next_dagrun for latest_only_with_trigger to 2023-02-03T07:49:15.782697+00:00, run_after=2023-02-03T11:49:15.782697+00:00
[2023-02-03T11:49:15.840+0000] {processor.py:175} INFO - Processing /home/airflow/.local/lib/python3.7/site-packages/airflow/example_dags/example_latest_only_with_trigger.py took 0.339 seconds
[2023-02-03T11:49:47.415+0000] {processor.py:153} INFO - Started process (PID=852) to work on /home/airflow/.local/lib/python3.7/site-packages/airflow/example_dags/example_latest_only_with_trigger.py
[2023-02-03T11:49:47.419+0000] {processor.py:743} INFO - Processing file /home/airflow/.local/lib/python3.7/site-packages/airflow/example_dags/example_latest_only_with_trigger.py for tasks to queue
[2023-02-03T11:49:47.422+0000] {logging_mixin.py:137} INFO - [2023-02-03T11:49:47.422+0000] {dagbag.py:538} INFO - Filling up the DagBag from /home/airflow/.local/lib/python3.7/site-packages/airflow/example_dags/example_latest_only_with_trigger.py
[2023-02-03T11:49:47.455+0000] {processor.py:753} INFO - DAG(s) dict_keys(['latest_only_with_trigger']) retrieved from /home/airflow/.local/lib/python3.7/site-packages/airflow/example_dags/example_latest_only_with_trigger.py
[2023-02-03T11:49:47.618+0000] {logging_mixin.py:137} INFO - [2023-02-03T11:49:47.618+0000] {dag.py:2676} INFO - Sync 1 DAGs
[2023-02-03T11:49:47.822+0000] {logging_mixin.py:137} INFO - [2023-02-03T11:49:47.821+0000] {dag.py:3427} INFO - Setting next_dagrun for latest_only_with_trigger to 2023-02-03T07:49:47.820060+00:00, run_after=2023-02-03T11:49:47.820060+00:00
[2023-02-03T11:49:47.962+0000] {processor.py:175} INFO - Processing /home/airflow/.local/lib/python3.7/site-packages/airflow/example_dags/example_latest_only_with_trigger.py took 0.555 seconds
[2023-02-03T11:50:18.752+0000] {processor.py:153} INFO - Started process (PID=917) to work on /home/airflow/.local/lib/python3.7/site-packages/airflow/example_dags/example_latest_only_with_trigger.py
[2023-02-03T11:50:18.754+0000] {processor.py:743} INFO - Processing file /home/airflow/.local/lib/python3.7/site-packages/airflow/example_dags/example_latest_only_with_trigger.py for tasks to queue
[2023-02-03T11:50:18.756+0000] {logging_mixin.py:137} INFO - [2023-02-03T11:50:18.755+0000] {dagbag.py:538} INFO - Filling up the DagBag from /home/airflow/.local/lib/python3.7/site-packages/airflow/example_dags/example_latest_only_with_trigger.py
[2023-02-03T11:50:18.778+0000] {processor.py:753} INFO - DAG(s) dict_keys(['latest_only_with_trigger']) retrieved from /home/airflow/.local/lib/python3.7/site-packages/airflow/example_dags/example_latest_only_with_trigger.py
[2023-02-03T11:50:18.847+0000] {logging_mixin.py:137} INFO - [2023-02-03T11:50:18.847+0000] {dag.py:2676} INFO - Sync 1 DAGs
[2023-02-03T11:50:18.902+0000] {logging_mixin.py:137} INFO - [2023-02-03T11:50:18.902+0000] {dag.py:3427} INFO - Setting next_dagrun for latest_only_with_trigger to 2023-02-03T07:50:18.901874+00:00, run_after=2023-02-03T11:50:18.901874+00:00
[2023-02-03T11:50:18.958+0000] {processor.py:175} INFO - Processing /home/airflow/.local/lib/python3.7/site-packages/airflow/example_dags/example_latest_only_with_trigger.py took 0.212 seconds
[2023-02-03T11:50:49.334+0000] {processor.py:153} INFO - Started process (PID=979) to work on /home/airflow/.local/lib/python3.7/site-packages/airflow/example_dags/example_latest_only_with_trigger.py
[2023-02-03T11:50:49.338+0000] {processor.py:743} INFO - Processing file /home/airflow/.local/lib/python3.7/site-packages/airflow/example_dags/example_latest_only_with_trigger.py for tasks to queue
[2023-02-03T11:50:49.340+0000] {logging_mixin.py:137} INFO - [2023-02-03T11:50:49.340+0000] {dagbag.py:538} INFO - Filling up the DagBag from /home/airflow/.local/lib/python3.7/site-packages/airflow/example_dags/example_latest_only_with_trigger.py
[2023-02-03T11:50:49.374+0000] {processor.py:753} INFO - DAG(s) dict_keys(['latest_only_with_trigger']) retrieved from /home/airflow/.local/lib/python3.7/site-packages/airflow/example_dags/example_latest_only_with_trigger.py
[2023-02-03T11:50:49.517+0000] {logging_mixin.py:137} INFO - [2023-02-03T11:50:49.517+0000] {dag.py:2676} INFO - Sync 1 DAGs
[2023-02-03T11:50:49.627+0000] {logging_mixin.py:137} INFO - [2023-02-03T11:50:49.627+0000] {dag.py:3427} INFO - Setting next_dagrun for latest_only_with_trigger to 2023-02-03T07:50:49.626993+00:00, run_after=2023-02-03T11:50:49.626993+00:00
[2023-02-03T11:50:49.673+0000] {processor.py:175} INFO - Processing /home/airflow/.local/lib/python3.7/site-packages/airflow/example_dags/example_latest_only_with_trigger.py took 0.349 seconds
[2023-02-03T11:55:31.271+0000] {processor.py:153} INFO - Started process (PID=60) to work on /home/airflow/.local/lib/python3.7/site-packages/airflow/example_dags/example_latest_only_with_trigger.py
[2023-02-03T11:55:31.275+0000] {processor.py:743} INFO - Processing file /home/airflow/.local/lib/python3.7/site-packages/airflow/example_dags/example_latest_only_with_trigger.py for tasks to queue
[2023-02-03T11:55:31.278+0000] {logging_mixin.py:137} INFO - [2023-02-03T11:55:31.277+0000] {dagbag.py:538} INFO - Filling up the DagBag from /home/airflow/.local/lib/python3.7/site-packages/airflow/example_dags/example_latest_only_with_trigger.py
[2023-02-03T11:55:31.321+0000] {processor.py:753} INFO - DAG(s) dict_keys(['latest_only_with_trigger']) retrieved from /home/airflow/.local/lib/python3.7/site-packages/airflow/example_dags/example_latest_only_with_trigger.py
[2023-02-03T11:55:31.501+0000] {logging_mixin.py:137} INFO - [2023-02-03T11:55:31.501+0000] {dag.py:2676} INFO - Sync 1 DAGs
[2023-02-03T11:55:31.632+0000] {logging_mixin.py:137} INFO - [2023-02-03T11:55:31.632+0000] {dag.py:3427} INFO - Setting next_dagrun for latest_only_with_trigger to 2023-02-03T07:55:31.631630+00:00, run_after=2023-02-03T11:55:31.631630+00:00
[2023-02-03T11:55:31.729+0000] {processor.py:175} INFO - Processing /home/airflow/.local/lib/python3.7/site-packages/airflow/example_dags/example_latest_only_with_trigger.py took 0.465 seconds
[2023-02-03T11:56:01.912+0000] {processor.py:153} INFO - Started process (PID=122) to work on /home/airflow/.local/lib/python3.7/site-packages/airflow/example_dags/example_latest_only_with_trigger.py
[2023-02-03T11:56:01.914+0000] {processor.py:743} INFO - Processing file /home/airflow/.local/lib/python3.7/site-packages/airflow/example_dags/example_latest_only_with_trigger.py for tasks to queue
[2023-02-03T11:56:01.915+0000] {logging_mixin.py:137} INFO - [2023-02-03T11:56:01.915+0000] {dagbag.py:538} INFO - Filling up the DagBag from /home/airflow/.local/lib/python3.7/site-packages/airflow/example_dags/example_latest_only_with_trigger.py
[2023-02-03T11:56:01.934+0000] {processor.py:753} INFO - DAG(s) dict_keys(['latest_only_with_trigger']) retrieved from /home/airflow/.local/lib/python3.7/site-packages/airflow/example_dags/example_latest_only_with_trigger.py
[2023-02-03T11:56:02.034+0000] {logging_mixin.py:137} INFO - [2023-02-03T11:56:02.033+0000] {dag.py:2676} INFO - Sync 1 DAGs
[2023-02-03T11:56:02.127+0000] {logging_mixin.py:137} INFO - [2023-02-03T11:56:02.127+0000] {dag.py:3427} INFO - Setting next_dagrun for latest_only_with_trigger to 2023-02-03T07:56:02.126951+00:00, run_after=2023-02-03T11:56:02.126951+00:00
[2023-02-03T11:56:02.175+0000] {processor.py:175} INFO - Processing /home/airflow/.local/lib/python3.7/site-packages/airflow/example_dags/example_latest_only_with_trigger.py took 0.267 seconds
[2023-02-03T11:56:32.344+0000] {processor.py:153} INFO - Started process (PID=183) to work on /home/airflow/.local/lib/python3.7/site-packages/airflow/example_dags/example_latest_only_with_trigger.py
[2023-02-03T11:56:32.346+0000] {processor.py:743} INFO - Processing file /home/airflow/.local/lib/python3.7/site-packages/airflow/example_dags/example_latest_only_with_trigger.py for tasks to queue
[2023-02-03T11:56:32.348+0000] {logging_mixin.py:137} INFO - [2023-02-03T11:56:32.348+0000] {dagbag.py:538} INFO - Filling up the DagBag from /home/airflow/.local/lib/python3.7/site-packages/airflow/example_dags/example_latest_only_with_trigger.py
[2023-02-03T11:56:32.381+0000] {processor.py:753} INFO - DAG(s) dict_keys(['latest_only_with_trigger']) retrieved from /home/airflow/.local/lib/python3.7/site-packages/airflow/example_dags/example_latest_only_with_trigger.py
[2023-02-03T11:56:32.469+0000] {logging_mixin.py:137} INFO - [2023-02-03T11:56:32.469+0000] {dag.py:2676} INFO - Sync 1 DAGs
[2023-02-03T11:56:32.529+0000] {logging_mixin.py:137} INFO - [2023-02-03T11:56:32.528+0000] {dag.py:3427} INFO - Setting next_dagrun for latest_only_with_trigger to 2023-02-03T07:56:32.528417+00:00, run_after=2023-02-03T11:56:32.528417+00:00
[2023-02-03T11:56:32.572+0000] {processor.py:175} INFO - Processing /home/airflow/.local/lib/python3.7/site-packages/airflow/example_dags/example_latest_only_with_trigger.py took 0.234 seconds
[2023-02-03T11:57:03.144+0000] {processor.py:153} INFO - Started process (PID=253) to work on /home/airflow/.local/lib/python3.7/site-packages/airflow/example_dags/example_latest_only_with_trigger.py
[2023-02-03T11:57:03.146+0000] {processor.py:743} INFO - Processing file /home/airflow/.local/lib/python3.7/site-packages/airflow/example_dags/example_latest_only_with_trigger.py for tasks to queue
[2023-02-03T11:57:03.148+0000] {logging_mixin.py:137} INFO - [2023-02-03T11:57:03.148+0000] {dagbag.py:538} INFO - Filling up the DagBag from /home/airflow/.local/lib/python3.7/site-packages/airflow/example_dags/example_latest_only_with_trigger.py
[2023-02-03T11:57:03.173+0000] {processor.py:753} INFO - DAG(s) dict_keys(['latest_only_with_trigger']) retrieved from /home/airflow/.local/lib/python3.7/site-packages/airflow/example_dags/example_latest_only_with_trigger.py
[2023-02-03T11:57:03.291+0000] {logging_mixin.py:137} INFO - [2023-02-03T11:57:03.291+0000] {dag.py:2676} INFO - Sync 1 DAGs
[2023-02-03T11:57:03.370+0000] {logging_mixin.py:137} INFO - [2023-02-03T11:57:03.370+0000] {dag.py:3427} INFO - Setting next_dagrun for latest_only_with_trigger to 2023-02-03T07:57:03.370052+00:00, run_after=2023-02-03T11:57:03.370052+00:00
[2023-02-03T11:57:03.456+0000] {processor.py:175} INFO - Processing /home/airflow/.local/lib/python3.7/site-packages/airflow/example_dags/example_latest_only_with_trigger.py took 0.318 seconds
[2023-02-03T11:57:33.578+0000] {processor.py:153} INFO - Started process (PID=320) to work on /home/airflow/.local/lib/python3.7/site-packages/airflow/example_dags/example_latest_only_with_trigger.py
[2023-02-03T11:57:33.583+0000] {processor.py:743} INFO - Processing file /home/airflow/.local/lib/python3.7/site-packages/airflow/example_dags/example_latest_only_with_trigger.py for tasks to queue
[2023-02-03T11:57:33.585+0000] {logging_mixin.py:137} INFO - [2023-02-03T11:57:33.585+0000] {dagbag.py:538} INFO - Filling up the DagBag from /home/airflow/.local/lib/python3.7/site-packages/airflow/example_dags/example_latest_only_with_trigger.py
[2023-02-03T11:57:33.615+0000] {processor.py:753} INFO - DAG(s) dict_keys(['latest_only_with_trigger']) retrieved from /home/airflow/.local/lib/python3.7/site-packages/airflow/example_dags/example_latest_only_with_trigger.py
[2023-02-03T11:57:33.712+0000] {logging_mixin.py:137} INFO - [2023-02-03T11:57:33.711+0000] {dag.py:2676} INFO - Sync 1 DAGs
[2023-02-03T11:57:33.789+0000] {logging_mixin.py:137} INFO - [2023-02-03T11:57:33.789+0000] {dag.py:3427} INFO - Setting next_dagrun for latest_only_with_trigger to 2023-02-03T07:57:33.789201+00:00, run_after=2023-02-03T11:57:33.789201+00:00
[2023-02-03T11:57:33.851+0000] {processor.py:175} INFO - Processing /home/airflow/.local/lib/python3.7/site-packages/airflow/example_dags/example_latest_only_with_trigger.py took 0.280 seconds
