[2023-02-03T11:39:48.681+0000] {processor.py:153} INFO - Started process (PID=53) to work on /home/airflow/.local/lib/python3.7/site-packages/airflow/example_dags/example_branch_python_dop_operator_3.py
[2023-02-03T11:39:48.688+0000] {processor.py:743} INFO - Processing file /home/airflow/.local/lib/python3.7/site-packages/airflow/example_dags/example_branch_python_dop_operator_3.py for tasks to queue
[2023-02-03T11:39:48.694+0000] {logging_mixin.py:137} INFO - [2023-02-03T11:39:48.693+0000] {dagbag.py:538} INFO - Filling up the DagBag from /home/airflow/.local/lib/python3.7/site-packages/airflow/example_dags/example_branch_python_dop_operator_3.py
[2023-02-03T11:39:48.822+0000] {processor.py:753} INFO - DAG(s) dict_keys(['example_branch_dop_operator_v3']) retrieved from /home/airflow/.local/lib/python3.7/site-packages/airflow/example_dags/example_branch_python_dop_operator_3.py
[2023-02-03T11:39:48.984+0000] {logging_mixin.py:137} INFO - [2023-02-03T11:39:48.984+0000] {dag.py:2676} INFO - Sync 1 DAGs
[2023-02-03T11:39:49.111+0000] {logging_mixin.py:137} INFO - [2023-02-03T11:39:49.111+0000] {dag.py:3427} INFO - Setting next_dagrun for example_branch_dop_operator_v3 to 2023-02-03T11:38:00+00:00, run_after=2023-02-03T11:39:00+00:00
[2023-02-03T11:39:49.216+0000] {processor.py:175} INFO - Processing /home/airflow/.local/lib/python3.7/site-packages/airflow/example_dags/example_branch_python_dop_operator_3.py took 0.568 seconds
[2023-02-03T11:40:19.532+0000] {processor.py:153} INFO - Started process (PID=115) to work on /home/airflow/.local/lib/python3.7/site-packages/airflow/example_dags/example_branch_python_dop_operator_3.py
[2023-02-03T11:40:19.536+0000] {processor.py:743} INFO - Processing file /home/airflow/.local/lib/python3.7/site-packages/airflow/example_dags/example_branch_python_dop_operator_3.py for tasks to queue
[2023-02-03T11:40:19.538+0000] {logging_mixin.py:137} INFO - [2023-02-03T11:40:19.538+0000] {dagbag.py:538} INFO - Filling up the DagBag from /home/airflow/.local/lib/python3.7/site-packages/airflow/example_dags/example_branch_python_dop_operator_3.py
[2023-02-03T11:40:19.589+0000] {processor.py:753} INFO - DAG(s) dict_keys(['example_branch_dop_operator_v3']) retrieved from /home/airflow/.local/lib/python3.7/site-packages/airflow/example_dags/example_branch_python_dop_operator_3.py
[2023-02-03T11:40:19.667+0000] {logging_mixin.py:137} INFO - [2023-02-03T11:40:19.667+0000] {dag.py:2676} INFO - Sync 1 DAGs
[2023-02-03T11:40:19.733+0000] {logging_mixin.py:137} INFO - [2023-02-03T11:40:19.733+0000] {dag.py:3427} INFO - Setting next_dagrun for example_branch_dop_operator_v3 to 2023-02-03T11:39:00+00:00, run_after=2023-02-03T11:40:00+00:00
[2023-02-03T11:40:19.778+0000] {processor.py:175} INFO - Processing /home/airflow/.local/lib/python3.7/site-packages/airflow/example_dags/example_branch_python_dop_operator_3.py took 0.255 seconds
[2023-02-03T11:40:49.973+0000] {processor.py:153} INFO - Started process (PID=177) to work on /home/airflow/.local/lib/python3.7/site-packages/airflow/example_dags/example_branch_python_dop_operator_3.py
[2023-02-03T11:40:49.976+0000] {processor.py:743} INFO - Processing file /home/airflow/.local/lib/python3.7/site-packages/airflow/example_dags/example_branch_python_dop_operator_3.py for tasks to queue
[2023-02-03T11:40:49.978+0000] {logging_mixin.py:137} INFO - [2023-02-03T11:40:49.978+0000] {dagbag.py:538} INFO - Filling up the DagBag from /home/airflow/.local/lib/python3.7/site-packages/airflow/example_dags/example_branch_python_dop_operator_3.py
[2023-02-03T11:40:50.015+0000] {processor.py:753} INFO - DAG(s) dict_keys(['example_branch_dop_operator_v3']) retrieved from /home/airflow/.local/lib/python3.7/site-packages/airflow/example_dags/example_branch_python_dop_operator_3.py
[2023-02-03T11:40:50.085+0000] {logging_mixin.py:137} INFO - [2023-02-03T11:40:50.085+0000] {dag.py:2676} INFO - Sync 1 DAGs
[2023-02-03T11:40:50.145+0000] {logging_mixin.py:137} INFO - [2023-02-03T11:40:50.145+0000] {dag.py:3427} INFO - Setting next_dagrun for example_branch_dop_operator_v3 to 2023-02-03T11:39:00+00:00, run_after=2023-02-03T11:40:00+00:00
[2023-02-03T11:40:50.197+0000] {processor.py:175} INFO - Processing /home/airflow/.local/lib/python3.7/site-packages/airflow/example_dags/example_branch_python_dop_operator_3.py took 0.228 seconds
[2023-02-03T11:41:20.559+0000] {processor.py:153} INFO - Started process (PID=239) to work on /home/airflow/.local/lib/python3.7/site-packages/airflow/example_dags/example_branch_python_dop_operator_3.py
[2023-02-03T11:41:20.561+0000] {processor.py:743} INFO - Processing file /home/airflow/.local/lib/python3.7/site-packages/airflow/example_dags/example_branch_python_dop_operator_3.py for tasks to queue
[2023-02-03T11:41:20.563+0000] {logging_mixin.py:137} INFO - [2023-02-03T11:41:20.563+0000] {dagbag.py:538} INFO - Filling up the DagBag from /home/airflow/.local/lib/python3.7/site-packages/airflow/example_dags/example_branch_python_dop_operator_3.py
[2023-02-03T11:41:20.597+0000] {processor.py:753} INFO - DAG(s) dict_keys(['example_branch_dop_operator_v3']) retrieved from /home/airflow/.local/lib/python3.7/site-packages/airflow/example_dags/example_branch_python_dop_operator_3.py
[2023-02-03T11:41:20.687+0000] {logging_mixin.py:137} INFO - [2023-02-03T11:41:20.687+0000] {dag.py:2676} INFO - Sync 1 DAGs
[2023-02-03T11:41:20.758+0000] {logging_mixin.py:137} INFO - [2023-02-03T11:41:20.757+0000] {dag.py:3427} INFO - Setting next_dagrun for example_branch_dop_operator_v3 to 2023-02-03T11:40:00+00:00, run_after=2023-02-03T11:41:00+00:00
[2023-02-03T11:41:20.809+0000] {processor.py:175} INFO - Processing /home/airflow/.local/lib/python3.7/site-packages/airflow/example_dags/example_branch_python_dop_operator_3.py took 0.255 seconds
[2023-02-03T11:41:51.070+0000] {processor.py:153} INFO - Started process (PID=314) to work on /home/airflow/.local/lib/python3.7/site-packages/airflow/example_dags/example_branch_python_dop_operator_3.py
[2023-02-03T11:41:51.072+0000] {processor.py:743} INFO - Processing file /home/airflow/.local/lib/python3.7/site-packages/airflow/example_dags/example_branch_python_dop_operator_3.py for tasks to queue
[2023-02-03T11:41:51.073+0000] {logging_mixin.py:137} INFO - [2023-02-03T11:41:51.073+0000] {dagbag.py:538} INFO - Filling up the DagBag from /home/airflow/.local/lib/python3.7/site-packages/airflow/example_dags/example_branch_python_dop_operator_3.py
[2023-02-03T11:41:51.106+0000] {processor.py:753} INFO - DAG(s) dict_keys(['example_branch_dop_operator_v3']) retrieved from /home/airflow/.local/lib/python3.7/site-packages/airflow/example_dags/example_branch_python_dop_operator_3.py
[2023-02-03T11:41:51.166+0000] {logging_mixin.py:137} INFO - [2023-02-03T11:41:51.166+0000] {dag.py:2676} INFO - Sync 1 DAGs
[2023-02-03T11:41:51.219+0000] {logging_mixin.py:137} INFO - [2023-02-03T11:41:51.219+0000] {dag.py:3427} INFO - Setting next_dagrun for example_branch_dop_operator_v3 to 2023-02-03T11:40:00+00:00, run_after=2023-02-03T11:41:00+00:00
[2023-02-03T11:41:51.250+0000] {processor.py:175} INFO - Processing /home/airflow/.local/lib/python3.7/site-packages/airflow/example_dags/example_branch_python_dop_operator_3.py took 0.186 seconds
[2023-02-03T11:42:21.537+0000] {processor.py:153} INFO - Started process (PID=377) to work on /home/airflow/.local/lib/python3.7/site-packages/airflow/example_dags/example_branch_python_dop_operator_3.py
[2023-02-03T11:42:21.545+0000] {processor.py:743} INFO - Processing file /home/airflow/.local/lib/python3.7/site-packages/airflow/example_dags/example_branch_python_dop_operator_3.py for tasks to queue
[2023-02-03T11:42:21.548+0000] {logging_mixin.py:137} INFO - [2023-02-03T11:42:21.547+0000] {dagbag.py:538} INFO - Filling up the DagBag from /home/airflow/.local/lib/python3.7/site-packages/airflow/example_dags/example_branch_python_dop_operator_3.py
[2023-02-03T11:42:21.603+0000] {processor.py:753} INFO - DAG(s) dict_keys(['example_branch_dop_operator_v3']) retrieved from /home/airflow/.local/lib/python3.7/site-packages/airflow/example_dags/example_branch_python_dop_operator_3.py
[2023-02-03T11:42:21.673+0000] {logging_mixin.py:137} INFO - [2023-02-03T11:42:21.673+0000] {dag.py:2676} INFO - Sync 1 DAGs
[2023-02-03T11:42:21.730+0000] {logging_mixin.py:137} INFO - [2023-02-03T11:42:21.730+0000] {dag.py:3427} INFO - Setting next_dagrun for example_branch_dop_operator_v3 to 2023-02-03T11:41:00+00:00, run_after=2023-02-03T11:42:00+00:00
[2023-02-03T11:42:21.773+0000] {processor.py:175} INFO - Processing /home/airflow/.local/lib/python3.7/site-packages/airflow/example_dags/example_branch_python_dop_operator_3.py took 0.246 seconds
[2023-02-03T11:43:35.563+0000] {processor.py:153} INFO - Started process (PID=53) to work on /home/airflow/.local/lib/python3.7/site-packages/airflow/example_dags/example_branch_python_dop_operator_3.py
[2023-02-03T11:43:35.572+0000] {processor.py:743} INFO - Processing file /home/airflow/.local/lib/python3.7/site-packages/airflow/example_dags/example_branch_python_dop_operator_3.py for tasks to queue
[2023-02-03T11:43:35.574+0000] {logging_mixin.py:137} INFO - [2023-02-03T11:43:35.573+0000] {dagbag.py:538} INFO - Filling up the DagBag from /home/airflow/.local/lib/python3.7/site-packages/airflow/example_dags/example_branch_python_dop_operator_3.py
[2023-02-03T11:43:35.645+0000] {processor.py:753} INFO - DAG(s) dict_keys(['example_branch_dop_operator_v3']) retrieved from /home/airflow/.local/lib/python3.7/site-packages/airflow/example_dags/example_branch_python_dop_operator_3.py
[2023-02-03T11:43:35.767+0000] {logging_mixin.py:137} INFO - [2023-02-03T11:43:35.767+0000] {dag.py:2676} INFO - Sync 1 DAGs
[2023-02-03T11:43:35.919+0000] {logging_mixin.py:137} INFO - [2023-02-03T11:43:35.919+0000] {dag.py:3427} INFO - Setting next_dagrun for example_branch_dop_operator_v3 to 2023-02-03T11:42:00+00:00, run_after=2023-02-03T11:43:00+00:00
[2023-02-03T11:43:36.009+0000] {processor.py:175} INFO - Processing /home/airflow/.local/lib/python3.7/site-packages/airflow/example_dags/example_branch_python_dop_operator_3.py took 0.463 seconds
[2023-02-03T11:44:06.903+0000] {processor.py:153} INFO - Started process (PID=116) to work on /home/airflow/.local/lib/python3.7/site-packages/airflow/example_dags/example_branch_python_dop_operator_3.py
[2023-02-03T11:44:06.905+0000] {processor.py:743} INFO - Processing file /home/airflow/.local/lib/python3.7/site-packages/airflow/example_dags/example_branch_python_dop_operator_3.py for tasks to queue
[2023-02-03T11:44:06.908+0000] {logging_mixin.py:137} INFO - [2023-02-03T11:44:06.907+0000] {dagbag.py:538} INFO - Filling up the DagBag from /home/airflow/.local/lib/python3.7/site-packages/airflow/example_dags/example_branch_python_dop_operator_3.py
[2023-02-03T11:44:06.985+0000] {processor.py:753} INFO - DAG(s) dict_keys(['example_branch_dop_operator_v3']) retrieved from /home/airflow/.local/lib/python3.7/site-packages/airflow/example_dags/example_branch_python_dop_operator_3.py
[2023-02-03T11:44:07.056+0000] {logging_mixin.py:137} INFO - [2023-02-03T11:44:07.055+0000] {dag.py:2676} INFO - Sync 1 DAGs
[2023-02-03T11:44:07.112+0000] {logging_mixin.py:137} INFO - [2023-02-03T11:44:07.112+0000] {dag.py:3427} INFO - Setting next_dagrun for example_branch_dop_operator_v3 to 2023-02-03T11:43:00+00:00, run_after=2023-02-03T11:44:00+00:00
[2023-02-03T11:44:07.153+0000] {processor.py:175} INFO - Processing /home/airflow/.local/lib/python3.7/site-packages/airflow/example_dags/example_branch_python_dop_operator_3.py took 0.254 seconds
[2023-02-03T11:44:37.420+0000] {processor.py:153} INFO - Started process (PID=178) to work on /home/airflow/.local/lib/python3.7/site-packages/airflow/example_dags/example_branch_python_dop_operator_3.py
[2023-02-03T11:44:37.432+0000] {processor.py:743} INFO - Processing file /home/airflow/.local/lib/python3.7/site-packages/airflow/example_dags/example_branch_python_dop_operator_3.py for tasks to queue
[2023-02-03T11:44:37.435+0000] {logging_mixin.py:137} INFO - [2023-02-03T11:44:37.434+0000] {dagbag.py:538} INFO - Filling up the DagBag from /home/airflow/.local/lib/python3.7/site-packages/airflow/example_dags/example_branch_python_dop_operator_3.py
[2023-02-03T11:44:37.501+0000] {processor.py:753} INFO - DAG(s) dict_keys(['example_branch_dop_operator_v3']) retrieved from /home/airflow/.local/lib/python3.7/site-packages/airflow/example_dags/example_branch_python_dop_operator_3.py
[2023-02-03T11:44:37.647+0000] {logging_mixin.py:137} INFO - [2023-02-03T11:44:37.646+0000] {dag.py:2676} INFO - Sync 1 DAGs
[2023-02-03T11:44:37.807+0000] {logging_mixin.py:137} INFO - [2023-02-03T11:44:37.807+0000] {dag.py:3427} INFO - Setting next_dagrun for example_branch_dop_operator_v3 to 2023-02-03T11:43:00+00:00, run_after=2023-02-03T11:44:00+00:00
[2023-02-03T11:44:37.880+0000] {processor.py:175} INFO - Processing /home/airflow/.local/lib/python3.7/site-packages/airflow/example_dags/example_branch_python_dop_operator_3.py took 0.467 seconds
[2023-02-03T11:45:08.694+0000] {processor.py:153} INFO - Started process (PID=242) to work on /home/airflow/.local/lib/python3.7/site-packages/airflow/example_dags/example_branch_python_dop_operator_3.py
[2023-02-03T11:45:08.697+0000] {processor.py:743} INFO - Processing file /home/airflow/.local/lib/python3.7/site-packages/airflow/example_dags/example_branch_python_dop_operator_3.py for tasks to queue
[2023-02-03T11:45:08.699+0000] {logging_mixin.py:137} INFO - [2023-02-03T11:45:08.698+0000] {dagbag.py:538} INFO - Filling up the DagBag from /home/airflow/.local/lib/python3.7/site-packages/airflow/example_dags/example_branch_python_dop_operator_3.py
[2023-02-03T11:45:08.740+0000] {processor.py:753} INFO - DAG(s) dict_keys(['example_branch_dop_operator_v3']) retrieved from /home/airflow/.local/lib/python3.7/site-packages/airflow/example_dags/example_branch_python_dop_operator_3.py
[2023-02-03T11:45:08.823+0000] {logging_mixin.py:137} INFO - [2023-02-03T11:45:08.823+0000] {dag.py:2676} INFO - Sync 1 DAGs
[2023-02-03T11:45:08.898+0000] {logging_mixin.py:137} INFO - [2023-02-03T11:45:08.898+0000] {dag.py:3427} INFO - Setting next_dagrun for example_branch_dop_operator_v3 to 2023-02-03T11:44:00+00:00, run_after=2023-02-03T11:45:00+00:00
[2023-02-03T11:45:08.947+0000] {processor.py:175} INFO - Processing /home/airflow/.local/lib/python3.7/site-packages/airflow/example_dags/example_branch_python_dop_operator_3.py took 0.260 seconds
[2023-02-03T11:45:39.890+0000] {processor.py:153} INFO - Started process (PID=316) to work on /home/airflow/.local/lib/python3.7/site-packages/airflow/example_dags/example_branch_python_dop_operator_3.py
[2023-02-03T11:45:39.901+0000] {processor.py:743} INFO - Processing file /home/airflow/.local/lib/python3.7/site-packages/airflow/example_dags/example_branch_python_dop_operator_3.py for tasks to queue
[2023-02-03T11:45:39.903+0000] {logging_mixin.py:137} INFO - [2023-02-03T11:45:39.903+0000] {dagbag.py:538} INFO - Filling up the DagBag from /home/airflow/.local/lib/python3.7/site-packages/airflow/example_dags/example_branch_python_dop_operator_3.py
[2023-02-03T11:45:39.952+0000] {processor.py:753} INFO - DAG(s) dict_keys(['example_branch_dop_operator_v3']) retrieved from /home/airflow/.local/lib/python3.7/site-packages/airflow/example_dags/example_branch_python_dop_operator_3.py
[2023-02-03T11:45:40.013+0000] {logging_mixin.py:137} INFO - [2023-02-03T11:45:40.013+0000] {dag.py:2676} INFO - Sync 1 DAGs
[2023-02-03T11:45:40.068+0000] {logging_mixin.py:137} INFO - [2023-02-03T11:45:40.068+0000] {dag.py:3427} INFO - Setting next_dagrun for example_branch_dop_operator_v3 to 2023-02-03T11:44:00+00:00, run_after=2023-02-03T11:45:00+00:00
[2023-02-03T11:45:40.109+0000] {processor.py:175} INFO - Processing /home/airflow/.local/lib/python3.7/site-packages/airflow/example_dags/example_branch_python_dop_operator_3.py took 0.226 seconds
[2023-02-03T11:46:10.628+0000] {processor.py:153} INFO - Started process (PID=379) to work on /home/airflow/.local/lib/python3.7/site-packages/airflow/example_dags/example_branch_python_dop_operator_3.py
[2023-02-03T11:46:10.631+0000] {processor.py:743} INFO - Processing file /home/airflow/.local/lib/python3.7/site-packages/airflow/example_dags/example_branch_python_dop_operator_3.py for tasks to queue
[2023-02-03T11:46:10.639+0000] {logging_mixin.py:137} INFO - [2023-02-03T11:46:10.638+0000] {dagbag.py:538} INFO - Filling up the DagBag from /home/airflow/.local/lib/python3.7/site-packages/airflow/example_dags/example_branch_python_dop_operator_3.py
[2023-02-03T11:46:10.680+0000] {processor.py:753} INFO - DAG(s) dict_keys(['example_branch_dop_operator_v3']) retrieved from /home/airflow/.local/lib/python3.7/site-packages/airflow/example_dags/example_branch_python_dop_operator_3.py
[2023-02-03T11:46:10.749+0000] {logging_mixin.py:137} INFO - [2023-02-03T11:46:10.748+0000] {dag.py:2676} INFO - Sync 1 DAGs
[2023-02-03T11:46:10.810+0000] {logging_mixin.py:137} INFO - [2023-02-03T11:46:10.810+0000] {dag.py:3427} INFO - Setting next_dagrun for example_branch_dop_operator_v3 to 2023-02-03T11:45:00+00:00, run_after=2023-02-03T11:46:00+00:00
[2023-02-03T11:46:10.855+0000] {processor.py:175} INFO - Processing /home/airflow/.local/lib/python3.7/site-packages/airflow/example_dags/example_branch_python_dop_operator_3.py took 0.240 seconds
[2023-02-03T11:46:41.189+0000] {processor.py:153} INFO - Started process (PID=442) to work on /home/airflow/.local/lib/python3.7/site-packages/airflow/example_dags/example_branch_python_dop_operator_3.py
[2023-02-03T11:46:41.192+0000] {processor.py:743} INFO - Processing file /home/airflow/.local/lib/python3.7/site-packages/airflow/example_dags/example_branch_python_dop_operator_3.py for tasks to queue
[2023-02-03T11:46:41.195+0000] {logging_mixin.py:137} INFO - [2023-02-03T11:46:41.194+0000] {dagbag.py:538} INFO - Filling up the DagBag from /home/airflow/.local/lib/python3.7/site-packages/airflow/example_dags/example_branch_python_dop_operator_3.py
[2023-02-03T11:46:41.229+0000] {processor.py:753} INFO - DAG(s) dict_keys(['example_branch_dop_operator_v3']) retrieved from /home/airflow/.local/lib/python3.7/site-packages/airflow/example_dags/example_branch_python_dop_operator_3.py
[2023-02-03T11:46:41.297+0000] {logging_mixin.py:137} INFO - [2023-02-03T11:46:41.297+0000] {dag.py:2676} INFO - Sync 1 DAGs
[2023-02-03T11:46:41.382+0000] {logging_mixin.py:137} INFO - [2023-02-03T11:46:41.382+0000] {dag.py:3427} INFO - Setting next_dagrun for example_branch_dop_operator_v3 to 2023-02-03T11:45:00+00:00, run_after=2023-02-03T11:46:00+00:00
[2023-02-03T11:46:41.430+0000] {processor.py:175} INFO - Processing /home/airflow/.local/lib/python3.7/site-packages/airflow/example_dags/example_branch_python_dop_operator_3.py took 0.248 seconds
[2023-02-03T11:47:11.826+0000] {processor.py:153} INFO - Started process (PID=516) to work on /home/airflow/.local/lib/python3.7/site-packages/airflow/example_dags/example_branch_python_dop_operator_3.py
[2023-02-03T11:47:11.828+0000] {processor.py:743} INFO - Processing file /home/airflow/.local/lib/python3.7/site-packages/airflow/example_dags/example_branch_python_dop_operator_3.py for tasks to queue
[2023-02-03T11:47:11.829+0000] {logging_mixin.py:137} INFO - [2023-02-03T11:47:11.829+0000] {dagbag.py:538} INFO - Filling up the DagBag from /home/airflow/.local/lib/python3.7/site-packages/airflow/example_dags/example_branch_python_dop_operator_3.py
[2023-02-03T11:47:11.863+0000] {processor.py:753} INFO - DAG(s) dict_keys(['example_branch_dop_operator_v3']) retrieved from /home/airflow/.local/lib/python3.7/site-packages/airflow/example_dags/example_branch_python_dop_operator_3.py
[2023-02-03T11:47:11.933+0000] {logging_mixin.py:137} INFO - [2023-02-03T11:47:11.932+0000] {dag.py:2676} INFO - Sync 1 DAGs
[2023-02-03T11:47:12.055+0000] {logging_mixin.py:137} INFO - [2023-02-03T11:47:12.055+0000] {dag.py:3427} INFO - Setting next_dagrun for example_branch_dop_operator_v3 to 2023-02-03T11:46:00+00:00, run_after=2023-02-03T11:47:00+00:00
[2023-02-03T11:47:12.123+0000] {processor.py:175} INFO - Processing /home/airflow/.local/lib/python3.7/site-packages/airflow/example_dags/example_branch_python_dop_operator_3.py took 0.311 seconds
[2023-02-03T11:47:42.326+0000] {processor.py:153} INFO - Started process (PID=577) to work on /home/airflow/.local/lib/python3.7/site-packages/airflow/example_dags/example_branch_python_dop_operator_3.py
[2023-02-03T11:47:42.329+0000] {processor.py:743} INFO - Processing file /home/airflow/.local/lib/python3.7/site-packages/airflow/example_dags/example_branch_python_dop_operator_3.py for tasks to queue
[2023-02-03T11:47:42.330+0000] {logging_mixin.py:137} INFO - [2023-02-03T11:47:42.330+0000] {dagbag.py:538} INFO - Filling up the DagBag from /home/airflow/.local/lib/python3.7/site-packages/airflow/example_dags/example_branch_python_dop_operator_3.py
[2023-02-03T11:47:42.367+0000] {processor.py:753} INFO - DAG(s) dict_keys(['example_branch_dop_operator_v3']) retrieved from /home/airflow/.local/lib/python3.7/site-packages/airflow/example_dags/example_branch_python_dop_operator_3.py
[2023-02-03T11:47:42.435+0000] {logging_mixin.py:137} INFO - [2023-02-03T11:47:42.435+0000] {dag.py:2676} INFO - Sync 1 DAGs
[2023-02-03T11:47:42.499+0000] {logging_mixin.py:137} INFO - [2023-02-03T11:47:42.499+0000] {dag.py:3427} INFO - Setting next_dagrun for example_branch_dop_operator_v3 to 2023-02-03T11:46:00+00:00, run_after=2023-02-03T11:47:00+00:00
[2023-02-03T11:47:42.543+0000] {processor.py:175} INFO - Processing /home/airflow/.local/lib/python3.7/site-packages/airflow/example_dags/example_branch_python_dop_operator_3.py took 0.225 seconds
[2023-02-03T11:48:13.474+0000] {processor.py:153} INFO - Started process (PID=639) to work on /home/airflow/.local/lib/python3.7/site-packages/airflow/example_dags/example_branch_python_dop_operator_3.py
[2023-02-03T11:48:13.475+0000] {processor.py:743} INFO - Processing file /home/airflow/.local/lib/python3.7/site-packages/airflow/example_dags/example_branch_python_dop_operator_3.py for tasks to queue
[2023-02-03T11:48:13.477+0000] {logging_mixin.py:137} INFO - [2023-02-03T11:48:13.477+0000] {dagbag.py:538} INFO - Filling up the DagBag from /home/airflow/.local/lib/python3.7/site-packages/airflow/example_dags/example_branch_python_dop_operator_3.py
[2023-02-03T11:48:13.512+0000] {processor.py:753} INFO - DAG(s) dict_keys(['example_branch_dop_operator_v3']) retrieved from /home/airflow/.local/lib/python3.7/site-packages/airflow/example_dags/example_branch_python_dop_operator_3.py
[2023-02-03T11:48:13.580+0000] {logging_mixin.py:137} INFO - [2023-02-03T11:48:13.580+0000] {dag.py:2676} INFO - Sync 1 DAGs
[2023-02-03T11:48:13.651+0000] {logging_mixin.py:137} INFO - [2023-02-03T11:48:13.651+0000] {dag.py:3427} INFO - Setting next_dagrun for example_branch_dop_operator_v3 to 2023-02-03T11:47:00+00:00, run_after=2023-02-03T11:48:00+00:00
[2023-02-03T11:48:13.696+0000] {processor.py:175} INFO - Processing /home/airflow/.local/lib/python3.7/site-packages/airflow/example_dags/example_branch_python_dop_operator_3.py took 0.228 seconds
[2023-02-03T11:48:43.840+0000] {processor.py:153} INFO - Started process (PID=713) to work on /home/airflow/.local/lib/python3.7/site-packages/airflow/example_dags/example_branch_python_dop_operator_3.py
[2023-02-03T11:48:43.843+0000] {processor.py:743} INFO - Processing file /home/airflow/.local/lib/python3.7/site-packages/airflow/example_dags/example_branch_python_dop_operator_3.py for tasks to queue
[2023-02-03T11:48:43.844+0000] {logging_mixin.py:137} INFO - [2023-02-03T11:48:43.844+0000] {dagbag.py:538} INFO - Filling up the DagBag from /home/airflow/.local/lib/python3.7/site-packages/airflow/example_dags/example_branch_python_dop_operator_3.py
[2023-02-03T11:48:43.884+0000] {processor.py:753} INFO - DAG(s) dict_keys(['example_branch_dop_operator_v3']) retrieved from /home/airflow/.local/lib/python3.7/site-packages/airflow/example_dags/example_branch_python_dop_operator_3.py
[2023-02-03T11:48:43.957+0000] {logging_mixin.py:137} INFO - [2023-02-03T11:48:43.957+0000] {dag.py:2676} INFO - Sync 1 DAGs
[2023-02-03T11:48:44.026+0000] {logging_mixin.py:137} INFO - [2023-02-03T11:48:44.026+0000] {dag.py:3427} INFO - Setting next_dagrun for example_branch_dop_operator_v3 to 2023-02-03T11:47:00+00:00, run_after=2023-02-03T11:48:00+00:00
[2023-02-03T11:48:44.068+0000] {processor.py:175} INFO - Processing /home/airflow/.local/lib/python3.7/site-packages/airflow/example_dags/example_branch_python_dop_operator_3.py took 0.237 seconds
[2023-02-03T11:49:14.442+0000] {processor.py:153} INFO - Started process (PID=775) to work on /home/airflow/.local/lib/python3.7/site-packages/airflow/example_dags/example_branch_python_dop_operator_3.py
[2023-02-03T11:49:14.445+0000] {processor.py:743} INFO - Processing file /home/airflow/.local/lib/python3.7/site-packages/airflow/example_dags/example_branch_python_dop_operator_3.py for tasks to queue
[2023-02-03T11:49:14.447+0000] {logging_mixin.py:137} INFO - [2023-02-03T11:49:14.447+0000] {dagbag.py:538} INFO - Filling up the DagBag from /home/airflow/.local/lib/python3.7/site-packages/airflow/example_dags/example_branch_python_dop_operator_3.py
[2023-02-03T11:49:14.468+0000] {processor.py:753} INFO - DAG(s) dict_keys(['example_branch_dop_operator_v3']) retrieved from /home/airflow/.local/lib/python3.7/site-packages/airflow/example_dags/example_branch_python_dop_operator_3.py
[2023-02-03T11:49:14.557+0000] {logging_mixin.py:137} INFO - [2023-02-03T11:49:14.557+0000] {dag.py:2676} INFO - Sync 1 DAGs
[2023-02-03T11:49:14.626+0000] {logging_mixin.py:137} INFO - [2023-02-03T11:49:14.626+0000] {dag.py:3427} INFO - Setting next_dagrun for example_branch_dop_operator_v3 to 2023-02-03T11:48:00+00:00, run_after=2023-02-03T11:49:00+00:00
[2023-02-03T11:49:14.667+0000] {processor.py:175} INFO - Processing /home/airflow/.local/lib/python3.7/site-packages/airflow/example_dags/example_branch_python_dop_operator_3.py took 0.254 seconds
[2023-02-03T11:49:45.388+0000] {processor.py:153} INFO - Started process (PID=837) to work on /home/airflow/.local/lib/python3.7/site-packages/airflow/example_dags/example_branch_python_dop_operator_3.py
[2023-02-03T11:49:45.390+0000] {processor.py:743} INFO - Processing file /home/airflow/.local/lib/python3.7/site-packages/airflow/example_dags/example_branch_python_dop_operator_3.py for tasks to queue
[2023-02-03T11:49:45.392+0000] {logging_mixin.py:137} INFO - [2023-02-03T11:49:45.392+0000] {dagbag.py:538} INFO - Filling up the DagBag from /home/airflow/.local/lib/python3.7/site-packages/airflow/example_dags/example_branch_python_dop_operator_3.py
[2023-02-03T11:49:45.444+0000] {processor.py:753} INFO - DAG(s) dict_keys(['example_branch_dop_operator_v3']) retrieved from /home/airflow/.local/lib/python3.7/site-packages/airflow/example_dags/example_branch_python_dop_operator_3.py
[2023-02-03T11:49:45.554+0000] {logging_mixin.py:137} INFO - [2023-02-03T11:49:45.554+0000] {dag.py:2676} INFO - Sync 1 DAGs
[2023-02-03T11:49:45.675+0000] {logging_mixin.py:137} INFO - [2023-02-03T11:49:45.675+0000] {dag.py:3427} INFO - Setting next_dagrun for example_branch_dop_operator_v3 to 2023-02-03T11:48:00+00:00, run_after=2023-02-03T11:49:00+00:00
[2023-02-03T11:49:45.755+0000] {processor.py:175} INFO - Processing /home/airflow/.local/lib/python3.7/site-packages/airflow/example_dags/example_branch_python_dop_operator_3.py took 0.375 seconds
[2023-02-03T11:50:16.581+0000] {processor.py:153} INFO - Started process (PID=898) to work on /home/airflow/.local/lib/python3.7/site-packages/airflow/example_dags/example_branch_python_dop_operator_3.py
[2023-02-03T11:50:16.584+0000] {processor.py:743} INFO - Processing file /home/airflow/.local/lib/python3.7/site-packages/airflow/example_dags/example_branch_python_dop_operator_3.py for tasks to queue
[2023-02-03T11:50:16.586+0000] {logging_mixin.py:137} INFO - [2023-02-03T11:50:16.585+0000] {dagbag.py:538} INFO - Filling up the DagBag from /home/airflow/.local/lib/python3.7/site-packages/airflow/example_dags/example_branch_python_dop_operator_3.py
[2023-02-03T11:50:16.616+0000] {processor.py:753} INFO - DAG(s) dict_keys(['example_branch_dop_operator_v3']) retrieved from /home/airflow/.local/lib/python3.7/site-packages/airflow/example_dags/example_branch_python_dop_operator_3.py
[2023-02-03T11:50:16.701+0000] {logging_mixin.py:137} INFO - [2023-02-03T11:50:16.701+0000] {dag.py:2676} INFO - Sync 1 DAGs
[2023-02-03T11:50:16.751+0000] {logging_mixin.py:137} INFO - [2023-02-03T11:50:16.751+0000] {dag.py:3427} INFO - Setting next_dagrun for example_branch_dop_operator_v3 to 2023-02-03T11:49:00+00:00, run_after=2023-02-03T11:50:00+00:00
[2023-02-03T11:50:16.788+0000] {processor.py:175} INFO - Processing /home/airflow/.local/lib/python3.7/site-packages/airflow/example_dags/example_branch_python_dop_operator_3.py took 0.213 seconds
[2023-02-03T11:50:47.232+0000] {processor.py:153} INFO - Started process (PID=972) to work on /home/airflow/.local/lib/python3.7/site-packages/airflow/example_dags/example_branch_python_dop_operator_3.py
[2023-02-03T11:50:47.235+0000] {processor.py:743} INFO - Processing file /home/airflow/.local/lib/python3.7/site-packages/airflow/example_dags/example_branch_python_dop_operator_3.py for tasks to queue
[2023-02-03T11:50:47.237+0000] {logging_mixin.py:137} INFO - [2023-02-03T11:50:47.237+0000] {dagbag.py:538} INFO - Filling up the DagBag from /home/airflow/.local/lib/python3.7/site-packages/airflow/example_dags/example_branch_python_dop_operator_3.py
[2023-02-03T11:50:47.291+0000] {processor.py:753} INFO - DAG(s) dict_keys(['example_branch_dop_operator_v3']) retrieved from /home/airflow/.local/lib/python3.7/site-packages/airflow/example_dags/example_branch_python_dop_operator_3.py
[2023-02-03T11:50:47.371+0000] {logging_mixin.py:137} INFO - [2023-02-03T11:50:47.371+0000] {dag.py:2676} INFO - Sync 1 DAGs
[2023-02-03T11:50:47.458+0000] {logging_mixin.py:137} INFO - [2023-02-03T11:50:47.458+0000] {dag.py:3427} INFO - Setting next_dagrun for example_branch_dop_operator_v3 to 2023-02-03T11:49:00+00:00, run_after=2023-02-03T11:50:00+00:00
[2023-02-03T11:50:47.503+0000] {processor.py:175} INFO - Processing /home/airflow/.local/lib/python3.7/site-packages/airflow/example_dags/example_branch_python_dop_operator_3.py took 0.279 seconds
[2023-02-03T11:55:29.418+0000] {processor.py:153} INFO - Started process (PID=53) to work on /home/airflow/.local/lib/python3.7/site-packages/airflow/example_dags/example_branch_python_dop_operator_3.py
[2023-02-03T11:55:29.426+0000] {processor.py:743} INFO - Processing file /home/airflow/.local/lib/python3.7/site-packages/airflow/example_dags/example_branch_python_dop_operator_3.py for tasks to queue
[2023-02-03T11:55:29.431+0000] {logging_mixin.py:137} INFO - [2023-02-03T11:55:29.431+0000] {dagbag.py:538} INFO - Filling up the DagBag from /home/airflow/.local/lib/python3.7/site-packages/airflow/example_dags/example_branch_python_dop_operator_3.py
[2023-02-03T11:55:29.533+0000] {processor.py:753} INFO - DAG(s) dict_keys(['example_branch_dop_operator_v3']) retrieved from /home/airflow/.local/lib/python3.7/site-packages/airflow/example_dags/example_branch_python_dop_operator_3.py
[2023-02-03T11:55:29.650+0000] {logging_mixin.py:137} INFO - [2023-02-03T11:55:29.649+0000] {dag.py:2676} INFO - Sync 1 DAGs
[2023-02-03T11:55:29.750+0000] {logging_mixin.py:137} INFO - [2023-02-03T11:55:29.750+0000] {dag.py:3427} INFO - Setting next_dagrun for example_branch_dop_operator_v3 to 2023-02-03T11:54:00+00:00, run_after=2023-02-03T11:55:00+00:00
[2023-02-03T11:55:29.844+0000] {processor.py:175} INFO - Processing /home/airflow/.local/lib/python3.7/site-packages/airflow/example_dags/example_branch_python_dop_operator_3.py took 0.439 seconds
[2023-02-03T11:55:59.898+0000] {processor.py:153} INFO - Started process (PID=115) to work on /home/airflow/.local/lib/python3.7/site-packages/airflow/example_dags/example_branch_python_dop_operator_3.py
[2023-02-03T11:55:59.901+0000] {processor.py:743} INFO - Processing file /home/airflow/.local/lib/python3.7/site-packages/airflow/example_dags/example_branch_python_dop_operator_3.py for tasks to queue
[2023-02-03T11:55:59.902+0000] {logging_mixin.py:137} INFO - [2023-02-03T11:55:59.902+0000] {dagbag.py:538} INFO - Filling up the DagBag from /home/airflow/.local/lib/python3.7/site-packages/airflow/example_dags/example_branch_python_dop_operator_3.py
[2023-02-03T11:55:59.937+0000] {processor.py:753} INFO - DAG(s) dict_keys(['example_branch_dop_operator_v3']) retrieved from /home/airflow/.local/lib/python3.7/site-packages/airflow/example_dags/example_branch_python_dop_operator_3.py
[2023-02-03T11:56:00.002+0000] {logging_mixin.py:137} INFO - [2023-02-03T11:56:00.002+0000] {dag.py:2676} INFO - Sync 1 DAGs
[2023-02-03T11:56:00.072+0000] {logging_mixin.py:137} INFO - [2023-02-03T11:56:00.072+0000] {dag.py:3427} INFO - Setting next_dagrun for example_branch_dop_operator_v3 to 2023-02-03T11:55:00+00:00, run_after=2023-02-03T11:56:00+00:00
[2023-02-03T11:56:00.113+0000] {processor.py:175} INFO - Processing /home/airflow/.local/lib/python3.7/site-packages/airflow/example_dags/example_branch_python_dop_operator_3.py took 0.220 seconds
[2023-02-03T11:56:30.386+0000] {processor.py:153} INFO - Started process (PID=176) to work on /home/airflow/.local/lib/python3.7/site-packages/airflow/example_dags/example_branch_python_dop_operator_3.py
[2023-02-03T11:56:30.388+0000] {processor.py:743} INFO - Processing file /home/airflow/.local/lib/python3.7/site-packages/airflow/example_dags/example_branch_python_dop_operator_3.py for tasks to queue
[2023-02-03T11:56:30.390+0000] {logging_mixin.py:137} INFO - [2023-02-03T11:56:30.390+0000] {dagbag.py:538} INFO - Filling up the DagBag from /home/airflow/.local/lib/python3.7/site-packages/airflow/example_dags/example_branch_python_dop_operator_3.py
[2023-02-03T11:56:30.424+0000] {processor.py:753} INFO - DAG(s) dict_keys(['example_branch_dop_operator_v3']) retrieved from /home/airflow/.local/lib/python3.7/site-packages/airflow/example_dags/example_branch_python_dop_operator_3.py
[2023-02-03T11:56:30.489+0000] {logging_mixin.py:137} INFO - [2023-02-03T11:56:30.489+0000] {dag.py:2676} INFO - Sync 1 DAGs
[2023-02-03T11:56:30.547+0000] {logging_mixin.py:137} INFO - [2023-02-03T11:56:30.547+0000] {dag.py:3427} INFO - Setting next_dagrun for example_branch_dop_operator_v3 to 2023-02-03T11:55:00+00:00, run_after=2023-02-03T11:56:00+00:00
[2023-02-03T11:56:30.585+0000] {processor.py:175} INFO - Processing /home/airflow/.local/lib/python3.7/site-packages/airflow/example_dags/example_branch_python_dop_operator_3.py took 0.203 seconds
[2023-02-03T11:57:00.948+0000] {processor.py:153} INFO - Started process (PID=238) to work on /home/airflow/.local/lib/python3.7/site-packages/airflow/example_dags/example_branch_python_dop_operator_3.py
[2023-02-03T11:57:00.952+0000] {processor.py:743} INFO - Processing file /home/airflow/.local/lib/python3.7/site-packages/airflow/example_dags/example_branch_python_dop_operator_3.py for tasks to queue
[2023-02-03T11:57:00.954+0000] {logging_mixin.py:137} INFO - [2023-02-03T11:57:00.954+0000] {dagbag.py:538} INFO - Filling up the DagBag from /home/airflow/.local/lib/python3.7/site-packages/airflow/example_dags/example_branch_python_dop_operator_3.py
[2023-02-03T11:57:01.034+0000] {processor.py:753} INFO - DAG(s) dict_keys(['example_branch_dop_operator_v3']) retrieved from /home/airflow/.local/lib/python3.7/site-packages/airflow/example_dags/example_branch_python_dop_operator_3.py
[2023-02-03T11:57:01.134+0000] {logging_mixin.py:137} INFO - [2023-02-03T11:57:01.134+0000] {dag.py:2676} INFO - Sync 1 DAGs
[2023-02-03T11:57:01.255+0000] {logging_mixin.py:137} INFO - [2023-02-03T11:57:01.254+0000] {dag.py:3427} INFO - Setting next_dagrun for example_branch_dop_operator_v3 to 2023-02-03T11:56:00+00:00, run_after=2023-02-03T11:57:00+00:00
[2023-02-03T11:57:01.321+0000] {processor.py:175} INFO - Processing /home/airflow/.local/lib/python3.7/site-packages/airflow/example_dags/example_branch_python_dop_operator_3.py took 0.377 seconds
[2023-02-03T11:57:31.458+0000] {processor.py:153} INFO - Started process (PID=313) to work on /home/airflow/.local/lib/python3.7/site-packages/airflow/example_dags/example_branch_python_dop_operator_3.py
[2023-02-03T11:57:31.461+0000] {processor.py:743} INFO - Processing file /home/airflow/.local/lib/python3.7/site-packages/airflow/example_dags/example_branch_python_dop_operator_3.py for tasks to queue
[2023-02-03T11:57:31.462+0000] {logging_mixin.py:137} INFO - [2023-02-03T11:57:31.462+0000] {dagbag.py:538} INFO - Filling up the DagBag from /home/airflow/.local/lib/python3.7/site-packages/airflow/example_dags/example_branch_python_dop_operator_3.py
[2023-02-03T11:57:31.492+0000] {processor.py:753} INFO - DAG(s) dict_keys(['example_branch_dop_operator_v3']) retrieved from /home/airflow/.local/lib/python3.7/site-packages/airflow/example_dags/example_branch_python_dop_operator_3.py
[2023-02-03T11:57:31.582+0000] {logging_mixin.py:137} INFO - [2023-02-03T11:57:31.581+0000] {dag.py:2676} INFO - Sync 1 DAGs
[2023-02-03T11:57:31.646+0000] {logging_mixin.py:137} INFO - [2023-02-03T11:57:31.646+0000] {dag.py:3427} INFO - Setting next_dagrun for example_branch_dop_operator_v3 to 2023-02-03T11:56:00+00:00, run_after=2023-02-03T11:57:00+00:00
[2023-02-03T11:57:31.698+0000] {processor.py:175} INFO - Processing /home/airflow/.local/lib/python3.7/site-packages/airflow/example_dags/example_branch_python_dop_operator_3.py took 0.245 seconds
