[2023-02-03T11:39:55.333+0000] {processor.py:153} INFO - Started process (PID=75) to work on /home/airflow/.local/lib/python3.7/site-packages/airflow/example_dags/example_external_task_marker_dag.py
[2023-02-03T11:39:55.343+0000] {processor.py:743} INFO - Processing file /home/airflow/.local/lib/python3.7/site-packages/airflow/example_dags/example_external_task_marker_dag.py for tasks to queue
[2023-02-03T11:39:55.361+0000] {logging_mixin.py:137} INFO - [2023-02-03T11:39:55.360+0000] {dagbag.py:538} INFO - Filling up the DagBag from /home/airflow/.local/lib/python3.7/site-packages/airflow/example_dags/example_external_task_marker_dag.py
[2023-02-03T11:39:55.599+0000] {processor.py:753} INFO - DAG(s) dict_keys(['example_external_task_marker_child', 'example_external_task_marker_parent']) retrieved from /home/airflow/.local/lib/python3.7/site-packages/airflow/example_dags/example_external_task_marker_dag.py
[2023-02-03T11:39:56.083+0000] {logging_mixin.py:137} INFO - [2023-02-03T11:39:56.083+0000] {dag.py:2676} INFO - Sync 2 DAGs
[2023-02-03T11:39:56.330+0000] {logging_mixin.py:137} INFO - [2023-02-03T11:39:56.330+0000] {dag.py:3427} INFO - Setting next_dagrun for example_external_task_marker_child to None, run_after=None
[2023-02-03T11:39:56.369+0000] {logging_mixin.py:137} INFO - [2023-02-03T11:39:56.368+0000] {dag.py:3427} INFO - Setting next_dagrun for example_external_task_marker_parent to None, run_after=None
[2023-02-03T11:39:56.620+0000] {processor.py:175} INFO - Processing /home/airflow/.local/lib/python3.7/site-packages/airflow/example_dags/example_external_task_marker_dag.py took 1.305 seconds
[2023-02-03T11:40:26.796+0000] {processor.py:153} INFO - Started process (PID=138) to work on /home/airflow/.local/lib/python3.7/site-packages/airflow/example_dags/example_external_task_marker_dag.py
[2023-02-03T11:40:26.801+0000] {processor.py:743} INFO - Processing file /home/airflow/.local/lib/python3.7/site-packages/airflow/example_dags/example_external_task_marker_dag.py for tasks to queue
[2023-02-03T11:40:26.806+0000] {logging_mixin.py:137} INFO - [2023-02-03T11:40:26.806+0000] {dagbag.py:538} INFO - Filling up the DagBag from /home/airflow/.local/lib/python3.7/site-packages/airflow/example_dags/example_external_task_marker_dag.py
[2023-02-03T11:40:26.850+0000] {processor.py:753} INFO - DAG(s) dict_keys(['example_external_task_marker_child', 'example_external_task_marker_parent']) retrieved from /home/airflow/.local/lib/python3.7/site-packages/airflow/example_dags/example_external_task_marker_dag.py
[2023-02-03T11:40:27.216+0000] {logging_mixin.py:137} INFO - [2023-02-03T11:40:27.215+0000] {dag.py:2676} INFO - Sync 2 DAGs
[2023-02-03T11:40:27.485+0000] {logging_mixin.py:137} INFO - [2023-02-03T11:40:27.484+0000] {dag.py:3427} INFO - Setting next_dagrun for example_external_task_marker_child to None, run_after=None
[2023-02-03T11:40:27.546+0000] {logging_mixin.py:137} INFO - [2023-02-03T11:40:27.545+0000] {dag.py:3427} INFO - Setting next_dagrun for example_external_task_marker_parent to None, run_after=None
[2023-02-03T11:40:27.676+0000] {processor.py:175} INFO - Processing /home/airflow/.local/lib/python3.7/site-packages/airflow/example_dags/example_external_task_marker_dag.py took 0.926 seconds
[2023-02-03T11:40:58.516+0000] {processor.py:153} INFO - Started process (PID=203) to work on /home/airflow/.local/lib/python3.7/site-packages/airflow/example_dags/example_external_task_marker_dag.py
[2023-02-03T11:40:58.520+0000] {processor.py:743} INFO - Processing file /home/airflow/.local/lib/python3.7/site-packages/airflow/example_dags/example_external_task_marker_dag.py for tasks to queue
[2023-02-03T11:40:58.522+0000] {logging_mixin.py:137} INFO - [2023-02-03T11:40:58.522+0000] {dagbag.py:538} INFO - Filling up the DagBag from /home/airflow/.local/lib/python3.7/site-packages/airflow/example_dags/example_external_task_marker_dag.py
[2023-02-03T11:40:58.558+0000] {processor.py:753} INFO - DAG(s) dict_keys(['example_external_task_marker_child', 'example_external_task_marker_parent']) retrieved from /home/airflow/.local/lib/python3.7/site-packages/airflow/example_dags/example_external_task_marker_dag.py
[2023-02-03T11:40:58.676+0000] {logging_mixin.py:137} INFO - [2023-02-03T11:40:58.676+0000] {dag.py:2676} INFO - Sync 2 DAGs
[2023-02-03T11:40:58.747+0000] {logging_mixin.py:137} INFO - [2023-02-03T11:40:58.747+0000] {dag.py:3427} INFO - Setting next_dagrun for example_external_task_marker_child to None, run_after=None
[2023-02-03T11:40:58.756+0000] {logging_mixin.py:137} INFO - [2023-02-03T11:40:58.756+0000] {dag.py:3427} INFO - Setting next_dagrun for example_external_task_marker_parent to None, run_after=None
[2023-02-03T11:40:58.802+0000] {processor.py:175} INFO - Processing /home/airflow/.local/lib/python3.7/site-packages/airflow/example_dags/example_external_task_marker_dag.py took 0.293 seconds
[2023-02-03T11:41:29.820+0000] {processor.py:153} INFO - Started process (PID=265) to work on /home/airflow/.local/lib/python3.7/site-packages/airflow/example_dags/example_external_task_marker_dag.py
[2023-02-03T11:41:29.822+0000] {processor.py:743} INFO - Processing file /home/airflow/.local/lib/python3.7/site-packages/airflow/example_dags/example_external_task_marker_dag.py for tasks to queue
[2023-02-03T11:41:29.824+0000] {logging_mixin.py:137} INFO - [2023-02-03T11:41:29.824+0000] {dagbag.py:538} INFO - Filling up the DagBag from /home/airflow/.local/lib/python3.7/site-packages/airflow/example_dags/example_external_task_marker_dag.py
[2023-02-03T11:41:29.843+0000] {processor.py:753} INFO - DAG(s) dict_keys(['example_external_task_marker_parent', 'example_external_task_marker_child']) retrieved from /home/airflow/.local/lib/python3.7/site-packages/airflow/example_dags/example_external_task_marker_dag.py
[2023-02-03T11:41:29.910+0000] {logging_mixin.py:137} INFO - [2023-02-03T11:41:29.909+0000] {dag.py:2676} INFO - Sync 2 DAGs
[2023-02-03T11:41:29.954+0000] {logging_mixin.py:137} INFO - [2023-02-03T11:41:29.954+0000] {dag.py:3427} INFO - Setting next_dagrun for example_external_task_marker_child to None, run_after=None
[2023-02-03T11:41:29.960+0000] {logging_mixin.py:137} INFO - [2023-02-03T11:41:29.960+0000] {dag.py:3427} INFO - Setting next_dagrun for example_external_task_marker_parent to None, run_after=None
[2023-02-03T11:41:29.994+0000] {processor.py:175} INFO - Processing /home/airflow/.local/lib/python3.7/site-packages/airflow/example_dags/example_external_task_marker_dag.py took 0.179 seconds
[2023-02-03T11:42:00.332+0000] {processor.py:153} INFO - Started process (PID=335) to work on /home/airflow/.local/lib/python3.7/site-packages/airflow/example_dags/example_external_task_marker_dag.py
[2023-02-03T11:42:00.334+0000] {processor.py:743} INFO - Processing file /home/airflow/.local/lib/python3.7/site-packages/airflow/example_dags/example_external_task_marker_dag.py for tasks to queue
[2023-02-03T11:42:00.337+0000] {logging_mixin.py:137} INFO - [2023-02-03T11:42:00.336+0000] {dagbag.py:538} INFO - Filling up the DagBag from /home/airflow/.local/lib/python3.7/site-packages/airflow/example_dags/example_external_task_marker_dag.py
[2023-02-03T11:42:00.361+0000] {processor.py:753} INFO - DAG(s) dict_keys(['example_external_task_marker_parent', 'example_external_task_marker_child']) retrieved from /home/airflow/.local/lib/python3.7/site-packages/airflow/example_dags/example_external_task_marker_dag.py
[2023-02-03T11:42:00.423+0000] {logging_mixin.py:137} INFO - [2023-02-03T11:42:00.423+0000] {dag.py:2676} INFO - Sync 2 DAGs
[2023-02-03T11:42:00.467+0000] {logging_mixin.py:137} INFO - [2023-02-03T11:42:00.466+0000] {dag.py:3427} INFO - Setting next_dagrun for example_external_task_marker_child to None, run_after=None
[2023-02-03T11:42:00.473+0000] {logging_mixin.py:137} INFO - [2023-02-03T11:42:00.473+0000] {dag.py:3427} INFO - Setting next_dagrun for example_external_task_marker_parent to None, run_after=None
[2023-02-03T11:42:00.503+0000] {processor.py:175} INFO - Processing /home/airflow/.local/lib/python3.7/site-packages/airflow/example_dags/example_external_task_marker_dag.py took 0.176 seconds
[2023-02-03T11:42:31.047+0000] {processor.py:153} INFO - Started process (PID=402) to work on /home/airflow/.local/lib/python3.7/site-packages/airflow/example_dags/example_external_task_marker_dag.py
[2023-02-03T11:42:31.050+0000] {processor.py:743} INFO - Processing file /home/airflow/.local/lib/python3.7/site-packages/airflow/example_dags/example_external_task_marker_dag.py for tasks to queue
[2023-02-03T11:42:31.052+0000] {logging_mixin.py:137} INFO - [2023-02-03T11:42:31.051+0000] {dagbag.py:538} INFO - Filling up the DagBag from /home/airflow/.local/lib/python3.7/site-packages/airflow/example_dags/example_external_task_marker_dag.py
[2023-02-03T11:42:31.070+0000] {processor.py:753} INFO - DAG(s) dict_keys(['example_external_task_marker_parent', 'example_external_task_marker_child']) retrieved from /home/airflow/.local/lib/python3.7/site-packages/airflow/example_dags/example_external_task_marker_dag.py
[2023-02-03T11:42:31.161+0000] {logging_mixin.py:137} INFO - [2023-02-03T11:42:31.160+0000] {dag.py:2676} INFO - Sync 2 DAGs
[2023-02-03T11:42:31.210+0000] {logging_mixin.py:137} INFO - [2023-02-03T11:42:31.210+0000] {dag.py:3427} INFO - Setting next_dagrun for example_external_task_marker_child to None, run_after=None
[2023-02-03T11:42:31.220+0000] {logging_mixin.py:137} INFO - [2023-02-03T11:42:31.219+0000] {dag.py:3427} INFO - Setting next_dagrun for example_external_task_marker_parent to None, run_after=None
[2023-02-03T11:42:31.257+0000] {processor.py:175} INFO - Processing /home/airflow/.local/lib/python3.7/site-packages/airflow/example_dags/example_external_task_marker_dag.py took 0.216 seconds
[2023-02-03T11:43:39.004+0000] {processor.py:153} INFO - Started process (PID=67) to work on /home/airflow/.local/lib/python3.7/site-packages/airflow/example_dags/example_external_task_marker_dag.py
[2023-02-03T11:43:39.007+0000] {processor.py:743} INFO - Processing file /home/airflow/.local/lib/python3.7/site-packages/airflow/example_dags/example_external_task_marker_dag.py for tasks to queue
[2023-02-03T11:43:39.011+0000] {logging_mixin.py:137} INFO - [2023-02-03T11:43:39.010+0000] {dagbag.py:538} INFO - Filling up the DagBag from /home/airflow/.local/lib/python3.7/site-packages/airflow/example_dags/example_external_task_marker_dag.py
[2023-02-03T11:43:39.044+0000] {processor.py:753} INFO - DAG(s) dict_keys(['example_external_task_marker_parent', 'example_external_task_marker_child']) retrieved from /home/airflow/.local/lib/python3.7/site-packages/airflow/example_dags/example_external_task_marker_dag.py
[2023-02-03T11:43:39.320+0000] {logging_mixin.py:137} INFO - [2023-02-03T11:43:39.318+0000] {dag.py:2676} INFO - Sync 2 DAGs
[2023-02-03T11:43:39.430+0000] {logging_mixin.py:137} INFO - [2023-02-03T11:43:39.430+0000] {dag.py:3427} INFO - Setting next_dagrun for example_external_task_marker_child to None, run_after=None
[2023-02-03T11:43:39.440+0000] {logging_mixin.py:137} INFO - [2023-02-03T11:43:39.439+0000] {dag.py:3427} INFO - Setting next_dagrun for example_external_task_marker_parent to None, run_after=None
[2023-02-03T11:43:39.520+0000] {processor.py:175} INFO - Processing /home/airflow/.local/lib/python3.7/site-packages/airflow/example_dags/example_external_task_marker_dag.py took 0.526 seconds
[2023-02-03T11:44:10.041+0000] {processor.py:153} INFO - Started process (PID=130) to work on /home/airflow/.local/lib/python3.7/site-packages/airflow/example_dags/example_external_task_marker_dag.py
[2023-02-03T11:44:10.044+0000] {processor.py:743} INFO - Processing file /home/airflow/.local/lib/python3.7/site-packages/airflow/example_dags/example_external_task_marker_dag.py for tasks to queue
[2023-02-03T11:44:10.046+0000] {logging_mixin.py:137} INFO - [2023-02-03T11:44:10.045+0000] {dagbag.py:538} INFO - Filling up the DagBag from /home/airflow/.local/lib/python3.7/site-packages/airflow/example_dags/example_external_task_marker_dag.py
[2023-02-03T11:44:10.072+0000] {processor.py:753} INFO - DAG(s) dict_keys(['example_external_task_marker_parent', 'example_external_task_marker_child']) retrieved from /home/airflow/.local/lib/python3.7/site-packages/airflow/example_dags/example_external_task_marker_dag.py
[2023-02-03T11:44:10.156+0000] {logging_mixin.py:137} INFO - [2023-02-03T11:44:10.156+0000] {dag.py:2676} INFO - Sync 2 DAGs
[2023-02-03T11:44:10.217+0000] {logging_mixin.py:137} INFO - [2023-02-03T11:44:10.216+0000] {dag.py:3427} INFO - Setting next_dagrun for example_external_task_marker_child to None, run_after=None
[2023-02-03T11:44:10.224+0000] {logging_mixin.py:137} INFO - [2023-02-03T11:44:10.224+0000] {dag.py:3427} INFO - Setting next_dagrun for example_external_task_marker_parent to None, run_after=None
[2023-02-03T11:44:10.257+0000] {processor.py:175} INFO - Processing /home/airflow/.local/lib/python3.7/site-packages/airflow/example_dags/example_external_task_marker_dag.py took 0.221 seconds
[2023-02-03T11:44:41.222+0000] {processor.py:153} INFO - Started process (PID=200) to work on /home/airflow/.local/lib/python3.7/site-packages/airflow/example_dags/example_external_task_marker_dag.py
[2023-02-03T11:44:41.227+0000] {processor.py:743} INFO - Processing file /home/airflow/.local/lib/python3.7/site-packages/airflow/example_dags/example_external_task_marker_dag.py for tasks to queue
[2023-02-03T11:44:41.233+0000] {logging_mixin.py:137} INFO - [2023-02-03T11:44:41.232+0000] {dagbag.py:538} INFO - Filling up the DagBag from /home/airflow/.local/lib/python3.7/site-packages/airflow/example_dags/example_external_task_marker_dag.py
[2023-02-03T11:44:41.289+0000] {processor.py:753} INFO - DAG(s) dict_keys(['example_external_task_marker_parent', 'example_external_task_marker_child']) retrieved from /home/airflow/.local/lib/python3.7/site-packages/airflow/example_dags/example_external_task_marker_dag.py
[2023-02-03T11:44:41.429+0000] {logging_mixin.py:137} INFO - [2023-02-03T11:44:41.428+0000] {dag.py:2676} INFO - Sync 2 DAGs
[2023-02-03T11:44:41.561+0000] {logging_mixin.py:137} INFO - [2023-02-03T11:44:41.560+0000] {dag.py:3427} INFO - Setting next_dagrun for example_external_task_marker_child to None, run_after=None
[2023-02-03T11:44:41.573+0000] {logging_mixin.py:137} INFO - [2023-02-03T11:44:41.573+0000] {dag.py:3427} INFO - Setting next_dagrun for example_external_task_marker_parent to None, run_after=None
[2023-02-03T11:44:41.623+0000] {processor.py:175} INFO - Processing /home/airflow/.local/lib/python3.7/site-packages/airflow/example_dags/example_external_task_marker_dag.py took 0.415 seconds
[2023-02-03T11:45:11.784+0000] {processor.py:153} INFO - Started process (PID=265) to work on /home/airflow/.local/lib/python3.7/site-packages/airflow/example_dags/example_external_task_marker_dag.py
[2023-02-03T11:45:11.787+0000] {processor.py:743} INFO - Processing file /home/airflow/.local/lib/python3.7/site-packages/airflow/example_dags/example_external_task_marker_dag.py for tasks to queue
[2023-02-03T11:45:11.789+0000] {logging_mixin.py:137} INFO - [2023-02-03T11:45:11.789+0000] {dagbag.py:538} INFO - Filling up the DagBag from /home/airflow/.local/lib/python3.7/site-packages/airflow/example_dags/example_external_task_marker_dag.py
[2023-02-03T11:45:11.814+0000] {processor.py:753} INFO - DAG(s) dict_keys(['example_external_task_marker_child', 'example_external_task_marker_parent']) retrieved from /home/airflow/.local/lib/python3.7/site-packages/airflow/example_dags/example_external_task_marker_dag.py
[2023-02-03T11:45:11.907+0000] {logging_mixin.py:137} INFO - [2023-02-03T11:45:11.907+0000] {dag.py:2676} INFO - Sync 2 DAGs
[2023-02-03T11:45:12.110+0000] {logging_mixin.py:137} INFO - [2023-02-03T11:45:12.108+0000] {dag.py:3427} INFO - Setting next_dagrun for example_external_task_marker_child to None, run_after=None
[2023-02-03T11:45:12.132+0000] {logging_mixin.py:137} INFO - [2023-02-03T11:45:12.131+0000] {dag.py:3427} INFO - Setting next_dagrun for example_external_task_marker_parent to None, run_after=None
[2023-02-03T11:45:12.181+0000] {processor.py:175} INFO - Processing /home/airflow/.local/lib/python3.7/site-packages/airflow/example_dags/example_external_task_marker_dag.py took 0.405 seconds
[2023-02-03T11:45:42.778+0000] {processor.py:153} INFO - Started process (PID=330) to work on /home/airflow/.local/lib/python3.7/site-packages/airflow/example_dags/example_external_task_marker_dag.py
[2023-02-03T11:45:42.781+0000] {processor.py:743} INFO - Processing file /home/airflow/.local/lib/python3.7/site-packages/airflow/example_dags/example_external_task_marker_dag.py for tasks to queue
[2023-02-03T11:45:42.782+0000] {logging_mixin.py:137} INFO - [2023-02-03T11:45:42.782+0000] {dagbag.py:538} INFO - Filling up the DagBag from /home/airflow/.local/lib/python3.7/site-packages/airflow/example_dags/example_external_task_marker_dag.py
[2023-02-03T11:45:42.803+0000] {processor.py:753} INFO - DAG(s) dict_keys(['example_external_task_marker_parent', 'example_external_task_marker_child']) retrieved from /home/airflow/.local/lib/python3.7/site-packages/airflow/example_dags/example_external_task_marker_dag.py
[2023-02-03T11:45:42.878+0000] {logging_mixin.py:137} INFO - [2023-02-03T11:45:42.878+0000] {dag.py:2676} INFO - Sync 2 DAGs
[2023-02-03T11:45:42.931+0000] {logging_mixin.py:137} INFO - [2023-02-03T11:45:42.931+0000] {dag.py:3427} INFO - Setting next_dagrun for example_external_task_marker_child to None, run_after=None
[2023-02-03T11:45:42.940+0000] {logging_mixin.py:137} INFO - [2023-02-03T11:45:42.940+0000] {dag.py:3427} INFO - Setting next_dagrun for example_external_task_marker_parent to None, run_after=None
[2023-02-03T11:45:42.977+0000] {processor.py:175} INFO - Processing /home/airflow/.local/lib/python3.7/site-packages/airflow/example_dags/example_external_task_marker_dag.py took 0.204 seconds
[2023-02-03T11:46:13.600+0000] {processor.py:153} INFO - Started process (PID=393) to work on /home/airflow/.local/lib/python3.7/site-packages/airflow/example_dags/example_external_task_marker_dag.py
[2023-02-03T11:46:13.602+0000] {processor.py:743} INFO - Processing file /home/airflow/.local/lib/python3.7/site-packages/airflow/example_dags/example_external_task_marker_dag.py for tasks to queue
[2023-02-03T11:46:13.605+0000] {logging_mixin.py:137} INFO - [2023-02-03T11:46:13.605+0000] {dagbag.py:538} INFO - Filling up the DagBag from /home/airflow/.local/lib/python3.7/site-packages/airflow/example_dags/example_external_task_marker_dag.py
[2023-02-03T11:46:13.627+0000] {processor.py:753} INFO - DAG(s) dict_keys(['example_external_task_marker_child', 'example_external_task_marker_parent']) retrieved from /home/airflow/.local/lib/python3.7/site-packages/airflow/example_dags/example_external_task_marker_dag.py
[2023-02-03T11:46:13.704+0000] {logging_mixin.py:137} INFO - [2023-02-03T11:46:13.704+0000] {dag.py:2676} INFO - Sync 2 DAGs
[2023-02-03T11:46:13.757+0000] {logging_mixin.py:137} INFO - [2023-02-03T11:46:13.757+0000] {dag.py:3427} INFO - Setting next_dagrun for example_external_task_marker_child to None, run_after=None
[2023-02-03T11:46:13.763+0000] {logging_mixin.py:137} INFO - [2023-02-03T11:46:13.763+0000] {dag.py:3427} INFO - Setting next_dagrun for example_external_task_marker_parent to None, run_after=None
[2023-02-03T11:46:13.795+0000] {processor.py:175} INFO - Processing /home/airflow/.local/lib/python3.7/site-packages/airflow/example_dags/example_external_task_marker_dag.py took 0.201 seconds
[2023-02-03T11:46:44.228+0000] {processor.py:153} INFO - Started process (PID=468) to work on /home/airflow/.local/lib/python3.7/site-packages/airflow/example_dags/example_external_task_marker_dag.py
[2023-02-03T11:46:44.231+0000] {processor.py:743} INFO - Processing file /home/airflow/.local/lib/python3.7/site-packages/airflow/example_dags/example_external_task_marker_dag.py for tasks to queue
[2023-02-03T11:46:44.232+0000] {logging_mixin.py:137} INFO - [2023-02-03T11:46:44.232+0000] {dagbag.py:538} INFO - Filling up the DagBag from /home/airflow/.local/lib/python3.7/site-packages/airflow/example_dags/example_external_task_marker_dag.py
[2023-02-03T11:46:44.255+0000] {processor.py:753} INFO - DAG(s) dict_keys(['example_external_task_marker_child', 'example_external_task_marker_parent']) retrieved from /home/airflow/.local/lib/python3.7/site-packages/airflow/example_dags/example_external_task_marker_dag.py
[2023-02-03T11:46:44.346+0000] {logging_mixin.py:137} INFO - [2023-02-03T11:46:44.346+0000] {dag.py:2676} INFO - Sync 2 DAGs
[2023-02-03T11:46:44.425+0000] {logging_mixin.py:137} INFO - [2023-02-03T11:46:44.425+0000] {dag.py:3427} INFO - Setting next_dagrun for example_external_task_marker_child to None, run_after=None
[2023-02-03T11:46:44.434+0000] {logging_mixin.py:137} INFO - [2023-02-03T11:46:44.434+0000] {dag.py:3427} INFO - Setting next_dagrun for example_external_task_marker_parent to None, run_after=None
[2023-02-03T11:46:44.477+0000] {processor.py:175} INFO - Processing /home/airflow/.local/lib/python3.7/site-packages/airflow/example_dags/example_external_task_marker_dag.py took 0.254 seconds
[2023-02-03T11:47:15.350+0000] {processor.py:153} INFO - Started process (PID=530) to work on /home/airflow/.local/lib/python3.7/site-packages/airflow/example_dags/example_external_task_marker_dag.py
[2023-02-03T11:47:15.353+0000] {processor.py:743} INFO - Processing file /home/airflow/.local/lib/python3.7/site-packages/airflow/example_dags/example_external_task_marker_dag.py for tasks to queue
[2023-02-03T11:47:15.355+0000] {logging_mixin.py:137} INFO - [2023-02-03T11:47:15.354+0000] {dagbag.py:538} INFO - Filling up the DagBag from /home/airflow/.local/lib/python3.7/site-packages/airflow/example_dags/example_external_task_marker_dag.py
[2023-02-03T11:47:15.385+0000] {processor.py:753} INFO - DAG(s) dict_keys(['example_external_task_marker_parent', 'example_external_task_marker_child']) retrieved from /home/airflow/.local/lib/python3.7/site-packages/airflow/example_dags/example_external_task_marker_dag.py
[2023-02-03T11:47:15.476+0000] {logging_mixin.py:137} INFO - [2023-02-03T11:47:15.475+0000] {dag.py:2676} INFO - Sync 2 DAGs
[2023-02-03T11:47:15.537+0000] {logging_mixin.py:137} INFO - [2023-02-03T11:47:15.537+0000] {dag.py:3427} INFO - Setting next_dagrun for example_external_task_marker_child to None, run_after=None
[2023-02-03T11:47:15.546+0000] {logging_mixin.py:137} INFO - [2023-02-03T11:47:15.546+0000] {dag.py:3427} INFO - Setting next_dagrun for example_external_task_marker_parent to None, run_after=None
[2023-02-03T11:47:15.592+0000] {processor.py:175} INFO - Processing /home/airflow/.local/lib/python3.7/site-packages/airflow/example_dags/example_external_task_marker_dag.py took 0.247 seconds
[2023-02-03T11:47:46.367+0000] {processor.py:153} INFO - Started process (PID=597) to work on /home/airflow/.local/lib/python3.7/site-packages/airflow/example_dags/example_external_task_marker_dag.py
[2023-02-03T11:47:46.369+0000] {processor.py:743} INFO - Processing file /home/airflow/.local/lib/python3.7/site-packages/airflow/example_dags/example_external_task_marker_dag.py for tasks to queue
[2023-02-03T11:47:46.373+0000] {logging_mixin.py:137} INFO - [2023-02-03T11:47:46.372+0000] {dagbag.py:538} INFO - Filling up the DagBag from /home/airflow/.local/lib/python3.7/site-packages/airflow/example_dags/example_external_task_marker_dag.py
[2023-02-03T11:47:46.411+0000] {processor.py:753} INFO - DAG(s) dict_keys(['example_external_task_marker_child', 'example_external_task_marker_parent']) retrieved from /home/airflow/.local/lib/python3.7/site-packages/airflow/example_dags/example_external_task_marker_dag.py
[2023-02-03T11:47:46.564+0000] {logging_mixin.py:137} INFO - [2023-02-03T11:47:46.564+0000] {dag.py:2676} INFO - Sync 2 DAGs
[2023-02-03T11:47:46.684+0000] {logging_mixin.py:137} INFO - [2023-02-03T11:47:46.684+0000] {dag.py:3427} INFO - Setting next_dagrun for example_external_task_marker_child to None, run_after=None
[2023-02-03T11:47:46.700+0000] {logging_mixin.py:137} INFO - [2023-02-03T11:47:46.700+0000] {dag.py:3427} INFO - Setting next_dagrun for example_external_task_marker_parent to None, run_after=None
[2023-02-03T11:47:46.769+0000] {processor.py:175} INFO - Processing /home/airflow/.local/lib/python3.7/site-packages/airflow/example_dags/example_external_task_marker_dag.py took 0.409 seconds
[2023-02-03T11:48:17.703+0000] {processor.py:153} INFO - Started process (PID=665) to work on /home/airflow/.local/lib/python3.7/site-packages/airflow/example_dags/example_external_task_marker_dag.py
[2023-02-03T11:48:17.706+0000] {processor.py:743} INFO - Processing file /home/airflow/.local/lib/python3.7/site-packages/airflow/example_dags/example_external_task_marker_dag.py for tasks to queue
[2023-02-03T11:48:17.708+0000] {logging_mixin.py:137} INFO - [2023-02-03T11:48:17.708+0000] {dagbag.py:538} INFO - Filling up the DagBag from /home/airflow/.local/lib/python3.7/site-packages/airflow/example_dags/example_external_task_marker_dag.py
[2023-02-03T11:48:17.730+0000] {processor.py:753} INFO - DAG(s) dict_keys(['example_external_task_marker_child', 'example_external_task_marker_parent']) retrieved from /home/airflow/.local/lib/python3.7/site-packages/airflow/example_dags/example_external_task_marker_dag.py
[2023-02-03T11:48:17.825+0000] {logging_mixin.py:137} INFO - [2023-02-03T11:48:17.825+0000] {dag.py:2676} INFO - Sync 2 DAGs
[2023-02-03T11:48:17.902+0000] {logging_mixin.py:137} INFO - [2023-02-03T11:48:17.902+0000] {dag.py:3427} INFO - Setting next_dagrun for example_external_task_marker_child to None, run_after=None
[2023-02-03T11:48:17.914+0000] {logging_mixin.py:137} INFO - [2023-02-03T11:48:17.913+0000] {dag.py:3427} INFO - Setting next_dagrun for example_external_task_marker_parent to None, run_after=None
[2023-02-03T11:48:17.968+0000] {processor.py:175} INFO - Processing /home/airflow/.local/lib/python3.7/site-packages/airflow/example_dags/example_external_task_marker_dag.py took 0.271 seconds
[2023-02-03T11:48:48.360+0000] {processor.py:153} INFO - Started process (PID=727) to work on /home/airflow/.local/lib/python3.7/site-packages/airflow/example_dags/example_external_task_marker_dag.py
[2023-02-03T11:48:48.363+0000] {processor.py:743} INFO - Processing file /home/airflow/.local/lib/python3.7/site-packages/airflow/example_dags/example_external_task_marker_dag.py for tasks to queue
[2023-02-03T11:48:48.365+0000] {logging_mixin.py:137} INFO - [2023-02-03T11:48:48.365+0000] {dagbag.py:538} INFO - Filling up the DagBag from /home/airflow/.local/lib/python3.7/site-packages/airflow/example_dags/example_external_task_marker_dag.py
[2023-02-03T11:48:48.402+0000] {processor.py:753} INFO - DAG(s) dict_keys(['example_external_task_marker_parent', 'example_external_task_marker_child']) retrieved from /home/airflow/.local/lib/python3.7/site-packages/airflow/example_dags/example_external_task_marker_dag.py
[2023-02-03T11:48:48.505+0000] {logging_mixin.py:137} INFO - [2023-02-03T11:48:48.505+0000] {dag.py:2676} INFO - Sync 2 DAGs
[2023-02-03T11:48:48.585+0000] {logging_mixin.py:137} INFO - [2023-02-03T11:48:48.585+0000] {dag.py:3427} INFO - Setting next_dagrun for example_external_task_marker_child to None, run_after=None
[2023-02-03T11:48:48.596+0000] {logging_mixin.py:137} INFO - [2023-02-03T11:48:48.596+0000] {dag.py:3427} INFO - Setting next_dagrun for example_external_task_marker_parent to None, run_after=None
[2023-02-03T11:48:48.657+0000] {processor.py:175} INFO - Processing /home/airflow/.local/lib/python3.7/site-packages/airflow/example_dags/example_external_task_marker_dag.py took 0.303 seconds
[2023-02-03T11:49:19.180+0000] {processor.py:153} INFO - Started process (PID=789) to work on /home/airflow/.local/lib/python3.7/site-packages/airflow/example_dags/example_external_task_marker_dag.py
[2023-02-03T11:49:19.183+0000] {processor.py:743} INFO - Processing file /home/airflow/.local/lib/python3.7/site-packages/airflow/example_dags/example_external_task_marker_dag.py for tasks to queue
[2023-02-03T11:49:19.186+0000] {logging_mixin.py:137} INFO - [2023-02-03T11:49:19.186+0000] {dagbag.py:538} INFO - Filling up the DagBag from /home/airflow/.local/lib/python3.7/site-packages/airflow/example_dags/example_external_task_marker_dag.py
[2023-02-03T11:49:19.232+0000] {processor.py:753} INFO - DAG(s) dict_keys(['example_external_task_marker_parent', 'example_external_task_marker_child']) retrieved from /home/airflow/.local/lib/python3.7/site-packages/airflow/example_dags/example_external_task_marker_dag.py
[2023-02-03T11:49:19.362+0000] {logging_mixin.py:137} INFO - [2023-02-03T11:49:19.362+0000] {dag.py:2676} INFO - Sync 2 DAGs
[2023-02-03T11:49:19.435+0000] {logging_mixin.py:137} INFO - [2023-02-03T11:49:19.434+0000] {dag.py:3427} INFO - Setting next_dagrun for example_external_task_marker_child to None, run_after=None
[2023-02-03T11:49:19.451+0000] {logging_mixin.py:137} INFO - [2023-02-03T11:49:19.450+0000] {dag.py:3427} INFO - Setting next_dagrun for example_external_task_marker_parent to None, run_after=None
[2023-02-03T11:49:19.522+0000] {processor.py:175} INFO - Processing /home/airflow/.local/lib/python3.7/site-packages/airflow/example_dags/example_external_task_marker_dag.py took 0.349 seconds
[2023-02-03T11:49:49.912+0000] {processor.py:153} INFO - Started process (PID=862) to work on /home/airflow/.local/lib/python3.7/site-packages/airflow/example_dags/example_external_task_marker_dag.py
[2023-02-03T11:49:49.915+0000] {processor.py:743} INFO - Processing file /home/airflow/.local/lib/python3.7/site-packages/airflow/example_dags/example_external_task_marker_dag.py for tasks to queue
[2023-02-03T11:49:49.919+0000] {logging_mixin.py:137} INFO - [2023-02-03T11:49:49.918+0000] {dagbag.py:538} INFO - Filling up the DagBag from /home/airflow/.local/lib/python3.7/site-packages/airflow/example_dags/example_external_task_marker_dag.py
[2023-02-03T11:49:50.064+0000] {processor.py:753} INFO - DAG(s) dict_keys(['example_external_task_marker_parent', 'example_external_task_marker_child']) retrieved from /home/airflow/.local/lib/python3.7/site-packages/airflow/example_dags/example_external_task_marker_dag.py
[2023-02-03T11:49:50.290+0000] {logging_mixin.py:137} INFO - [2023-02-03T11:49:50.290+0000] {dag.py:2676} INFO - Sync 2 DAGs
[2023-02-03T11:49:50.370+0000] {logging_mixin.py:137} INFO - [2023-02-03T11:49:50.370+0000] {dag.py:3427} INFO - Setting next_dagrun for example_external_task_marker_child to None, run_after=None
[2023-02-03T11:49:50.380+0000] {logging_mixin.py:137} INFO - [2023-02-03T11:49:50.380+0000] {dag.py:3427} INFO - Setting next_dagrun for example_external_task_marker_parent to None, run_after=None
[2023-02-03T11:49:50.430+0000] {processor.py:175} INFO - Processing /home/airflow/.local/lib/python3.7/site-packages/airflow/example_dags/example_external_task_marker_dag.py took 0.536 seconds
[2023-02-03T11:50:21.130+0000] {processor.py:153} INFO - Started process (PID=924) to work on /home/airflow/.local/lib/python3.7/site-packages/airflow/example_dags/example_external_task_marker_dag.py
[2023-02-03T11:50:21.133+0000] {processor.py:743} INFO - Processing file /home/airflow/.local/lib/python3.7/site-packages/airflow/example_dags/example_external_task_marker_dag.py for tasks to queue
[2023-02-03T11:50:21.135+0000] {logging_mixin.py:137} INFO - [2023-02-03T11:50:21.135+0000] {dagbag.py:538} INFO - Filling up the DagBag from /home/airflow/.local/lib/python3.7/site-packages/airflow/example_dags/example_external_task_marker_dag.py
[2023-02-03T11:50:21.160+0000] {processor.py:753} INFO - DAG(s) dict_keys(['example_external_task_marker_parent', 'example_external_task_marker_child']) retrieved from /home/airflow/.local/lib/python3.7/site-packages/airflow/example_dags/example_external_task_marker_dag.py
[2023-02-03T11:50:21.243+0000] {logging_mixin.py:137} INFO - [2023-02-03T11:50:21.243+0000] {dag.py:2676} INFO - Sync 2 DAGs
[2023-02-03T11:50:21.305+0000] {logging_mixin.py:137} INFO - [2023-02-03T11:50:21.305+0000] {dag.py:3427} INFO - Setting next_dagrun for example_external_task_marker_child to None, run_after=None
[2023-02-03T11:50:21.313+0000] {logging_mixin.py:137} INFO - [2023-02-03T11:50:21.313+0000] {dag.py:3427} INFO - Setting next_dagrun for example_external_task_marker_parent to None, run_after=None
[2023-02-03T11:50:21.350+0000] {processor.py:175} INFO - Processing /home/airflow/.local/lib/python3.7/site-packages/airflow/example_dags/example_external_task_marker_dag.py took 0.228 seconds
[2023-02-03T11:50:51.958+0000] {processor.py:153} INFO - Started process (PID=986) to work on /home/airflow/.local/lib/python3.7/site-packages/airflow/example_dags/example_external_task_marker_dag.py
[2023-02-03T11:50:51.961+0000] {processor.py:743} INFO - Processing file /home/airflow/.local/lib/python3.7/site-packages/airflow/example_dags/example_external_task_marker_dag.py for tasks to queue
[2023-02-03T11:50:51.963+0000] {logging_mixin.py:137} INFO - [2023-02-03T11:50:51.963+0000] {dagbag.py:538} INFO - Filling up the DagBag from /home/airflow/.local/lib/python3.7/site-packages/airflow/example_dags/example_external_task_marker_dag.py
[2023-02-03T11:50:51.993+0000] {processor.py:753} INFO - DAG(s) dict_keys(['example_external_task_marker_child', 'example_external_task_marker_parent']) retrieved from /home/airflow/.local/lib/python3.7/site-packages/airflow/example_dags/example_external_task_marker_dag.py
[2023-02-03T11:50:52.111+0000] {logging_mixin.py:137} INFO - [2023-02-03T11:50:52.110+0000] {dag.py:2676} INFO - Sync 2 DAGs
[2023-02-03T11:50:52.180+0000] {logging_mixin.py:137} INFO - [2023-02-03T11:50:52.180+0000] {dag.py:3427} INFO - Setting next_dagrun for example_external_task_marker_child to None, run_after=None
[2023-02-03T11:50:52.194+0000] {logging_mixin.py:137} INFO - [2023-02-03T11:50:52.193+0000] {dag.py:3427} INFO - Setting next_dagrun for example_external_task_marker_parent to None, run_after=None
[2023-02-03T11:50:52.249+0000] {processor.py:175} INFO - Processing /home/airflow/.local/lib/python3.7/site-packages/airflow/example_dags/example_external_task_marker_dag.py took 0.296 seconds
[2023-02-03T11:55:34.217+0000] {processor.py:153} INFO - Started process (PID=76) to work on /home/airflow/.local/lib/python3.7/site-packages/airflow/example_dags/example_external_task_marker_dag.py
[2023-02-03T11:55:34.227+0000] {processor.py:743} INFO - Processing file /home/airflow/.local/lib/python3.7/site-packages/airflow/example_dags/example_external_task_marker_dag.py for tasks to queue
[2023-02-03T11:55:34.235+0000] {logging_mixin.py:137} INFO - [2023-02-03T11:55:34.229+0000] {dagbag.py:538} INFO - Filling up the DagBag from /home/airflow/.local/lib/python3.7/site-packages/airflow/example_dags/example_external_task_marker_dag.py
[2023-02-03T11:55:34.369+0000] {processor.py:753} INFO - DAG(s) dict_keys(['example_external_task_marker_parent', 'example_external_task_marker_child']) retrieved from /home/airflow/.local/lib/python3.7/site-packages/airflow/example_dags/example_external_task_marker_dag.py
[2023-02-03T11:55:34.907+0000] {logging_mixin.py:137} INFO - [2023-02-03T11:55:34.907+0000] {dag.py:2676} INFO - Sync 2 DAGs
[2023-02-03T11:55:34.989+0000] {logging_mixin.py:137} INFO - [2023-02-03T11:55:34.989+0000] {dag.py:3427} INFO - Setting next_dagrun for example_external_task_marker_child to None, run_after=None
[2023-02-03T11:55:35.000+0000] {logging_mixin.py:137} INFO - [2023-02-03T11:55:35.000+0000] {dag.py:3427} INFO - Setting next_dagrun for example_external_task_marker_parent to None, run_after=None
[2023-02-03T11:55:35.092+0000] {processor.py:175} INFO - Processing /home/airflow/.local/lib/python3.7/site-packages/airflow/example_dags/example_external_task_marker_dag.py took 0.908 seconds
[2023-02-03T11:56:05.673+0000] {processor.py:153} INFO - Started process (PID=135) to work on /home/airflow/.local/lib/python3.7/site-packages/airflow/example_dags/example_external_task_marker_dag.py
[2023-02-03T11:56:05.679+0000] {processor.py:743} INFO - Processing file /home/airflow/.local/lib/python3.7/site-packages/airflow/example_dags/example_external_task_marker_dag.py for tasks to queue
[2023-02-03T11:56:05.683+0000] {logging_mixin.py:137} INFO - [2023-02-03T11:56:05.682+0000] {dagbag.py:538} INFO - Filling up the DagBag from /home/airflow/.local/lib/python3.7/site-packages/airflow/example_dags/example_external_task_marker_dag.py
[2023-02-03T11:56:05.815+0000] {processor.py:753} INFO - DAG(s) dict_keys(['example_external_task_marker_parent', 'example_external_task_marker_child']) retrieved from /home/airflow/.local/lib/python3.7/site-packages/airflow/example_dags/example_external_task_marker_dag.py
[2023-02-03T11:56:07.058+0000] {logging_mixin.py:137} INFO - [2023-02-03T11:56:07.058+0000] {dag.py:2676} INFO - Sync 2 DAGs
[2023-02-03T11:56:07.619+0000] {logging_mixin.py:137} INFO - [2023-02-03T11:56:07.619+0000] {dag.py:3427} INFO - Setting next_dagrun for example_external_task_marker_child to None, run_after=None
[2023-02-03T11:56:07.654+0000] {logging_mixin.py:137} INFO - [2023-02-03T11:56:07.648+0000] {dag.py:3427} INFO - Setting next_dagrun for example_external_task_marker_parent to None, run_after=None
[2023-02-03T11:56:07.740+0000] {processor.py:175} INFO - Processing /home/airflow/.local/lib/python3.7/site-packages/airflow/example_dags/example_external_task_marker_dag.py took 2.084 seconds
[2023-02-03T11:56:38.262+0000] {processor.py:153} INFO - Started process (PID=199) to work on /home/airflow/.local/lib/python3.7/site-packages/airflow/example_dags/example_external_task_marker_dag.py
[2023-02-03T11:56:38.264+0000] {processor.py:743} INFO - Processing file /home/airflow/.local/lib/python3.7/site-packages/airflow/example_dags/example_external_task_marker_dag.py for tasks to queue
[2023-02-03T11:56:38.266+0000] {logging_mixin.py:137} INFO - [2023-02-03T11:56:38.266+0000] {dagbag.py:538} INFO - Filling up the DagBag from /home/airflow/.local/lib/python3.7/site-packages/airflow/example_dags/example_external_task_marker_dag.py
[2023-02-03T11:56:38.291+0000] {processor.py:753} INFO - DAG(s) dict_keys(['example_external_task_marker_parent', 'example_external_task_marker_child']) retrieved from /home/airflow/.local/lib/python3.7/site-packages/airflow/example_dags/example_external_task_marker_dag.py
[2023-02-03T11:56:38.451+0000] {logging_mixin.py:137} INFO - [2023-02-03T11:56:38.451+0000] {dag.py:2676} INFO - Sync 2 DAGs
[2023-02-03T11:56:38.529+0000] {logging_mixin.py:137} INFO - [2023-02-03T11:56:38.528+0000] {dag.py:3427} INFO - Setting next_dagrun for example_external_task_marker_child to None, run_after=None
[2023-02-03T11:56:38.538+0000] {logging_mixin.py:137} INFO - [2023-02-03T11:56:38.538+0000] {dag.py:3427} INFO - Setting next_dagrun for example_external_task_marker_parent to None, run_after=None
[2023-02-03T11:56:38.599+0000] {processor.py:175} INFO - Processing /home/airflow/.local/lib/python3.7/site-packages/airflow/example_dags/example_external_task_marker_dag.py took 0.345 seconds
[2023-02-03T11:57:09.323+0000] {processor.py:153} INFO - Started process (PID=265) to work on /home/airflow/.local/lib/python3.7/site-packages/airflow/example_dags/example_external_task_marker_dag.py
[2023-02-03T11:57:09.325+0000] {processor.py:743} INFO - Processing file /home/airflow/.local/lib/python3.7/site-packages/airflow/example_dags/example_external_task_marker_dag.py for tasks to queue
[2023-02-03T11:57:09.327+0000] {logging_mixin.py:137} INFO - [2023-02-03T11:57:09.327+0000] {dagbag.py:538} INFO - Filling up the DagBag from /home/airflow/.local/lib/python3.7/site-packages/airflow/example_dags/example_external_task_marker_dag.py
[2023-02-03T11:57:09.349+0000] {processor.py:753} INFO - DAG(s) dict_keys(['example_external_task_marker_parent', 'example_external_task_marker_child']) retrieved from /home/airflow/.local/lib/python3.7/site-packages/airflow/example_dags/example_external_task_marker_dag.py
[2023-02-03T11:57:09.419+0000] {logging_mixin.py:137} INFO - [2023-02-03T11:57:09.419+0000] {dag.py:2676} INFO - Sync 2 DAGs
[2023-02-03T11:57:09.487+0000] {logging_mixin.py:137} INFO - [2023-02-03T11:57:09.487+0000] {dag.py:3427} INFO - Setting next_dagrun for example_external_task_marker_child to None, run_after=None
[2023-02-03T11:57:09.496+0000] {logging_mixin.py:137} INFO - [2023-02-03T11:57:09.496+0000] {dag.py:3427} INFO - Setting next_dagrun for example_external_task_marker_parent to None, run_after=None
[2023-02-03T11:57:09.538+0000] {processor.py:175} INFO - Processing /home/airflow/.local/lib/python3.7/site-packages/airflow/example_dags/example_external_task_marker_dag.py took 0.219 seconds
[2023-02-03T11:57:39.939+0000] {processor.py:153} INFO - Started process (PID=327) to work on /home/airflow/.local/lib/python3.7/site-packages/airflow/example_dags/example_external_task_marker_dag.py
[2023-02-03T11:57:39.948+0000] {processor.py:743} INFO - Processing file /home/airflow/.local/lib/python3.7/site-packages/airflow/example_dags/example_external_task_marker_dag.py for tasks to queue
[2023-02-03T11:57:39.951+0000] {logging_mixin.py:137} INFO - [2023-02-03T11:57:39.951+0000] {dagbag.py:538} INFO - Filling up the DagBag from /home/airflow/.local/lib/python3.7/site-packages/airflow/example_dags/example_external_task_marker_dag.py
[2023-02-03T11:57:39.987+0000] {processor.py:753} INFO - DAG(s) dict_keys(['example_external_task_marker_parent', 'example_external_task_marker_child']) retrieved from /home/airflow/.local/lib/python3.7/site-packages/airflow/example_dags/example_external_task_marker_dag.py
[2023-02-03T11:57:40.162+0000] {logging_mixin.py:137} INFO - [2023-02-03T11:57:40.162+0000] {dag.py:2676} INFO - Sync 2 DAGs
[2023-02-03T11:57:40.245+0000] {logging_mixin.py:137} INFO - [2023-02-03T11:57:40.245+0000] {dag.py:3427} INFO - Setting next_dagrun for example_external_task_marker_child to None, run_after=None
[2023-02-03T11:57:40.255+0000] {logging_mixin.py:137} INFO - [2023-02-03T11:57:40.255+0000] {dag.py:3427} INFO - Setting next_dagrun for example_external_task_marker_parent to None, run_after=None
[2023-02-03T11:57:40.303+0000] {processor.py:175} INFO - Processing /home/airflow/.local/lib/python3.7/site-packages/airflow/example_dags/example_external_task_marker_dag.py took 0.382 seconds
