[2023-02-03T11:40:00.442+0000] {processor.py:153} INFO - Started process (PID=88) to work on /home/airflow/.local/lib/python3.7/site-packages/airflow/example_dags/example_datasets.py
[2023-02-03T11:40:00.457+0000] {processor.py:743} INFO - Processing file /home/airflow/.local/lib/python3.7/site-packages/airflow/example_dags/example_datasets.py for tasks to queue
[2023-02-03T11:40:00.460+0000] {logging_mixin.py:137} INFO - [2023-02-03T11:40:00.459+0000] {dagbag.py:538} INFO - Filling up the DagBag from /home/airflow/.local/lib/python3.7/site-packages/airflow/example_dags/example_datasets.py
[2023-02-03T11:40:00.596+0000] {processor.py:753} INFO - DAG(s) dict_keys(['dataset_consumes_unknown_never_scheduled', 'dataset_consumes_1_and_2', 'dataset_consumes_1', 'dataset_produces_1', 'dataset_produces_2', 'dataset_consumes_1_never_scheduled']) retrieved from /home/airflow/.local/lib/python3.7/site-packages/airflow/example_dags/example_datasets.py
[2023-02-03T11:40:01.346+0000] {logging_mixin.py:137} INFO - [2023-02-03T11:40:01.346+0000] {dag.py:2676} INFO - Sync 6 DAGs
[2023-02-03T11:40:01.440+0000] {logging_mixin.py:137} INFO - [2023-02-03T11:40:01.439+0000] {dag.py:3427} INFO - Setting next_dagrun for dataset_consumes_1 to None, run_after=None
[2023-02-03T11:40:01.461+0000] {logging_mixin.py:137} INFO - [2023-02-03T11:40:01.461+0000] {dag.py:3427} INFO - Setting next_dagrun for dataset_consumes_1_and_2 to None, run_after=None
[2023-02-03T11:40:01.465+0000] {logging_mixin.py:137} INFO - [2023-02-03T11:40:01.465+0000] {dag.py:3427} INFO - Setting next_dagrun for dataset_consumes_1_never_scheduled to None, run_after=None
[2023-02-03T11:40:01.470+0000] {logging_mixin.py:137} INFO - [2023-02-03T11:40:01.470+0000] {dag.py:3427} INFO - Setting next_dagrun for dataset_consumes_unknown_never_scheduled to None, run_after=None
[2023-02-03T11:40:01.482+0000] {logging_mixin.py:137} INFO - [2023-02-03T11:40:01.482+0000] {dag.py:3427} INFO - Setting next_dagrun for dataset_produces_1 to 2023-02-02T00:00:00+00:00, run_after=2023-02-03T00:00:00+00:00
[2023-02-03T11:40:01.508+0000] {logging_mixin.py:137} INFO - [2023-02-03T11:40:01.508+0000] {dag.py:3427} INFO - Setting next_dagrun for dataset_produces_2 to None, run_after=None
[2023-02-03T11:40:01.785+0000] {processor.py:175} INFO - Processing /home/airflow/.local/lib/python3.7/site-packages/airflow/example_dags/example_datasets.py took 1.394 seconds
[2023-02-03T11:40:32.383+0000] {processor.py:153} INFO - Started process (PID=151) to work on /home/airflow/.local/lib/python3.7/site-packages/airflow/example_dags/example_datasets.py
[2023-02-03T11:40:32.387+0000] {processor.py:743} INFO - Processing file /home/airflow/.local/lib/python3.7/site-packages/airflow/example_dags/example_datasets.py for tasks to queue
[2023-02-03T11:40:32.390+0000] {logging_mixin.py:137} INFO - [2023-02-03T11:40:32.389+0000] {dagbag.py:538} INFO - Filling up the DagBag from /home/airflow/.local/lib/python3.7/site-packages/airflow/example_dags/example_datasets.py
[2023-02-03T11:40:32.421+0000] {processor.py:753} INFO - DAG(s) dict_keys(['dataset_consumes_1', 'dataset_consumes_1_never_scheduled', 'dataset_produces_2', 'dataset_consumes_1_and_2', 'dataset_consumes_unknown_never_scheduled', 'dataset_produces_1']) retrieved from /home/airflow/.local/lib/python3.7/site-packages/airflow/example_dags/example_datasets.py
[2023-02-03T11:40:32.532+0000] {logging_mixin.py:137} INFO - [2023-02-03T11:40:32.532+0000] {dag.py:2676} INFO - Sync 6 DAGs
[2023-02-03T11:40:32.596+0000] {logging_mixin.py:137} INFO - [2023-02-03T11:40:32.595+0000] {dag.py:3427} INFO - Setting next_dagrun for dataset_consumes_1 to None, run_after=None
[2023-02-03T11:40:32.607+0000] {logging_mixin.py:137} INFO - [2023-02-03T11:40:32.607+0000] {dag.py:3427} INFO - Setting next_dagrun for dataset_consumes_1_and_2 to None, run_after=None
[2023-02-03T11:40:32.613+0000] {logging_mixin.py:137} INFO - [2023-02-03T11:40:32.612+0000] {dag.py:3427} INFO - Setting next_dagrun for dataset_consumes_1_never_scheduled to None, run_after=None
[2023-02-03T11:40:32.616+0000] {logging_mixin.py:137} INFO - [2023-02-03T11:40:32.616+0000] {dag.py:3427} INFO - Setting next_dagrun for dataset_consumes_unknown_never_scheduled to None, run_after=None
[2023-02-03T11:40:32.625+0000] {logging_mixin.py:137} INFO - [2023-02-03T11:40:32.624+0000] {dag.py:3427} INFO - Setting next_dagrun for dataset_produces_1 to 2023-02-02T00:00:00+00:00, run_after=2023-02-03T00:00:00+00:00
[2023-02-03T11:40:32.629+0000] {logging_mixin.py:137} INFO - [2023-02-03T11:40:32.628+0000] {dag.py:3427} INFO - Setting next_dagrun for dataset_produces_2 to None, run_after=None
[2023-02-03T11:40:32.710+0000] {processor.py:175} INFO - Processing /home/airflow/.local/lib/python3.7/site-packages/airflow/example_dags/example_datasets.py took 0.334 seconds
[2023-02-03T11:41:02.957+0000] {processor.py:153} INFO - Started process (PID=213) to work on /home/airflow/.local/lib/python3.7/site-packages/airflow/example_dags/example_datasets.py
[2023-02-03T11:41:02.960+0000] {processor.py:743} INFO - Processing file /home/airflow/.local/lib/python3.7/site-packages/airflow/example_dags/example_datasets.py for tasks to queue
[2023-02-03T11:41:02.961+0000] {logging_mixin.py:137} INFO - [2023-02-03T11:41:02.961+0000] {dagbag.py:538} INFO - Filling up the DagBag from /home/airflow/.local/lib/python3.7/site-packages/airflow/example_dags/example_datasets.py
[2023-02-03T11:41:02.986+0000] {processor.py:753} INFO - DAG(s) dict_keys(['dataset_consumes_unknown_never_scheduled', 'dataset_produces_1', 'dataset_consumes_1_and_2', 'dataset_produces_2', 'dataset_consumes_1', 'dataset_consumes_1_never_scheduled']) retrieved from /home/airflow/.local/lib/python3.7/site-packages/airflow/example_dags/example_datasets.py
[2023-02-03T11:41:03.088+0000] {logging_mixin.py:137} INFO - [2023-02-03T11:41:03.088+0000] {dag.py:2676} INFO - Sync 6 DAGs
[2023-02-03T11:41:03.161+0000] {logging_mixin.py:137} INFO - [2023-02-03T11:41:03.160+0000] {dag.py:3427} INFO - Setting next_dagrun for dataset_consumes_1 to None, run_after=None
[2023-02-03T11:41:03.177+0000] {logging_mixin.py:137} INFO - [2023-02-03T11:41:03.177+0000] {dag.py:3427} INFO - Setting next_dagrun for dataset_consumes_1_and_2 to None, run_after=None
[2023-02-03T11:41:03.182+0000] {logging_mixin.py:137} INFO - [2023-02-03T11:41:03.182+0000] {dag.py:3427} INFO - Setting next_dagrun for dataset_consumes_1_never_scheduled to None, run_after=None
[2023-02-03T11:41:03.190+0000] {logging_mixin.py:137} INFO - [2023-02-03T11:41:03.190+0000] {dag.py:3427} INFO - Setting next_dagrun for dataset_consumes_unknown_never_scheduled to None, run_after=None
[2023-02-03T11:41:03.202+0000] {logging_mixin.py:137} INFO - [2023-02-03T11:41:03.201+0000] {dag.py:3427} INFO - Setting next_dagrun for dataset_produces_1 to 2023-02-02T00:00:00+00:00, run_after=2023-02-03T00:00:00+00:00
[2023-02-03T11:41:03.208+0000] {logging_mixin.py:137} INFO - [2023-02-03T11:41:03.208+0000] {dag.py:3427} INFO - Setting next_dagrun for dataset_produces_2 to None, run_after=None
[2023-02-03T11:41:03.327+0000] {processor.py:175} INFO - Processing /home/airflow/.local/lib/python3.7/site-packages/airflow/example_dags/example_datasets.py took 0.375 seconds
[2023-02-03T11:41:33.984+0000] {processor.py:153} INFO - Started process (PID=275) to work on /home/airflow/.local/lib/python3.7/site-packages/airflow/example_dags/example_datasets.py
[2023-02-03T11:41:33.986+0000] {processor.py:743} INFO - Processing file /home/airflow/.local/lib/python3.7/site-packages/airflow/example_dags/example_datasets.py for tasks to queue
[2023-02-03T11:41:33.988+0000] {logging_mixin.py:137} INFO - [2023-02-03T11:41:33.987+0000] {dagbag.py:538} INFO - Filling up the DagBag from /home/airflow/.local/lib/python3.7/site-packages/airflow/example_dags/example_datasets.py
[2023-02-03T11:41:34.017+0000] {processor.py:753} INFO - DAG(s) dict_keys(['dataset_consumes_1', 'dataset_produces_1', 'dataset_produces_2', 'dataset_consumes_1_and_2', 'dataset_consumes_1_never_scheduled', 'dataset_consumes_unknown_never_scheduled']) retrieved from /home/airflow/.local/lib/python3.7/site-packages/airflow/example_dags/example_datasets.py
[2023-02-03T11:41:34.152+0000] {logging_mixin.py:137} INFO - [2023-02-03T11:41:34.152+0000] {dag.py:2676} INFO - Sync 6 DAGs
[2023-02-03T11:41:34.221+0000] {logging_mixin.py:137} INFO - [2023-02-03T11:41:34.221+0000] {dag.py:3427} INFO - Setting next_dagrun for dataset_consumes_1 to None, run_after=None
[2023-02-03T11:41:34.230+0000] {logging_mixin.py:137} INFO - [2023-02-03T11:41:34.230+0000] {dag.py:3427} INFO - Setting next_dagrun for dataset_consumes_1_and_2 to None, run_after=None
[2023-02-03T11:41:34.234+0000] {logging_mixin.py:137} INFO - [2023-02-03T11:41:34.233+0000] {dag.py:3427} INFO - Setting next_dagrun for dataset_consumes_1_never_scheduled to None, run_after=None
[2023-02-03T11:41:34.238+0000] {logging_mixin.py:137} INFO - [2023-02-03T11:41:34.238+0000] {dag.py:3427} INFO - Setting next_dagrun for dataset_consumes_unknown_never_scheduled to None, run_after=None
[2023-02-03T11:41:34.246+0000] {logging_mixin.py:137} INFO - [2023-02-03T11:41:34.245+0000] {dag.py:3427} INFO - Setting next_dagrun for dataset_produces_1 to 2023-02-02T00:00:00+00:00, run_after=2023-02-03T00:00:00+00:00
[2023-02-03T11:41:34.249+0000] {logging_mixin.py:137} INFO - [2023-02-03T11:41:34.248+0000] {dag.py:3427} INFO - Setting next_dagrun for dataset_produces_2 to None, run_after=None
[2023-02-03T11:41:34.338+0000] {processor.py:175} INFO - Processing /home/airflow/.local/lib/python3.7/site-packages/airflow/example_dags/example_datasets.py took 0.360 seconds
[2023-02-03T11:42:04.517+0000] {processor.py:153} INFO - Started process (PID=350) to work on /home/airflow/.local/lib/python3.7/site-packages/airflow/example_dags/example_datasets.py
[2023-02-03T11:42:04.519+0000] {processor.py:743} INFO - Processing file /home/airflow/.local/lib/python3.7/site-packages/airflow/example_dags/example_datasets.py for tasks to queue
[2023-02-03T11:42:04.520+0000] {logging_mixin.py:137} INFO - [2023-02-03T11:42:04.520+0000] {dagbag.py:538} INFO - Filling up the DagBag from /home/airflow/.local/lib/python3.7/site-packages/airflow/example_dags/example_datasets.py
[2023-02-03T11:42:04.551+0000] {processor.py:753} INFO - DAG(s) dict_keys(['dataset_consumes_unknown_never_scheduled', 'dataset_produces_1', 'dataset_consumes_1_and_2', 'dataset_consumes_1', 'dataset_produces_2', 'dataset_consumes_1_never_scheduled']) retrieved from /home/airflow/.local/lib/python3.7/site-packages/airflow/example_dags/example_datasets.py
[2023-02-03T11:42:04.668+0000] {logging_mixin.py:137} INFO - [2023-02-03T11:42:04.667+0000] {dag.py:2676} INFO - Sync 6 DAGs
[2023-02-03T11:42:04.728+0000] {logging_mixin.py:137} INFO - [2023-02-03T11:42:04.728+0000] {dag.py:3427} INFO - Setting next_dagrun for dataset_consumes_1 to None, run_after=None
[2023-02-03T11:42:04.736+0000] {logging_mixin.py:137} INFO - [2023-02-03T11:42:04.736+0000] {dag.py:3427} INFO - Setting next_dagrun for dataset_consumes_1_and_2 to None, run_after=None
[2023-02-03T11:42:04.739+0000] {logging_mixin.py:137} INFO - [2023-02-03T11:42:04.739+0000] {dag.py:3427} INFO - Setting next_dagrun for dataset_consumes_1_never_scheduled to None, run_after=None
[2023-02-03T11:42:04.742+0000] {logging_mixin.py:137} INFO - [2023-02-03T11:42:04.741+0000] {dag.py:3427} INFO - Setting next_dagrun for dataset_consumes_unknown_never_scheduled to None, run_after=None
[2023-02-03T11:42:04.747+0000] {logging_mixin.py:137} INFO - [2023-02-03T11:42:04.747+0000] {dag.py:3427} INFO - Setting next_dagrun for dataset_produces_1 to 2023-02-02T00:00:00+00:00, run_after=2023-02-03T00:00:00+00:00
[2023-02-03T11:42:04.750+0000] {logging_mixin.py:137} INFO - [2023-02-03T11:42:04.749+0000] {dag.py:3427} INFO - Setting next_dagrun for dataset_produces_2 to None, run_after=None
[2023-02-03T11:42:04.840+0000] {processor.py:175} INFO - Processing /home/airflow/.local/lib/python3.7/site-packages/airflow/example_dags/example_datasets.py took 0.329 seconds
[2023-02-03T11:43:41.444+0000] {processor.py:153} INFO - Started process (PID=84) to work on /home/airflow/.local/lib/python3.7/site-packages/airflow/example_dags/example_datasets.py
[2023-02-03T11:43:41.462+0000] {processor.py:743} INFO - Processing file /home/airflow/.local/lib/python3.7/site-packages/airflow/example_dags/example_datasets.py for tasks to queue
[2023-02-03T11:43:41.468+0000] {logging_mixin.py:137} INFO - [2023-02-03T11:43:41.468+0000] {dagbag.py:538} INFO - Filling up the DagBag from /home/airflow/.local/lib/python3.7/site-packages/airflow/example_dags/example_datasets.py
[2023-02-03T11:43:41.569+0000] {processor.py:753} INFO - DAG(s) dict_keys(['dataset_produces_1', 'dataset_consumes_1_never_scheduled', 'dataset_consumes_1', 'dataset_consumes_1_and_2', 'dataset_consumes_unknown_never_scheduled', 'dataset_produces_2']) retrieved from /home/airflow/.local/lib/python3.7/site-packages/airflow/example_dags/example_datasets.py
[2023-02-03T11:43:41.985+0000] {logging_mixin.py:137} INFO - [2023-02-03T11:43:41.985+0000] {dag.py:2676} INFO - Sync 6 DAGs
[2023-02-03T11:43:42.145+0000] {logging_mixin.py:137} INFO - [2023-02-03T11:43:42.144+0000] {dag.py:3427} INFO - Setting next_dagrun for dataset_consumes_1 to None, run_after=None
[2023-02-03T11:43:42.162+0000] {logging_mixin.py:137} INFO - [2023-02-03T11:43:42.161+0000] {dag.py:3427} INFO - Setting next_dagrun for dataset_consumes_1_and_2 to None, run_after=None
[2023-02-03T11:43:42.164+0000] {logging_mixin.py:137} INFO - [2023-02-03T11:43:42.164+0000] {dag.py:3427} INFO - Setting next_dagrun for dataset_consumes_1_never_scheduled to None, run_after=None
[2023-02-03T11:43:42.168+0000] {logging_mixin.py:137} INFO - [2023-02-03T11:43:42.168+0000] {dag.py:3427} INFO - Setting next_dagrun for dataset_consumes_unknown_never_scheduled to None, run_after=None
[2023-02-03T11:43:42.175+0000] {logging_mixin.py:137} INFO - [2023-02-03T11:43:42.175+0000] {dag.py:3427} INFO - Setting next_dagrun for dataset_produces_1 to 2023-02-02T00:00:00+00:00, run_after=2023-02-03T00:00:00+00:00
[2023-02-03T11:43:42.187+0000] {logging_mixin.py:137} INFO - [2023-02-03T11:43:42.186+0000] {dag.py:3427} INFO - Setting next_dagrun for dataset_produces_2 to None, run_after=None
[2023-02-03T11:43:42.306+0000] {processor.py:175} INFO - Processing /home/airflow/.local/lib/python3.7/site-packages/airflow/example_dags/example_datasets.py took 0.870 seconds
[2023-02-03T11:44:12.580+0000] {processor.py:153} INFO - Started process (PID=140) to work on /home/airflow/.local/lib/python3.7/site-packages/airflow/example_dags/example_datasets.py
[2023-02-03T11:44:12.582+0000] {processor.py:743} INFO - Processing file /home/airflow/.local/lib/python3.7/site-packages/airflow/example_dags/example_datasets.py for tasks to queue
[2023-02-03T11:44:12.584+0000] {logging_mixin.py:137} INFO - [2023-02-03T11:44:12.584+0000] {dagbag.py:538} INFO - Filling up the DagBag from /home/airflow/.local/lib/python3.7/site-packages/airflow/example_dags/example_datasets.py
[2023-02-03T11:44:12.613+0000] {processor.py:753} INFO - DAG(s) dict_keys(['dataset_produces_1', 'dataset_produces_2', 'dataset_consumes_1_never_scheduled', 'dataset_consumes_1_and_2', 'dataset_consumes_1', 'dataset_consumes_unknown_never_scheduled']) retrieved from /home/airflow/.local/lib/python3.7/site-packages/airflow/example_dags/example_datasets.py
[2023-02-03T11:44:12.718+0000] {logging_mixin.py:137} INFO - [2023-02-03T11:44:12.718+0000] {dag.py:2676} INFO - Sync 6 DAGs
[2023-02-03T11:44:12.783+0000] {logging_mixin.py:137} INFO - [2023-02-03T11:44:12.783+0000] {dag.py:3427} INFO - Setting next_dagrun for dataset_consumes_1 to None, run_after=None
[2023-02-03T11:44:12.791+0000] {logging_mixin.py:137} INFO - [2023-02-03T11:44:12.791+0000] {dag.py:3427} INFO - Setting next_dagrun for dataset_consumes_1_and_2 to None, run_after=None
[2023-02-03T11:44:12.795+0000] {logging_mixin.py:137} INFO - [2023-02-03T11:44:12.794+0000] {dag.py:3427} INFO - Setting next_dagrun for dataset_consumes_1_never_scheduled to None, run_after=None
[2023-02-03T11:44:12.798+0000] {logging_mixin.py:137} INFO - [2023-02-03T11:44:12.797+0000] {dag.py:3427} INFO - Setting next_dagrun for dataset_consumes_unknown_never_scheduled to None, run_after=None
[2023-02-03T11:44:12.805+0000] {logging_mixin.py:137} INFO - [2023-02-03T11:44:12.804+0000] {dag.py:3427} INFO - Setting next_dagrun for dataset_produces_1 to 2023-02-02T00:00:00+00:00, run_after=2023-02-03T00:00:00+00:00
[2023-02-03T11:44:12.808+0000] {logging_mixin.py:137} INFO - [2023-02-03T11:44:12.808+0000] {dag.py:3427} INFO - Setting next_dagrun for dataset_produces_2 to None, run_after=None
[2023-02-03T11:44:12.884+0000] {processor.py:175} INFO - Processing /home/airflow/.local/lib/python3.7/site-packages/airflow/example_dags/example_datasets.py took 0.310 seconds
[2023-02-03T11:44:43.935+0000] {processor.py:153} INFO - Started process (PID=215) to work on /home/airflow/.local/lib/python3.7/site-packages/airflow/example_dags/example_datasets.py
[2023-02-03T11:44:43.939+0000] {processor.py:743} INFO - Processing file /home/airflow/.local/lib/python3.7/site-packages/airflow/example_dags/example_datasets.py for tasks to queue
[2023-02-03T11:44:43.941+0000] {logging_mixin.py:137} INFO - [2023-02-03T11:44:43.941+0000] {dagbag.py:538} INFO - Filling up the DagBag from /home/airflow/.local/lib/python3.7/site-packages/airflow/example_dags/example_datasets.py
[2023-02-03T11:44:43.999+0000] {processor.py:753} INFO - DAG(s) dict_keys(['dataset_produces_2', 'dataset_consumes_unknown_never_scheduled', 'dataset_consumes_1', 'dataset_produces_1', 'dataset_consumes_1_never_scheduled', 'dataset_consumes_1_and_2']) retrieved from /home/airflow/.local/lib/python3.7/site-packages/airflow/example_dags/example_datasets.py
[2023-02-03T11:44:44.189+0000] {logging_mixin.py:137} INFO - [2023-02-03T11:44:44.188+0000] {dag.py:2676} INFO - Sync 6 DAGs
[2023-02-03T11:44:44.380+0000] {logging_mixin.py:137} INFO - [2023-02-03T11:44:44.380+0000] {dag.py:3427} INFO - Setting next_dagrun for dataset_consumes_1 to None, run_after=None
[2023-02-03T11:44:44.403+0000] {logging_mixin.py:137} INFO - [2023-02-03T11:44:44.402+0000] {dag.py:3427} INFO - Setting next_dagrun for dataset_consumes_1_and_2 to None, run_after=None
[2023-02-03T11:44:44.409+0000] {logging_mixin.py:137} INFO - [2023-02-03T11:44:44.408+0000] {dag.py:3427} INFO - Setting next_dagrun for dataset_consumes_1_never_scheduled to None, run_after=None
[2023-02-03T11:44:44.416+0000] {logging_mixin.py:137} INFO - [2023-02-03T11:44:44.414+0000] {dag.py:3427} INFO - Setting next_dagrun for dataset_consumes_unknown_never_scheduled to None, run_after=None
[2023-02-03T11:44:44.425+0000] {logging_mixin.py:137} INFO - [2023-02-03T11:44:44.424+0000] {dag.py:3427} INFO - Setting next_dagrun for dataset_produces_1 to 2023-02-02T00:00:00+00:00, run_after=2023-02-03T00:00:00+00:00
[2023-02-03T11:44:44.430+0000] {logging_mixin.py:137} INFO - [2023-02-03T11:44:44.430+0000] {dag.py:3427} INFO - Setting next_dagrun for dataset_produces_2 to None, run_after=None
[2023-02-03T11:44:44.558+0000] {processor.py:175} INFO - Processing /home/airflow/.local/lib/python3.7/site-packages/airflow/example_dags/example_datasets.py took 0.631 seconds
[2023-02-03T11:45:14.657+0000] {processor.py:153} INFO - Started process (PID=278) to work on /home/airflow/.local/lib/python3.7/site-packages/airflow/example_dags/example_datasets.py
[2023-02-03T11:45:14.660+0000] {processor.py:743} INFO - Processing file /home/airflow/.local/lib/python3.7/site-packages/airflow/example_dags/example_datasets.py for tasks to queue
[2023-02-03T11:45:14.662+0000] {logging_mixin.py:137} INFO - [2023-02-03T11:45:14.662+0000] {dagbag.py:538} INFO - Filling up the DagBag from /home/airflow/.local/lib/python3.7/site-packages/airflow/example_dags/example_datasets.py
[2023-02-03T11:45:14.699+0000] {processor.py:753} INFO - DAG(s) dict_keys(['dataset_produces_1', 'dataset_produces_2', 'dataset_consumes_unknown_never_scheduled', 'dataset_consumes_1', 'dataset_consumes_1_and_2', 'dataset_consumes_1_never_scheduled']) retrieved from /home/airflow/.local/lib/python3.7/site-packages/airflow/example_dags/example_datasets.py
[2023-02-03T11:45:14.849+0000] {logging_mixin.py:137} INFO - [2023-02-03T11:45:14.849+0000] {dag.py:2676} INFO - Sync 6 DAGs
[2023-02-03T11:45:14.931+0000] {logging_mixin.py:137} INFO - [2023-02-03T11:45:14.930+0000] {dag.py:3427} INFO - Setting next_dagrun for dataset_consumes_1 to None, run_after=None
[2023-02-03T11:45:14.941+0000] {logging_mixin.py:137} INFO - [2023-02-03T11:45:14.940+0000] {dag.py:3427} INFO - Setting next_dagrun for dataset_consumes_1_and_2 to None, run_after=None
[2023-02-03T11:45:14.944+0000] {logging_mixin.py:137} INFO - [2023-02-03T11:45:14.944+0000] {dag.py:3427} INFO - Setting next_dagrun for dataset_consumes_1_never_scheduled to None, run_after=None
[2023-02-03T11:45:14.947+0000] {logging_mixin.py:137} INFO - [2023-02-03T11:45:14.947+0000] {dag.py:3427} INFO - Setting next_dagrun for dataset_consumes_unknown_never_scheduled to None, run_after=None
[2023-02-03T11:45:14.954+0000] {logging_mixin.py:137} INFO - [2023-02-03T11:45:14.953+0000] {dag.py:3427} INFO - Setting next_dagrun for dataset_produces_1 to 2023-02-02T00:00:00+00:00, run_after=2023-02-03T00:00:00+00:00
[2023-02-03T11:45:14.957+0000] {logging_mixin.py:137} INFO - [2023-02-03T11:45:14.957+0000] {dag.py:3427} INFO - Setting next_dagrun for dataset_produces_2 to None, run_after=None
[2023-02-03T11:45:15.035+0000] {processor.py:175} INFO - Processing /home/airflow/.local/lib/python3.7/site-packages/airflow/example_dags/example_datasets.py took 0.388 seconds
[2023-02-03T11:45:45.675+0000] {processor.py:153} INFO - Started process (PID=340) to work on /home/airflow/.local/lib/python3.7/site-packages/airflow/example_dags/example_datasets.py
[2023-02-03T11:45:45.678+0000] {processor.py:743} INFO - Processing file /home/airflow/.local/lib/python3.7/site-packages/airflow/example_dags/example_datasets.py for tasks to queue
[2023-02-03T11:45:45.681+0000] {logging_mixin.py:137} INFO - [2023-02-03T11:45:45.681+0000] {dagbag.py:538} INFO - Filling up the DagBag from /home/airflow/.local/lib/python3.7/site-packages/airflow/example_dags/example_datasets.py
[2023-02-03T11:45:45.725+0000] {processor.py:753} INFO - DAG(s) dict_keys(['dataset_produces_1', 'dataset_consumes_1', 'dataset_consumes_1_and_2', 'dataset_consumes_unknown_never_scheduled', 'dataset_produces_2', 'dataset_consumes_1_never_scheduled']) retrieved from /home/airflow/.local/lib/python3.7/site-packages/airflow/example_dags/example_datasets.py
[2023-02-03T11:45:45.851+0000] {logging_mixin.py:137} INFO - [2023-02-03T11:45:45.851+0000] {dag.py:2676} INFO - Sync 6 DAGs
[2023-02-03T11:45:45.926+0000] {logging_mixin.py:137} INFO - [2023-02-03T11:45:45.926+0000] {dag.py:3427} INFO - Setting next_dagrun for dataset_consumes_1 to None, run_after=None
[2023-02-03T11:45:45.934+0000] {logging_mixin.py:137} INFO - [2023-02-03T11:45:45.934+0000] {dag.py:3427} INFO - Setting next_dagrun for dataset_consumes_1_and_2 to None, run_after=None
[2023-02-03T11:45:45.937+0000] {logging_mixin.py:137} INFO - [2023-02-03T11:45:45.937+0000] {dag.py:3427} INFO - Setting next_dagrun for dataset_consumes_1_never_scheduled to None, run_after=None
[2023-02-03T11:45:45.940+0000] {logging_mixin.py:137} INFO - [2023-02-03T11:45:45.940+0000] {dag.py:3427} INFO - Setting next_dagrun for dataset_consumes_unknown_never_scheduled to None, run_after=None
[2023-02-03T11:45:45.946+0000] {logging_mixin.py:137} INFO - [2023-02-03T11:45:45.946+0000] {dag.py:3427} INFO - Setting next_dagrun for dataset_produces_1 to 2023-02-02T00:00:00+00:00, run_after=2023-02-03T00:00:00+00:00
[2023-02-03T11:45:45.949+0000] {logging_mixin.py:137} INFO - [2023-02-03T11:45:45.949+0000] {dag.py:3427} INFO - Setting next_dagrun for dataset_produces_2 to None, run_after=None
[2023-02-03T11:45:46.041+0000] {processor.py:175} INFO - Processing /home/airflow/.local/lib/python3.7/site-packages/airflow/example_dags/example_datasets.py took 0.376 seconds
[2023-02-03T11:46:16.092+0000] {processor.py:153} INFO - Started process (PID=403) to work on /home/airflow/.local/lib/python3.7/site-packages/airflow/example_dags/example_datasets.py
[2023-02-03T11:46:16.095+0000] {processor.py:743} INFO - Processing file /home/airflow/.local/lib/python3.7/site-packages/airflow/example_dags/example_datasets.py for tasks to queue
[2023-02-03T11:46:16.098+0000] {logging_mixin.py:137} INFO - [2023-02-03T11:46:16.098+0000] {dagbag.py:538} INFO - Filling up the DagBag from /home/airflow/.local/lib/python3.7/site-packages/airflow/example_dags/example_datasets.py
[2023-02-03T11:46:16.140+0000] {processor.py:753} INFO - DAG(s) dict_keys(['dataset_produces_1', 'dataset_consumes_unknown_never_scheduled', 'dataset_consumes_1_and_2', 'dataset_produces_2', 'dataset_consumes_1_never_scheduled', 'dataset_consumes_1']) retrieved from /home/airflow/.local/lib/python3.7/site-packages/airflow/example_dags/example_datasets.py
[2023-02-03T11:46:16.255+0000] {logging_mixin.py:137} INFO - [2023-02-03T11:46:16.255+0000] {dag.py:2676} INFO - Sync 6 DAGs
[2023-02-03T11:46:16.330+0000] {logging_mixin.py:137} INFO - [2023-02-03T11:46:16.329+0000] {dag.py:3427} INFO - Setting next_dagrun for dataset_consumes_1 to None, run_after=None
[2023-02-03T11:46:16.338+0000] {logging_mixin.py:137} INFO - [2023-02-03T11:46:16.338+0000] {dag.py:3427} INFO - Setting next_dagrun for dataset_consumes_1_and_2 to None, run_after=None
[2023-02-03T11:46:16.340+0000] {logging_mixin.py:137} INFO - [2023-02-03T11:46:16.340+0000] {dag.py:3427} INFO - Setting next_dagrun for dataset_consumes_1_never_scheduled to None, run_after=None
[2023-02-03T11:46:16.343+0000] {logging_mixin.py:137} INFO - [2023-02-03T11:46:16.343+0000] {dag.py:3427} INFO - Setting next_dagrun for dataset_consumes_unknown_never_scheduled to None, run_after=None
[2023-02-03T11:46:16.347+0000] {logging_mixin.py:137} INFO - [2023-02-03T11:46:16.347+0000] {dag.py:3427} INFO - Setting next_dagrun for dataset_produces_1 to 2023-02-02T00:00:00+00:00, run_after=2023-02-03T00:00:00+00:00
[2023-02-03T11:46:16.350+0000] {logging_mixin.py:137} INFO - [2023-02-03T11:46:16.350+0000] {dag.py:3427} INFO - Setting next_dagrun for dataset_produces_2 to None, run_after=None
[2023-02-03T11:46:16.412+0000] {processor.py:175} INFO - Processing /home/airflow/.local/lib/python3.7/site-packages/airflow/example_dags/example_datasets.py took 0.328 seconds
[2023-02-03T11:46:46.840+0000] {processor.py:153} INFO - Started process (PID=478) to work on /home/airflow/.local/lib/python3.7/site-packages/airflow/example_dags/example_datasets.py
[2023-02-03T11:46:46.847+0000] {processor.py:743} INFO - Processing file /home/airflow/.local/lib/python3.7/site-packages/airflow/example_dags/example_datasets.py for tasks to queue
[2023-02-03T11:46:46.849+0000] {logging_mixin.py:137} INFO - [2023-02-03T11:46:46.849+0000] {dagbag.py:538} INFO - Filling up the DagBag from /home/airflow/.local/lib/python3.7/site-packages/airflow/example_dags/example_datasets.py
[2023-02-03T11:46:46.903+0000] {processor.py:753} INFO - DAG(s) dict_keys(['dataset_consumes_1', 'dataset_produces_2', 'dataset_produces_1', 'dataset_consumes_1_and_2', 'dataset_consumes_unknown_never_scheduled', 'dataset_consumes_1_never_scheduled']) retrieved from /home/airflow/.local/lib/python3.7/site-packages/airflow/example_dags/example_datasets.py
[2023-02-03T11:46:47.030+0000] {logging_mixin.py:137} INFO - [2023-02-03T11:46:47.030+0000] {dag.py:2676} INFO - Sync 6 DAGs
[2023-02-03T11:46:47.093+0000] {logging_mixin.py:137} INFO - [2023-02-03T11:46:47.093+0000] {dag.py:3427} INFO - Setting next_dagrun for dataset_consumes_1 to None, run_after=None
[2023-02-03T11:46:47.102+0000] {logging_mixin.py:137} INFO - [2023-02-03T11:46:47.101+0000] {dag.py:3427} INFO - Setting next_dagrun for dataset_consumes_1_and_2 to None, run_after=None
[2023-02-03T11:46:47.104+0000] {logging_mixin.py:137} INFO - [2023-02-03T11:46:47.104+0000] {dag.py:3427} INFO - Setting next_dagrun for dataset_consumes_1_never_scheduled to None, run_after=None
[2023-02-03T11:46:47.106+0000] {logging_mixin.py:137} INFO - [2023-02-03T11:46:47.106+0000] {dag.py:3427} INFO - Setting next_dagrun for dataset_consumes_unknown_never_scheduled to None, run_after=None
[2023-02-03T11:46:47.111+0000] {logging_mixin.py:137} INFO - [2023-02-03T11:46:47.110+0000] {dag.py:3427} INFO - Setting next_dagrun for dataset_produces_1 to 2023-02-02T00:00:00+00:00, run_after=2023-02-03T00:00:00+00:00
[2023-02-03T11:46:47.114+0000] {logging_mixin.py:137} INFO - [2023-02-03T11:46:47.113+0000] {dag.py:3427} INFO - Setting next_dagrun for dataset_produces_2 to None, run_after=None
[2023-02-03T11:46:47.187+0000] {processor.py:175} INFO - Processing /home/airflow/.local/lib/python3.7/site-packages/airflow/example_dags/example_datasets.py took 0.360 seconds
[2023-02-03T11:47:17.827+0000] {processor.py:153} INFO - Started process (PID=540) to work on /home/airflow/.local/lib/python3.7/site-packages/airflow/example_dags/example_datasets.py
[2023-02-03T11:47:17.829+0000] {processor.py:743} INFO - Processing file /home/airflow/.local/lib/python3.7/site-packages/airflow/example_dags/example_datasets.py for tasks to queue
[2023-02-03T11:47:17.831+0000] {logging_mixin.py:137} INFO - [2023-02-03T11:47:17.831+0000] {dagbag.py:538} INFO - Filling up the DagBag from /home/airflow/.local/lib/python3.7/site-packages/airflow/example_dags/example_datasets.py
[2023-02-03T11:47:17.861+0000] {processor.py:753} INFO - DAG(s) dict_keys(['dataset_produces_1', 'dataset_consumes_1_never_scheduled', 'dataset_produces_2', 'dataset_consumes_1_and_2', 'dataset_consumes_1', 'dataset_consumes_unknown_never_scheduled']) retrieved from /home/airflow/.local/lib/python3.7/site-packages/airflow/example_dags/example_datasets.py
[2023-02-03T11:47:17.995+0000] {logging_mixin.py:137} INFO - [2023-02-03T11:47:17.994+0000] {dag.py:2676} INFO - Sync 6 DAGs
[2023-02-03T11:47:18.061+0000] {logging_mixin.py:137} INFO - [2023-02-03T11:47:18.061+0000] {dag.py:3427} INFO - Setting next_dagrun for dataset_consumes_1 to None, run_after=None
[2023-02-03T11:47:18.072+0000] {logging_mixin.py:137} INFO - [2023-02-03T11:47:18.072+0000] {dag.py:3427} INFO - Setting next_dagrun for dataset_consumes_1_and_2 to None, run_after=None
[2023-02-03T11:47:18.074+0000] {logging_mixin.py:137} INFO - [2023-02-03T11:47:18.074+0000] {dag.py:3427} INFO - Setting next_dagrun for dataset_consumes_1_never_scheduled to None, run_after=None
[2023-02-03T11:47:18.078+0000] {logging_mixin.py:137} INFO - [2023-02-03T11:47:18.077+0000] {dag.py:3427} INFO - Setting next_dagrun for dataset_consumes_unknown_never_scheduled to None, run_after=None
[2023-02-03T11:47:18.083+0000] {logging_mixin.py:137} INFO - [2023-02-03T11:47:18.083+0000] {dag.py:3427} INFO - Setting next_dagrun for dataset_produces_1 to 2023-02-02T00:00:00+00:00, run_after=2023-02-03T00:00:00+00:00
[2023-02-03T11:47:18.086+0000] {logging_mixin.py:137} INFO - [2023-02-03T11:47:18.086+0000] {dag.py:3427} INFO - Setting next_dagrun for dataset_produces_2 to None, run_after=None
[2023-02-03T11:47:18.154+0000] {processor.py:175} INFO - Processing /home/airflow/.local/lib/python3.7/site-packages/airflow/example_dags/example_datasets.py took 0.334 seconds
[2023-02-03T11:47:48.813+0000] {processor.py:153} INFO - Started process (PID=610) to work on /home/airflow/.local/lib/python3.7/site-packages/airflow/example_dags/example_datasets.py
[2023-02-03T11:47:48.816+0000] {processor.py:743} INFO - Processing file /home/airflow/.local/lib/python3.7/site-packages/airflow/example_dags/example_datasets.py for tasks to queue
[2023-02-03T11:47:48.819+0000] {logging_mixin.py:137} INFO - [2023-02-03T11:47:48.819+0000] {dagbag.py:538} INFO - Filling up the DagBag from /home/airflow/.local/lib/python3.7/site-packages/airflow/example_dags/example_datasets.py
[2023-02-03T11:47:48.860+0000] {processor.py:753} INFO - DAG(s) dict_keys(['dataset_produces_1', 'dataset_consumes_1_never_scheduled', 'dataset_consumes_1', 'dataset_consumes_unknown_never_scheduled', 'dataset_consumes_1_and_2', 'dataset_produces_2']) retrieved from /home/airflow/.local/lib/python3.7/site-packages/airflow/example_dags/example_datasets.py
[2023-02-03T11:47:49.030+0000] {logging_mixin.py:137} INFO - [2023-02-03T11:47:49.030+0000] {dag.py:2676} INFO - Sync 6 DAGs
[2023-02-03T11:47:49.244+0000] {logging_mixin.py:137} INFO - [2023-02-03T11:47:49.244+0000] {dag.py:3427} INFO - Setting next_dagrun for dataset_consumes_1 to None, run_after=None
[2023-02-03T11:47:49.259+0000] {logging_mixin.py:137} INFO - [2023-02-03T11:47:49.258+0000] {dag.py:3427} INFO - Setting next_dagrun for dataset_consumes_1_and_2 to None, run_after=None
[2023-02-03T11:47:49.265+0000] {logging_mixin.py:137} INFO - [2023-02-03T11:47:49.265+0000] {dag.py:3427} INFO - Setting next_dagrun for dataset_consumes_1_never_scheduled to None, run_after=None
[2023-02-03T11:47:49.270+0000] {logging_mixin.py:137} INFO - [2023-02-03T11:47:49.270+0000] {dag.py:3427} INFO - Setting next_dagrun for dataset_consumes_unknown_never_scheduled to None, run_after=None
[2023-02-03T11:47:49.283+0000] {logging_mixin.py:137} INFO - [2023-02-03T11:47:49.283+0000] {dag.py:3427} INFO - Setting next_dagrun for dataset_produces_1 to 2023-02-02T00:00:00+00:00, run_after=2023-02-03T00:00:00+00:00
[2023-02-03T11:47:49.286+0000] {logging_mixin.py:137} INFO - [2023-02-03T11:47:49.286+0000] {dag.py:3427} INFO - Setting next_dagrun for dataset_produces_2 to None, run_after=None
[2023-02-03T11:47:49.420+0000] {processor.py:175} INFO - Processing /home/airflow/.local/lib/python3.7/site-packages/airflow/example_dags/example_datasets.py took 0.615 seconds
[2023-02-03T11:48:19.511+0000] {processor.py:153} INFO - Started process (PID=675) to work on /home/airflow/.local/lib/python3.7/site-packages/airflow/example_dags/example_datasets.py
[2023-02-03T11:48:19.513+0000] {processor.py:743} INFO - Processing file /home/airflow/.local/lib/python3.7/site-packages/airflow/example_dags/example_datasets.py for tasks to queue
[2023-02-03T11:48:19.515+0000] {logging_mixin.py:137} INFO - [2023-02-03T11:48:19.515+0000] {dagbag.py:538} INFO - Filling up the DagBag from /home/airflow/.local/lib/python3.7/site-packages/airflow/example_dags/example_datasets.py
[2023-02-03T11:48:19.552+0000] {processor.py:753} INFO - DAG(s) dict_keys(['dataset_consumes_1_never_scheduled', 'dataset_consumes_unknown_never_scheduled', 'dataset_consumes_1_and_2', 'dataset_consumes_1', 'dataset_produces_1', 'dataset_produces_2']) retrieved from /home/airflow/.local/lib/python3.7/site-packages/airflow/example_dags/example_datasets.py
[2023-02-03T11:48:19.683+0000] {logging_mixin.py:137} INFO - [2023-02-03T11:48:19.683+0000] {dag.py:2676} INFO - Sync 6 DAGs
[2023-02-03T11:48:19.768+0000] {logging_mixin.py:137} INFO - [2023-02-03T11:48:19.768+0000] {dag.py:3427} INFO - Setting next_dagrun for dataset_consumes_1 to None, run_after=None
[2023-02-03T11:48:19.778+0000] {logging_mixin.py:137} INFO - [2023-02-03T11:48:19.778+0000] {dag.py:3427} INFO - Setting next_dagrun for dataset_consumes_1_and_2 to None, run_after=None
[2023-02-03T11:48:19.782+0000] {logging_mixin.py:137} INFO - [2023-02-03T11:48:19.781+0000] {dag.py:3427} INFO - Setting next_dagrun for dataset_consumes_1_never_scheduled to None, run_after=None
[2023-02-03T11:48:19.785+0000] {logging_mixin.py:137} INFO - [2023-02-03T11:48:19.784+0000] {dag.py:3427} INFO - Setting next_dagrun for dataset_consumes_unknown_never_scheduled to None, run_after=None
[2023-02-03T11:48:19.792+0000] {logging_mixin.py:137} INFO - [2023-02-03T11:48:19.792+0000] {dag.py:3427} INFO - Setting next_dagrun for dataset_produces_1 to 2023-02-02T00:00:00+00:00, run_after=2023-02-03T00:00:00+00:00
[2023-02-03T11:48:19.795+0000] {logging_mixin.py:137} INFO - [2023-02-03T11:48:19.795+0000] {dag.py:3427} INFO - Setting next_dagrun for dataset_produces_2 to None, run_after=None
[2023-02-03T11:48:19.873+0000] {processor.py:175} INFO - Processing /home/airflow/.local/lib/python3.7/site-packages/airflow/example_dags/example_datasets.py took 0.369 seconds
[2023-02-03T11:48:50.276+0000] {processor.py:153} INFO - Started process (PID=737) to work on /home/airflow/.local/lib/python3.7/site-packages/airflow/example_dags/example_datasets.py
[2023-02-03T11:48:50.279+0000] {processor.py:743} INFO - Processing file /home/airflow/.local/lib/python3.7/site-packages/airflow/example_dags/example_datasets.py for tasks to queue
[2023-02-03T11:48:50.283+0000] {logging_mixin.py:137} INFO - [2023-02-03T11:48:50.282+0000] {dagbag.py:538} INFO - Filling up the DagBag from /home/airflow/.local/lib/python3.7/site-packages/airflow/example_dags/example_datasets.py
[2023-02-03T11:48:50.334+0000] {processor.py:753} INFO - DAG(s) dict_keys(['dataset_consumes_unknown_never_scheduled', 'dataset_produces_1', 'dataset_consumes_1_and_2', 'dataset_consumes_1_never_scheduled', 'dataset_consumes_1', 'dataset_produces_2']) retrieved from /home/airflow/.local/lib/python3.7/site-packages/airflow/example_dags/example_datasets.py
[2023-02-03T11:48:50.510+0000] {logging_mixin.py:137} INFO - [2023-02-03T11:48:50.510+0000] {dag.py:2676} INFO - Sync 6 DAGs
[2023-02-03T11:48:50.598+0000] {logging_mixin.py:137} INFO - [2023-02-03T11:48:50.598+0000] {dag.py:3427} INFO - Setting next_dagrun for dataset_consumes_1 to None, run_after=None
[2023-02-03T11:48:50.608+0000] {logging_mixin.py:137} INFO - [2023-02-03T11:48:50.608+0000] {dag.py:3427} INFO - Setting next_dagrun for dataset_consumes_1_and_2 to None, run_after=None
[2023-02-03T11:48:50.612+0000] {logging_mixin.py:137} INFO - [2023-02-03T11:48:50.612+0000] {dag.py:3427} INFO - Setting next_dagrun for dataset_consumes_1_never_scheduled to None, run_after=None
[2023-02-03T11:48:50.615+0000] {logging_mixin.py:137} INFO - [2023-02-03T11:48:50.615+0000] {dag.py:3427} INFO - Setting next_dagrun for dataset_consumes_unknown_never_scheduled to None, run_after=None
[2023-02-03T11:48:50.622+0000] {logging_mixin.py:137} INFO - [2023-02-03T11:48:50.622+0000] {dag.py:3427} INFO - Setting next_dagrun for dataset_produces_1 to 2023-02-02T00:00:00+00:00, run_after=2023-02-03T00:00:00+00:00
[2023-02-03T11:48:50.626+0000] {logging_mixin.py:137} INFO - [2023-02-03T11:48:50.626+0000] {dag.py:3427} INFO - Setting next_dagrun for dataset_produces_2 to None, run_after=None
[2023-02-03T11:48:50.721+0000] {processor.py:175} INFO - Processing /home/airflow/.local/lib/python3.7/site-packages/airflow/example_dags/example_datasets.py took 0.453 seconds
[2023-02-03T11:49:21.156+0000] {processor.py:153} INFO - Started process (PID=808) to work on /home/airflow/.local/lib/python3.7/site-packages/airflow/example_dags/example_datasets.py
[2023-02-03T11:49:21.159+0000] {processor.py:743} INFO - Processing file /home/airflow/.local/lib/python3.7/site-packages/airflow/example_dags/example_datasets.py for tasks to queue
[2023-02-03T11:49:21.161+0000] {logging_mixin.py:137} INFO - [2023-02-03T11:49:21.161+0000] {dagbag.py:538} INFO - Filling up the DagBag from /home/airflow/.local/lib/python3.7/site-packages/airflow/example_dags/example_datasets.py
[2023-02-03T11:49:21.193+0000] {processor.py:753} INFO - DAG(s) dict_keys(['dataset_produces_1', 'dataset_consumes_1_and_2', 'dataset_produces_2', 'dataset_consumes_1', 'dataset_consumes_unknown_never_scheduled', 'dataset_consumes_1_never_scheduled']) retrieved from /home/airflow/.local/lib/python3.7/site-packages/airflow/example_dags/example_datasets.py
[2023-02-03T11:49:21.307+0000] {logging_mixin.py:137} INFO - [2023-02-03T11:49:21.306+0000] {dag.py:2676} INFO - Sync 6 DAGs
[2023-02-03T11:49:21.376+0000] {logging_mixin.py:137} INFO - [2023-02-03T11:49:21.376+0000] {dag.py:3427} INFO - Setting next_dagrun for dataset_consumes_1 to None, run_after=None
[2023-02-03T11:49:21.387+0000] {logging_mixin.py:137} INFO - [2023-02-03T11:49:21.387+0000] {dag.py:3427} INFO - Setting next_dagrun for dataset_consumes_1_and_2 to None, run_after=None
[2023-02-03T11:49:21.391+0000] {logging_mixin.py:137} INFO - [2023-02-03T11:49:21.391+0000] {dag.py:3427} INFO - Setting next_dagrun for dataset_consumes_1_never_scheduled to None, run_after=None
[2023-02-03T11:49:21.394+0000] {logging_mixin.py:137} INFO - [2023-02-03T11:49:21.394+0000] {dag.py:3427} INFO - Setting next_dagrun for dataset_consumes_unknown_never_scheduled to None, run_after=None
[2023-02-03T11:49:21.404+0000] {logging_mixin.py:137} INFO - [2023-02-03T11:49:21.400+0000] {dag.py:3427} INFO - Setting next_dagrun for dataset_produces_1 to 2023-02-02T00:00:00+00:00, run_after=2023-02-03T00:00:00+00:00
[2023-02-03T11:49:21.410+0000] {logging_mixin.py:137} INFO - [2023-02-03T11:49:21.409+0000] {dag.py:3427} INFO - Setting next_dagrun for dataset_produces_2 to None, run_after=None
[2023-02-03T11:49:21.504+0000] {processor.py:175} INFO - Processing /home/airflow/.local/lib/python3.7/site-packages/airflow/example_dags/example_datasets.py took 0.360 seconds
[2023-02-03T11:49:52.988+0000] {processor.py:153} INFO - Started process (PID=872) to work on /home/airflow/.local/lib/python3.7/site-packages/airflow/example_dags/example_datasets.py
[2023-02-03T11:49:52.992+0000] {processor.py:743} INFO - Processing file /home/airflow/.local/lib/python3.7/site-packages/airflow/example_dags/example_datasets.py for tasks to queue
[2023-02-03T11:49:52.995+0000] {logging_mixin.py:137} INFO - [2023-02-03T11:49:52.995+0000] {dagbag.py:538} INFO - Filling up the DagBag from /home/airflow/.local/lib/python3.7/site-packages/airflow/example_dags/example_datasets.py
[2023-02-03T11:49:53.053+0000] {processor.py:753} INFO - DAG(s) dict_keys(['dataset_consumes_unknown_never_scheduled', 'dataset_consumes_1_never_scheduled', 'dataset_produces_1', 'dataset_consumes_1', 'dataset_produces_2', 'dataset_consumes_1_and_2']) retrieved from /home/airflow/.local/lib/python3.7/site-packages/airflow/example_dags/example_datasets.py
[2023-02-03T11:49:53.324+0000] {logging_mixin.py:137} INFO - [2023-02-03T11:49:53.323+0000] {dag.py:2676} INFO - Sync 6 DAGs
[2023-02-03T11:49:53.537+0000] {logging_mixin.py:137} INFO - [2023-02-03T11:49:53.537+0000] {dag.py:3427} INFO - Setting next_dagrun for dataset_consumes_1 to None, run_after=None
[2023-02-03T11:49:53.547+0000] {logging_mixin.py:137} INFO - [2023-02-03T11:49:53.547+0000] {dag.py:3427} INFO - Setting next_dagrun for dataset_consumes_1_and_2 to None, run_after=None
[2023-02-03T11:49:53.551+0000] {logging_mixin.py:137} INFO - [2023-02-03T11:49:53.551+0000] {dag.py:3427} INFO - Setting next_dagrun for dataset_consumes_1_never_scheduled to None, run_after=None
[2023-02-03T11:49:53.557+0000] {logging_mixin.py:137} INFO - [2023-02-03T11:49:53.557+0000] {dag.py:3427} INFO - Setting next_dagrun for dataset_consumes_unknown_never_scheduled to None, run_after=None
[2023-02-03T11:49:53.573+0000] {logging_mixin.py:137} INFO - [2023-02-03T11:49:53.573+0000] {dag.py:3427} INFO - Setting next_dagrun for dataset_produces_1 to 2023-02-02T00:00:00+00:00, run_after=2023-02-03T00:00:00+00:00
[2023-02-03T11:49:53.576+0000] {logging_mixin.py:137} INFO - [2023-02-03T11:49:53.576+0000] {dag.py:3427} INFO - Setting next_dagrun for dataset_produces_2 to None, run_after=None
[2023-02-03T11:49:53.730+0000] {processor.py:175} INFO - Processing /home/airflow/.local/lib/python3.7/site-packages/airflow/example_dags/example_datasets.py took 0.774 seconds
[2023-02-03T11:50:24.016+0000] {processor.py:153} INFO - Started process (PID=935) to work on /home/airflow/.local/lib/python3.7/site-packages/airflow/example_dags/example_datasets.py
[2023-02-03T11:50:24.018+0000] {processor.py:743} INFO - Processing file /home/airflow/.local/lib/python3.7/site-packages/airflow/example_dags/example_datasets.py for tasks to queue
[2023-02-03T11:50:24.020+0000] {logging_mixin.py:137} INFO - [2023-02-03T11:50:24.020+0000] {dagbag.py:538} INFO - Filling up the DagBag from /home/airflow/.local/lib/python3.7/site-packages/airflow/example_dags/example_datasets.py
[2023-02-03T11:50:24.082+0000] {processor.py:753} INFO - DAG(s) dict_keys(['dataset_produces_2', 'dataset_consumes_1', 'dataset_produces_1', 'dataset_consumes_unknown_never_scheduled', 'dataset_consumes_1_and_2', 'dataset_consumes_1_never_scheduled']) retrieved from /home/airflow/.local/lib/python3.7/site-packages/airflow/example_dags/example_datasets.py
[2023-02-03T11:50:24.233+0000] {logging_mixin.py:137} INFO - [2023-02-03T11:50:24.233+0000] {dag.py:2676} INFO - Sync 6 DAGs
[2023-02-03T11:50:24.307+0000] {logging_mixin.py:137} INFO - [2023-02-03T11:50:24.307+0000] {dag.py:3427} INFO - Setting next_dagrun for dataset_consumes_1 to None, run_after=None
[2023-02-03T11:50:24.318+0000] {logging_mixin.py:137} INFO - [2023-02-03T11:50:24.317+0000] {dag.py:3427} INFO - Setting next_dagrun for dataset_consumes_1_and_2 to None, run_after=None
[2023-02-03T11:50:24.322+0000] {logging_mixin.py:137} INFO - [2023-02-03T11:50:24.322+0000] {dag.py:3427} INFO - Setting next_dagrun for dataset_consumes_1_never_scheduled to None, run_after=None
[2023-02-03T11:50:24.325+0000] {logging_mixin.py:137} INFO - [2023-02-03T11:50:24.325+0000] {dag.py:3427} INFO - Setting next_dagrun for dataset_consumes_unknown_never_scheduled to None, run_after=None
[2023-02-03T11:50:24.331+0000] {logging_mixin.py:137} INFO - [2023-02-03T11:50:24.330+0000] {dag.py:3427} INFO - Setting next_dagrun for dataset_produces_1 to 2023-02-02T00:00:00+00:00, run_after=2023-02-03T00:00:00+00:00
[2023-02-03T11:50:24.334+0000] {logging_mixin.py:137} INFO - [2023-02-03T11:50:24.334+0000] {dag.py:3427} INFO - Setting next_dagrun for dataset_produces_2 to None, run_after=None
[2023-02-03T11:50:24.411+0000] {processor.py:175} INFO - Processing /home/airflow/.local/lib/python3.7/site-packages/airflow/example_dags/example_datasets.py took 0.403 seconds
[2023-02-03T11:50:54.776+0000] {processor.py:153} INFO - Started process (PID=998) to work on /home/airflow/.local/lib/python3.7/site-packages/airflow/example_dags/example_datasets.py
[2023-02-03T11:50:54.779+0000] {processor.py:743} INFO - Processing file /home/airflow/.local/lib/python3.7/site-packages/airflow/example_dags/example_datasets.py for tasks to queue
[2023-02-03T11:50:54.782+0000] {logging_mixin.py:137} INFO - [2023-02-03T11:50:54.781+0000] {dagbag.py:538} INFO - Filling up the DagBag from /home/airflow/.local/lib/python3.7/site-packages/airflow/example_dags/example_datasets.py
[2023-02-03T11:50:54.828+0000] {processor.py:753} INFO - DAG(s) dict_keys(['dataset_consumes_1_and_2', 'dataset_produces_1', 'dataset_consumes_unknown_never_scheduled', 'dataset_produces_2', 'dataset_consumes_1_never_scheduled', 'dataset_consumes_1']) retrieved from /home/airflow/.local/lib/python3.7/site-packages/airflow/example_dags/example_datasets.py
[2023-02-03T11:50:55.129+0000] {logging_mixin.py:137} INFO - [2023-02-03T11:50:55.125+0000] {dag.py:2676} INFO - Sync 6 DAGs
[2023-02-03T11:50:55.408+0000] {logging_mixin.py:137} INFO - [2023-02-03T11:50:55.407+0000] {dag.py:3427} INFO - Setting next_dagrun for dataset_consumes_1 to None, run_after=None
[2023-02-03T11:50:55.447+0000] {logging_mixin.py:137} INFO - [2023-02-03T11:50:55.447+0000] {dag.py:3427} INFO - Setting next_dagrun for dataset_consumes_1_and_2 to None, run_after=None
[2023-02-03T11:50:55.455+0000] {logging_mixin.py:137} INFO - [2023-02-03T11:50:55.455+0000] {dag.py:3427} INFO - Setting next_dagrun for dataset_consumes_1_never_scheduled to None, run_after=None
[2023-02-03T11:50:55.462+0000] {logging_mixin.py:137} INFO - [2023-02-03T11:50:55.462+0000] {dag.py:3427} INFO - Setting next_dagrun for dataset_consumes_unknown_never_scheduled to None, run_after=None
[2023-02-03T11:50:55.473+0000] {logging_mixin.py:137} INFO - [2023-02-03T11:50:55.472+0000] {dag.py:3427} INFO - Setting next_dagrun for dataset_produces_1 to 2023-02-02T00:00:00+00:00, run_after=2023-02-03T00:00:00+00:00
[2023-02-03T11:50:55.479+0000] {logging_mixin.py:137} INFO - [2023-02-03T11:50:55.479+0000] {dag.py:3427} INFO - Setting next_dagrun for dataset_produces_2 to None, run_after=None
[2023-02-03T11:50:55.685+0000] {processor.py:175} INFO - Processing /home/airflow/.local/lib/python3.7/site-packages/airflow/example_dags/example_datasets.py took 0.918 seconds
[2023-02-03T11:55:39.001+0000] {processor.py:153} INFO - Started process (PID=89) to work on /home/airflow/.local/lib/python3.7/site-packages/airflow/example_dags/example_datasets.py
[2023-02-03T11:55:39.007+0000] {processor.py:743} INFO - Processing file /home/airflow/.local/lib/python3.7/site-packages/airflow/example_dags/example_datasets.py for tasks to queue
[2023-02-03T11:55:39.009+0000] {logging_mixin.py:137} INFO - [2023-02-03T11:55:39.009+0000] {dagbag.py:538} INFO - Filling up the DagBag from /home/airflow/.local/lib/python3.7/site-packages/airflow/example_dags/example_datasets.py
[2023-02-03T11:55:39.085+0000] {processor.py:753} INFO - DAG(s) dict_keys(['dataset_consumes_1_never_scheduled', 'dataset_produces_2', 'dataset_consumes_1_and_2', 'dataset_produces_1', 'dataset_consumes_1', 'dataset_consumes_unknown_never_scheduled']) retrieved from /home/airflow/.local/lib/python3.7/site-packages/airflow/example_dags/example_datasets.py
[2023-02-03T11:55:39.563+0000] {logging_mixin.py:137} INFO - [2023-02-03T11:55:39.563+0000] {dag.py:2676} INFO - Sync 6 DAGs
[2023-02-03T11:55:39.650+0000] {logging_mixin.py:137} INFO - [2023-02-03T11:55:39.650+0000] {dag.py:3427} INFO - Setting next_dagrun for dataset_consumes_1 to None, run_after=None
[2023-02-03T11:55:39.659+0000] {logging_mixin.py:137} INFO - [2023-02-03T11:55:39.659+0000] {dag.py:3427} INFO - Setting next_dagrun for dataset_consumes_1_and_2 to None, run_after=None
[2023-02-03T11:55:39.662+0000] {logging_mixin.py:137} INFO - [2023-02-03T11:55:39.662+0000] {dag.py:3427} INFO - Setting next_dagrun for dataset_consumes_1_never_scheduled to None, run_after=None
[2023-02-03T11:55:39.666+0000] {logging_mixin.py:137} INFO - [2023-02-03T11:55:39.666+0000] {dag.py:3427} INFO - Setting next_dagrun for dataset_consumes_unknown_never_scheduled to None, run_after=None
[2023-02-03T11:55:39.676+0000] {logging_mixin.py:137} INFO - [2023-02-03T11:55:39.676+0000] {dag.py:3427} INFO - Setting next_dagrun for dataset_produces_1 to 2023-02-02T00:00:00+00:00, run_after=2023-02-03T00:00:00+00:00
[2023-02-03T11:55:39.680+0000] {logging_mixin.py:137} INFO - [2023-02-03T11:55:39.679+0000] {dag.py:3427} INFO - Setting next_dagrun for dataset_produces_2 to None, run_after=None
[2023-02-03T11:55:39.775+0000] {processor.py:175} INFO - Processing /home/airflow/.local/lib/python3.7/site-packages/airflow/example_dags/example_datasets.py took 0.799 seconds
[2023-02-03T11:56:12.776+0000] {processor.py:153} INFO - Started process (PID=150) to work on /home/airflow/.local/lib/python3.7/site-packages/airflow/example_dags/example_datasets.py
[2023-02-03T11:56:12.781+0000] {processor.py:743} INFO - Processing file /home/airflow/.local/lib/python3.7/site-packages/airflow/example_dags/example_datasets.py for tasks to queue
[2023-02-03T11:56:12.785+0000] {logging_mixin.py:137} INFO - [2023-02-03T11:56:12.784+0000] {dagbag.py:538} INFO - Filling up the DagBag from /home/airflow/.local/lib/python3.7/site-packages/airflow/example_dags/example_datasets.py
[2023-02-03T11:56:12.872+0000] {processor.py:753} INFO - DAG(s) dict_keys(['dataset_consumes_unknown_never_scheduled', 'dataset_consumes_1_and_2', 'dataset_consumes_1', 'dataset_produces_2', 'dataset_consumes_1_never_scheduled', 'dataset_produces_1']) retrieved from /home/airflow/.local/lib/python3.7/site-packages/airflow/example_dags/example_datasets.py
[2023-02-03T11:56:13.486+0000] {logging_mixin.py:137} INFO - [2023-02-03T11:56:13.486+0000] {dag.py:2676} INFO - Sync 6 DAGs
[2023-02-03T11:56:13.629+0000] {logging_mixin.py:137} INFO - [2023-02-03T11:56:13.628+0000] {dag.py:3427} INFO - Setting next_dagrun for dataset_consumes_1 to None, run_after=None
[2023-02-03T11:56:13.664+0000] {logging_mixin.py:137} INFO - [2023-02-03T11:56:13.664+0000] {dag.py:3427} INFO - Setting next_dagrun for dataset_consumes_1_and_2 to None, run_after=None
[2023-02-03T11:56:13.678+0000] {logging_mixin.py:137} INFO - [2023-02-03T11:56:13.677+0000] {dag.py:3427} INFO - Setting next_dagrun for dataset_consumes_1_never_scheduled to None, run_after=None
[2023-02-03T11:56:13.685+0000] {logging_mixin.py:137} INFO - [2023-02-03T11:56:13.685+0000] {dag.py:3427} INFO - Setting next_dagrun for dataset_consumes_unknown_never_scheduled to None, run_after=None
[2023-02-03T11:56:13.698+0000] {logging_mixin.py:137} INFO - [2023-02-03T11:56:13.698+0000] {dag.py:3427} INFO - Setting next_dagrun for dataset_produces_1 to 2023-02-02T00:00:00+00:00, run_after=2023-02-03T00:00:00+00:00
[2023-02-03T11:56:13.716+0000] {logging_mixin.py:137} INFO - [2023-02-03T11:56:13.715+0000] {dag.py:3427} INFO - Setting next_dagrun for dataset_produces_2 to None, run_after=None
[2023-02-03T11:56:13.880+0000] {processor.py:175} INFO - Processing /home/airflow/.local/lib/python3.7/site-packages/airflow/example_dags/example_datasets.py took 1.115 seconds
[2023-02-03T11:56:44.705+0000] {processor.py:153} INFO - Started process (PID=212) to work on /home/airflow/.local/lib/python3.7/site-packages/airflow/example_dags/example_datasets.py
[2023-02-03T11:56:44.707+0000] {processor.py:743} INFO - Processing file /home/airflow/.local/lib/python3.7/site-packages/airflow/example_dags/example_datasets.py for tasks to queue
[2023-02-03T11:56:44.709+0000] {logging_mixin.py:137} INFO - [2023-02-03T11:56:44.708+0000] {dagbag.py:538} INFO - Filling up the DagBag from /home/airflow/.local/lib/python3.7/site-packages/airflow/example_dags/example_datasets.py
[2023-02-03T11:56:44.738+0000] {processor.py:753} INFO - DAG(s) dict_keys(['dataset_produces_2', 'dataset_consumes_1_and_2', 'dataset_produces_1', 'dataset_consumes_1_never_scheduled', 'dataset_consumes_unknown_never_scheduled', 'dataset_consumes_1']) retrieved from /home/airflow/.local/lib/python3.7/site-packages/airflow/example_dags/example_datasets.py
[2023-02-03T11:56:44.866+0000] {logging_mixin.py:137} INFO - [2023-02-03T11:56:44.865+0000] {dag.py:2676} INFO - Sync 6 DAGs
[2023-02-03T11:56:44.939+0000] {logging_mixin.py:137} INFO - [2023-02-03T11:56:44.939+0000] {dag.py:3427} INFO - Setting next_dagrun for dataset_consumes_1 to None, run_after=None
[2023-02-03T11:56:44.951+0000] {logging_mixin.py:137} INFO - [2023-02-03T11:56:44.951+0000] {dag.py:3427} INFO - Setting next_dagrun for dataset_consumes_1_and_2 to None, run_after=None
[2023-02-03T11:56:44.958+0000] {logging_mixin.py:137} INFO - [2023-02-03T11:56:44.957+0000] {dag.py:3427} INFO - Setting next_dagrun for dataset_consumes_1_never_scheduled to None, run_after=None
[2023-02-03T11:56:44.966+0000] {logging_mixin.py:137} INFO - [2023-02-03T11:56:44.965+0000] {dag.py:3427} INFO - Setting next_dagrun for dataset_consumes_unknown_never_scheduled to None, run_after=None
[2023-02-03T11:56:44.977+0000] {logging_mixin.py:137} INFO - [2023-02-03T11:56:44.977+0000] {dag.py:3427} INFO - Setting next_dagrun for dataset_produces_1 to 2023-02-02T00:00:00+00:00, run_after=2023-02-03T00:00:00+00:00
[2023-02-03T11:56:44.981+0000] {logging_mixin.py:137} INFO - [2023-02-03T11:56:44.981+0000] {dag.py:3427} INFO - Setting next_dagrun for dataset_produces_2 to None, run_after=None
[2023-02-03T11:56:45.076+0000] {processor.py:175} INFO - Processing /home/airflow/.local/lib/python3.7/site-packages/airflow/example_dags/example_datasets.py took 0.377 seconds
[2023-02-03T11:57:15.463+0000] {processor.py:153} INFO - Started process (PID=275) to work on /home/airflow/.local/lib/python3.7/site-packages/airflow/example_dags/example_datasets.py
[2023-02-03T11:57:15.465+0000] {processor.py:743} INFO - Processing file /home/airflow/.local/lib/python3.7/site-packages/airflow/example_dags/example_datasets.py for tasks to queue
[2023-02-03T11:57:15.468+0000] {logging_mixin.py:137} INFO - [2023-02-03T11:57:15.467+0000] {dagbag.py:538} INFO - Filling up the DagBag from /home/airflow/.local/lib/python3.7/site-packages/airflow/example_dags/example_datasets.py
[2023-02-03T11:57:15.500+0000] {processor.py:753} INFO - DAG(s) dict_keys(['dataset_consumes_1_never_scheduled', 'dataset_produces_1', 'dataset_consumes_unknown_never_scheduled', 'dataset_consumes_1', 'dataset_consumes_1_and_2', 'dataset_produces_2']) retrieved from /home/airflow/.local/lib/python3.7/site-packages/airflow/example_dags/example_datasets.py
[2023-02-03T11:57:15.654+0000] {logging_mixin.py:137} INFO - [2023-02-03T11:57:15.652+0000] {dag.py:2676} INFO - Sync 6 DAGs
[2023-02-03T11:57:15.727+0000] {logging_mixin.py:137} INFO - [2023-02-03T11:57:15.727+0000] {dag.py:3427} INFO - Setting next_dagrun for dataset_consumes_1 to None, run_after=None
[2023-02-03T11:57:15.737+0000] {logging_mixin.py:137} INFO - [2023-02-03T11:57:15.736+0000] {dag.py:3427} INFO - Setting next_dagrun for dataset_consumes_1_and_2 to None, run_after=None
[2023-02-03T11:57:15.739+0000] {logging_mixin.py:137} INFO - [2023-02-03T11:57:15.739+0000] {dag.py:3427} INFO - Setting next_dagrun for dataset_consumes_1_never_scheduled to None, run_after=None
[2023-02-03T11:57:15.742+0000] {logging_mixin.py:137} INFO - [2023-02-03T11:57:15.742+0000] {dag.py:3427} INFO - Setting next_dagrun for dataset_consumes_unknown_never_scheduled to None, run_after=None
[2023-02-03T11:57:15.748+0000] {logging_mixin.py:137} INFO - [2023-02-03T11:57:15.748+0000] {dag.py:3427} INFO - Setting next_dagrun for dataset_produces_1 to 2023-02-02T00:00:00+00:00, run_after=2023-02-03T00:00:00+00:00
[2023-02-03T11:57:15.751+0000] {logging_mixin.py:137} INFO - [2023-02-03T11:57:15.751+0000] {dag.py:3427} INFO - Setting next_dagrun for dataset_produces_2 to None, run_after=None
[2023-02-03T11:57:15.829+0000] {processor.py:175} INFO - Processing /home/airflow/.local/lib/python3.7/site-packages/airflow/example_dags/example_datasets.py took 0.373 seconds
[2023-02-03T11:57:45.905+0000] {processor.py:153} INFO - Started process (PID=349) to work on /home/airflow/.local/lib/python3.7/site-packages/airflow/example_dags/example_datasets.py
[2023-02-03T11:57:45.908+0000] {processor.py:743} INFO - Processing file /home/airflow/.local/lib/python3.7/site-packages/airflow/example_dags/example_datasets.py for tasks to queue
[2023-02-03T11:57:45.909+0000] {logging_mixin.py:137} INFO - [2023-02-03T11:57:45.909+0000] {dagbag.py:538} INFO - Filling up the DagBag from /home/airflow/.local/lib/python3.7/site-packages/airflow/example_dags/example_datasets.py
[2023-02-03T11:57:45.935+0000] {processor.py:753} INFO - DAG(s) dict_keys(['dataset_consumes_1', 'dataset_consumes_unknown_never_scheduled', 'dataset_produces_2', 'dataset_consumes_1_and_2', 'dataset_produces_1', 'dataset_consumes_1_never_scheduled']) retrieved from /home/airflow/.local/lib/python3.7/site-packages/airflow/example_dags/example_datasets.py
[2023-02-03T11:57:46.040+0000] {logging_mixin.py:137} INFO - [2023-02-03T11:57:46.040+0000] {dag.py:2676} INFO - Sync 6 DAGs
[2023-02-03T11:57:46.101+0000] {logging_mixin.py:137} INFO - [2023-02-03T11:57:46.101+0000] {dag.py:3427} INFO - Setting next_dagrun for dataset_consumes_1 to None, run_after=None
[2023-02-03T11:57:46.111+0000] {logging_mixin.py:137} INFO - [2023-02-03T11:57:46.111+0000] {dag.py:3427} INFO - Setting next_dagrun for dataset_consumes_1_and_2 to None, run_after=None
[2023-02-03T11:57:46.118+0000] {logging_mixin.py:137} INFO - [2023-02-03T11:57:46.118+0000] {dag.py:3427} INFO - Setting next_dagrun for dataset_consumes_1_never_scheduled to None, run_after=None
[2023-02-03T11:57:46.123+0000] {logging_mixin.py:137} INFO - [2023-02-03T11:57:46.123+0000] {dag.py:3427} INFO - Setting next_dagrun for dataset_consumes_unknown_never_scheduled to None, run_after=None
[2023-02-03T11:57:46.127+0000] {logging_mixin.py:137} INFO - [2023-02-03T11:57:46.127+0000] {dag.py:3427} INFO - Setting next_dagrun for dataset_produces_1 to 2023-02-02T00:00:00+00:00, run_after=2023-02-03T00:00:00+00:00
[2023-02-03T11:57:46.129+0000] {logging_mixin.py:137} INFO - [2023-02-03T11:57:46.129+0000] {dag.py:3427} INFO - Setting next_dagrun for dataset_produces_2 to None, run_after=None
[2023-02-03T11:57:46.196+0000] {processor.py:175} INFO - Processing /home/airflow/.local/lib/python3.7/site-packages/airflow/example_dags/example_datasets.py took 0.297 seconds
