[2023-02-03T11:39:46.757+0000] {processor.py:153} INFO - Started process (PID=46) to work on /home/airflow/.local/lib/python3.7/site-packages/airflow/example_dags/example_python_operator.py
[2023-02-03T11:39:46.765+0000] {processor.py:743} INFO - Processing file /home/airflow/.local/lib/python3.7/site-packages/airflow/example_dags/example_python_operator.py for tasks to queue
[2023-02-03T11:39:46.771+0000] {logging_mixin.py:137} INFO - [2023-02-03T11:39:46.770+0000] {dagbag.py:538} INFO - Filling up the DagBag from /home/airflow/.local/lib/python3.7/site-packages/airflow/example_dags/example_python_operator.py
[2023-02-03T11:39:46.875+0000] {logging_mixin.py:137} INFO - [2023-02-03T11:39:46.874+0000] {taskmixin.py:205} WARNING - Dependency <Task(_PythonDecoratedOperator): print_the_context>, log_sql_query already registered for DAG: example_python_operator
[2023-02-03T11:39:46.876+0000] {logging_mixin.py:137} INFO - [2023-02-03T11:39:46.876+0000] {taskmixin.py:205} WARNING - Dependency <Task(_PythonDecoratedOperator): log_sql_query>, print_the_context already registered for DAG: example_python_operator
[2023-02-03T11:39:46.879+0000] {logging_mixin.py:137} INFO - [2023-02-03T11:39:46.878+0000] {taskmixin.py:205} WARNING - Dependency <Task(_PythonDecoratedOperator): print_the_context>, log_sql_query already registered for DAG: example_python_operator
[2023-02-03T11:39:46.880+0000] {logging_mixin.py:137} INFO - [2023-02-03T11:39:46.880+0000] {taskmixin.py:205} WARNING - Dependency <Task(_PythonDecoratedOperator): log_sql_query>, print_the_context already registered for DAG: example_python_operator
[2023-02-03T11:39:46.883+0000] {logging_mixin.py:137} INFO - [2023-02-03T11:39:46.882+0000] {taskmixin.py:205} WARNING - Dependency <Task(_PythonDecoratedOperator): print_the_context>, log_sql_query already registered for DAG: example_python_operator
[2023-02-03T11:39:46.884+0000] {logging_mixin.py:137} INFO - [2023-02-03T11:39:46.884+0000] {taskmixin.py:205} WARNING - Dependency <Task(_PythonDecoratedOperator): log_sql_query>, print_the_context already registered for DAG: example_python_operator
[2023-02-03T11:39:46.886+0000] {logging_mixin.py:137} INFO - [2023-02-03T11:39:46.886+0000] {taskmixin.py:205} WARNING - Dependency <Task(_PythonDecoratedOperator): print_the_context>, log_sql_query already registered for DAG: example_python_operator
[2023-02-03T11:39:46.887+0000] {logging_mixin.py:137} INFO - [2023-02-03T11:39:46.887+0000] {taskmixin.py:205} WARNING - Dependency <Task(_PythonDecoratedOperator): log_sql_query>, print_the_context already registered for DAG: example_python_operator
[2023-02-03T11:39:46.901+0000] {processor.py:753} INFO - DAG(s) dict_keys(['example_python_operator']) retrieved from /home/airflow/.local/lib/python3.7/site-packages/airflow/example_dags/example_python_operator.py
[2023-02-03T11:39:47.092+0000] {logging_mixin.py:137} INFO - [2023-02-03T11:39:47.091+0000] {dag.py:2676} INFO - Sync 1 DAGs
[2023-02-03T11:39:47.171+0000] {logging_mixin.py:137} INFO - [2023-02-03T11:39:47.171+0000] {dag.py:3427} INFO - Setting next_dagrun for example_python_operator to None, run_after=None
[2023-02-03T11:39:47.233+0000] {processor.py:175} INFO - Processing /home/airflow/.local/lib/python3.7/site-packages/airflow/example_dags/example_python_operator.py took 0.486 seconds
[2023-02-03T11:40:17.336+0000] {processor.py:153} INFO - Started process (PID=108) to work on /home/airflow/.local/lib/python3.7/site-packages/airflow/example_dags/example_python_operator.py
[2023-02-03T11:40:17.340+0000] {processor.py:743} INFO - Processing file /home/airflow/.local/lib/python3.7/site-packages/airflow/example_dags/example_python_operator.py for tasks to queue
[2023-02-03T11:40:17.343+0000] {logging_mixin.py:137} INFO - [2023-02-03T11:40:17.342+0000] {dagbag.py:538} INFO - Filling up the DagBag from /home/airflow/.local/lib/python3.7/site-packages/airflow/example_dags/example_python_operator.py
[2023-02-03T11:40:17.382+0000] {logging_mixin.py:137} INFO - [2023-02-03T11:40:17.382+0000] {taskmixin.py:205} WARNING - Dependency <Task(_PythonDecoratedOperator): print_the_context>, log_sql_query already registered for DAG: example_python_operator
[2023-02-03T11:40:17.384+0000] {logging_mixin.py:137} INFO - [2023-02-03T11:40:17.384+0000] {taskmixin.py:205} WARNING - Dependency <Task(_PythonDecoratedOperator): log_sql_query>, print_the_context already registered for DAG: example_python_operator
[2023-02-03T11:40:17.386+0000] {logging_mixin.py:137} INFO - [2023-02-03T11:40:17.386+0000] {taskmixin.py:205} WARNING - Dependency <Task(_PythonDecoratedOperator): print_the_context>, log_sql_query already registered for DAG: example_python_operator
[2023-02-03T11:40:17.387+0000] {logging_mixin.py:137} INFO - [2023-02-03T11:40:17.387+0000] {taskmixin.py:205} WARNING - Dependency <Task(_PythonDecoratedOperator): log_sql_query>, print_the_context already registered for DAG: example_python_operator
[2023-02-03T11:40:17.389+0000] {logging_mixin.py:137} INFO - [2023-02-03T11:40:17.389+0000] {taskmixin.py:205} WARNING - Dependency <Task(_PythonDecoratedOperator): print_the_context>, log_sql_query already registered for DAG: example_python_operator
[2023-02-03T11:40:17.390+0000] {logging_mixin.py:137} INFO - [2023-02-03T11:40:17.390+0000] {taskmixin.py:205} WARNING - Dependency <Task(_PythonDecoratedOperator): log_sql_query>, print_the_context already registered for DAG: example_python_operator
[2023-02-03T11:40:17.392+0000] {logging_mixin.py:137} INFO - [2023-02-03T11:40:17.392+0000] {taskmixin.py:205} WARNING - Dependency <Task(_PythonDecoratedOperator): print_the_context>, log_sql_query already registered for DAG: example_python_operator
[2023-02-03T11:40:17.393+0000] {logging_mixin.py:137} INFO - [2023-02-03T11:40:17.393+0000] {taskmixin.py:205} WARNING - Dependency <Task(_PythonDecoratedOperator): log_sql_query>, print_the_context already registered for DAG: example_python_operator
[2023-02-03T11:40:17.408+0000] {processor.py:753} INFO - DAG(s) dict_keys(['example_python_operator']) retrieved from /home/airflow/.local/lib/python3.7/site-packages/airflow/example_dags/example_python_operator.py
[2023-02-03T11:40:17.503+0000] {logging_mixin.py:137} INFO - [2023-02-03T11:40:17.503+0000] {dag.py:2676} INFO - Sync 1 DAGs
[2023-02-03T11:40:17.559+0000] {logging_mixin.py:137} INFO - [2023-02-03T11:40:17.558+0000] {dag.py:3427} INFO - Setting next_dagrun for example_python_operator to None, run_after=None
[2023-02-03T11:40:17.599+0000] {processor.py:175} INFO - Processing /home/airflow/.local/lib/python3.7/site-packages/airflow/example_dags/example_python_operator.py took 0.272 seconds
[2023-02-03T11:40:47.665+0000] {processor.py:153} INFO - Started process (PID=170) to work on /home/airflow/.local/lib/python3.7/site-packages/airflow/example_dags/example_python_operator.py
[2023-02-03T11:40:47.667+0000] {processor.py:743} INFO - Processing file /home/airflow/.local/lib/python3.7/site-packages/airflow/example_dags/example_python_operator.py for tasks to queue
[2023-02-03T11:40:47.669+0000] {logging_mixin.py:137} INFO - [2023-02-03T11:40:47.669+0000] {dagbag.py:538} INFO - Filling up the DagBag from /home/airflow/.local/lib/python3.7/site-packages/airflow/example_dags/example_python_operator.py
[2023-02-03T11:40:47.695+0000] {logging_mixin.py:137} INFO - [2023-02-03T11:40:47.695+0000] {taskmixin.py:205} WARNING - Dependency <Task(_PythonDecoratedOperator): print_the_context>, log_sql_query already registered for DAG: example_python_operator
[2023-02-03T11:40:47.696+0000] {logging_mixin.py:137} INFO - [2023-02-03T11:40:47.696+0000] {taskmixin.py:205} WARNING - Dependency <Task(_PythonDecoratedOperator): log_sql_query>, print_the_context already registered for DAG: example_python_operator
[2023-02-03T11:40:47.698+0000] {logging_mixin.py:137} INFO - [2023-02-03T11:40:47.698+0000] {taskmixin.py:205} WARNING - Dependency <Task(_PythonDecoratedOperator): print_the_context>, log_sql_query already registered for DAG: example_python_operator
[2023-02-03T11:40:47.699+0000] {logging_mixin.py:137} INFO - [2023-02-03T11:40:47.698+0000] {taskmixin.py:205} WARNING - Dependency <Task(_PythonDecoratedOperator): log_sql_query>, print_the_context already registered for DAG: example_python_operator
[2023-02-03T11:40:47.701+0000] {logging_mixin.py:137} INFO - [2023-02-03T11:40:47.701+0000] {taskmixin.py:205} WARNING - Dependency <Task(_PythonDecoratedOperator): print_the_context>, log_sql_query already registered for DAG: example_python_operator
[2023-02-03T11:40:47.702+0000] {logging_mixin.py:137} INFO - [2023-02-03T11:40:47.701+0000] {taskmixin.py:205} WARNING - Dependency <Task(_PythonDecoratedOperator): log_sql_query>, print_the_context already registered for DAG: example_python_operator
[2023-02-03T11:40:47.703+0000] {logging_mixin.py:137} INFO - [2023-02-03T11:40:47.703+0000] {taskmixin.py:205} WARNING - Dependency <Task(_PythonDecoratedOperator): print_the_context>, log_sql_query already registered for DAG: example_python_operator
[2023-02-03T11:40:47.704+0000] {logging_mixin.py:137} INFO - [2023-02-03T11:40:47.704+0000] {taskmixin.py:205} WARNING - Dependency <Task(_PythonDecoratedOperator): log_sql_query>, print_the_context already registered for DAG: example_python_operator
[2023-02-03T11:40:47.713+0000] {processor.py:753} INFO - DAG(s) dict_keys(['example_python_operator']) retrieved from /home/airflow/.local/lib/python3.7/site-packages/airflow/example_dags/example_python_operator.py
[2023-02-03T11:40:47.786+0000] {logging_mixin.py:137} INFO - [2023-02-03T11:40:47.785+0000] {dag.py:2676} INFO - Sync 1 DAGs
[2023-02-03T11:40:47.834+0000] {logging_mixin.py:137} INFO - [2023-02-03T11:40:47.833+0000] {dag.py:3427} INFO - Setting next_dagrun for example_python_operator to None, run_after=None
[2023-02-03T11:40:47.871+0000] {processor.py:175} INFO - Processing /home/airflow/.local/lib/python3.7/site-packages/airflow/example_dags/example_python_operator.py took 0.212 seconds
[2023-02-03T11:41:18.161+0000] {processor.py:153} INFO - Started process (PID=232) to work on /home/airflow/.local/lib/python3.7/site-packages/airflow/example_dags/example_python_operator.py
[2023-02-03T11:41:18.163+0000] {processor.py:743} INFO - Processing file /home/airflow/.local/lib/python3.7/site-packages/airflow/example_dags/example_python_operator.py for tasks to queue
[2023-02-03T11:41:18.165+0000] {logging_mixin.py:137} INFO - [2023-02-03T11:41:18.164+0000] {dagbag.py:538} INFO - Filling up the DagBag from /home/airflow/.local/lib/python3.7/site-packages/airflow/example_dags/example_python_operator.py
[2023-02-03T11:41:18.198+0000] {logging_mixin.py:137} INFO - [2023-02-03T11:41:18.198+0000] {taskmixin.py:205} WARNING - Dependency <Task(_PythonDecoratedOperator): print_the_context>, log_sql_query already registered for DAG: example_python_operator
[2023-02-03T11:41:18.200+0000] {logging_mixin.py:137} INFO - [2023-02-03T11:41:18.199+0000] {taskmixin.py:205} WARNING - Dependency <Task(_PythonDecoratedOperator): log_sql_query>, print_the_context already registered for DAG: example_python_operator
[2023-02-03T11:41:18.202+0000] {logging_mixin.py:137} INFO - [2023-02-03T11:41:18.201+0000] {taskmixin.py:205} WARNING - Dependency <Task(_PythonDecoratedOperator): print_the_context>, log_sql_query already registered for DAG: example_python_operator
[2023-02-03T11:41:18.203+0000] {logging_mixin.py:137} INFO - [2023-02-03T11:41:18.202+0000] {taskmixin.py:205} WARNING - Dependency <Task(_PythonDecoratedOperator): log_sql_query>, print_the_context already registered for DAG: example_python_operator
[2023-02-03T11:41:18.205+0000] {logging_mixin.py:137} INFO - [2023-02-03T11:41:18.204+0000] {taskmixin.py:205} WARNING - Dependency <Task(_PythonDecoratedOperator): print_the_context>, log_sql_query already registered for DAG: example_python_operator
[2023-02-03T11:41:18.206+0000] {logging_mixin.py:137} INFO - [2023-02-03T11:41:18.206+0000] {taskmixin.py:205} WARNING - Dependency <Task(_PythonDecoratedOperator): log_sql_query>, print_the_context already registered for DAG: example_python_operator
[2023-02-03T11:41:18.208+0000] {logging_mixin.py:137} INFO - [2023-02-03T11:41:18.208+0000] {taskmixin.py:205} WARNING - Dependency <Task(_PythonDecoratedOperator): print_the_context>, log_sql_query already registered for DAG: example_python_operator
[2023-02-03T11:41:18.210+0000] {logging_mixin.py:137} INFO - [2023-02-03T11:41:18.209+0000] {taskmixin.py:205} WARNING - Dependency <Task(_PythonDecoratedOperator): log_sql_query>, print_the_context already registered for DAG: example_python_operator
[2023-02-03T11:41:18.223+0000] {processor.py:753} INFO - DAG(s) dict_keys(['example_python_operator']) retrieved from /home/airflow/.local/lib/python3.7/site-packages/airflow/example_dags/example_python_operator.py
[2023-02-03T11:41:18.343+0000] {logging_mixin.py:137} INFO - [2023-02-03T11:41:18.343+0000] {dag.py:2676} INFO - Sync 1 DAGs
[2023-02-03T11:41:18.413+0000] {logging_mixin.py:137} INFO - [2023-02-03T11:41:18.413+0000] {dag.py:3427} INFO - Setting next_dagrun for example_python_operator to None, run_after=None
[2023-02-03T11:41:18.462+0000] {processor.py:175} INFO - Processing /home/airflow/.local/lib/python3.7/site-packages/airflow/example_dags/example_python_operator.py took 0.306 seconds
[2023-02-03T11:41:48.799+0000] {processor.py:153} INFO - Started process (PID=306) to work on /home/airflow/.local/lib/python3.7/site-packages/airflow/example_dags/example_python_operator.py
[2023-02-03T11:41:48.801+0000] {processor.py:743} INFO - Processing file /home/airflow/.local/lib/python3.7/site-packages/airflow/example_dags/example_python_operator.py for tasks to queue
[2023-02-03T11:41:48.802+0000] {logging_mixin.py:137} INFO - [2023-02-03T11:41:48.802+0000] {dagbag.py:538} INFO - Filling up the DagBag from /home/airflow/.local/lib/python3.7/site-packages/airflow/example_dags/example_python_operator.py
[2023-02-03T11:41:48.835+0000] {logging_mixin.py:137} INFO - [2023-02-03T11:41:48.835+0000] {taskmixin.py:205} WARNING - Dependency <Task(_PythonDecoratedOperator): print_the_context>, log_sql_query already registered for DAG: example_python_operator
[2023-02-03T11:41:48.837+0000] {logging_mixin.py:137} INFO - [2023-02-03T11:41:48.837+0000] {taskmixin.py:205} WARNING - Dependency <Task(_PythonDecoratedOperator): log_sql_query>, print_the_context already registered for DAG: example_python_operator
[2023-02-03T11:41:48.839+0000] {logging_mixin.py:137} INFO - [2023-02-03T11:41:48.839+0000] {taskmixin.py:205} WARNING - Dependency <Task(_PythonDecoratedOperator): print_the_context>, log_sql_query already registered for DAG: example_python_operator
[2023-02-03T11:41:48.840+0000] {logging_mixin.py:137} INFO - [2023-02-03T11:41:48.839+0000] {taskmixin.py:205} WARNING - Dependency <Task(_PythonDecoratedOperator): log_sql_query>, print_the_context already registered for DAG: example_python_operator
[2023-02-03T11:41:48.841+0000] {logging_mixin.py:137} INFO - [2023-02-03T11:41:48.841+0000] {taskmixin.py:205} WARNING - Dependency <Task(_PythonDecoratedOperator): print_the_context>, log_sql_query already registered for DAG: example_python_operator
[2023-02-03T11:41:48.842+0000] {logging_mixin.py:137} INFO - [2023-02-03T11:41:48.842+0000] {taskmixin.py:205} WARNING - Dependency <Task(_PythonDecoratedOperator): log_sql_query>, print_the_context already registered for DAG: example_python_operator
[2023-02-03T11:41:48.844+0000] {logging_mixin.py:137} INFO - [2023-02-03T11:41:48.844+0000] {taskmixin.py:205} WARNING - Dependency <Task(_PythonDecoratedOperator): print_the_context>, log_sql_query already registered for DAG: example_python_operator
[2023-02-03T11:41:48.845+0000] {logging_mixin.py:137} INFO - [2023-02-03T11:41:48.845+0000] {taskmixin.py:205} WARNING - Dependency <Task(_PythonDecoratedOperator): log_sql_query>, print_the_context already registered for DAG: example_python_operator
[2023-02-03T11:41:48.859+0000] {processor.py:753} INFO - DAG(s) dict_keys(['example_python_operator']) retrieved from /home/airflow/.local/lib/python3.7/site-packages/airflow/example_dags/example_python_operator.py
[2023-02-03T11:41:48.952+0000] {logging_mixin.py:137} INFO - [2023-02-03T11:41:48.952+0000] {dag.py:2676} INFO - Sync 1 DAGs
[2023-02-03T11:41:49.033+0000] {logging_mixin.py:137} INFO - [2023-02-03T11:41:49.033+0000] {dag.py:3427} INFO - Setting next_dagrun for example_python_operator to None, run_after=None
[2023-02-03T11:41:49.099+0000] {processor.py:175} INFO - Processing /home/airflow/.local/lib/python3.7/site-packages/airflow/example_dags/example_python_operator.py took 0.305 seconds
[2023-02-03T11:42:19.186+0000] {processor.py:153} INFO - Started process (PID=369) to work on /home/airflow/.local/lib/python3.7/site-packages/airflow/example_dags/example_python_operator.py
[2023-02-03T11:42:19.188+0000] {processor.py:743} INFO - Processing file /home/airflow/.local/lib/python3.7/site-packages/airflow/example_dags/example_python_operator.py for tasks to queue
[2023-02-03T11:42:19.189+0000] {logging_mixin.py:137} INFO - [2023-02-03T11:42:19.189+0000] {dagbag.py:538} INFO - Filling up the DagBag from /home/airflow/.local/lib/python3.7/site-packages/airflow/example_dags/example_python_operator.py
[2023-02-03T11:42:19.216+0000] {logging_mixin.py:137} INFO - [2023-02-03T11:42:19.215+0000] {taskmixin.py:205} WARNING - Dependency <Task(_PythonDecoratedOperator): print_the_context>, log_sql_query already registered for DAG: example_python_operator
[2023-02-03T11:42:19.217+0000] {logging_mixin.py:137} INFO - [2023-02-03T11:42:19.216+0000] {taskmixin.py:205} WARNING - Dependency <Task(_PythonDecoratedOperator): log_sql_query>, print_the_context already registered for DAG: example_python_operator
[2023-02-03T11:42:19.218+0000] {logging_mixin.py:137} INFO - [2023-02-03T11:42:19.218+0000] {taskmixin.py:205} WARNING - Dependency <Task(_PythonDecoratedOperator): print_the_context>, log_sql_query already registered for DAG: example_python_operator
[2023-02-03T11:42:19.219+0000] {logging_mixin.py:137} INFO - [2023-02-03T11:42:19.219+0000] {taskmixin.py:205} WARNING - Dependency <Task(_PythonDecoratedOperator): log_sql_query>, print_the_context already registered for DAG: example_python_operator
[2023-02-03T11:42:19.220+0000] {logging_mixin.py:137} INFO - [2023-02-03T11:42:19.220+0000] {taskmixin.py:205} WARNING - Dependency <Task(_PythonDecoratedOperator): print_the_context>, log_sql_query already registered for DAG: example_python_operator
[2023-02-03T11:42:19.221+0000] {logging_mixin.py:137} INFO - [2023-02-03T11:42:19.221+0000] {taskmixin.py:205} WARNING - Dependency <Task(_PythonDecoratedOperator): log_sql_query>, print_the_context already registered for DAG: example_python_operator
[2023-02-03T11:42:19.223+0000] {logging_mixin.py:137} INFO - [2023-02-03T11:42:19.223+0000] {taskmixin.py:205} WARNING - Dependency <Task(_PythonDecoratedOperator): print_the_context>, log_sql_query already registered for DAG: example_python_operator
[2023-02-03T11:42:19.224+0000] {logging_mixin.py:137} INFO - [2023-02-03T11:42:19.224+0000] {taskmixin.py:205} WARNING - Dependency <Task(_PythonDecoratedOperator): log_sql_query>, print_the_context already registered for DAG: example_python_operator
[2023-02-03T11:42:19.234+0000] {processor.py:753} INFO - DAG(s) dict_keys(['example_python_operator']) retrieved from /home/airflow/.local/lib/python3.7/site-packages/airflow/example_dags/example_python_operator.py
[2023-02-03T11:42:19.320+0000] {logging_mixin.py:137} INFO - [2023-02-03T11:42:19.320+0000] {dag.py:2676} INFO - Sync 1 DAGs
[2023-02-03T11:42:19.382+0000] {logging_mixin.py:137} INFO - [2023-02-03T11:42:19.382+0000] {dag.py:3427} INFO - Setting next_dagrun for example_python_operator to None, run_after=None
[2023-02-03T11:42:19.442+0000] {processor.py:175} INFO - Processing /home/airflow/.local/lib/python3.7/site-packages/airflow/example_dags/example_python_operator.py took 0.263 seconds
[2023-02-03T11:43:33.449+0000] {processor.py:153} INFO - Started process (PID=46) to work on /home/airflow/.local/lib/python3.7/site-packages/airflow/example_dags/example_python_operator.py
[2023-02-03T11:43:33.457+0000] {processor.py:743} INFO - Processing file /home/airflow/.local/lib/python3.7/site-packages/airflow/example_dags/example_python_operator.py for tasks to queue
[2023-02-03T11:43:33.461+0000] {logging_mixin.py:137} INFO - [2023-02-03T11:43:33.460+0000] {dagbag.py:538} INFO - Filling up the DagBag from /home/airflow/.local/lib/python3.7/site-packages/airflow/example_dags/example_python_operator.py
[2023-02-03T11:43:33.596+0000] {logging_mixin.py:137} INFO - [2023-02-03T11:43:33.595+0000] {taskmixin.py:205} WARNING - Dependency <Task(_PythonDecoratedOperator): print_the_context>, log_sql_query already registered for DAG: example_python_operator
[2023-02-03T11:43:33.597+0000] {logging_mixin.py:137} INFO - [2023-02-03T11:43:33.597+0000] {taskmixin.py:205} WARNING - Dependency <Task(_PythonDecoratedOperator): log_sql_query>, print_the_context already registered for DAG: example_python_operator
[2023-02-03T11:43:33.600+0000] {logging_mixin.py:137} INFO - [2023-02-03T11:43:33.600+0000] {taskmixin.py:205} WARNING - Dependency <Task(_PythonDecoratedOperator): print_the_context>, log_sql_query already registered for DAG: example_python_operator
[2023-02-03T11:43:33.602+0000] {logging_mixin.py:137} INFO - [2023-02-03T11:43:33.601+0000] {taskmixin.py:205} WARNING - Dependency <Task(_PythonDecoratedOperator): log_sql_query>, print_the_context already registered for DAG: example_python_operator
[2023-02-03T11:43:33.606+0000] {logging_mixin.py:137} INFO - [2023-02-03T11:43:33.606+0000] {taskmixin.py:205} WARNING - Dependency <Task(_PythonDecoratedOperator): print_the_context>, log_sql_query already registered for DAG: example_python_operator
[2023-02-03T11:43:33.607+0000] {logging_mixin.py:137} INFO - [2023-02-03T11:43:33.607+0000] {taskmixin.py:205} WARNING - Dependency <Task(_PythonDecoratedOperator): log_sql_query>, print_the_context already registered for DAG: example_python_operator
[2023-02-03T11:43:33.624+0000] {logging_mixin.py:137} INFO - [2023-02-03T11:43:33.623+0000] {taskmixin.py:205} WARNING - Dependency <Task(_PythonDecoratedOperator): print_the_context>, log_sql_query already registered for DAG: example_python_operator
[2023-02-03T11:43:33.627+0000] {logging_mixin.py:137} INFO - [2023-02-03T11:43:33.626+0000] {taskmixin.py:205} WARNING - Dependency <Task(_PythonDecoratedOperator): log_sql_query>, print_the_context already registered for DAG: example_python_operator
[2023-02-03T11:43:33.668+0000] {processor.py:753} INFO - DAG(s) dict_keys(['example_python_operator']) retrieved from /home/airflow/.local/lib/python3.7/site-packages/airflow/example_dags/example_python_operator.py
[2023-02-03T11:43:33.962+0000] {logging_mixin.py:137} INFO - [2023-02-03T11:43:33.961+0000] {dag.py:2676} INFO - Sync 1 DAGs
[2023-02-03T11:43:34.055+0000] {logging_mixin.py:137} INFO - [2023-02-03T11:43:34.055+0000] {dag.py:3427} INFO - Setting next_dagrun for example_python_operator to None, run_after=None
[2023-02-03T11:43:34.106+0000] {processor.py:175} INFO - Processing /home/airflow/.local/lib/python3.7/site-packages/airflow/example_dags/example_python_operator.py took 0.668 seconds
[2023-02-03T11:44:04.268+0000] {processor.py:153} INFO - Started process (PID=109) to work on /home/airflow/.local/lib/python3.7/site-packages/airflow/example_dags/example_python_operator.py
[2023-02-03T11:44:04.270+0000] {processor.py:743} INFO - Processing file /home/airflow/.local/lib/python3.7/site-packages/airflow/example_dags/example_python_operator.py for tasks to queue
[2023-02-03T11:44:04.272+0000] {logging_mixin.py:137} INFO - [2023-02-03T11:44:04.272+0000] {dagbag.py:538} INFO - Filling up the DagBag from /home/airflow/.local/lib/python3.7/site-packages/airflow/example_dags/example_python_operator.py
[2023-02-03T11:44:04.304+0000] {logging_mixin.py:137} INFO - [2023-02-03T11:44:04.304+0000] {taskmixin.py:205} WARNING - Dependency <Task(_PythonDecoratedOperator): print_the_context>, log_sql_query already registered for DAG: example_python_operator
[2023-02-03T11:44:04.305+0000] {logging_mixin.py:137} INFO - [2023-02-03T11:44:04.305+0000] {taskmixin.py:205} WARNING - Dependency <Task(_PythonDecoratedOperator): log_sql_query>, print_the_context already registered for DAG: example_python_operator
[2023-02-03T11:44:04.307+0000] {logging_mixin.py:137} INFO - [2023-02-03T11:44:04.307+0000] {taskmixin.py:205} WARNING - Dependency <Task(_PythonDecoratedOperator): print_the_context>, log_sql_query already registered for DAG: example_python_operator
[2023-02-03T11:44:04.308+0000] {logging_mixin.py:137} INFO - [2023-02-03T11:44:04.308+0000] {taskmixin.py:205} WARNING - Dependency <Task(_PythonDecoratedOperator): log_sql_query>, print_the_context already registered for DAG: example_python_operator
[2023-02-03T11:44:04.310+0000] {logging_mixin.py:137} INFO - [2023-02-03T11:44:04.310+0000] {taskmixin.py:205} WARNING - Dependency <Task(_PythonDecoratedOperator): print_the_context>, log_sql_query already registered for DAG: example_python_operator
[2023-02-03T11:44:04.312+0000] {logging_mixin.py:137} INFO - [2023-02-03T11:44:04.311+0000] {taskmixin.py:205} WARNING - Dependency <Task(_PythonDecoratedOperator): log_sql_query>, print_the_context already registered for DAG: example_python_operator
[2023-02-03T11:44:04.313+0000] {logging_mixin.py:137} INFO - [2023-02-03T11:44:04.313+0000] {taskmixin.py:205} WARNING - Dependency <Task(_PythonDecoratedOperator): print_the_context>, log_sql_query already registered for DAG: example_python_operator
[2023-02-03T11:44:04.314+0000] {logging_mixin.py:137} INFO - [2023-02-03T11:44:04.314+0000] {taskmixin.py:205} WARNING - Dependency <Task(_PythonDecoratedOperator): log_sql_query>, print_the_context already registered for DAG: example_python_operator
[2023-02-03T11:44:04.327+0000] {processor.py:753} INFO - DAG(s) dict_keys(['example_python_operator']) retrieved from /home/airflow/.local/lib/python3.7/site-packages/airflow/example_dags/example_python_operator.py
[2023-02-03T11:44:04.411+0000] {logging_mixin.py:137} INFO - [2023-02-03T11:44:04.411+0000] {dag.py:2676} INFO - Sync 1 DAGs
[2023-02-03T11:44:04.474+0000] {logging_mixin.py:137} INFO - [2023-02-03T11:44:04.474+0000] {dag.py:3427} INFO - Setting next_dagrun for example_python_operator to None, run_after=None
[2023-02-03T11:44:04.523+0000] {processor.py:175} INFO - Processing /home/airflow/.local/lib/python3.7/site-packages/airflow/example_dags/example_python_operator.py took 0.261 seconds
[2023-02-03T11:44:34.939+0000] {processor.py:153} INFO - Started process (PID=171) to work on /home/airflow/.local/lib/python3.7/site-packages/airflow/example_dags/example_python_operator.py
[2023-02-03T11:44:34.942+0000] {processor.py:743} INFO - Processing file /home/airflow/.local/lib/python3.7/site-packages/airflow/example_dags/example_python_operator.py for tasks to queue
[2023-02-03T11:44:34.943+0000] {logging_mixin.py:137} INFO - [2023-02-03T11:44:34.943+0000] {dagbag.py:538} INFO - Filling up the DagBag from /home/airflow/.local/lib/python3.7/site-packages/airflow/example_dags/example_python_operator.py
[2023-02-03T11:44:34.970+0000] {logging_mixin.py:137} INFO - [2023-02-03T11:44:34.970+0000] {taskmixin.py:205} WARNING - Dependency <Task(_PythonDecoratedOperator): print_the_context>, log_sql_query already registered for DAG: example_python_operator
[2023-02-03T11:44:34.972+0000] {logging_mixin.py:137} INFO - [2023-02-03T11:44:34.971+0000] {taskmixin.py:205} WARNING - Dependency <Task(_PythonDecoratedOperator): log_sql_query>, print_the_context already registered for DAG: example_python_operator
[2023-02-03T11:44:34.973+0000] {logging_mixin.py:137} INFO - [2023-02-03T11:44:34.973+0000] {taskmixin.py:205} WARNING - Dependency <Task(_PythonDecoratedOperator): print_the_context>, log_sql_query already registered for DAG: example_python_operator
[2023-02-03T11:44:34.974+0000] {logging_mixin.py:137} INFO - [2023-02-03T11:44:34.974+0000] {taskmixin.py:205} WARNING - Dependency <Task(_PythonDecoratedOperator): log_sql_query>, print_the_context already registered for DAG: example_python_operator
[2023-02-03T11:44:34.975+0000] {logging_mixin.py:137} INFO - [2023-02-03T11:44:34.975+0000] {taskmixin.py:205} WARNING - Dependency <Task(_PythonDecoratedOperator): print_the_context>, log_sql_query already registered for DAG: example_python_operator
[2023-02-03T11:44:34.976+0000] {logging_mixin.py:137} INFO - [2023-02-03T11:44:34.976+0000] {taskmixin.py:205} WARNING - Dependency <Task(_PythonDecoratedOperator): log_sql_query>, print_the_context already registered for DAG: example_python_operator
[2023-02-03T11:44:34.978+0000] {logging_mixin.py:137} INFO - [2023-02-03T11:44:34.978+0000] {taskmixin.py:205} WARNING - Dependency <Task(_PythonDecoratedOperator): print_the_context>, log_sql_query already registered for DAG: example_python_operator
[2023-02-03T11:44:34.979+0000] {logging_mixin.py:137} INFO - [2023-02-03T11:44:34.979+0000] {taskmixin.py:205} WARNING - Dependency <Task(_PythonDecoratedOperator): log_sql_query>, print_the_context already registered for DAG: example_python_operator
[2023-02-03T11:44:34.997+0000] {processor.py:753} INFO - DAG(s) dict_keys(['example_python_operator']) retrieved from /home/airflow/.local/lib/python3.7/site-packages/airflow/example_dags/example_python_operator.py
[2023-02-03T11:44:35.062+0000] {logging_mixin.py:137} INFO - [2023-02-03T11:44:35.062+0000] {dag.py:2676} INFO - Sync 1 DAGs
[2023-02-03T11:44:35.136+0000] {logging_mixin.py:137} INFO - [2023-02-03T11:44:35.136+0000] {dag.py:3427} INFO - Setting next_dagrun for example_python_operator to None, run_after=None
[2023-02-03T11:44:35.176+0000] {processor.py:175} INFO - Processing /home/airflow/.local/lib/python3.7/site-packages/airflow/example_dags/example_python_operator.py took 0.242 seconds
[2023-02-03T11:45:05.248+0000] {processor.py:153} INFO - Started process (PID=235) to work on /home/airflow/.local/lib/python3.7/site-packages/airflow/example_dags/example_python_operator.py
[2023-02-03T11:45:05.253+0000] {processor.py:743} INFO - Processing file /home/airflow/.local/lib/python3.7/site-packages/airflow/example_dags/example_python_operator.py for tasks to queue
[2023-02-03T11:45:05.255+0000] {logging_mixin.py:137} INFO - [2023-02-03T11:45:05.254+0000] {dagbag.py:538} INFO - Filling up the DagBag from /home/airflow/.local/lib/python3.7/site-packages/airflow/example_dags/example_python_operator.py
[2023-02-03T11:45:05.280+0000] {logging_mixin.py:137} INFO - [2023-02-03T11:45:05.280+0000] {taskmixin.py:205} WARNING - Dependency <Task(_PythonDecoratedOperator): print_the_context>, log_sql_query already registered for DAG: example_python_operator
[2023-02-03T11:45:05.281+0000] {logging_mixin.py:137} INFO - [2023-02-03T11:45:05.281+0000] {taskmixin.py:205} WARNING - Dependency <Task(_PythonDecoratedOperator): log_sql_query>, print_the_context already registered for DAG: example_python_operator
[2023-02-03T11:45:05.282+0000] {logging_mixin.py:137} INFO - [2023-02-03T11:45:05.282+0000] {taskmixin.py:205} WARNING - Dependency <Task(_PythonDecoratedOperator): print_the_context>, log_sql_query already registered for DAG: example_python_operator
[2023-02-03T11:45:05.283+0000] {logging_mixin.py:137} INFO - [2023-02-03T11:45:05.283+0000] {taskmixin.py:205} WARNING - Dependency <Task(_PythonDecoratedOperator): log_sql_query>, print_the_context already registered for DAG: example_python_operator
[2023-02-03T11:45:05.285+0000] {logging_mixin.py:137} INFO - [2023-02-03T11:45:05.285+0000] {taskmixin.py:205} WARNING - Dependency <Task(_PythonDecoratedOperator): print_the_context>, log_sql_query already registered for DAG: example_python_operator
[2023-02-03T11:45:05.286+0000] {logging_mixin.py:137} INFO - [2023-02-03T11:45:05.286+0000] {taskmixin.py:205} WARNING - Dependency <Task(_PythonDecoratedOperator): log_sql_query>, print_the_context already registered for DAG: example_python_operator
[2023-02-03T11:45:05.287+0000] {logging_mixin.py:137} INFO - [2023-02-03T11:45:05.287+0000] {taskmixin.py:205} WARNING - Dependency <Task(_PythonDecoratedOperator): print_the_context>, log_sql_query already registered for DAG: example_python_operator
[2023-02-03T11:45:05.288+0000] {logging_mixin.py:137} INFO - [2023-02-03T11:45:05.288+0000] {taskmixin.py:205} WARNING - Dependency <Task(_PythonDecoratedOperator): log_sql_query>, print_the_context already registered for DAG: example_python_operator
[2023-02-03T11:45:05.300+0000] {processor.py:753} INFO - DAG(s) dict_keys(['example_python_operator']) retrieved from /home/airflow/.local/lib/python3.7/site-packages/airflow/example_dags/example_python_operator.py
[2023-02-03T11:45:05.375+0000] {logging_mixin.py:137} INFO - [2023-02-03T11:45:05.375+0000] {dag.py:2676} INFO - Sync 1 DAGs
[2023-02-03T11:45:05.427+0000] {logging_mixin.py:137} INFO - [2023-02-03T11:45:05.427+0000] {dag.py:3427} INFO - Setting next_dagrun for example_python_operator to None, run_after=None
[2023-02-03T11:45:05.471+0000] {processor.py:175} INFO - Processing /home/airflow/.local/lib/python3.7/site-packages/airflow/example_dags/example_python_operator.py took 0.228 seconds
[2023-02-03T11:45:35.856+0000] {processor.py:153} INFO - Started process (PID=297) to work on /home/airflow/.local/lib/python3.7/site-packages/airflow/example_dags/example_python_operator.py
[2023-02-03T11:45:35.857+0000] {processor.py:743} INFO - Processing file /home/airflow/.local/lib/python3.7/site-packages/airflow/example_dags/example_python_operator.py for tasks to queue
[2023-02-03T11:45:35.859+0000] {logging_mixin.py:137} INFO - [2023-02-03T11:45:35.858+0000] {dagbag.py:538} INFO - Filling up the DagBag from /home/airflow/.local/lib/python3.7/site-packages/airflow/example_dags/example_python_operator.py
[2023-02-03T11:45:35.881+0000] {logging_mixin.py:137} INFO - [2023-02-03T11:45:35.881+0000] {taskmixin.py:205} WARNING - Dependency <Task(_PythonDecoratedOperator): print_the_context>, log_sql_query already registered for DAG: example_python_operator
[2023-02-03T11:45:35.882+0000] {logging_mixin.py:137} INFO - [2023-02-03T11:45:35.882+0000] {taskmixin.py:205} WARNING - Dependency <Task(_PythonDecoratedOperator): log_sql_query>, print_the_context already registered for DAG: example_python_operator
[2023-02-03T11:45:35.884+0000] {logging_mixin.py:137} INFO - [2023-02-03T11:45:35.883+0000] {taskmixin.py:205} WARNING - Dependency <Task(_PythonDecoratedOperator): print_the_context>, log_sql_query already registered for DAG: example_python_operator
[2023-02-03T11:45:35.884+0000] {logging_mixin.py:137} INFO - [2023-02-03T11:45:35.884+0000] {taskmixin.py:205} WARNING - Dependency <Task(_PythonDecoratedOperator): log_sql_query>, print_the_context already registered for DAG: example_python_operator
[2023-02-03T11:45:35.885+0000] {logging_mixin.py:137} INFO - [2023-02-03T11:45:35.885+0000] {taskmixin.py:205} WARNING - Dependency <Task(_PythonDecoratedOperator): print_the_context>, log_sql_query already registered for DAG: example_python_operator
[2023-02-03T11:45:35.887+0000] {logging_mixin.py:137} INFO - [2023-02-03T11:45:35.886+0000] {taskmixin.py:205} WARNING - Dependency <Task(_PythonDecoratedOperator): log_sql_query>, print_the_context already registered for DAG: example_python_operator
[2023-02-03T11:45:35.888+0000] {logging_mixin.py:137} INFO - [2023-02-03T11:45:35.888+0000] {taskmixin.py:205} WARNING - Dependency <Task(_PythonDecoratedOperator): print_the_context>, log_sql_query already registered for DAG: example_python_operator
[2023-02-03T11:45:35.888+0000] {logging_mixin.py:137} INFO - [2023-02-03T11:45:35.888+0000] {taskmixin.py:205} WARNING - Dependency <Task(_PythonDecoratedOperator): log_sql_query>, print_the_context already registered for DAG: example_python_operator
[2023-02-03T11:45:35.897+0000] {processor.py:753} INFO - DAG(s) dict_keys(['example_python_operator']) retrieved from /home/airflow/.local/lib/python3.7/site-packages/airflow/example_dags/example_python_operator.py
[2023-02-03T11:45:35.961+0000] {logging_mixin.py:137} INFO - [2023-02-03T11:45:35.960+0000] {dag.py:2676} INFO - Sync 1 DAGs
[2023-02-03T11:45:36.012+0000] {logging_mixin.py:137} INFO - [2023-02-03T11:45:36.012+0000] {dag.py:3427} INFO - Setting next_dagrun for example_python_operator to None, run_after=None
[2023-02-03T11:45:36.051+0000] {processor.py:175} INFO - Processing /home/airflow/.local/lib/python3.7/site-packages/airflow/example_dags/example_python_operator.py took 0.200 seconds
[2023-02-03T11:46:06.559+0000] {processor.py:153} INFO - Started process (PID=372) to work on /home/airflow/.local/lib/python3.7/site-packages/airflow/example_dags/example_python_operator.py
[2023-02-03T11:46:06.563+0000] {processor.py:743} INFO - Processing file /home/airflow/.local/lib/python3.7/site-packages/airflow/example_dags/example_python_operator.py for tasks to queue
[2023-02-03T11:46:06.565+0000] {logging_mixin.py:137} INFO - [2023-02-03T11:46:06.564+0000] {dagbag.py:538} INFO - Filling up the DagBag from /home/airflow/.local/lib/python3.7/site-packages/airflow/example_dags/example_python_operator.py
[2023-02-03T11:46:06.588+0000] {logging_mixin.py:137} INFO - [2023-02-03T11:46:06.588+0000] {taskmixin.py:205} WARNING - Dependency <Task(_PythonDecoratedOperator): print_the_context>, log_sql_query already registered for DAG: example_python_operator
[2023-02-03T11:46:06.590+0000] {logging_mixin.py:137} INFO - [2023-02-03T11:46:06.589+0000] {taskmixin.py:205} WARNING - Dependency <Task(_PythonDecoratedOperator): log_sql_query>, print_the_context already registered for DAG: example_python_operator
[2023-02-03T11:46:06.591+0000] {logging_mixin.py:137} INFO - [2023-02-03T11:46:06.591+0000] {taskmixin.py:205} WARNING - Dependency <Task(_PythonDecoratedOperator): print_the_context>, log_sql_query already registered for DAG: example_python_operator
[2023-02-03T11:46:06.592+0000] {logging_mixin.py:137} INFO - [2023-02-03T11:46:06.592+0000] {taskmixin.py:205} WARNING - Dependency <Task(_PythonDecoratedOperator): log_sql_query>, print_the_context already registered for DAG: example_python_operator
[2023-02-03T11:46:06.594+0000] {logging_mixin.py:137} INFO - [2023-02-03T11:46:06.593+0000] {taskmixin.py:205} WARNING - Dependency <Task(_PythonDecoratedOperator): print_the_context>, log_sql_query already registered for DAG: example_python_operator
[2023-02-03T11:46:06.594+0000] {logging_mixin.py:137} INFO - [2023-02-03T11:46:06.594+0000] {taskmixin.py:205} WARNING - Dependency <Task(_PythonDecoratedOperator): log_sql_query>, print_the_context already registered for DAG: example_python_operator
[2023-02-03T11:46:06.596+0000] {logging_mixin.py:137} INFO - [2023-02-03T11:46:06.596+0000] {taskmixin.py:205} WARNING - Dependency <Task(_PythonDecoratedOperator): print_the_context>, log_sql_query already registered for DAG: example_python_operator
[2023-02-03T11:46:06.597+0000] {logging_mixin.py:137} INFO - [2023-02-03T11:46:06.596+0000] {taskmixin.py:205} WARNING - Dependency <Task(_PythonDecoratedOperator): log_sql_query>, print_the_context already registered for DAG: example_python_operator
[2023-02-03T11:46:06.605+0000] {processor.py:753} INFO - DAG(s) dict_keys(['example_python_operator']) retrieved from /home/airflow/.local/lib/python3.7/site-packages/airflow/example_dags/example_python_operator.py
[2023-02-03T11:46:06.693+0000] {logging_mixin.py:137} INFO - [2023-02-03T11:46:06.693+0000] {dag.py:2676} INFO - Sync 1 DAGs
[2023-02-03T11:46:06.766+0000] {logging_mixin.py:137} INFO - [2023-02-03T11:46:06.766+0000] {dag.py:3427} INFO - Setting next_dagrun for example_python_operator to None, run_after=None
[2023-02-03T11:46:06.818+0000] {processor.py:175} INFO - Processing /home/airflow/.local/lib/python3.7/site-packages/airflow/example_dags/example_python_operator.py took 0.277 seconds
[2023-02-03T11:46:37.001+0000] {processor.py:153} INFO - Started process (PID=435) to work on /home/airflow/.local/lib/python3.7/site-packages/airflow/example_dags/example_python_operator.py
[2023-02-03T11:46:37.003+0000] {processor.py:743} INFO - Processing file /home/airflow/.local/lib/python3.7/site-packages/airflow/example_dags/example_python_operator.py for tasks to queue
[2023-02-03T11:46:37.004+0000] {logging_mixin.py:137} INFO - [2023-02-03T11:46:37.004+0000] {dagbag.py:538} INFO - Filling up the DagBag from /home/airflow/.local/lib/python3.7/site-packages/airflow/example_dags/example_python_operator.py
[2023-02-03T11:46:37.025+0000] {logging_mixin.py:137} INFO - [2023-02-03T11:46:37.025+0000] {taskmixin.py:205} WARNING - Dependency <Task(_PythonDecoratedOperator): print_the_context>, log_sql_query already registered for DAG: example_python_operator
[2023-02-03T11:46:37.026+0000] {logging_mixin.py:137} INFO - [2023-02-03T11:46:37.026+0000] {taskmixin.py:205} WARNING - Dependency <Task(_PythonDecoratedOperator): log_sql_query>, print_the_context already registered for DAG: example_python_operator
[2023-02-03T11:46:37.029+0000] {logging_mixin.py:137} INFO - [2023-02-03T11:46:37.028+0000] {taskmixin.py:205} WARNING - Dependency <Task(_PythonDecoratedOperator): print_the_context>, log_sql_query already registered for DAG: example_python_operator
[2023-02-03T11:46:37.029+0000] {logging_mixin.py:137} INFO - [2023-02-03T11:46:37.029+0000] {taskmixin.py:205} WARNING - Dependency <Task(_PythonDecoratedOperator): log_sql_query>, print_the_context already registered for DAG: example_python_operator
[2023-02-03T11:46:37.031+0000] {logging_mixin.py:137} INFO - [2023-02-03T11:46:37.031+0000] {taskmixin.py:205} WARNING - Dependency <Task(_PythonDecoratedOperator): print_the_context>, log_sql_query already registered for DAG: example_python_operator
[2023-02-03T11:46:37.031+0000] {logging_mixin.py:137} INFO - [2023-02-03T11:46:37.031+0000] {taskmixin.py:205} WARNING - Dependency <Task(_PythonDecoratedOperator): log_sql_query>, print_the_context already registered for DAG: example_python_operator
[2023-02-03T11:46:37.033+0000] {logging_mixin.py:137} INFO - [2023-02-03T11:46:37.033+0000] {taskmixin.py:205} WARNING - Dependency <Task(_PythonDecoratedOperator): print_the_context>, log_sql_query already registered for DAG: example_python_operator
[2023-02-03T11:46:37.033+0000] {logging_mixin.py:137} INFO - [2023-02-03T11:46:37.033+0000] {taskmixin.py:205} WARNING - Dependency <Task(_PythonDecoratedOperator): log_sql_query>, print_the_context already registered for DAG: example_python_operator
[2023-02-03T11:46:37.041+0000] {processor.py:753} INFO - DAG(s) dict_keys(['example_python_operator']) retrieved from /home/airflow/.local/lib/python3.7/site-packages/airflow/example_dags/example_python_operator.py
[2023-02-03T11:46:37.100+0000] {logging_mixin.py:137} INFO - [2023-02-03T11:46:37.100+0000] {dag.py:2676} INFO - Sync 1 DAGs
[2023-02-03T11:46:37.149+0000] {logging_mixin.py:137} INFO - [2023-02-03T11:46:37.149+0000] {dag.py:3427} INFO - Setting next_dagrun for example_python_operator to None, run_after=None
[2023-02-03T11:46:37.181+0000] {processor.py:175} INFO - Processing /home/airflow/.local/lib/python3.7/site-packages/airflow/example_dags/example_python_operator.py took 0.185 seconds
[2023-02-03T11:47:07.897+0000] {processor.py:153} INFO - Started process (PID=497) to work on /home/airflow/.local/lib/python3.7/site-packages/airflow/example_dags/example_python_operator.py
[2023-02-03T11:47:07.899+0000] {processor.py:743} INFO - Processing file /home/airflow/.local/lib/python3.7/site-packages/airflow/example_dags/example_python_operator.py for tasks to queue
[2023-02-03T11:47:07.901+0000] {logging_mixin.py:137} INFO - [2023-02-03T11:47:07.901+0000] {dagbag.py:538} INFO - Filling up the DagBag from /home/airflow/.local/lib/python3.7/site-packages/airflow/example_dags/example_python_operator.py
[2023-02-03T11:47:07.928+0000] {logging_mixin.py:137} INFO - [2023-02-03T11:47:07.928+0000] {taskmixin.py:205} WARNING - Dependency <Task(_PythonDecoratedOperator): print_the_context>, log_sql_query already registered for DAG: example_python_operator
[2023-02-03T11:47:07.929+0000] {logging_mixin.py:137} INFO - [2023-02-03T11:47:07.929+0000] {taskmixin.py:205} WARNING - Dependency <Task(_PythonDecoratedOperator): log_sql_query>, print_the_context already registered for DAG: example_python_operator
[2023-02-03T11:47:07.931+0000] {logging_mixin.py:137} INFO - [2023-02-03T11:47:07.930+0000] {taskmixin.py:205} WARNING - Dependency <Task(_PythonDecoratedOperator): print_the_context>, log_sql_query already registered for DAG: example_python_operator
[2023-02-03T11:47:07.931+0000] {logging_mixin.py:137} INFO - [2023-02-03T11:47:07.931+0000] {taskmixin.py:205} WARNING - Dependency <Task(_PythonDecoratedOperator): log_sql_query>, print_the_context already registered for DAG: example_python_operator
[2023-02-03T11:47:07.933+0000] {logging_mixin.py:137} INFO - [2023-02-03T11:47:07.933+0000] {taskmixin.py:205} WARNING - Dependency <Task(_PythonDecoratedOperator): print_the_context>, log_sql_query already registered for DAG: example_python_operator
[2023-02-03T11:47:07.934+0000] {logging_mixin.py:137} INFO - [2023-02-03T11:47:07.934+0000] {taskmixin.py:205} WARNING - Dependency <Task(_PythonDecoratedOperator): log_sql_query>, print_the_context already registered for DAG: example_python_operator
[2023-02-03T11:47:07.936+0000] {logging_mixin.py:137} INFO - [2023-02-03T11:47:07.936+0000] {taskmixin.py:205} WARNING - Dependency <Task(_PythonDecoratedOperator): print_the_context>, log_sql_query already registered for DAG: example_python_operator
[2023-02-03T11:47:07.937+0000] {logging_mixin.py:137} INFO - [2023-02-03T11:47:07.937+0000] {taskmixin.py:205} WARNING - Dependency <Task(_PythonDecoratedOperator): log_sql_query>, print_the_context already registered for DAG: example_python_operator
[2023-02-03T11:47:07.946+0000] {processor.py:753} INFO - DAG(s) dict_keys(['example_python_operator']) retrieved from /home/airflow/.local/lib/python3.7/site-packages/airflow/example_dags/example_python_operator.py
[2023-02-03T11:47:08.028+0000] {logging_mixin.py:137} INFO - [2023-02-03T11:47:08.028+0000] {dag.py:2676} INFO - Sync 1 DAGs
[2023-02-03T11:47:08.092+0000] {logging_mixin.py:137} INFO - [2023-02-03T11:47:08.091+0000] {dag.py:3427} INFO - Setting next_dagrun for example_python_operator to None, run_after=None
[2023-02-03T11:47:08.137+0000] {processor.py:175} INFO - Processing /home/airflow/.local/lib/python3.7/site-packages/airflow/example_dags/example_python_operator.py took 0.245 seconds
[2023-02-03T11:47:38.416+0000] {processor.py:153} INFO - Started process (PID=570) to work on /home/airflow/.local/lib/python3.7/site-packages/airflow/example_dags/example_python_operator.py
[2023-02-03T11:47:38.418+0000] {processor.py:743} INFO - Processing file /home/airflow/.local/lib/python3.7/site-packages/airflow/example_dags/example_python_operator.py for tasks to queue
[2023-02-03T11:47:38.420+0000] {logging_mixin.py:137} INFO - [2023-02-03T11:47:38.419+0000] {dagbag.py:538} INFO - Filling up the DagBag from /home/airflow/.local/lib/python3.7/site-packages/airflow/example_dags/example_python_operator.py
[2023-02-03T11:47:38.470+0000] {logging_mixin.py:137} INFO - [2023-02-03T11:47:38.470+0000] {taskmixin.py:205} WARNING - Dependency <Task(_PythonDecoratedOperator): print_the_context>, log_sql_query already registered for DAG: example_python_operator
[2023-02-03T11:47:38.471+0000] {logging_mixin.py:137} INFO - [2023-02-03T11:47:38.471+0000] {taskmixin.py:205} WARNING - Dependency <Task(_PythonDecoratedOperator): log_sql_query>, print_the_context already registered for DAG: example_python_operator
[2023-02-03T11:47:38.474+0000] {logging_mixin.py:137} INFO - [2023-02-03T11:47:38.473+0000] {taskmixin.py:205} WARNING - Dependency <Task(_PythonDecoratedOperator): print_the_context>, log_sql_query already registered for DAG: example_python_operator
[2023-02-03T11:47:38.475+0000] {logging_mixin.py:137} INFO - [2023-02-03T11:47:38.475+0000] {taskmixin.py:205} WARNING - Dependency <Task(_PythonDecoratedOperator): log_sql_query>, print_the_context already registered for DAG: example_python_operator
[2023-02-03T11:47:38.478+0000] {logging_mixin.py:137} INFO - [2023-02-03T11:47:38.477+0000] {taskmixin.py:205} WARNING - Dependency <Task(_PythonDecoratedOperator): print_the_context>, log_sql_query already registered for DAG: example_python_operator
[2023-02-03T11:47:38.479+0000] {logging_mixin.py:137} INFO - [2023-02-03T11:47:38.479+0000] {taskmixin.py:205} WARNING - Dependency <Task(_PythonDecoratedOperator): log_sql_query>, print_the_context already registered for DAG: example_python_operator
[2023-02-03T11:47:38.481+0000] {logging_mixin.py:137} INFO - [2023-02-03T11:47:38.481+0000] {taskmixin.py:205} WARNING - Dependency <Task(_PythonDecoratedOperator): print_the_context>, log_sql_query already registered for DAG: example_python_operator
[2023-02-03T11:47:38.482+0000] {logging_mixin.py:137} INFO - [2023-02-03T11:47:38.482+0000] {taskmixin.py:205} WARNING - Dependency <Task(_PythonDecoratedOperator): log_sql_query>, print_the_context already registered for DAG: example_python_operator
[2023-02-03T11:47:38.513+0000] {processor.py:753} INFO - DAG(s) dict_keys(['example_python_operator']) retrieved from /home/airflow/.local/lib/python3.7/site-packages/airflow/example_dags/example_python_operator.py
[2023-02-03T11:47:38.633+0000] {logging_mixin.py:137} INFO - [2023-02-03T11:47:38.633+0000] {dag.py:2676} INFO - Sync 1 DAGs
[2023-02-03T11:47:38.700+0000] {logging_mixin.py:137} INFO - [2023-02-03T11:47:38.700+0000] {dag.py:3427} INFO - Setting next_dagrun for example_python_operator to None, run_after=None
[2023-02-03T11:47:38.744+0000] {processor.py:175} INFO - Processing /home/airflow/.local/lib/python3.7/site-packages/airflow/example_dags/example_python_operator.py took 0.332 seconds
[2023-02-03T11:48:09.396+0000] {processor.py:153} INFO - Started process (PID=632) to work on /home/airflow/.local/lib/python3.7/site-packages/airflow/example_dags/example_python_operator.py
[2023-02-03T11:48:09.398+0000] {processor.py:743} INFO - Processing file /home/airflow/.local/lib/python3.7/site-packages/airflow/example_dags/example_python_operator.py for tasks to queue
[2023-02-03T11:48:09.399+0000] {logging_mixin.py:137} INFO - [2023-02-03T11:48:09.399+0000] {dagbag.py:538} INFO - Filling up the DagBag from /home/airflow/.local/lib/python3.7/site-packages/airflow/example_dags/example_python_operator.py
[2023-02-03T11:48:09.425+0000] {logging_mixin.py:137} INFO - [2023-02-03T11:48:09.425+0000] {taskmixin.py:205} WARNING - Dependency <Task(_PythonDecoratedOperator): print_the_context>, log_sql_query already registered for DAG: example_python_operator
[2023-02-03T11:48:09.426+0000] {logging_mixin.py:137} INFO - [2023-02-03T11:48:09.426+0000] {taskmixin.py:205} WARNING - Dependency <Task(_PythonDecoratedOperator): log_sql_query>, print_the_context already registered for DAG: example_python_operator
[2023-02-03T11:48:09.428+0000] {logging_mixin.py:137} INFO - [2023-02-03T11:48:09.427+0000] {taskmixin.py:205} WARNING - Dependency <Task(_PythonDecoratedOperator): print_the_context>, log_sql_query already registered for DAG: example_python_operator
[2023-02-03T11:48:09.428+0000] {logging_mixin.py:137} INFO - [2023-02-03T11:48:09.428+0000] {taskmixin.py:205} WARNING - Dependency <Task(_PythonDecoratedOperator): log_sql_query>, print_the_context already registered for DAG: example_python_operator
[2023-02-03T11:48:09.430+0000] {logging_mixin.py:137} INFO - [2023-02-03T11:48:09.430+0000] {taskmixin.py:205} WARNING - Dependency <Task(_PythonDecoratedOperator): print_the_context>, log_sql_query already registered for DAG: example_python_operator
[2023-02-03T11:48:09.431+0000] {logging_mixin.py:137} INFO - [2023-02-03T11:48:09.431+0000] {taskmixin.py:205} WARNING - Dependency <Task(_PythonDecoratedOperator): log_sql_query>, print_the_context already registered for DAG: example_python_operator
[2023-02-03T11:48:09.432+0000] {logging_mixin.py:137} INFO - [2023-02-03T11:48:09.432+0000] {taskmixin.py:205} WARNING - Dependency <Task(_PythonDecoratedOperator): print_the_context>, log_sql_query already registered for DAG: example_python_operator
[2023-02-03T11:48:09.433+0000] {logging_mixin.py:137} INFO - [2023-02-03T11:48:09.433+0000] {taskmixin.py:205} WARNING - Dependency <Task(_PythonDecoratedOperator): log_sql_query>, print_the_context already registered for DAG: example_python_operator
[2023-02-03T11:48:09.444+0000] {processor.py:753} INFO - DAG(s) dict_keys(['example_python_operator']) retrieved from /home/airflow/.local/lib/python3.7/site-packages/airflow/example_dags/example_python_operator.py
[2023-02-03T11:48:09.525+0000] {logging_mixin.py:137} INFO - [2023-02-03T11:48:09.525+0000] {dag.py:2676} INFO - Sync 1 DAGs
[2023-02-03T11:48:09.583+0000] {logging_mixin.py:137} INFO - [2023-02-03T11:48:09.583+0000] {dag.py:3427} INFO - Setting next_dagrun for example_python_operator to None, run_after=None
[2023-02-03T11:48:09.628+0000] {processor.py:175} INFO - Processing /home/airflow/.local/lib/python3.7/site-packages/airflow/example_dags/example_python_operator.py took 0.237 seconds
[2023-02-03T11:48:40.601+0000] {processor.py:153} INFO - Started process (PID=701) to work on /home/airflow/.local/lib/python3.7/site-packages/airflow/example_dags/example_python_operator.py
[2023-02-03T11:48:40.603+0000] {processor.py:743} INFO - Processing file /home/airflow/.local/lib/python3.7/site-packages/airflow/example_dags/example_python_operator.py for tasks to queue
[2023-02-03T11:48:40.605+0000] {logging_mixin.py:137} INFO - [2023-02-03T11:48:40.605+0000] {dagbag.py:538} INFO - Filling up the DagBag from /home/airflow/.local/lib/python3.7/site-packages/airflow/example_dags/example_python_operator.py
[2023-02-03T11:48:40.633+0000] {logging_mixin.py:137} INFO - [2023-02-03T11:48:40.633+0000] {taskmixin.py:205} WARNING - Dependency <Task(_PythonDecoratedOperator): print_the_context>, log_sql_query already registered for DAG: example_python_operator
[2023-02-03T11:48:40.637+0000] {logging_mixin.py:137} INFO - [2023-02-03T11:48:40.637+0000] {taskmixin.py:205} WARNING - Dependency <Task(_PythonDecoratedOperator): log_sql_query>, print_the_context already registered for DAG: example_python_operator
[2023-02-03T11:48:40.644+0000] {logging_mixin.py:137} INFO - [2023-02-03T11:48:40.643+0000] {taskmixin.py:205} WARNING - Dependency <Task(_PythonDecoratedOperator): print_the_context>, log_sql_query already registered for DAG: example_python_operator
[2023-02-03T11:48:40.659+0000] {logging_mixin.py:137} INFO - [2023-02-03T11:48:40.651+0000] {taskmixin.py:205} WARNING - Dependency <Task(_PythonDecoratedOperator): log_sql_query>, print_the_context already registered for DAG: example_python_operator
[2023-02-03T11:48:40.661+0000] {logging_mixin.py:137} INFO - [2023-02-03T11:48:40.661+0000] {taskmixin.py:205} WARNING - Dependency <Task(_PythonDecoratedOperator): print_the_context>, log_sql_query already registered for DAG: example_python_operator
[2023-02-03T11:48:40.663+0000] {logging_mixin.py:137} INFO - [2023-02-03T11:48:40.663+0000] {taskmixin.py:205} WARNING - Dependency <Task(_PythonDecoratedOperator): log_sql_query>, print_the_context already registered for DAG: example_python_operator
[2023-02-03T11:48:40.667+0000] {logging_mixin.py:137} INFO - [2023-02-03T11:48:40.666+0000] {taskmixin.py:205} WARNING - Dependency <Task(_PythonDecoratedOperator): print_the_context>, log_sql_query already registered for DAG: example_python_operator
[2023-02-03T11:48:40.674+0000] {logging_mixin.py:137} INFO - [2023-02-03T11:48:40.669+0000] {taskmixin.py:205} WARNING - Dependency <Task(_PythonDecoratedOperator): log_sql_query>, print_the_context already registered for DAG: example_python_operator
[2023-02-03T11:48:40.690+0000] {processor.py:753} INFO - DAG(s) dict_keys(['example_python_operator']) retrieved from /home/airflow/.local/lib/python3.7/site-packages/airflow/example_dags/example_python_operator.py
[2023-02-03T11:48:40.779+0000] {logging_mixin.py:137} INFO - [2023-02-03T11:48:40.779+0000] {dag.py:2676} INFO - Sync 1 DAGs
[2023-02-03T11:48:40.856+0000] {logging_mixin.py:137} INFO - [2023-02-03T11:48:40.856+0000] {dag.py:3427} INFO - Setting next_dagrun for example_python_operator to None, run_after=None
[2023-02-03T11:48:40.894+0000] {processor.py:175} INFO - Processing /home/airflow/.local/lib/python3.7/site-packages/airflow/example_dags/example_python_operator.py took 0.297 seconds
[2023-02-03T11:49:11.434+0000] {processor.py:153} INFO - Started process (PID=768) to work on /home/airflow/.local/lib/python3.7/site-packages/airflow/example_dags/example_python_operator.py
[2023-02-03T11:49:11.436+0000] {processor.py:743} INFO - Processing file /home/airflow/.local/lib/python3.7/site-packages/airflow/example_dags/example_python_operator.py for tasks to queue
[2023-02-03T11:49:11.438+0000] {logging_mixin.py:137} INFO - [2023-02-03T11:49:11.437+0000] {dagbag.py:538} INFO - Filling up the DagBag from /home/airflow/.local/lib/python3.7/site-packages/airflow/example_dags/example_python_operator.py
[2023-02-03T11:49:11.459+0000] {logging_mixin.py:137} INFO - [2023-02-03T11:49:11.459+0000] {taskmixin.py:205} WARNING - Dependency <Task(_PythonDecoratedOperator): print_the_context>, log_sql_query already registered for DAG: example_python_operator
[2023-02-03T11:49:11.460+0000] {logging_mixin.py:137} INFO - [2023-02-03T11:49:11.460+0000] {taskmixin.py:205} WARNING - Dependency <Task(_PythonDecoratedOperator): log_sql_query>, print_the_context already registered for DAG: example_python_operator
[2023-02-03T11:49:11.461+0000] {logging_mixin.py:137} INFO - [2023-02-03T11:49:11.461+0000] {taskmixin.py:205} WARNING - Dependency <Task(_PythonDecoratedOperator): print_the_context>, log_sql_query already registered for DAG: example_python_operator
[2023-02-03T11:49:11.462+0000] {logging_mixin.py:137} INFO - [2023-02-03T11:49:11.462+0000] {taskmixin.py:205} WARNING - Dependency <Task(_PythonDecoratedOperator): log_sql_query>, print_the_context already registered for DAG: example_python_operator
[2023-02-03T11:49:11.463+0000] {logging_mixin.py:137} INFO - [2023-02-03T11:49:11.463+0000] {taskmixin.py:205} WARNING - Dependency <Task(_PythonDecoratedOperator): print_the_context>, log_sql_query already registered for DAG: example_python_operator
[2023-02-03T11:49:11.464+0000] {logging_mixin.py:137} INFO - [2023-02-03T11:49:11.464+0000] {taskmixin.py:205} WARNING - Dependency <Task(_PythonDecoratedOperator): log_sql_query>, print_the_context already registered for DAG: example_python_operator
[2023-02-03T11:49:11.465+0000] {logging_mixin.py:137} INFO - [2023-02-03T11:49:11.465+0000] {taskmixin.py:205} WARNING - Dependency <Task(_PythonDecoratedOperator): print_the_context>, log_sql_query already registered for DAG: example_python_operator
[2023-02-03T11:49:11.466+0000] {logging_mixin.py:137} INFO - [2023-02-03T11:49:11.465+0000] {taskmixin.py:205} WARNING - Dependency <Task(_PythonDecoratedOperator): log_sql_query>, print_the_context already registered for DAG: example_python_operator
[2023-02-03T11:49:11.475+0000] {processor.py:753} INFO - DAG(s) dict_keys(['example_python_operator']) retrieved from /home/airflow/.local/lib/python3.7/site-packages/airflow/example_dags/example_python_operator.py
[2023-02-03T11:49:11.547+0000] {logging_mixin.py:137} INFO - [2023-02-03T11:49:11.547+0000] {dag.py:2676} INFO - Sync 1 DAGs
[2023-02-03T11:49:11.595+0000] {logging_mixin.py:137} INFO - [2023-02-03T11:49:11.594+0000] {dag.py:3427} INFO - Setting next_dagrun for example_python_operator to None, run_after=None
[2023-02-03T11:49:11.630+0000] {processor.py:175} INFO - Processing /home/airflow/.local/lib/python3.7/site-packages/airflow/example_dags/example_python_operator.py took 0.201 seconds
[2023-02-03T11:49:42.184+0000] {processor.py:153} INFO - Started process (PID=830) to work on /home/airflow/.local/lib/python3.7/site-packages/airflow/example_dags/example_python_operator.py
[2023-02-03T11:49:42.186+0000] {processor.py:743} INFO - Processing file /home/airflow/.local/lib/python3.7/site-packages/airflow/example_dags/example_python_operator.py for tasks to queue
[2023-02-03T11:49:42.187+0000] {logging_mixin.py:137} INFO - [2023-02-03T11:49:42.187+0000] {dagbag.py:538} INFO - Filling up the DagBag from /home/airflow/.local/lib/python3.7/site-packages/airflow/example_dags/example_python_operator.py
[2023-02-03T11:49:42.212+0000] {logging_mixin.py:137} INFO - [2023-02-03T11:49:42.212+0000] {taskmixin.py:205} WARNING - Dependency <Task(_PythonDecoratedOperator): print_the_context>, log_sql_query already registered for DAG: example_python_operator
[2023-02-03T11:49:42.213+0000] {logging_mixin.py:137} INFO - [2023-02-03T11:49:42.213+0000] {taskmixin.py:205} WARNING - Dependency <Task(_PythonDecoratedOperator): log_sql_query>, print_the_context already registered for DAG: example_python_operator
[2023-02-03T11:49:42.216+0000] {logging_mixin.py:137} INFO - [2023-02-03T11:49:42.215+0000] {taskmixin.py:205} WARNING - Dependency <Task(_PythonDecoratedOperator): print_the_context>, log_sql_query already registered for DAG: example_python_operator
[2023-02-03T11:49:42.217+0000] {logging_mixin.py:137} INFO - [2023-02-03T11:49:42.217+0000] {taskmixin.py:205} WARNING - Dependency <Task(_PythonDecoratedOperator): log_sql_query>, print_the_context already registered for DAG: example_python_operator
[2023-02-03T11:49:42.220+0000] {logging_mixin.py:137} INFO - [2023-02-03T11:49:42.220+0000] {taskmixin.py:205} WARNING - Dependency <Task(_PythonDecoratedOperator): print_the_context>, log_sql_query already registered for DAG: example_python_operator
[2023-02-03T11:49:42.221+0000] {logging_mixin.py:137} INFO - [2023-02-03T11:49:42.221+0000] {taskmixin.py:205} WARNING - Dependency <Task(_PythonDecoratedOperator): log_sql_query>, print_the_context already registered for DAG: example_python_operator
[2023-02-03T11:49:42.223+0000] {logging_mixin.py:137} INFO - [2023-02-03T11:49:42.223+0000] {taskmixin.py:205} WARNING - Dependency <Task(_PythonDecoratedOperator): print_the_context>, log_sql_query already registered for DAG: example_python_operator
[2023-02-03T11:49:42.225+0000] {logging_mixin.py:137} INFO - [2023-02-03T11:49:42.225+0000] {taskmixin.py:205} WARNING - Dependency <Task(_PythonDecoratedOperator): log_sql_query>, print_the_context already registered for DAG: example_python_operator
[2023-02-03T11:49:42.237+0000] {processor.py:753} INFO - DAG(s) dict_keys(['example_python_operator']) retrieved from /home/airflow/.local/lib/python3.7/site-packages/airflow/example_dags/example_python_operator.py
[2023-02-03T11:49:42.356+0000] {logging_mixin.py:137} INFO - [2023-02-03T11:49:42.355+0000] {dag.py:2676} INFO - Sync 1 DAGs
[2023-02-03T11:49:42.448+0000] {logging_mixin.py:137} INFO - [2023-02-03T11:49:42.448+0000] {dag.py:3427} INFO - Setting next_dagrun for example_python_operator to None, run_after=None
[2023-02-03T11:49:42.494+0000] {processor.py:175} INFO - Processing /home/airflow/.local/lib/python3.7/site-packages/airflow/example_dags/example_python_operator.py took 0.315 seconds
[2023-02-03T11:50:12.632+0000] {processor.py:153} INFO - Started process (PID=891) to work on /home/airflow/.local/lib/python3.7/site-packages/airflow/example_dags/example_python_operator.py
[2023-02-03T11:50:12.634+0000] {processor.py:743} INFO - Processing file /home/airflow/.local/lib/python3.7/site-packages/airflow/example_dags/example_python_operator.py for tasks to queue
[2023-02-03T11:50:12.636+0000] {logging_mixin.py:137} INFO - [2023-02-03T11:50:12.636+0000] {dagbag.py:538} INFO - Filling up the DagBag from /home/airflow/.local/lib/python3.7/site-packages/airflow/example_dags/example_python_operator.py
[2023-02-03T11:50:12.672+0000] {logging_mixin.py:137} INFO - [2023-02-03T11:50:12.672+0000] {taskmixin.py:205} WARNING - Dependency <Task(_PythonDecoratedOperator): print_the_context>, log_sql_query already registered for DAG: example_python_operator
[2023-02-03T11:50:12.674+0000] {logging_mixin.py:137} INFO - [2023-02-03T11:50:12.674+0000] {taskmixin.py:205} WARNING - Dependency <Task(_PythonDecoratedOperator): log_sql_query>, print_the_context already registered for DAG: example_python_operator
[2023-02-03T11:50:12.678+0000] {logging_mixin.py:137} INFO - [2023-02-03T11:50:12.677+0000] {taskmixin.py:205} WARNING - Dependency <Task(_PythonDecoratedOperator): print_the_context>, log_sql_query already registered for DAG: example_python_operator
[2023-02-03T11:50:12.680+0000] {logging_mixin.py:137} INFO - [2023-02-03T11:50:12.680+0000] {taskmixin.py:205} WARNING - Dependency <Task(_PythonDecoratedOperator): log_sql_query>, print_the_context already registered for DAG: example_python_operator
[2023-02-03T11:50:12.683+0000] {logging_mixin.py:137} INFO - [2023-02-03T11:50:12.683+0000] {taskmixin.py:205} WARNING - Dependency <Task(_PythonDecoratedOperator): print_the_context>, log_sql_query already registered for DAG: example_python_operator
[2023-02-03T11:50:12.684+0000] {logging_mixin.py:137} INFO - [2023-02-03T11:50:12.684+0000] {taskmixin.py:205} WARNING - Dependency <Task(_PythonDecoratedOperator): log_sql_query>, print_the_context already registered for DAG: example_python_operator
[2023-02-03T11:50:12.686+0000] {logging_mixin.py:137} INFO - [2023-02-03T11:50:12.686+0000] {taskmixin.py:205} WARNING - Dependency <Task(_PythonDecoratedOperator): print_the_context>, log_sql_query already registered for DAG: example_python_operator
[2023-02-03T11:50:12.688+0000] {logging_mixin.py:137} INFO - [2023-02-03T11:50:12.688+0000] {taskmixin.py:205} WARNING - Dependency <Task(_PythonDecoratedOperator): log_sql_query>, print_the_context already registered for DAG: example_python_operator
[2023-02-03T11:50:12.705+0000] {processor.py:753} INFO - DAG(s) dict_keys(['example_python_operator']) retrieved from /home/airflow/.local/lib/python3.7/site-packages/airflow/example_dags/example_python_operator.py
[2023-02-03T11:50:12.805+0000] {logging_mixin.py:137} INFO - [2023-02-03T11:50:12.805+0000] {dag.py:2676} INFO - Sync 1 DAGs
[2023-02-03T11:50:12.873+0000] {logging_mixin.py:137} INFO - [2023-02-03T11:50:12.872+0000] {dag.py:3427} INFO - Setting next_dagrun for example_python_operator to None, run_after=None
[2023-02-03T11:50:12.914+0000] {processor.py:175} INFO - Processing /home/airflow/.local/lib/python3.7/site-packages/airflow/example_dags/example_python_operator.py took 0.290 seconds
[2023-02-03T11:50:43.105+0000] {processor.py:153} INFO - Started process (PID=960) to work on /home/airflow/.local/lib/python3.7/site-packages/airflow/example_dags/example_python_operator.py
[2023-02-03T11:50:43.108+0000] {processor.py:743} INFO - Processing file /home/airflow/.local/lib/python3.7/site-packages/airflow/example_dags/example_python_operator.py for tasks to queue
[2023-02-03T11:50:43.110+0000] {logging_mixin.py:137} INFO - [2023-02-03T11:50:43.110+0000] {dagbag.py:538} INFO - Filling up the DagBag from /home/airflow/.local/lib/python3.7/site-packages/airflow/example_dags/example_python_operator.py
[2023-02-03T11:50:43.146+0000] {logging_mixin.py:137} INFO - [2023-02-03T11:50:43.146+0000] {taskmixin.py:205} WARNING - Dependency <Task(_PythonDecoratedOperator): print_the_context>, log_sql_query already registered for DAG: example_python_operator
[2023-02-03T11:50:43.147+0000] {logging_mixin.py:137} INFO - [2023-02-03T11:50:43.147+0000] {taskmixin.py:205} WARNING - Dependency <Task(_PythonDecoratedOperator): log_sql_query>, print_the_context already registered for DAG: example_python_operator
[2023-02-03T11:50:43.148+0000] {logging_mixin.py:137} INFO - [2023-02-03T11:50:43.148+0000] {taskmixin.py:205} WARNING - Dependency <Task(_PythonDecoratedOperator): print_the_context>, log_sql_query already registered for DAG: example_python_operator
[2023-02-03T11:50:43.149+0000] {logging_mixin.py:137} INFO - [2023-02-03T11:50:43.149+0000] {taskmixin.py:205} WARNING - Dependency <Task(_PythonDecoratedOperator): log_sql_query>, print_the_context already registered for DAG: example_python_operator
[2023-02-03T11:50:43.151+0000] {logging_mixin.py:137} INFO - [2023-02-03T11:50:43.150+0000] {taskmixin.py:205} WARNING - Dependency <Task(_PythonDecoratedOperator): print_the_context>, log_sql_query already registered for DAG: example_python_operator
[2023-02-03T11:50:43.153+0000] {logging_mixin.py:137} INFO - [2023-02-03T11:50:43.152+0000] {taskmixin.py:205} WARNING - Dependency <Task(_PythonDecoratedOperator): log_sql_query>, print_the_context already registered for DAG: example_python_operator
[2023-02-03T11:50:43.155+0000] {logging_mixin.py:137} INFO - [2023-02-03T11:50:43.155+0000] {taskmixin.py:205} WARNING - Dependency <Task(_PythonDecoratedOperator): print_the_context>, log_sql_query already registered for DAG: example_python_operator
[2023-02-03T11:50:43.156+0000] {logging_mixin.py:137} INFO - [2023-02-03T11:50:43.156+0000] {taskmixin.py:205} WARNING - Dependency <Task(_PythonDecoratedOperator): log_sql_query>, print_the_context already registered for DAG: example_python_operator
[2023-02-03T11:50:43.166+0000] {processor.py:753} INFO - DAG(s) dict_keys(['example_python_operator']) retrieved from /home/airflow/.local/lib/python3.7/site-packages/airflow/example_dags/example_python_operator.py
[2023-02-03T11:50:43.234+0000] {logging_mixin.py:137} INFO - [2023-02-03T11:50:43.234+0000] {dag.py:2676} INFO - Sync 1 DAGs
[2023-02-03T11:50:43.322+0000] {logging_mixin.py:137} INFO - [2023-02-03T11:50:43.321+0000] {dag.py:3427} INFO - Setting next_dagrun for example_python_operator to None, run_after=None
[2023-02-03T11:50:43.375+0000] {processor.py:175} INFO - Processing /home/airflow/.local/lib/python3.7/site-packages/airflow/example_dags/example_python_operator.py took 0.279 seconds
[2023-02-03T11:54:35.784+0000] {processor.py:153} INFO - Started process (PID=174) to work on /home/airflow/.local/lib/python3.7/site-packages/airflow/example_dags/example_python_operator.py
[2023-02-03T11:54:35.791+0000] {processor.py:743} INFO - Processing file /home/airflow/.local/lib/python3.7/site-packages/airflow/example_dags/example_python_operator.py for tasks to queue
[2023-02-03T11:54:35.795+0000] {logging_mixin.py:137} INFO - [2023-02-03T11:54:35.795+0000] {dagbag.py:538} INFO - Filling up the DagBag from /home/airflow/.local/lib/python3.7/site-packages/airflow/example_dags/example_python_operator.py
[2023-02-03T11:54:36.042+0000] {logging_mixin.py:137} INFO - [2023-02-03T11:54:36.041+0000] {taskmixin.py:205} WARNING - Dependency <Task(_PythonDecoratedOperator): print_the_context>, log_sql_query already registered for DAG: example_python_operator
[2023-02-03T11:54:36.043+0000] {logging_mixin.py:137} INFO - [2023-02-03T11:54:36.043+0000] {taskmixin.py:205} WARNING - Dependency <Task(_PythonDecoratedOperator): log_sql_query>, print_the_context already registered for DAG: example_python_operator
[2023-02-03T11:54:36.050+0000] {logging_mixin.py:137} INFO - [2023-02-03T11:54:36.050+0000] {taskmixin.py:205} WARNING - Dependency <Task(_PythonDecoratedOperator): print_the_context>, log_sql_query already registered for DAG: example_python_operator
[2023-02-03T11:54:36.053+0000] {logging_mixin.py:137} INFO - [2023-02-03T11:54:36.053+0000] {taskmixin.py:205} WARNING - Dependency <Task(_PythonDecoratedOperator): log_sql_query>, print_the_context already registered for DAG: example_python_operator
[2023-02-03T11:54:36.062+0000] {logging_mixin.py:137} INFO - [2023-02-03T11:54:36.061+0000] {taskmixin.py:205} WARNING - Dependency <Task(_PythonDecoratedOperator): print_the_context>, log_sql_query already registered for DAG: example_python_operator
[2023-02-03T11:54:36.069+0000] {logging_mixin.py:137} INFO - [2023-02-03T11:54:36.069+0000] {taskmixin.py:205} WARNING - Dependency <Task(_PythonDecoratedOperator): log_sql_query>, print_the_context already registered for DAG: example_python_operator
[2023-02-03T11:54:36.080+0000] {logging_mixin.py:137} INFO - [2023-02-03T11:54:36.080+0000] {taskmixin.py:205} WARNING - Dependency <Task(_PythonDecoratedOperator): print_the_context>, log_sql_query already registered for DAG: example_python_operator
[2023-02-03T11:54:36.083+0000] {logging_mixin.py:137} INFO - [2023-02-03T11:54:36.082+0000] {taskmixin.py:205} WARNING - Dependency <Task(_PythonDecoratedOperator): log_sql_query>, print_the_context already registered for DAG: example_python_operator
[2023-02-03T11:54:36.134+0000] {processor.py:753} INFO - DAG(s) dict_keys(['example_python_operator']) retrieved from /home/airflow/.local/lib/python3.7/site-packages/airflow/example_dags/example_python_operator.py
[2023-02-03T11:54:36.660+0000] {logging_mixin.py:137} INFO - [2023-02-03T11:54:36.659+0000] {dag.py:2676} INFO - Sync 1 DAGs
[2023-02-03T11:54:36.883+0000] {logging_mixin.py:137} INFO - [2023-02-03T11:54:36.883+0000] {dag.py:3427} INFO - Setting next_dagrun for example_python_operator to None, run_after=None
[2023-02-03T11:54:37.273+0000] {processor.py:175} INFO - Processing /home/airflow/.local/lib/python3.7/site-packages/airflow/example_dags/example_python_operator.py took 1.512 seconds
[2023-02-03T11:55:27.128+0000] {processor.py:153} INFO - Started process (PID=46) to work on /home/airflow/.local/lib/python3.7/site-packages/airflow/example_dags/example_python_operator.py
[2023-02-03T11:55:27.141+0000] {processor.py:743} INFO - Processing file /home/airflow/.local/lib/python3.7/site-packages/airflow/example_dags/example_python_operator.py for tasks to queue
[2023-02-03T11:55:27.144+0000] {logging_mixin.py:137} INFO - [2023-02-03T11:55:27.144+0000] {dagbag.py:538} INFO - Filling up the DagBag from /home/airflow/.local/lib/python3.7/site-packages/airflow/example_dags/example_python_operator.py
[2023-02-03T11:55:27.202+0000] {logging_mixin.py:137} INFO - [2023-02-03T11:55:27.201+0000] {taskmixin.py:205} WARNING - Dependency <Task(_PythonDecoratedOperator): print_the_context>, log_sql_query already registered for DAG: example_python_operator
[2023-02-03T11:55:27.205+0000] {logging_mixin.py:137} INFO - [2023-02-03T11:55:27.204+0000] {taskmixin.py:205} WARNING - Dependency <Task(_PythonDecoratedOperator): log_sql_query>, print_the_context already registered for DAG: example_python_operator
[2023-02-03T11:55:27.217+0000] {logging_mixin.py:137} INFO - [2023-02-03T11:55:27.215+0000] {taskmixin.py:205} WARNING - Dependency <Task(_PythonDecoratedOperator): print_the_context>, log_sql_query already registered for DAG: example_python_operator
[2023-02-03T11:55:27.219+0000] {logging_mixin.py:137} INFO - [2023-02-03T11:55:27.219+0000] {taskmixin.py:205} WARNING - Dependency <Task(_PythonDecoratedOperator): log_sql_query>, print_the_context already registered for DAG: example_python_operator
[2023-02-03T11:55:27.226+0000] {logging_mixin.py:137} INFO - [2023-02-03T11:55:27.225+0000] {taskmixin.py:205} WARNING - Dependency <Task(_PythonDecoratedOperator): print_the_context>, log_sql_query already registered for DAG: example_python_operator
[2023-02-03T11:55:27.229+0000] {logging_mixin.py:137} INFO - [2023-02-03T11:55:27.228+0000] {taskmixin.py:205} WARNING - Dependency <Task(_PythonDecoratedOperator): log_sql_query>, print_the_context already registered for DAG: example_python_operator
[2023-02-03T11:55:27.235+0000] {logging_mixin.py:137} INFO - [2023-02-03T11:55:27.234+0000] {taskmixin.py:205} WARNING - Dependency <Task(_PythonDecoratedOperator): print_the_context>, log_sql_query already registered for DAG: example_python_operator
[2023-02-03T11:55:27.236+0000] {logging_mixin.py:137} INFO - [2023-02-03T11:55:27.236+0000] {taskmixin.py:205} WARNING - Dependency <Task(_PythonDecoratedOperator): log_sql_query>, print_the_context already registered for DAG: example_python_operator
[2023-02-03T11:55:27.254+0000] {processor.py:753} INFO - DAG(s) dict_keys(['example_python_operator']) retrieved from /home/airflow/.local/lib/python3.7/site-packages/airflow/example_dags/example_python_operator.py
[2023-02-03T11:55:27.519+0000] {logging_mixin.py:137} INFO - [2023-02-03T11:55:27.519+0000] {dag.py:2676} INFO - Sync 1 DAGs
[2023-02-03T11:55:27.641+0000] {logging_mixin.py:137} INFO - [2023-02-03T11:55:27.641+0000] {dag.py:3427} INFO - Setting next_dagrun for example_python_operator to None, run_after=None
[2023-02-03T11:55:27.699+0000] {processor.py:175} INFO - Processing /home/airflow/.local/lib/python3.7/site-packages/airflow/example_dags/example_python_operator.py took 0.588 seconds
[2023-02-03T11:55:57.835+0000] {processor.py:153} INFO - Started process (PID=108) to work on /home/airflow/.local/lib/python3.7/site-packages/airflow/example_dags/example_python_operator.py
[2023-02-03T11:55:57.837+0000] {processor.py:743} INFO - Processing file /home/airflow/.local/lib/python3.7/site-packages/airflow/example_dags/example_python_operator.py for tasks to queue
[2023-02-03T11:55:57.839+0000] {logging_mixin.py:137} INFO - [2023-02-03T11:55:57.839+0000] {dagbag.py:538} INFO - Filling up the DagBag from /home/airflow/.local/lib/python3.7/site-packages/airflow/example_dags/example_python_operator.py
[2023-02-03T11:55:57.868+0000] {logging_mixin.py:137} INFO - [2023-02-03T11:55:57.867+0000] {taskmixin.py:205} WARNING - Dependency <Task(_PythonDecoratedOperator): print_the_context>, log_sql_query already registered for DAG: example_python_operator
[2023-02-03T11:55:57.869+0000] {logging_mixin.py:137} INFO - [2023-02-03T11:55:57.868+0000] {taskmixin.py:205} WARNING - Dependency <Task(_PythonDecoratedOperator): log_sql_query>, print_the_context already registered for DAG: example_python_operator
[2023-02-03T11:55:57.871+0000] {logging_mixin.py:137} INFO - [2023-02-03T11:55:57.870+0000] {taskmixin.py:205} WARNING - Dependency <Task(_PythonDecoratedOperator): print_the_context>, log_sql_query already registered for DAG: example_python_operator
[2023-02-03T11:55:57.872+0000] {logging_mixin.py:137} INFO - [2023-02-03T11:55:57.871+0000] {taskmixin.py:205} WARNING - Dependency <Task(_PythonDecoratedOperator): log_sql_query>, print_the_context already registered for DAG: example_python_operator
[2023-02-03T11:55:57.873+0000] {logging_mixin.py:137} INFO - [2023-02-03T11:55:57.873+0000] {taskmixin.py:205} WARNING - Dependency <Task(_PythonDecoratedOperator): print_the_context>, log_sql_query already registered for DAG: example_python_operator
[2023-02-03T11:55:57.874+0000] {logging_mixin.py:137} INFO - [2023-02-03T11:55:57.874+0000] {taskmixin.py:205} WARNING - Dependency <Task(_PythonDecoratedOperator): log_sql_query>, print_the_context already registered for DAG: example_python_operator
[2023-02-03T11:55:57.875+0000] {logging_mixin.py:137} INFO - [2023-02-03T11:55:57.875+0000] {taskmixin.py:205} WARNING - Dependency <Task(_PythonDecoratedOperator): print_the_context>, log_sql_query already registered for DAG: example_python_operator
[2023-02-03T11:55:57.876+0000] {logging_mixin.py:137} INFO - [2023-02-03T11:55:57.876+0000] {taskmixin.py:205} WARNING - Dependency <Task(_PythonDecoratedOperator): log_sql_query>, print_the_context already registered for DAG: example_python_operator
[2023-02-03T11:55:57.887+0000] {processor.py:753} INFO - DAG(s) dict_keys(['example_python_operator']) retrieved from /home/airflow/.local/lib/python3.7/site-packages/airflow/example_dags/example_python_operator.py
[2023-02-03T11:55:58.084+0000] {logging_mixin.py:137} INFO - [2023-02-03T11:55:58.083+0000] {dag.py:2676} INFO - Sync 1 DAGs
[2023-02-03T11:55:58.171+0000] {logging_mixin.py:137} INFO - [2023-02-03T11:55:58.171+0000] {dag.py:3427} INFO - Setting next_dagrun for example_python_operator to None, run_after=None
[2023-02-03T11:55:58.230+0000] {processor.py:175} INFO - Processing /home/airflow/.local/lib/python3.7/site-packages/airflow/example_dags/example_python_operator.py took 0.399 seconds
[2023-02-03T11:56:28.969+0000] {processor.py:153} INFO - Started process (PID=169) to work on /home/airflow/.local/lib/python3.7/site-packages/airflow/example_dags/example_python_operator.py
[2023-02-03T11:56:28.971+0000] {processor.py:743} INFO - Processing file /home/airflow/.local/lib/python3.7/site-packages/airflow/example_dags/example_python_operator.py for tasks to queue
[2023-02-03T11:56:28.973+0000] {logging_mixin.py:137} INFO - [2023-02-03T11:56:28.973+0000] {dagbag.py:538} INFO - Filling up the DagBag from /home/airflow/.local/lib/python3.7/site-packages/airflow/example_dags/example_python_operator.py
[2023-02-03T11:56:29.001+0000] {logging_mixin.py:137} INFO - [2023-02-03T11:56:29.001+0000] {taskmixin.py:205} WARNING - Dependency <Task(_PythonDecoratedOperator): print_the_context>, log_sql_query already registered for DAG: example_python_operator
[2023-02-03T11:56:29.002+0000] {logging_mixin.py:137} INFO - [2023-02-03T11:56:29.002+0000] {taskmixin.py:205} WARNING - Dependency <Task(_PythonDecoratedOperator): log_sql_query>, print_the_context already registered for DAG: example_python_operator
[2023-02-03T11:56:29.004+0000] {logging_mixin.py:137} INFO - [2023-02-03T11:56:29.004+0000] {taskmixin.py:205} WARNING - Dependency <Task(_PythonDecoratedOperator): print_the_context>, log_sql_query already registered for DAG: example_python_operator
[2023-02-03T11:56:29.005+0000] {logging_mixin.py:137} INFO - [2023-02-03T11:56:29.004+0000] {taskmixin.py:205} WARNING - Dependency <Task(_PythonDecoratedOperator): log_sql_query>, print_the_context already registered for DAG: example_python_operator
[2023-02-03T11:56:29.006+0000] {logging_mixin.py:137} INFO - [2023-02-03T11:56:29.006+0000] {taskmixin.py:205} WARNING - Dependency <Task(_PythonDecoratedOperator): print_the_context>, log_sql_query already registered for DAG: example_python_operator
[2023-02-03T11:56:29.007+0000] {logging_mixin.py:137} INFO - [2023-02-03T11:56:29.007+0000] {taskmixin.py:205} WARNING - Dependency <Task(_PythonDecoratedOperator): log_sql_query>, print_the_context already registered for DAG: example_python_operator
[2023-02-03T11:56:29.009+0000] {logging_mixin.py:137} INFO - [2023-02-03T11:56:29.009+0000] {taskmixin.py:205} WARNING - Dependency <Task(_PythonDecoratedOperator): print_the_context>, log_sql_query already registered for DAG: example_python_operator
[2023-02-03T11:56:29.010+0000] {logging_mixin.py:137} INFO - [2023-02-03T11:56:29.009+0000] {taskmixin.py:205} WARNING - Dependency <Task(_PythonDecoratedOperator): log_sql_query>, print_the_context already registered for DAG: example_python_operator
[2023-02-03T11:56:29.019+0000] {processor.py:753} INFO - DAG(s) dict_keys(['example_python_operator']) retrieved from /home/airflow/.local/lib/python3.7/site-packages/airflow/example_dags/example_python_operator.py
[2023-02-03T11:56:29.115+0000] {logging_mixin.py:137} INFO - [2023-02-03T11:56:29.115+0000] {dag.py:2676} INFO - Sync 1 DAGs
[2023-02-03T11:56:29.184+0000] {logging_mixin.py:137} INFO - [2023-02-03T11:56:29.183+0000] {dag.py:3427} INFO - Setting next_dagrun for example_python_operator to None, run_after=None
[2023-02-03T11:56:29.238+0000] {processor.py:175} INFO - Processing /home/airflow/.local/lib/python3.7/site-packages/airflow/example_dags/example_python_operator.py took 0.273 seconds
[2023-02-03T11:56:59.659+0000] {processor.py:153} INFO - Started process (PID=231) to work on /home/airflow/.local/lib/python3.7/site-packages/airflow/example_dags/example_python_operator.py
[2023-02-03T11:56:59.661+0000] {processor.py:743} INFO - Processing file /home/airflow/.local/lib/python3.7/site-packages/airflow/example_dags/example_python_operator.py for tasks to queue
[2023-02-03T11:56:59.662+0000] {logging_mixin.py:137} INFO - [2023-02-03T11:56:59.662+0000] {dagbag.py:538} INFO - Filling up the DagBag from /home/airflow/.local/lib/python3.7/site-packages/airflow/example_dags/example_python_operator.py
[2023-02-03T11:56:59.706+0000] {logging_mixin.py:137} INFO - [2023-02-03T11:56:59.706+0000] {taskmixin.py:205} WARNING - Dependency <Task(_PythonDecoratedOperator): print_the_context>, log_sql_query already registered for DAG: example_python_operator
[2023-02-03T11:56:59.707+0000] {logging_mixin.py:137} INFO - [2023-02-03T11:56:59.707+0000] {taskmixin.py:205} WARNING - Dependency <Task(_PythonDecoratedOperator): log_sql_query>, print_the_context already registered for DAG: example_python_operator
[2023-02-03T11:56:59.709+0000] {logging_mixin.py:137} INFO - [2023-02-03T11:56:59.709+0000] {taskmixin.py:205} WARNING - Dependency <Task(_PythonDecoratedOperator): print_the_context>, log_sql_query already registered for DAG: example_python_operator
[2023-02-03T11:56:59.710+0000] {logging_mixin.py:137} INFO - [2023-02-03T11:56:59.710+0000] {taskmixin.py:205} WARNING - Dependency <Task(_PythonDecoratedOperator): log_sql_query>, print_the_context already registered for DAG: example_python_operator
[2023-02-03T11:56:59.712+0000] {logging_mixin.py:137} INFO - [2023-02-03T11:56:59.712+0000] {taskmixin.py:205} WARNING - Dependency <Task(_PythonDecoratedOperator): print_the_context>, log_sql_query already registered for DAG: example_python_operator
[2023-02-03T11:56:59.713+0000] {logging_mixin.py:137} INFO - [2023-02-03T11:56:59.713+0000] {taskmixin.py:205} WARNING - Dependency <Task(_PythonDecoratedOperator): log_sql_query>, print_the_context already registered for DAG: example_python_operator
[2023-02-03T11:56:59.715+0000] {logging_mixin.py:137} INFO - [2023-02-03T11:56:59.715+0000] {taskmixin.py:205} WARNING - Dependency <Task(_PythonDecoratedOperator): print_the_context>, log_sql_query already registered for DAG: example_python_operator
[2023-02-03T11:56:59.716+0000] {logging_mixin.py:137} INFO - [2023-02-03T11:56:59.716+0000] {taskmixin.py:205} WARNING - Dependency <Task(_PythonDecoratedOperator): log_sql_query>, print_the_context already registered for DAG: example_python_operator
[2023-02-03T11:56:59.731+0000] {processor.py:753} INFO - DAG(s) dict_keys(['example_python_operator']) retrieved from /home/airflow/.local/lib/python3.7/site-packages/airflow/example_dags/example_python_operator.py
[2023-02-03T11:56:59.842+0000] {logging_mixin.py:137} INFO - [2023-02-03T11:56:59.842+0000] {dag.py:2676} INFO - Sync 1 DAGs
[2023-02-03T11:56:59.937+0000] {logging_mixin.py:137} INFO - [2023-02-03T11:56:59.936+0000] {dag.py:3427} INFO - Setting next_dagrun for example_python_operator to None, run_after=None
[2023-02-03T11:56:59.990+0000] {processor.py:175} INFO - Processing /home/airflow/.local/lib/python3.7/site-packages/airflow/example_dags/example_python_operator.py took 0.345 seconds
[2023-02-03T11:57:30.386+0000] {processor.py:153} INFO - Started process (PID=306) to work on /home/airflow/.local/lib/python3.7/site-packages/airflow/example_dags/example_python_operator.py
[2023-02-03T11:57:30.388+0000] {processor.py:743} INFO - Processing file /home/airflow/.local/lib/python3.7/site-packages/airflow/example_dags/example_python_operator.py for tasks to queue
[2023-02-03T11:57:30.389+0000] {logging_mixin.py:137} INFO - [2023-02-03T11:57:30.389+0000] {dagbag.py:538} INFO - Filling up the DagBag from /home/airflow/.local/lib/python3.7/site-packages/airflow/example_dags/example_python_operator.py
[2023-02-03T11:57:30.412+0000] {logging_mixin.py:137} INFO - [2023-02-03T11:57:30.412+0000] {taskmixin.py:205} WARNING - Dependency <Task(_PythonDecoratedOperator): print_the_context>, log_sql_query already registered for DAG: example_python_operator
[2023-02-03T11:57:30.413+0000] {logging_mixin.py:137} INFO - [2023-02-03T11:57:30.413+0000] {taskmixin.py:205} WARNING - Dependency <Task(_PythonDecoratedOperator): log_sql_query>, print_the_context already registered for DAG: example_python_operator
[2023-02-03T11:57:30.415+0000] {logging_mixin.py:137} INFO - [2023-02-03T11:57:30.415+0000] {taskmixin.py:205} WARNING - Dependency <Task(_PythonDecoratedOperator): print_the_context>, log_sql_query already registered for DAG: example_python_operator
[2023-02-03T11:57:30.415+0000] {logging_mixin.py:137} INFO - [2023-02-03T11:57:30.415+0000] {taskmixin.py:205} WARNING - Dependency <Task(_PythonDecoratedOperator): log_sql_query>, print_the_context already registered for DAG: example_python_operator
[2023-02-03T11:57:30.417+0000] {logging_mixin.py:137} INFO - [2023-02-03T11:57:30.417+0000] {taskmixin.py:205} WARNING - Dependency <Task(_PythonDecoratedOperator): print_the_context>, log_sql_query already registered for DAG: example_python_operator
[2023-02-03T11:57:30.418+0000] {logging_mixin.py:137} INFO - [2023-02-03T11:57:30.418+0000] {taskmixin.py:205} WARNING - Dependency <Task(_PythonDecoratedOperator): log_sql_query>, print_the_context already registered for DAG: example_python_operator
[2023-02-03T11:57:30.421+0000] {logging_mixin.py:137} INFO - [2023-02-03T11:57:30.420+0000] {taskmixin.py:205} WARNING - Dependency <Task(_PythonDecoratedOperator): print_the_context>, log_sql_query already registered for DAG: example_python_operator
[2023-02-03T11:57:30.423+0000] {logging_mixin.py:137} INFO - [2023-02-03T11:57:30.422+0000] {taskmixin.py:205} WARNING - Dependency <Task(_PythonDecoratedOperator): log_sql_query>, print_the_context already registered for DAG: example_python_operator
[2023-02-03T11:57:30.439+0000] {processor.py:753} INFO - DAG(s) dict_keys(['example_python_operator']) retrieved from /home/airflow/.local/lib/python3.7/site-packages/airflow/example_dags/example_python_operator.py
[2023-02-03T11:57:30.513+0000] {logging_mixin.py:137} INFO - [2023-02-03T11:57:30.513+0000] {dag.py:2676} INFO - Sync 1 DAGs
[2023-02-03T11:57:30.574+0000] {logging_mixin.py:137} INFO - [2023-02-03T11:57:30.574+0000] {dag.py:3427} INFO - Setting next_dagrun for example_python_operator to None, run_after=None
[2023-02-03T11:57:30.613+0000] {processor.py:175} INFO - Processing /home/airflow/.local/lib/python3.7/site-packages/airflow/example_dags/example_python_operator.py took 0.232 seconds
