[2023-02-03T11:39:57.004+0000] {processor.py:153} INFO - Started process (PID=78) to work on /home/airflow/.local/lib/python3.7/site-packages/airflow/example_dags/example_bash_operator.py
[2023-02-03T11:39:57.010+0000] {processor.py:743} INFO - Processing file /home/airflow/.local/lib/python3.7/site-packages/airflow/example_dags/example_bash_operator.py for tasks to queue
[2023-02-03T11:39:57.014+0000] {logging_mixin.py:137} INFO - [2023-02-03T11:39:57.014+0000] {dagbag.py:538} INFO - Filling up the DagBag from /home/airflow/.local/lib/python3.7/site-packages/airflow/example_dags/example_bash_operator.py
[2023-02-03T11:39:57.270+0000] {processor.py:753} INFO - DAG(s) dict_keys(['example_bash_operator']) retrieved from /home/airflow/.local/lib/python3.7/site-packages/airflow/example_dags/example_bash_operator.py
[2023-02-03T11:39:57.770+0000] {logging_mixin.py:137} INFO - [2023-02-03T11:39:57.770+0000] {dag.py:2676} INFO - Sync 1 DAGs
[2023-02-03T11:39:57.981+0000] {logging_mixin.py:137} INFO - [2023-02-03T11:39:57.981+0000] {dag.py:3427} INFO - Setting next_dagrun for example_bash_operator to 2023-02-02T00:00:00+00:00, run_after=2023-02-03T00:00:00+00:00
[2023-02-03T11:39:58.099+0000] {processor.py:175} INFO - Processing /home/airflow/.local/lib/python3.7/site-packages/airflow/example_dags/example_bash_operator.py took 1.163 seconds
[2023-02-03T11:40:28.572+0000] {processor.py:153} INFO - Started process (PID=141) to work on /home/airflow/.local/lib/python3.7/site-packages/airflow/example_dags/example_bash_operator.py
[2023-02-03T11:40:28.575+0000] {processor.py:743} INFO - Processing file /home/airflow/.local/lib/python3.7/site-packages/airflow/example_dags/example_bash_operator.py for tasks to queue
[2023-02-03T11:40:28.578+0000] {logging_mixin.py:137} INFO - [2023-02-03T11:40:28.577+0000] {dagbag.py:538} INFO - Filling up the DagBag from /home/airflow/.local/lib/python3.7/site-packages/airflow/example_dags/example_bash_operator.py
[2023-02-03T11:40:28.625+0000] {processor.py:753} INFO - DAG(s) dict_keys(['example_bash_operator']) retrieved from /home/airflow/.local/lib/python3.7/site-packages/airflow/example_dags/example_bash_operator.py
[2023-02-03T11:40:28.827+0000] {logging_mixin.py:137} INFO - [2023-02-03T11:40:28.826+0000] {dag.py:2676} INFO - Sync 1 DAGs
[2023-02-03T11:40:28.930+0000] {logging_mixin.py:137} INFO - [2023-02-03T11:40:28.930+0000] {dag.py:3427} INFO - Setting next_dagrun for example_bash_operator to 2023-02-02T00:00:00+00:00, run_after=2023-02-03T00:00:00+00:00
[2023-02-03T11:40:29.020+0000] {processor.py:175} INFO - Processing /home/airflow/.local/lib/python3.7/site-packages/airflow/example_dags/example_bash_operator.py took 0.454 seconds
[2023-02-03T11:40:59.174+0000] {processor.py:153} INFO - Started process (PID=206) to work on /home/airflow/.local/lib/python3.7/site-packages/airflow/example_dags/example_bash_operator.py
[2023-02-03T11:40:59.177+0000] {processor.py:743} INFO - Processing file /home/airflow/.local/lib/python3.7/site-packages/airflow/example_dags/example_bash_operator.py for tasks to queue
[2023-02-03T11:40:59.179+0000] {logging_mixin.py:137} INFO - [2023-02-03T11:40:59.178+0000] {dagbag.py:538} INFO - Filling up the DagBag from /home/airflow/.local/lib/python3.7/site-packages/airflow/example_dags/example_bash_operator.py
[2023-02-03T11:40:59.227+0000] {processor.py:753} INFO - DAG(s) dict_keys(['example_bash_operator']) retrieved from /home/airflow/.local/lib/python3.7/site-packages/airflow/example_dags/example_bash_operator.py
[2023-02-03T11:40:59.328+0000] {logging_mixin.py:137} INFO - [2023-02-03T11:40:59.327+0000] {dag.py:2676} INFO - Sync 1 DAGs
[2023-02-03T11:40:59.408+0000] {logging_mixin.py:137} INFO - [2023-02-03T11:40:59.408+0000] {dag.py:3427} INFO - Setting next_dagrun for example_bash_operator to 2023-02-02T00:00:00+00:00, run_after=2023-02-03T00:00:00+00:00
[2023-02-03T11:40:59.460+0000] {processor.py:175} INFO - Processing /home/airflow/.local/lib/python3.7/site-packages/airflow/example_dags/example_bash_operator.py took 0.292 seconds
[2023-02-03T11:41:30.116+0000] {processor.py:153} INFO - Started process (PID=268) to work on /home/airflow/.local/lib/python3.7/site-packages/airflow/example_dags/example_bash_operator.py
[2023-02-03T11:41:30.119+0000] {processor.py:743} INFO - Processing file /home/airflow/.local/lib/python3.7/site-packages/airflow/example_dags/example_bash_operator.py for tasks to queue
[2023-02-03T11:41:30.122+0000] {logging_mixin.py:137} INFO - [2023-02-03T11:41:30.121+0000] {dagbag.py:538} INFO - Filling up the DagBag from /home/airflow/.local/lib/python3.7/site-packages/airflow/example_dags/example_bash_operator.py
[2023-02-03T11:41:30.163+0000] {processor.py:753} INFO - DAG(s) dict_keys(['example_bash_operator']) retrieved from /home/airflow/.local/lib/python3.7/site-packages/airflow/example_dags/example_bash_operator.py
[2023-02-03T11:41:30.252+0000] {logging_mixin.py:137} INFO - [2023-02-03T11:41:30.252+0000] {dag.py:2676} INFO - Sync 1 DAGs
[2023-02-03T11:41:30.308+0000] {logging_mixin.py:137} INFO - [2023-02-03T11:41:30.307+0000] {dag.py:3427} INFO - Setting next_dagrun for example_bash_operator to 2023-02-02T00:00:00+00:00, run_after=2023-02-03T00:00:00+00:00
[2023-02-03T11:41:30.342+0000] {processor.py:175} INFO - Processing /home/airflow/.local/lib/python3.7/site-packages/airflow/example_dags/example_bash_operator.py took 0.237 seconds
[2023-02-03T11:42:00.738+0000] {processor.py:153} INFO - Started process (PID=340) to work on /home/airflow/.local/lib/python3.7/site-packages/airflow/example_dags/example_bash_operator.py
[2023-02-03T11:42:00.740+0000] {processor.py:743} INFO - Processing file /home/airflow/.local/lib/python3.7/site-packages/airflow/example_dags/example_bash_operator.py for tasks to queue
[2023-02-03T11:42:00.741+0000] {logging_mixin.py:137} INFO - [2023-02-03T11:42:00.741+0000] {dagbag.py:538} INFO - Filling up the DagBag from /home/airflow/.local/lib/python3.7/site-packages/airflow/example_dags/example_bash_operator.py
[2023-02-03T11:42:00.767+0000] {processor.py:753} INFO - DAG(s) dict_keys(['example_bash_operator']) retrieved from /home/airflow/.local/lib/python3.7/site-packages/airflow/example_dags/example_bash_operator.py
[2023-02-03T11:42:00.837+0000] {logging_mixin.py:137} INFO - [2023-02-03T11:42:00.837+0000] {dag.py:2676} INFO - Sync 1 DAGs
[2023-02-03T11:42:00.888+0000] {logging_mixin.py:137} INFO - [2023-02-03T11:42:00.887+0000] {dag.py:3427} INFO - Setting next_dagrun for example_bash_operator to 2023-02-02T00:00:00+00:00, run_after=2023-02-03T00:00:00+00:00
[2023-02-03T11:42:00.921+0000] {processor.py:175} INFO - Processing /home/airflow/.local/lib/python3.7/site-packages/airflow/example_dags/example_bash_operator.py took 0.187 seconds
[2023-02-03T11:42:31.331+0000] {processor.py:153} INFO - Started process (PID=405) to work on /home/airflow/.local/lib/python3.7/site-packages/airflow/example_dags/example_bash_operator.py
[2023-02-03T11:42:31.333+0000] {processor.py:743} INFO - Processing file /home/airflow/.local/lib/python3.7/site-packages/airflow/example_dags/example_bash_operator.py for tasks to queue
[2023-02-03T11:42:31.334+0000] {logging_mixin.py:137} INFO - [2023-02-03T11:42:31.334+0000] {dagbag.py:538} INFO - Filling up the DagBag from /home/airflow/.local/lib/python3.7/site-packages/airflow/example_dags/example_bash_operator.py
[2023-02-03T11:42:31.363+0000] {processor.py:753} INFO - DAG(s) dict_keys(['example_bash_operator']) retrieved from /home/airflow/.local/lib/python3.7/site-packages/airflow/example_dags/example_bash_operator.py
[2023-02-03T11:42:31.459+0000] {logging_mixin.py:137} INFO - [2023-02-03T11:42:31.459+0000] {dag.py:2676} INFO - Sync 1 DAGs
[2023-02-03T11:42:31.511+0000] {logging_mixin.py:137} INFO - [2023-02-03T11:42:31.511+0000] {dag.py:3427} INFO - Setting next_dagrun for example_bash_operator to 2023-02-02T00:00:00+00:00, run_after=2023-02-03T00:00:00+00:00
[2023-02-03T11:42:31.559+0000] {processor.py:175} INFO - Processing /home/airflow/.local/lib/python3.7/site-packages/airflow/example_dags/example_bash_operator.py took 0.233 seconds
[2023-02-03T11:43:39.973+0000] {processor.py:153} INFO - Started process (PID=70) to work on /home/airflow/.local/lib/python3.7/site-packages/airflow/example_dags/example_bash_operator.py
[2023-02-03T11:43:39.977+0000] {processor.py:743} INFO - Processing file /home/airflow/.local/lib/python3.7/site-packages/airflow/example_dags/example_bash_operator.py for tasks to queue
[2023-02-03T11:43:39.980+0000] {logging_mixin.py:137} INFO - [2023-02-03T11:43:39.980+0000] {dagbag.py:538} INFO - Filling up the DagBag from /home/airflow/.local/lib/python3.7/site-packages/airflow/example_dags/example_bash_operator.py
[2023-02-03T11:43:40.037+0000] {processor.py:753} INFO - DAG(s) dict_keys(['example_bash_operator']) retrieved from /home/airflow/.local/lib/python3.7/site-packages/airflow/example_dags/example_bash_operator.py
[2023-02-03T11:43:40.197+0000] {logging_mixin.py:137} INFO - [2023-02-03T11:43:40.193+0000] {dag.py:2676} INFO - Sync 1 DAGs
[2023-02-03T11:43:40.299+0000] {logging_mixin.py:137} INFO - [2023-02-03T11:43:40.299+0000] {dag.py:3427} INFO - Setting next_dagrun for example_bash_operator to 2023-02-02T00:00:00+00:00, run_after=2023-02-03T00:00:00+00:00
[2023-02-03T11:43:40.368+0000] {processor.py:175} INFO - Processing /home/airflow/.local/lib/python3.7/site-packages/airflow/example_dags/example_bash_operator.py took 0.409 seconds
[2023-02-03T11:44:10.578+0000] {processor.py:153} INFO - Started process (PID=133) to work on /home/airflow/.local/lib/python3.7/site-packages/airflow/example_dags/example_bash_operator.py
[2023-02-03T11:44:10.581+0000] {processor.py:743} INFO - Processing file /home/airflow/.local/lib/python3.7/site-packages/airflow/example_dags/example_bash_operator.py for tasks to queue
[2023-02-03T11:44:10.584+0000] {logging_mixin.py:137} INFO - [2023-02-03T11:44:10.584+0000] {dagbag.py:538} INFO - Filling up the DagBag from /home/airflow/.local/lib/python3.7/site-packages/airflow/example_dags/example_bash_operator.py
[2023-02-03T11:44:10.643+0000] {processor.py:753} INFO - DAG(s) dict_keys(['example_bash_operator']) retrieved from /home/airflow/.local/lib/python3.7/site-packages/airflow/example_dags/example_bash_operator.py
[2023-02-03T11:44:10.759+0000] {logging_mixin.py:137} INFO - [2023-02-03T11:44:10.758+0000] {dag.py:2676} INFO - Sync 1 DAGs
[2023-02-03T11:44:10.898+0000] {logging_mixin.py:137} INFO - [2023-02-03T11:44:10.898+0000] {dag.py:3427} INFO - Setting next_dagrun for example_bash_operator to 2023-02-02T00:00:00+00:00, run_after=2023-02-03T00:00:00+00:00
[2023-02-03T11:44:10.967+0000] {processor.py:175} INFO - Processing /home/airflow/.local/lib/python3.7/site-packages/airflow/example_dags/example_bash_operator.py took 0.398 seconds
[2023-02-03T11:44:42.052+0000] {processor.py:153} INFO - Started process (PID=205) to work on /home/airflow/.local/lib/python3.7/site-packages/airflow/example_dags/example_bash_operator.py
[2023-02-03T11:44:42.055+0000] {processor.py:743} INFO - Processing file /home/airflow/.local/lib/python3.7/site-packages/airflow/example_dags/example_bash_operator.py for tasks to queue
[2023-02-03T11:44:42.059+0000] {logging_mixin.py:137} INFO - [2023-02-03T11:44:42.058+0000] {dagbag.py:538} INFO - Filling up the DagBag from /home/airflow/.local/lib/python3.7/site-packages/airflow/example_dags/example_bash_operator.py
[2023-02-03T11:44:42.137+0000] {processor.py:753} INFO - DAG(s) dict_keys(['example_bash_operator']) retrieved from /home/airflow/.local/lib/python3.7/site-packages/airflow/example_dags/example_bash_operator.py
[2023-02-03T11:44:42.331+0000] {logging_mixin.py:137} INFO - [2023-02-03T11:44:42.330+0000] {dag.py:2676} INFO - Sync 1 DAGs
[2023-02-03T11:44:42.420+0000] {logging_mixin.py:137} INFO - [2023-02-03T11:44:42.420+0000] {dag.py:3427} INFO - Setting next_dagrun for example_bash_operator to 2023-02-02T00:00:00+00:00, run_after=2023-02-03T00:00:00+00:00
[2023-02-03T11:44:42.515+0000] {processor.py:175} INFO - Processing /home/airflow/.local/lib/python3.7/site-packages/airflow/example_dags/example_bash_operator.py took 0.470 seconds
[2023-02-03T11:45:12.882+0000] {processor.py:153} INFO - Started process (PID=268) to work on /home/airflow/.local/lib/python3.7/site-packages/airflow/example_dags/example_bash_operator.py
[2023-02-03T11:45:12.885+0000] {processor.py:743} INFO - Processing file /home/airflow/.local/lib/python3.7/site-packages/airflow/example_dags/example_bash_operator.py for tasks to queue
[2023-02-03T11:45:12.887+0000] {logging_mixin.py:137} INFO - [2023-02-03T11:45:12.887+0000] {dagbag.py:538} INFO - Filling up the DagBag from /home/airflow/.local/lib/python3.7/site-packages/airflow/example_dags/example_bash_operator.py
[2023-02-03T11:45:12.943+0000] {processor.py:753} INFO - DAG(s) dict_keys(['example_bash_operator']) retrieved from /home/airflow/.local/lib/python3.7/site-packages/airflow/example_dags/example_bash_operator.py
[2023-02-03T11:45:13.179+0000] {logging_mixin.py:137} INFO - [2023-02-03T11:45:13.178+0000] {dag.py:2676} INFO - Sync 1 DAGs
[2023-02-03T11:45:13.416+0000] {logging_mixin.py:137} INFO - [2023-02-03T11:45:13.416+0000] {dag.py:3427} INFO - Setting next_dagrun for example_bash_operator to 2023-02-02T00:00:00+00:00, run_after=2023-02-03T00:00:00+00:00
[2023-02-03T11:45:13.603+0000] {processor.py:175} INFO - Processing /home/airflow/.local/lib/python3.7/site-packages/airflow/example_dags/example_bash_operator.py took 0.727 seconds
[2023-02-03T11:45:44.374+0000] {processor.py:153} INFO - Started process (PID=333) to work on /home/airflow/.local/lib/python3.7/site-packages/airflow/example_dags/example_bash_operator.py
[2023-02-03T11:45:44.377+0000] {processor.py:743} INFO - Processing file /home/airflow/.local/lib/python3.7/site-packages/airflow/example_dags/example_bash_operator.py for tasks to queue
[2023-02-03T11:45:44.379+0000] {logging_mixin.py:137} INFO - [2023-02-03T11:45:44.379+0000] {dagbag.py:538} INFO - Filling up the DagBag from /home/airflow/.local/lib/python3.7/site-packages/airflow/example_dags/example_bash_operator.py
[2023-02-03T11:45:44.422+0000] {processor.py:753} INFO - DAG(s) dict_keys(['example_bash_operator']) retrieved from /home/airflow/.local/lib/python3.7/site-packages/airflow/example_dags/example_bash_operator.py
[2023-02-03T11:45:44.533+0000] {logging_mixin.py:137} INFO - [2023-02-03T11:45:44.533+0000] {dag.py:2676} INFO - Sync 1 DAGs
[2023-02-03T11:45:44.600+0000] {logging_mixin.py:137} INFO - [2023-02-03T11:45:44.598+0000] {dag.py:3427} INFO - Setting next_dagrun for example_bash_operator to 2023-02-02T00:00:00+00:00, run_after=2023-02-03T00:00:00+00:00
[2023-02-03T11:45:44.660+0000] {processor.py:175} INFO - Processing /home/airflow/.local/lib/python3.7/site-packages/airflow/example_dags/example_bash_operator.py took 0.314 seconds
[2023-02-03T11:46:15.168+0000] {processor.py:153} INFO - Started process (PID=396) to work on /home/airflow/.local/lib/python3.7/site-packages/airflow/example_dags/example_bash_operator.py
[2023-02-03T11:46:15.171+0000] {processor.py:743} INFO - Processing file /home/airflow/.local/lib/python3.7/site-packages/airflow/example_dags/example_bash_operator.py for tasks to queue
[2023-02-03T11:46:15.175+0000] {logging_mixin.py:137} INFO - [2023-02-03T11:46:15.174+0000] {dagbag.py:538} INFO - Filling up the DagBag from /home/airflow/.local/lib/python3.7/site-packages/airflow/example_dags/example_bash_operator.py
[2023-02-03T11:46:15.216+0000] {processor.py:753} INFO - DAG(s) dict_keys(['example_bash_operator']) retrieved from /home/airflow/.local/lib/python3.7/site-packages/airflow/example_dags/example_bash_operator.py
[2023-02-03T11:46:15.335+0000] {logging_mixin.py:137} INFO - [2023-02-03T11:46:15.335+0000] {dag.py:2676} INFO - Sync 1 DAGs
[2023-02-03T11:46:15.408+0000] {logging_mixin.py:137} INFO - [2023-02-03T11:46:15.407+0000] {dag.py:3427} INFO - Setting next_dagrun for example_bash_operator to 2023-02-02T00:00:00+00:00, run_after=2023-02-03T00:00:00+00:00
[2023-02-03T11:46:15.453+0000] {processor.py:175} INFO - Processing /home/airflow/.local/lib/python3.7/site-packages/airflow/example_dags/example_bash_operator.py took 0.294 seconds
[2023-02-03T11:46:45.843+0000] {processor.py:153} INFO - Started process (PID=471) to work on /home/airflow/.local/lib/python3.7/site-packages/airflow/example_dags/example_bash_operator.py
[2023-02-03T11:46:45.851+0000] {processor.py:743} INFO - Processing file /home/airflow/.local/lib/python3.7/site-packages/airflow/example_dags/example_bash_operator.py for tasks to queue
[2023-02-03T11:46:45.859+0000] {logging_mixin.py:137} INFO - [2023-02-03T11:46:45.857+0000] {dagbag.py:538} INFO - Filling up the DagBag from /home/airflow/.local/lib/python3.7/site-packages/airflow/example_dags/example_bash_operator.py
[2023-02-03T11:46:45.903+0000] {processor.py:753} INFO - DAG(s) dict_keys(['example_bash_operator']) retrieved from /home/airflow/.local/lib/python3.7/site-packages/airflow/example_dags/example_bash_operator.py
[2023-02-03T11:46:46.005+0000] {logging_mixin.py:137} INFO - [2023-02-03T11:46:46.005+0000] {dag.py:2676} INFO - Sync 1 DAGs
[2023-02-03T11:46:46.060+0000] {logging_mixin.py:137} INFO - [2023-02-03T11:46:46.060+0000] {dag.py:3427} INFO - Setting next_dagrun for example_bash_operator to 2023-02-02T00:00:00+00:00, run_after=2023-02-03T00:00:00+00:00
[2023-02-03T11:46:46.101+0000] {processor.py:175} INFO - Processing /home/airflow/.local/lib/python3.7/site-packages/airflow/example_dags/example_bash_operator.py took 0.265 seconds
[2023-02-03T11:47:16.728+0000] {processor.py:153} INFO - Started process (PID=533) to work on /home/airflow/.local/lib/python3.7/site-packages/airflow/example_dags/example_bash_operator.py
[2023-02-03T11:47:16.730+0000] {processor.py:743} INFO - Processing file /home/airflow/.local/lib/python3.7/site-packages/airflow/example_dags/example_bash_operator.py for tasks to queue
[2023-02-03T11:47:16.731+0000] {logging_mixin.py:137} INFO - [2023-02-03T11:47:16.731+0000] {dagbag.py:538} INFO - Filling up the DagBag from /home/airflow/.local/lib/python3.7/site-packages/airflow/example_dags/example_bash_operator.py
[2023-02-03T11:47:16.764+0000] {processor.py:753} INFO - DAG(s) dict_keys(['example_bash_operator']) retrieved from /home/airflow/.local/lib/python3.7/site-packages/airflow/example_dags/example_bash_operator.py
[2023-02-03T11:47:16.850+0000] {logging_mixin.py:137} INFO - [2023-02-03T11:47:16.850+0000] {dag.py:2676} INFO - Sync 1 DAGs
[2023-02-03T11:47:16.902+0000] {logging_mixin.py:137} INFO - [2023-02-03T11:47:16.902+0000] {dag.py:3427} INFO - Setting next_dagrun for example_bash_operator to 2023-02-02T00:00:00+00:00, run_after=2023-02-03T00:00:00+00:00
[2023-02-03T11:47:16.942+0000] {processor.py:175} INFO - Processing /home/airflow/.local/lib/python3.7/site-packages/airflow/example_dags/example_bash_operator.py took 0.221 seconds
[2023-02-03T11:47:47.253+0000] {processor.py:153} INFO - Started process (PID=603) to work on /home/airflow/.local/lib/python3.7/site-packages/airflow/example_dags/example_bash_operator.py
[2023-02-03T11:47:47.257+0000] {processor.py:743} INFO - Processing file /home/airflow/.local/lib/python3.7/site-packages/airflow/example_dags/example_bash_operator.py for tasks to queue
[2023-02-03T11:47:47.261+0000] {logging_mixin.py:137} INFO - [2023-02-03T11:47:47.260+0000] {dagbag.py:538} INFO - Filling up the DagBag from /home/airflow/.local/lib/python3.7/site-packages/airflow/example_dags/example_bash_operator.py
[2023-02-03T11:47:47.318+0000] {processor.py:753} INFO - DAG(s) dict_keys(['example_bash_operator']) retrieved from /home/airflow/.local/lib/python3.7/site-packages/airflow/example_dags/example_bash_operator.py
[2023-02-03T11:47:47.545+0000] {logging_mixin.py:137} INFO - [2023-02-03T11:47:47.544+0000] {dag.py:2676} INFO - Sync 1 DAGs
[2023-02-03T11:47:47.648+0000] {logging_mixin.py:137} INFO - [2023-02-03T11:47:47.648+0000] {dag.py:3427} INFO - Setting next_dagrun for example_bash_operator to 2023-02-02T00:00:00+00:00, run_after=2023-02-03T00:00:00+00:00
[2023-02-03T11:47:47.753+0000] {processor.py:175} INFO - Processing /home/airflow/.local/lib/python3.7/site-packages/airflow/example_dags/example_bash_operator.py took 0.510 seconds
[2023-02-03T11:48:18.276+0000] {processor.py:153} INFO - Started process (PID=668) to work on /home/airflow/.local/lib/python3.7/site-packages/airflow/example_dags/example_bash_operator.py
[2023-02-03T11:48:18.281+0000] {processor.py:743} INFO - Processing file /home/airflow/.local/lib/python3.7/site-packages/airflow/example_dags/example_bash_operator.py for tasks to queue
[2023-02-03T11:48:18.283+0000] {logging_mixin.py:137} INFO - [2023-02-03T11:48:18.283+0000] {dagbag.py:538} INFO - Filling up the DagBag from /home/airflow/.local/lib/python3.7/site-packages/airflow/example_dags/example_bash_operator.py
[2023-02-03T11:48:18.342+0000] {processor.py:753} INFO - DAG(s) dict_keys(['example_bash_operator']) retrieved from /home/airflow/.local/lib/python3.7/site-packages/airflow/example_dags/example_bash_operator.py
[2023-02-03T11:48:18.465+0000] {logging_mixin.py:137} INFO - [2023-02-03T11:48:18.465+0000] {dag.py:2676} INFO - Sync 1 DAGs
[2023-02-03T11:48:18.534+0000] {logging_mixin.py:137} INFO - [2023-02-03T11:48:18.534+0000] {dag.py:3427} INFO - Setting next_dagrun for example_bash_operator to 2023-02-02T00:00:00+00:00, run_after=2023-02-03T00:00:00+00:00
[2023-02-03T11:48:18.582+0000] {processor.py:175} INFO - Processing /home/airflow/.local/lib/python3.7/site-packages/airflow/example_dags/example_bash_operator.py took 0.315 seconds
[2023-02-03T11:48:48.722+0000] {processor.py:153} INFO - Started process (PID=730) to work on /home/airflow/.local/lib/python3.7/site-packages/airflow/example_dags/example_bash_operator.py
[2023-02-03T11:48:48.724+0000] {processor.py:743} INFO - Processing file /home/airflow/.local/lib/python3.7/site-packages/airflow/example_dags/example_bash_operator.py for tasks to queue
[2023-02-03T11:48:48.726+0000] {logging_mixin.py:137} INFO - [2023-02-03T11:48:48.726+0000] {dagbag.py:538} INFO - Filling up the DagBag from /home/airflow/.local/lib/python3.7/site-packages/airflow/example_dags/example_bash_operator.py
[2023-02-03T11:48:48.770+0000] {processor.py:753} INFO - DAG(s) dict_keys(['example_bash_operator']) retrieved from /home/airflow/.local/lib/python3.7/site-packages/airflow/example_dags/example_bash_operator.py
[2023-02-03T11:48:48.910+0000] {logging_mixin.py:137} INFO - [2023-02-03T11:48:48.909+0000] {dag.py:2676} INFO - Sync 1 DAGs
[2023-02-03T11:48:49.043+0000] {logging_mixin.py:137} INFO - [2023-02-03T11:48:49.043+0000] {dag.py:3427} INFO - Setting next_dagrun for example_bash_operator to 2023-02-02T00:00:00+00:00, run_after=2023-02-03T00:00:00+00:00
[2023-02-03T11:48:49.109+0000] {processor.py:175} INFO - Processing /home/airflow/.local/lib/python3.7/site-packages/airflow/example_dags/example_bash_operator.py took 0.393 seconds
[2023-02-03T11:49:19.601+0000] {processor.py:153} INFO - Started process (PID=799) to work on /home/airflow/.local/lib/python3.7/site-packages/airflow/example_dags/example_bash_operator.py
[2023-02-03T11:49:19.604+0000] {processor.py:743} INFO - Processing file /home/airflow/.local/lib/python3.7/site-packages/airflow/example_dags/example_bash_operator.py for tasks to queue
[2023-02-03T11:49:19.607+0000] {logging_mixin.py:137} INFO - [2023-02-03T11:49:19.607+0000] {dagbag.py:538} INFO - Filling up the DagBag from /home/airflow/.local/lib/python3.7/site-packages/airflow/example_dags/example_bash_operator.py
[2023-02-03T11:49:19.673+0000] {processor.py:753} INFO - DAG(s) dict_keys(['example_bash_operator']) retrieved from /home/airflow/.local/lib/python3.7/site-packages/airflow/example_dags/example_bash_operator.py
[2023-02-03T11:49:19.876+0000] {logging_mixin.py:137} INFO - [2023-02-03T11:49:19.875+0000] {dag.py:2676} INFO - Sync 1 DAGs
[2023-02-03T11:49:19.945+0000] {logging_mixin.py:137} INFO - [2023-02-03T11:49:19.945+0000] {dag.py:3427} INFO - Setting next_dagrun for example_bash_operator to 2023-02-02T00:00:00+00:00, run_after=2023-02-03T00:00:00+00:00
[2023-02-03T11:49:20.004+0000] {processor.py:175} INFO - Processing /home/airflow/.local/lib/python3.7/site-packages/airflow/example_dags/example_bash_operator.py took 0.409 seconds
[2023-02-03T11:49:50.592+0000] {processor.py:153} INFO - Started process (PID=865) to work on /home/airflow/.local/lib/python3.7/site-packages/airflow/example_dags/example_bash_operator.py
[2023-02-03T11:49:50.598+0000] {processor.py:743} INFO - Processing file /home/airflow/.local/lib/python3.7/site-packages/airflow/example_dags/example_bash_operator.py for tasks to queue
[2023-02-03T11:49:50.601+0000] {logging_mixin.py:137} INFO - [2023-02-03T11:49:50.601+0000] {dagbag.py:538} INFO - Filling up the DagBag from /home/airflow/.local/lib/python3.7/site-packages/airflow/example_dags/example_bash_operator.py
[2023-02-03T11:49:50.682+0000] {processor.py:753} INFO - DAG(s) dict_keys(['example_bash_operator']) retrieved from /home/airflow/.local/lib/python3.7/site-packages/airflow/example_dags/example_bash_operator.py
[2023-02-03T11:49:50.847+0000] {logging_mixin.py:137} INFO - [2023-02-03T11:49:50.846+0000] {dag.py:2676} INFO - Sync 1 DAGs
[2023-02-03T11:49:50.990+0000] {logging_mixin.py:137} INFO - [2023-02-03T11:49:50.990+0000] {dag.py:3427} INFO - Setting next_dagrun for example_bash_operator to 2023-02-02T00:00:00+00:00, run_after=2023-02-03T00:00:00+00:00
[2023-02-03T11:49:51.099+0000] {processor.py:175} INFO - Processing /home/airflow/.local/lib/python3.7/site-packages/airflow/example_dags/example_bash_operator.py took 0.520 seconds
[2023-02-03T11:50:21.504+0000] {processor.py:153} INFO - Started process (PID=927) to work on /home/airflow/.local/lib/python3.7/site-packages/airflow/example_dags/example_bash_operator.py
[2023-02-03T11:50:21.506+0000] {processor.py:743} INFO - Processing file /home/airflow/.local/lib/python3.7/site-packages/airflow/example_dags/example_bash_operator.py for tasks to queue
[2023-02-03T11:50:21.508+0000] {logging_mixin.py:137} INFO - [2023-02-03T11:50:21.507+0000] {dagbag.py:538} INFO - Filling up the DagBag from /home/airflow/.local/lib/python3.7/site-packages/airflow/example_dags/example_bash_operator.py
[2023-02-03T11:50:21.575+0000] {processor.py:753} INFO - DAG(s) dict_keys(['example_bash_operator']) retrieved from /home/airflow/.local/lib/python3.7/site-packages/airflow/example_dags/example_bash_operator.py
[2023-02-03T11:50:21.680+0000] {logging_mixin.py:137} INFO - [2023-02-03T11:50:21.679+0000] {dag.py:2676} INFO - Sync 1 DAGs
[2023-02-03T11:50:21.741+0000] {logging_mixin.py:137} INFO - [2023-02-03T11:50:21.741+0000] {dag.py:3427} INFO - Setting next_dagrun for example_bash_operator to 2023-02-02T00:00:00+00:00, run_after=2023-02-03T00:00:00+00:00
[2023-02-03T11:50:21.790+0000] {processor.py:175} INFO - Processing /home/airflow/.local/lib/python3.7/site-packages/airflow/example_dags/example_bash_operator.py took 0.291 seconds
[2023-02-03T11:50:52.608+0000] {processor.py:153} INFO - Started process (PID=989) to work on /home/airflow/.local/lib/python3.7/site-packages/airflow/example_dags/example_bash_operator.py
[2023-02-03T11:50:52.611+0000] {processor.py:743} INFO - Processing file /home/airflow/.local/lib/python3.7/site-packages/airflow/example_dags/example_bash_operator.py for tasks to queue
[2023-02-03T11:50:52.613+0000] {logging_mixin.py:137} INFO - [2023-02-03T11:50:52.613+0000] {dagbag.py:538} INFO - Filling up the DagBag from /home/airflow/.local/lib/python3.7/site-packages/airflow/example_dags/example_bash_operator.py
[2023-02-03T11:50:52.651+0000] {processor.py:753} INFO - DAG(s) dict_keys(['example_bash_operator']) retrieved from /home/airflow/.local/lib/python3.7/site-packages/airflow/example_dags/example_bash_operator.py
[2023-02-03T11:50:52.757+0000] {logging_mixin.py:137} INFO - [2023-02-03T11:50:52.756+0000] {dag.py:2676} INFO - Sync 1 DAGs
[2023-02-03T11:50:52.827+0000] {logging_mixin.py:137} INFO - [2023-02-03T11:50:52.827+0000] {dag.py:3427} INFO - Setting next_dagrun for example_bash_operator to 2023-02-02T00:00:00+00:00, run_after=2023-02-03T00:00:00+00:00
[2023-02-03T11:50:52.875+0000] {processor.py:175} INFO - Processing /home/airflow/.local/lib/python3.7/site-packages/airflow/example_dags/example_bash_operator.py took 0.273 seconds
[2023-02-03T11:55:35.664+0000] {processor.py:153} INFO - Started process (PID=79) to work on /home/airflow/.local/lib/python3.7/site-packages/airflow/example_dags/example_bash_operator.py
[2023-02-03T11:55:35.668+0000] {processor.py:743} INFO - Processing file /home/airflow/.local/lib/python3.7/site-packages/airflow/example_dags/example_bash_operator.py for tasks to queue
[2023-02-03T11:55:35.672+0000] {logging_mixin.py:137} INFO - [2023-02-03T11:55:35.672+0000] {dagbag.py:538} INFO - Filling up the DagBag from /home/airflow/.local/lib/python3.7/site-packages/airflow/example_dags/example_bash_operator.py
[2023-02-03T11:55:35.768+0000] {processor.py:753} INFO - DAG(s) dict_keys(['example_bash_operator']) retrieved from /home/airflow/.local/lib/python3.7/site-packages/airflow/example_dags/example_bash_operator.py
[2023-02-03T11:55:36.090+0000] {logging_mixin.py:137} INFO - [2023-02-03T11:55:36.081+0000] {dag.py:2676} INFO - Sync 1 DAGs
[2023-02-03T11:55:36.236+0000] {logging_mixin.py:137} INFO - [2023-02-03T11:55:36.236+0000] {dag.py:3427} INFO - Setting next_dagrun for example_bash_operator to 2023-02-02T00:00:00+00:00, run_after=2023-02-03T00:00:00+00:00
[2023-02-03T11:55:36.395+0000] {processor.py:175} INFO - Processing /home/airflow/.local/lib/python3.7/site-packages/airflow/example_dags/example_bash_operator.py took 0.766 seconds
[2023-02-03T11:56:10.239+0000] {processor.py:153} INFO - Started process (PID=140) to work on /home/airflow/.local/lib/python3.7/site-packages/airflow/example_dags/example_bash_operator.py
[2023-02-03T11:56:10.242+0000] {processor.py:743} INFO - Processing file /home/airflow/.local/lib/python3.7/site-packages/airflow/example_dags/example_bash_operator.py for tasks to queue
[2023-02-03T11:56:10.245+0000] {logging_mixin.py:137} INFO - [2023-02-03T11:56:10.244+0000] {dagbag.py:538} INFO - Filling up the DagBag from /home/airflow/.local/lib/python3.7/site-packages/airflow/example_dags/example_bash_operator.py
[2023-02-03T11:56:10.311+0000] {processor.py:753} INFO - DAG(s) dict_keys(['example_bash_operator']) retrieved from /home/airflow/.local/lib/python3.7/site-packages/airflow/example_dags/example_bash_operator.py
[2023-02-03T11:56:10.555+0000] {logging_mixin.py:137} INFO - [2023-02-03T11:56:10.555+0000] {dag.py:2676} INFO - Sync 1 DAGs
[2023-02-03T11:56:10.735+0000] {logging_mixin.py:137} INFO - [2023-02-03T11:56:10.735+0000] {dag.py:3427} INFO - Setting next_dagrun for example_bash_operator to 2023-02-02T00:00:00+00:00, run_after=2023-02-03T00:00:00+00:00
[2023-02-03T11:56:10.902+0000] {processor.py:175} INFO - Processing /home/airflow/.local/lib/python3.7/site-packages/airflow/example_dags/example_bash_operator.py took 0.671 seconds
[2023-02-03T11:56:41.850+0000] {processor.py:153} INFO - Started process (PID=205) to work on /home/airflow/.local/lib/python3.7/site-packages/airflow/example_dags/example_bash_operator.py
[2023-02-03T11:56:41.852+0000] {processor.py:743} INFO - Processing file /home/airflow/.local/lib/python3.7/site-packages/airflow/example_dags/example_bash_operator.py for tasks to queue
[2023-02-03T11:56:41.854+0000] {logging_mixin.py:137} INFO - [2023-02-03T11:56:41.854+0000] {dagbag.py:538} INFO - Filling up the DagBag from /home/airflow/.local/lib/python3.7/site-packages/airflow/example_dags/example_bash_operator.py
[2023-02-03T11:56:41.884+0000] {processor.py:753} INFO - DAG(s) dict_keys(['example_bash_operator']) retrieved from /home/airflow/.local/lib/python3.7/site-packages/airflow/example_dags/example_bash_operator.py
[2023-02-03T11:56:41.964+0000] {logging_mixin.py:137} INFO - [2023-02-03T11:56:41.964+0000] {dag.py:2676} INFO - Sync 1 DAGs
[2023-02-03T11:56:42.016+0000] {logging_mixin.py:137} INFO - [2023-02-03T11:56:42.015+0000] {dag.py:3427} INFO - Setting next_dagrun for example_bash_operator to 2023-02-02T00:00:00+00:00, run_after=2023-02-03T00:00:00+00:00
[2023-02-03T11:56:42.052+0000] {processor.py:175} INFO - Processing /home/airflow/.local/lib/python3.7/site-packages/airflow/example_dags/example_bash_operator.py took 0.210 seconds
[2023-02-03T11:57:12.833+0000] {processor.py:153} INFO - Started process (PID=268) to work on /home/airflow/.local/lib/python3.7/site-packages/airflow/example_dags/example_bash_operator.py
[2023-02-03T11:57:12.836+0000] {processor.py:743} INFO - Processing file /home/airflow/.local/lib/python3.7/site-packages/airflow/example_dags/example_bash_operator.py for tasks to queue
[2023-02-03T11:57:12.838+0000] {logging_mixin.py:137} INFO - [2023-02-03T11:57:12.838+0000] {dagbag.py:538} INFO - Filling up the DagBag from /home/airflow/.local/lib/python3.7/site-packages/airflow/example_dags/example_bash_operator.py
[2023-02-03T11:57:12.888+0000] {processor.py:753} INFO - DAG(s) dict_keys(['example_bash_operator']) retrieved from /home/airflow/.local/lib/python3.7/site-packages/airflow/example_dags/example_bash_operator.py
[2023-02-03T11:57:13.085+0000] {logging_mixin.py:137} INFO - [2023-02-03T11:57:13.084+0000] {dag.py:2676} INFO - Sync 1 DAGs
[2023-02-03T11:57:13.169+0000] {logging_mixin.py:137} INFO - [2023-02-03T11:57:13.169+0000] {dag.py:3427} INFO - Setting next_dagrun for example_bash_operator to 2023-02-02T00:00:00+00:00, run_after=2023-02-03T00:00:00+00:00
[2023-02-03T11:57:13.270+0000] {processor.py:175} INFO - Processing /home/airflow/.local/lib/python3.7/site-packages/airflow/example_dags/example_bash_operator.py took 0.444 seconds
[2023-02-03T11:57:43.670+0000] {processor.py:153} INFO - Started process (PID=342) to work on /home/airflow/.local/lib/python3.7/site-packages/airflow/example_dags/example_bash_operator.py
[2023-02-03T11:57:43.672+0000] {processor.py:743} INFO - Processing file /home/airflow/.local/lib/python3.7/site-packages/airflow/example_dags/example_bash_operator.py for tasks to queue
[2023-02-03T11:57:43.674+0000] {logging_mixin.py:137} INFO - [2023-02-03T11:57:43.674+0000] {dagbag.py:538} INFO - Filling up the DagBag from /home/airflow/.local/lib/python3.7/site-packages/airflow/example_dags/example_bash_operator.py
[2023-02-03T11:57:43.736+0000] {processor.py:753} INFO - DAG(s) dict_keys(['example_bash_operator']) retrieved from /home/airflow/.local/lib/python3.7/site-packages/airflow/example_dags/example_bash_operator.py
[2023-02-03T11:57:43.904+0000] {logging_mixin.py:137} INFO - [2023-02-03T11:57:43.904+0000] {dag.py:2676} INFO - Sync 1 DAGs
[2023-02-03T11:57:43.979+0000] {logging_mixin.py:137} INFO - [2023-02-03T11:57:43.979+0000] {dag.py:3427} INFO - Setting next_dagrun for example_bash_operator to 2023-02-02T00:00:00+00:00, run_after=2023-02-03T00:00:00+00:00
[2023-02-03T11:57:44.030+0000] {processor.py:175} INFO - Processing /home/airflow/.local/lib/python3.7/site-packages/airflow/example_dags/example_bash_operator.py took 0.367 seconds
