[2023-02-03T11:39:49.320+0000] {processor.py:153} INFO - Started process (PID=55) to work on /home/airflow/.local/lib/python3.7/site-packages/airflow/example_dags/example_branch_datetime_operator.py
[2023-02-03T11:39:49.337+0000] {processor.py:743} INFO - Processing file /home/airflow/.local/lib/python3.7/site-packages/airflow/example_dags/example_branch_datetime_operator.py for tasks to queue
[2023-02-03T11:39:49.343+0000] {logging_mixin.py:137} INFO - [2023-02-03T11:39:49.343+0000] {dagbag.py:538} INFO - Filling up the DagBag from /home/airflow/.local/lib/python3.7/site-packages/airflow/example_dags/example_branch_datetime_operator.py
[2023-02-03T11:39:49.450+0000] {processor.py:753} INFO - DAG(s) dict_keys(['example_branch_datetime_operator_3', 'example_branch_datetime_operator_2', 'example_branch_datetime_operator']) retrieved from /home/airflow/.local/lib/python3.7/site-packages/airflow/example_dags/example_branch_datetime_operator.py
[2023-02-03T11:39:49.612+0000] {logging_mixin.py:137} INFO - [2023-02-03T11:39:49.611+0000] {dag.py:2676} INFO - Sync 3 DAGs
[2023-02-03T11:39:49.725+0000] {logging_mixin.py:137} INFO - [2023-02-03T11:39:49.725+0000] {dag.py:3427} INFO - Setting next_dagrun for example_branch_datetime_operator to 2023-02-02T00:00:00+00:00, run_after=2023-02-03T00:00:00+00:00
[2023-02-03T11:39:49.743+0000] {logging_mixin.py:137} INFO - [2023-02-03T11:39:49.743+0000] {dag.py:3427} INFO - Setting next_dagrun for example_branch_datetime_operator_2 to 2023-02-02T00:00:00+00:00, run_after=2023-02-03T00:00:00+00:00
[2023-02-03T11:39:49.749+0000] {logging_mixin.py:137} INFO - [2023-02-03T11:39:49.749+0000] {dag.py:3427} INFO - Setting next_dagrun for example_branch_datetime_operator_3 to 2023-02-02T00:00:00+00:00, run_after=2023-02-03T00:00:00+00:00
[2023-02-03T11:39:49.818+0000] {processor.py:175} INFO - Processing /home/airflow/.local/lib/python3.7/site-packages/airflow/example_dags/example_branch_datetime_operator.py took 0.534 seconds
[2023-02-03T11:40:20.842+0000] {processor.py:153} INFO - Started process (PID=117) to work on /home/airflow/.local/lib/python3.7/site-packages/airflow/example_dags/example_branch_datetime_operator.py
[2023-02-03T11:40:20.847+0000] {processor.py:743} INFO - Processing file /home/airflow/.local/lib/python3.7/site-packages/airflow/example_dags/example_branch_datetime_operator.py for tasks to queue
[2023-02-03T11:40:20.862+0000] {logging_mixin.py:137} INFO - [2023-02-03T11:40:20.862+0000] {dagbag.py:538} INFO - Filling up the DagBag from /home/airflow/.local/lib/python3.7/site-packages/airflow/example_dags/example_branch_datetime_operator.py
[2023-02-03T11:40:20.913+0000] {processor.py:753} INFO - DAG(s) dict_keys(['example_branch_datetime_operator', 'example_branch_datetime_operator_3', 'example_branch_datetime_operator_2']) retrieved from /home/airflow/.local/lib/python3.7/site-packages/airflow/example_dags/example_branch_datetime_operator.py
[2023-02-03T11:40:21.093+0000] {logging_mixin.py:137} INFO - [2023-02-03T11:40:21.092+0000] {dag.py:2676} INFO - Sync 3 DAGs
[2023-02-03T11:40:21.208+0000] {logging_mixin.py:137} INFO - [2023-02-03T11:40:21.207+0000] {dag.py:3427} INFO - Setting next_dagrun for example_branch_datetime_operator to 2023-02-02T00:00:00+00:00, run_after=2023-02-03T00:00:00+00:00
[2023-02-03T11:40:21.223+0000] {logging_mixin.py:137} INFO - [2023-02-03T11:40:21.223+0000] {dag.py:3427} INFO - Setting next_dagrun for example_branch_datetime_operator_2 to 2023-02-02T00:00:00+00:00, run_after=2023-02-03T00:00:00+00:00
[2023-02-03T11:40:21.231+0000] {logging_mixin.py:137} INFO - [2023-02-03T11:40:21.231+0000] {dag.py:3427} INFO - Setting next_dagrun for example_branch_datetime_operator_3 to 2023-02-02T00:00:00+00:00, run_after=2023-02-03T00:00:00+00:00
[2023-02-03T11:40:21.307+0000] {processor.py:175} INFO - Processing /home/airflow/.local/lib/python3.7/site-packages/airflow/example_dags/example_branch_datetime_operator.py took 0.475 seconds
[2023-02-03T11:40:52.235+0000] {processor.py:153} INFO - Started process (PID=179) to work on /home/airflow/.local/lib/python3.7/site-packages/airflow/example_dags/example_branch_datetime_operator.py
[2023-02-03T11:40:52.238+0000] {processor.py:743} INFO - Processing file /home/airflow/.local/lib/python3.7/site-packages/airflow/example_dags/example_branch_datetime_operator.py for tasks to queue
[2023-02-03T11:40:52.240+0000] {logging_mixin.py:137} INFO - [2023-02-03T11:40:52.240+0000] {dagbag.py:538} INFO - Filling up the DagBag from /home/airflow/.local/lib/python3.7/site-packages/airflow/example_dags/example_branch_datetime_operator.py
[2023-02-03T11:40:52.274+0000] {processor.py:753} INFO - DAG(s) dict_keys(['example_branch_datetime_operator_2', 'example_branch_datetime_operator', 'example_branch_datetime_operator_3']) retrieved from /home/airflow/.local/lib/python3.7/site-packages/airflow/example_dags/example_branch_datetime_operator.py
[2023-02-03T11:40:52.403+0000] {logging_mixin.py:137} INFO - [2023-02-03T11:40:52.402+0000] {dag.py:2676} INFO - Sync 3 DAGs
[2023-02-03T11:40:52.486+0000] {logging_mixin.py:137} INFO - [2023-02-03T11:40:52.486+0000] {dag.py:3427} INFO - Setting next_dagrun for example_branch_datetime_operator to 2023-02-02T00:00:00+00:00, run_after=2023-02-03T00:00:00+00:00
[2023-02-03T11:40:52.498+0000] {logging_mixin.py:137} INFO - [2023-02-03T11:40:52.498+0000] {dag.py:3427} INFO - Setting next_dagrun for example_branch_datetime_operator_2 to 2023-02-02T00:00:00+00:00, run_after=2023-02-03T00:00:00+00:00
[2023-02-03T11:40:52.504+0000] {logging_mixin.py:137} INFO - [2023-02-03T11:40:52.504+0000] {dag.py:3427} INFO - Setting next_dagrun for example_branch_datetime_operator_3 to 2023-02-02T00:00:00+00:00, run_after=2023-02-03T00:00:00+00:00
[2023-02-03T11:40:52.563+0000] {processor.py:175} INFO - Processing /home/airflow/.local/lib/python3.7/site-packages/airflow/example_dags/example_branch_datetime_operator.py took 0.337 seconds
[2023-02-03T11:41:22.854+0000] {processor.py:153} INFO - Started process (PID=253) to work on /home/airflow/.local/lib/python3.7/site-packages/airflow/example_dags/example_branch_datetime_operator.py
[2023-02-03T11:41:22.856+0000] {processor.py:743} INFO - Processing file /home/airflow/.local/lib/python3.7/site-packages/airflow/example_dags/example_branch_datetime_operator.py for tasks to queue
[2023-02-03T11:41:22.858+0000] {logging_mixin.py:137} INFO - [2023-02-03T11:41:22.858+0000] {dagbag.py:538} INFO - Filling up the DagBag from /home/airflow/.local/lib/python3.7/site-packages/airflow/example_dags/example_branch_datetime_operator.py
[2023-02-03T11:41:22.889+0000] {processor.py:753} INFO - DAG(s) dict_keys(['example_branch_datetime_operator_2', 'example_branch_datetime_operator', 'example_branch_datetime_operator_3']) retrieved from /home/airflow/.local/lib/python3.7/site-packages/airflow/example_dags/example_branch_datetime_operator.py
[2023-02-03T11:41:22.998+0000] {logging_mixin.py:137} INFO - [2023-02-03T11:41:22.997+0000] {dag.py:2676} INFO - Sync 3 DAGs
[2023-02-03T11:41:23.087+0000] {logging_mixin.py:137} INFO - [2023-02-03T11:41:23.086+0000] {dag.py:3427} INFO - Setting next_dagrun for example_branch_datetime_operator to 2023-02-02T00:00:00+00:00, run_after=2023-02-03T00:00:00+00:00
[2023-02-03T11:41:23.104+0000] {logging_mixin.py:137} INFO - [2023-02-03T11:41:23.104+0000] {dag.py:3427} INFO - Setting next_dagrun for example_branch_datetime_operator_2 to 2023-02-02T00:00:00+00:00, run_after=2023-02-03T00:00:00+00:00
[2023-02-03T11:41:23.113+0000] {logging_mixin.py:137} INFO - [2023-02-03T11:41:23.112+0000] {dag.py:3427} INFO - Setting next_dagrun for example_branch_datetime_operator_3 to 2023-02-02T00:00:00+00:00, run_after=2023-02-03T00:00:00+00:00
[2023-02-03T11:41:23.171+0000] {processor.py:175} INFO - Processing /home/airflow/.local/lib/python3.7/site-packages/airflow/example_dags/example_branch_datetime_operator.py took 0.327 seconds
[2023-02-03T11:41:53.306+0000] {processor.py:153} INFO - Started process (PID=315) to work on /home/airflow/.local/lib/python3.7/site-packages/airflow/example_dags/example_branch_datetime_operator.py
[2023-02-03T11:41:53.308+0000] {processor.py:743} INFO - Processing file /home/airflow/.local/lib/python3.7/site-packages/airflow/example_dags/example_branch_datetime_operator.py for tasks to queue
[2023-02-03T11:41:53.311+0000] {logging_mixin.py:137} INFO - [2023-02-03T11:41:53.311+0000] {dagbag.py:538} INFO - Filling up the DagBag from /home/airflow/.local/lib/python3.7/site-packages/airflow/example_dags/example_branch_datetime_operator.py
[2023-02-03T11:41:53.346+0000] {processor.py:753} INFO - DAG(s) dict_keys(['example_branch_datetime_operator_3', 'example_branch_datetime_operator', 'example_branch_datetime_operator_2']) retrieved from /home/airflow/.local/lib/python3.7/site-packages/airflow/example_dags/example_branch_datetime_operator.py
[2023-02-03T11:41:53.427+0000] {logging_mixin.py:137} INFO - [2023-02-03T11:41:53.427+0000] {dag.py:2676} INFO - Sync 3 DAGs
[2023-02-03T11:41:53.487+0000] {logging_mixin.py:137} INFO - [2023-02-03T11:41:53.487+0000] {dag.py:3427} INFO - Setting next_dagrun for example_branch_datetime_operator to 2023-02-02T00:00:00+00:00, run_after=2023-02-03T00:00:00+00:00
[2023-02-03T11:41:53.501+0000] {logging_mixin.py:137} INFO - [2023-02-03T11:41:53.500+0000] {dag.py:3427} INFO - Setting next_dagrun for example_branch_datetime_operator_2 to 2023-02-02T00:00:00+00:00, run_after=2023-02-03T00:00:00+00:00
[2023-02-03T11:41:53.512+0000] {logging_mixin.py:137} INFO - [2023-02-03T11:41:53.512+0000] {dag.py:3427} INFO - Setting next_dagrun for example_branch_datetime_operator_3 to 2023-02-02T00:00:00+00:00, run_after=2023-02-03T00:00:00+00:00
[2023-02-03T11:41:53.560+0000] {processor.py:175} INFO - Processing /home/airflow/.local/lib/python3.7/site-packages/airflow/example_dags/example_branch_datetime_operator.py took 0.259 seconds
[2023-02-03T11:42:23.639+0000] {processor.py:153} INFO - Started process (PID=378) to work on /home/airflow/.local/lib/python3.7/site-packages/airflow/example_dags/example_branch_datetime_operator.py
[2023-02-03T11:42:23.641+0000] {processor.py:743} INFO - Processing file /home/airflow/.local/lib/python3.7/site-packages/airflow/example_dags/example_branch_datetime_operator.py for tasks to queue
[2023-02-03T11:42:23.643+0000] {logging_mixin.py:137} INFO - [2023-02-03T11:42:23.643+0000] {dagbag.py:538} INFO - Filling up the DagBag from /home/airflow/.local/lib/python3.7/site-packages/airflow/example_dags/example_branch_datetime_operator.py
[2023-02-03T11:42:23.684+0000] {processor.py:753} INFO - DAG(s) dict_keys(['example_branch_datetime_operator_2', 'example_branch_datetime_operator_3', 'example_branch_datetime_operator']) retrieved from /home/airflow/.local/lib/python3.7/site-packages/airflow/example_dags/example_branch_datetime_operator.py
[2023-02-03T11:42:23.775+0000] {logging_mixin.py:137} INFO - [2023-02-03T11:42:23.774+0000] {dag.py:2676} INFO - Sync 3 DAGs
[2023-02-03T11:42:23.840+0000] {logging_mixin.py:137} INFO - [2023-02-03T11:42:23.840+0000] {dag.py:3427} INFO - Setting next_dagrun for example_branch_datetime_operator to 2023-02-02T00:00:00+00:00, run_after=2023-02-03T00:00:00+00:00
[2023-02-03T11:42:23.860+0000] {logging_mixin.py:137} INFO - [2023-02-03T11:42:23.860+0000] {dag.py:3427} INFO - Setting next_dagrun for example_branch_datetime_operator_2 to 2023-02-02T00:00:00+00:00, run_after=2023-02-03T00:00:00+00:00
[2023-02-03T11:42:23.872+0000] {logging_mixin.py:137} INFO - [2023-02-03T11:42:23.872+0000] {dag.py:3427} INFO - Setting next_dagrun for example_branch_datetime_operator_3 to 2023-02-02T00:00:00+00:00, run_after=2023-02-03T00:00:00+00:00
[2023-02-03T11:42:23.951+0000] {processor.py:175} INFO - Processing /home/airflow/.local/lib/python3.7/site-packages/airflow/example_dags/example_branch_datetime_operator.py took 0.319 seconds
[2023-02-03T11:43:36.087+0000] {processor.py:153} INFO - Started process (PID=55) to work on /home/airflow/.local/lib/python3.7/site-packages/airflow/example_dags/example_branch_datetime_operator.py
[2023-02-03T11:43:36.090+0000] {processor.py:743} INFO - Processing file /home/airflow/.local/lib/python3.7/site-packages/airflow/example_dags/example_branch_datetime_operator.py for tasks to queue
[2023-02-03T11:43:36.094+0000] {logging_mixin.py:137} INFO - [2023-02-03T11:43:36.094+0000] {dagbag.py:538} INFO - Filling up the DagBag from /home/airflow/.local/lib/python3.7/site-packages/airflow/example_dags/example_branch_datetime_operator.py
[2023-02-03T11:43:36.133+0000] {processor.py:753} INFO - DAG(s) dict_keys(['example_branch_datetime_operator_3', 'example_branch_datetime_operator', 'example_branch_datetime_operator_2']) retrieved from /home/airflow/.local/lib/python3.7/site-packages/airflow/example_dags/example_branch_datetime_operator.py
[2023-02-03T11:43:36.244+0000] {logging_mixin.py:137} INFO - [2023-02-03T11:43:36.244+0000] {dag.py:2676} INFO - Sync 3 DAGs
[2023-02-03T11:43:36.326+0000] {logging_mixin.py:137} INFO - [2023-02-03T11:43:36.326+0000] {dag.py:3427} INFO - Setting next_dagrun for example_branch_datetime_operator to 2023-02-02T00:00:00+00:00, run_after=2023-02-03T00:00:00+00:00
[2023-02-03T11:43:36.341+0000] {logging_mixin.py:137} INFO - [2023-02-03T11:43:36.341+0000] {dag.py:3427} INFO - Setting next_dagrun for example_branch_datetime_operator_2 to 2023-02-02T00:00:00+00:00, run_after=2023-02-03T00:00:00+00:00
[2023-02-03T11:43:36.349+0000] {logging_mixin.py:137} INFO - [2023-02-03T11:43:36.349+0000] {dag.py:3427} INFO - Setting next_dagrun for example_branch_datetime_operator_3 to 2023-02-02T00:00:00+00:00, run_after=2023-02-03T00:00:00+00:00
[2023-02-03T11:43:36.405+0000] {processor.py:175} INFO - Processing /home/airflow/.local/lib/python3.7/site-packages/airflow/example_dags/example_branch_datetime_operator.py took 0.328 seconds
[2023-02-03T11:44:07.174+0000] {processor.py:153} INFO - Started process (PID=118) to work on /home/airflow/.local/lib/python3.7/site-packages/airflow/example_dags/example_branch_datetime_operator.py
[2023-02-03T11:44:07.176+0000] {processor.py:743} INFO - Processing file /home/airflow/.local/lib/python3.7/site-packages/airflow/example_dags/example_branch_datetime_operator.py for tasks to queue
[2023-02-03T11:44:07.178+0000] {logging_mixin.py:137} INFO - [2023-02-03T11:44:07.177+0000] {dagbag.py:538} INFO - Filling up the DagBag from /home/airflow/.local/lib/python3.7/site-packages/airflow/example_dags/example_branch_datetime_operator.py
[2023-02-03T11:44:07.208+0000] {processor.py:753} INFO - DAG(s) dict_keys(['example_branch_datetime_operator', 'example_branch_datetime_operator_2', 'example_branch_datetime_operator_3']) retrieved from /home/airflow/.local/lib/python3.7/site-packages/airflow/example_dags/example_branch_datetime_operator.py
[2023-02-03T11:44:07.304+0000] {logging_mixin.py:137} INFO - [2023-02-03T11:44:07.303+0000] {dag.py:2676} INFO - Sync 3 DAGs
[2023-02-03T11:44:07.364+0000] {logging_mixin.py:137} INFO - [2023-02-03T11:44:07.364+0000] {dag.py:3427} INFO - Setting next_dagrun for example_branch_datetime_operator to 2023-02-02T00:00:00+00:00, run_after=2023-02-03T00:00:00+00:00
[2023-02-03T11:44:07.376+0000] {logging_mixin.py:137} INFO - [2023-02-03T11:44:07.376+0000] {dag.py:3427} INFO - Setting next_dagrun for example_branch_datetime_operator_2 to 2023-02-02T00:00:00+00:00, run_after=2023-02-03T00:00:00+00:00
[2023-02-03T11:44:07.381+0000] {logging_mixin.py:137} INFO - [2023-02-03T11:44:07.381+0000] {dag.py:3427} INFO - Setting next_dagrun for example_branch_datetime_operator_3 to 2023-02-02T00:00:00+00:00, run_after=2023-02-03T00:00:00+00:00
[2023-02-03T11:44:07.412+0000] {processor.py:175} INFO - Processing /home/airflow/.local/lib/python3.7/site-packages/airflow/example_dags/example_branch_datetime_operator.py took 0.242 seconds
[2023-02-03T11:44:37.964+0000] {processor.py:153} INFO - Started process (PID=180) to work on /home/airflow/.local/lib/python3.7/site-packages/airflow/example_dags/example_branch_datetime_operator.py
[2023-02-03T11:44:37.966+0000] {processor.py:743} INFO - Processing file /home/airflow/.local/lib/python3.7/site-packages/airflow/example_dags/example_branch_datetime_operator.py for tasks to queue
[2023-02-03T11:44:37.971+0000] {logging_mixin.py:137} INFO - [2023-02-03T11:44:37.971+0000] {dagbag.py:538} INFO - Filling up the DagBag from /home/airflow/.local/lib/python3.7/site-packages/airflow/example_dags/example_branch_datetime_operator.py
[2023-02-03T11:44:38.010+0000] {processor.py:753} INFO - DAG(s) dict_keys(['example_branch_datetime_operator', 'example_branch_datetime_operator_2', 'example_branch_datetime_operator_3']) retrieved from /home/airflow/.local/lib/python3.7/site-packages/airflow/example_dags/example_branch_datetime_operator.py
[2023-02-03T11:44:38.154+0000] {logging_mixin.py:137} INFO - [2023-02-03T11:44:38.153+0000] {dag.py:2676} INFO - Sync 3 DAGs
[2023-02-03T11:44:38.231+0000] {logging_mixin.py:137} INFO - [2023-02-03T11:44:38.231+0000] {dag.py:3427} INFO - Setting next_dagrun for example_branch_datetime_operator to 2023-02-02T00:00:00+00:00, run_after=2023-02-03T00:00:00+00:00
[2023-02-03T11:44:38.249+0000] {logging_mixin.py:137} INFO - [2023-02-03T11:44:38.249+0000] {dag.py:3427} INFO - Setting next_dagrun for example_branch_datetime_operator_2 to 2023-02-02T00:00:00+00:00, run_after=2023-02-03T00:00:00+00:00
[2023-02-03T11:44:38.258+0000] {logging_mixin.py:137} INFO - [2023-02-03T11:44:38.257+0000] {dag.py:3427} INFO - Setting next_dagrun for example_branch_datetime_operator_3 to 2023-02-02T00:00:00+00:00, run_after=2023-02-03T00:00:00+00:00
[2023-02-03T11:44:38.371+0000] {processor.py:175} INFO - Processing /home/airflow/.local/lib/python3.7/site-packages/airflow/example_dags/example_branch_datetime_operator.py took 0.416 seconds
[2023-02-03T11:45:08.982+0000] {processor.py:153} INFO - Started process (PID=244) to work on /home/airflow/.local/lib/python3.7/site-packages/airflow/example_dags/example_branch_datetime_operator.py
[2023-02-03T11:45:08.985+0000] {processor.py:743} INFO - Processing file /home/airflow/.local/lib/python3.7/site-packages/airflow/example_dags/example_branch_datetime_operator.py for tasks to queue
[2023-02-03T11:45:08.986+0000] {logging_mixin.py:137} INFO - [2023-02-03T11:45:08.986+0000] {dagbag.py:538} INFO - Filling up the DagBag from /home/airflow/.local/lib/python3.7/site-packages/airflow/example_dags/example_branch_datetime_operator.py
[2023-02-03T11:45:09.011+0000] {processor.py:753} INFO - DAG(s) dict_keys(['example_branch_datetime_operator', 'example_branch_datetime_operator_2', 'example_branch_datetime_operator_3']) retrieved from /home/airflow/.local/lib/python3.7/site-packages/airflow/example_dags/example_branch_datetime_operator.py
[2023-02-03T11:45:09.106+0000] {logging_mixin.py:137} INFO - [2023-02-03T11:45:09.106+0000] {dag.py:2676} INFO - Sync 3 DAGs
[2023-02-03T11:45:09.165+0000] {logging_mixin.py:137} INFO - [2023-02-03T11:45:09.165+0000] {dag.py:3427} INFO - Setting next_dagrun for example_branch_datetime_operator to 2023-02-02T00:00:00+00:00, run_after=2023-02-03T00:00:00+00:00
[2023-02-03T11:45:09.175+0000] {logging_mixin.py:137} INFO - [2023-02-03T11:45:09.175+0000] {dag.py:3427} INFO - Setting next_dagrun for example_branch_datetime_operator_2 to 2023-02-02T00:00:00+00:00, run_after=2023-02-03T00:00:00+00:00
[2023-02-03T11:45:09.180+0000] {logging_mixin.py:137} INFO - [2023-02-03T11:45:09.180+0000] {dag.py:3427} INFO - Setting next_dagrun for example_branch_datetime_operator_3 to 2023-02-02T00:00:00+00:00, run_after=2023-02-03T00:00:00+00:00
[2023-02-03T11:45:09.216+0000] {processor.py:175} INFO - Processing /home/airflow/.local/lib/python3.7/site-packages/airflow/example_dags/example_branch_datetime_operator.py took 0.238 seconds
[2023-02-03T11:45:40.151+0000] {processor.py:153} INFO - Started process (PID=318) to work on /home/airflow/.local/lib/python3.7/site-packages/airflow/example_dags/example_branch_datetime_operator.py
[2023-02-03T11:45:40.153+0000] {processor.py:743} INFO - Processing file /home/airflow/.local/lib/python3.7/site-packages/airflow/example_dags/example_branch_datetime_operator.py for tasks to queue
[2023-02-03T11:45:40.154+0000] {logging_mixin.py:137} INFO - [2023-02-03T11:45:40.154+0000] {dagbag.py:538} INFO - Filling up the DagBag from /home/airflow/.local/lib/python3.7/site-packages/airflow/example_dags/example_branch_datetime_operator.py
[2023-02-03T11:45:40.182+0000] {processor.py:753} INFO - DAG(s) dict_keys(['example_branch_datetime_operator_2', 'example_branch_datetime_operator', 'example_branch_datetime_operator_3']) retrieved from /home/airflow/.local/lib/python3.7/site-packages/airflow/example_dags/example_branch_datetime_operator.py
[2023-02-03T11:45:40.253+0000] {logging_mixin.py:137} INFO - [2023-02-03T11:45:40.253+0000] {dag.py:2676} INFO - Sync 3 DAGs
[2023-02-03T11:45:40.300+0000] {logging_mixin.py:137} INFO - [2023-02-03T11:45:40.300+0000] {dag.py:3427} INFO - Setting next_dagrun for example_branch_datetime_operator to 2023-02-02T00:00:00+00:00, run_after=2023-02-03T00:00:00+00:00
[2023-02-03T11:45:40.308+0000] {logging_mixin.py:137} INFO - [2023-02-03T11:45:40.308+0000] {dag.py:3427} INFO - Setting next_dagrun for example_branch_datetime_operator_2 to 2023-02-02T00:00:00+00:00, run_after=2023-02-03T00:00:00+00:00
[2023-02-03T11:45:40.312+0000] {logging_mixin.py:137} INFO - [2023-02-03T11:45:40.312+0000] {dag.py:3427} INFO - Setting next_dagrun for example_branch_datetime_operator_3 to 2023-02-02T00:00:00+00:00, run_after=2023-02-03T00:00:00+00:00
[2023-02-03T11:45:40.345+0000] {processor.py:175} INFO - Processing /home/airflow/.local/lib/python3.7/site-packages/airflow/example_dags/example_branch_datetime_operator.py took 0.199 seconds
[2023-02-03T11:46:10.898+0000] {processor.py:153} INFO - Started process (PID=381) to work on /home/airflow/.local/lib/python3.7/site-packages/airflow/example_dags/example_branch_datetime_operator.py
[2023-02-03T11:46:10.900+0000] {processor.py:743} INFO - Processing file /home/airflow/.local/lib/python3.7/site-packages/airflow/example_dags/example_branch_datetime_operator.py for tasks to queue
[2023-02-03T11:46:10.902+0000] {logging_mixin.py:137} INFO - [2023-02-03T11:46:10.901+0000] {dagbag.py:538} INFO - Filling up the DagBag from /home/airflow/.local/lib/python3.7/site-packages/airflow/example_dags/example_branch_datetime_operator.py
[2023-02-03T11:46:10.929+0000] {processor.py:753} INFO - DAG(s) dict_keys(['example_branch_datetime_operator_3', 'example_branch_datetime_operator', 'example_branch_datetime_operator_2']) retrieved from /home/airflow/.local/lib/python3.7/site-packages/airflow/example_dags/example_branch_datetime_operator.py
[2023-02-03T11:46:11.007+0000] {logging_mixin.py:137} INFO - [2023-02-03T11:46:11.007+0000] {dag.py:2676} INFO - Sync 3 DAGs
[2023-02-03T11:46:11.057+0000] {logging_mixin.py:137} INFO - [2023-02-03T11:46:11.057+0000] {dag.py:3427} INFO - Setting next_dagrun for example_branch_datetime_operator to 2023-02-02T00:00:00+00:00, run_after=2023-02-03T00:00:00+00:00
[2023-02-03T11:46:11.065+0000] {logging_mixin.py:137} INFO - [2023-02-03T11:46:11.065+0000] {dag.py:3427} INFO - Setting next_dagrun for example_branch_datetime_operator_2 to 2023-02-02T00:00:00+00:00, run_after=2023-02-03T00:00:00+00:00
[2023-02-03T11:46:11.069+0000] {logging_mixin.py:137} INFO - [2023-02-03T11:46:11.069+0000] {dag.py:3427} INFO - Setting next_dagrun for example_branch_datetime_operator_3 to 2023-02-02T00:00:00+00:00, run_after=2023-02-03T00:00:00+00:00
[2023-02-03T11:46:11.109+0000] {processor.py:175} INFO - Processing /home/airflow/.local/lib/python3.7/site-packages/airflow/example_dags/example_branch_datetime_operator.py took 0.216 seconds
[2023-02-03T11:46:41.408+0000] {processor.py:153} INFO - Started process (PID=444) to work on /home/airflow/.local/lib/python3.7/site-packages/airflow/example_dags/example_branch_datetime_operator.py
[2023-02-03T11:46:41.410+0000] {processor.py:743} INFO - Processing file /home/airflow/.local/lib/python3.7/site-packages/airflow/example_dags/example_branch_datetime_operator.py for tasks to queue
[2023-02-03T11:46:41.411+0000] {logging_mixin.py:137} INFO - [2023-02-03T11:46:41.411+0000] {dagbag.py:538} INFO - Filling up the DagBag from /home/airflow/.local/lib/python3.7/site-packages/airflow/example_dags/example_branch_datetime_operator.py
[2023-02-03T11:46:41.446+0000] {processor.py:753} INFO - DAG(s) dict_keys(['example_branch_datetime_operator_2', 'example_branch_datetime_operator_3', 'example_branch_datetime_operator']) retrieved from /home/airflow/.local/lib/python3.7/site-packages/airflow/example_dags/example_branch_datetime_operator.py
[2023-02-03T11:46:41.521+0000] {logging_mixin.py:137} INFO - [2023-02-03T11:46:41.520+0000] {dag.py:2676} INFO - Sync 3 DAGs
[2023-02-03T11:46:41.598+0000] {logging_mixin.py:137} INFO - [2023-02-03T11:46:41.598+0000] {dag.py:3427} INFO - Setting next_dagrun for example_branch_datetime_operator to 2023-02-02T00:00:00+00:00, run_after=2023-02-03T00:00:00+00:00
[2023-02-03T11:46:41.606+0000] {logging_mixin.py:137} INFO - [2023-02-03T11:46:41.605+0000] {dag.py:3427} INFO - Setting next_dagrun for example_branch_datetime_operator_2 to 2023-02-02T00:00:00+00:00, run_after=2023-02-03T00:00:00+00:00
[2023-02-03T11:46:41.613+0000] {logging_mixin.py:137} INFO - [2023-02-03T11:46:41.612+0000] {dag.py:3427} INFO - Setting next_dagrun for example_branch_datetime_operator_3 to 2023-02-02T00:00:00+00:00, run_after=2023-02-03T00:00:00+00:00
[2023-02-03T11:46:41.646+0000] {processor.py:175} INFO - Processing /home/airflow/.local/lib/python3.7/site-packages/airflow/example_dags/example_branch_datetime_operator.py took 0.243 seconds
[2023-02-03T11:47:12.128+0000] {processor.py:153} INFO - Started process (PID=518) to work on /home/airflow/.local/lib/python3.7/site-packages/airflow/example_dags/example_branch_datetime_operator.py
[2023-02-03T11:47:12.145+0000] {processor.py:743} INFO - Processing file /home/airflow/.local/lib/python3.7/site-packages/airflow/example_dags/example_branch_datetime_operator.py for tasks to queue
[2023-02-03T11:47:12.163+0000] {logging_mixin.py:137} INFO - [2023-02-03T11:47:12.162+0000] {dagbag.py:538} INFO - Filling up the DagBag from /home/airflow/.local/lib/python3.7/site-packages/airflow/example_dags/example_branch_datetime_operator.py
[2023-02-03T11:47:12.187+0000] {processor.py:753} INFO - DAG(s) dict_keys(['example_branch_datetime_operator_3', 'example_branch_datetime_operator', 'example_branch_datetime_operator_2']) retrieved from /home/airflow/.local/lib/python3.7/site-packages/airflow/example_dags/example_branch_datetime_operator.py
[2023-02-03T11:47:12.307+0000] {logging_mixin.py:137} INFO - [2023-02-03T11:47:12.307+0000] {dag.py:2676} INFO - Sync 3 DAGs
[2023-02-03T11:47:12.393+0000] {logging_mixin.py:137} INFO - [2023-02-03T11:47:12.392+0000] {dag.py:3427} INFO - Setting next_dagrun for example_branch_datetime_operator to 2023-02-02T00:00:00+00:00, run_after=2023-02-03T00:00:00+00:00
[2023-02-03T11:47:12.411+0000] {logging_mixin.py:137} INFO - [2023-02-03T11:47:12.410+0000] {dag.py:3427} INFO - Setting next_dagrun for example_branch_datetime_operator_2 to 2023-02-02T00:00:00+00:00, run_after=2023-02-03T00:00:00+00:00
[2023-02-03T11:47:12.417+0000] {logging_mixin.py:137} INFO - [2023-02-03T11:47:12.417+0000] {dag.py:3427} INFO - Setting next_dagrun for example_branch_datetime_operator_3 to 2023-02-02T00:00:00+00:00, run_after=2023-02-03T00:00:00+00:00
[2023-02-03T11:47:12.469+0000] {processor.py:175} INFO - Processing /home/airflow/.local/lib/python3.7/site-packages/airflow/example_dags/example_branch_datetime_operator.py took 0.349 seconds
[2023-02-03T11:47:42.579+0000] {processor.py:153} INFO - Started process (PID=579) to work on /home/airflow/.local/lib/python3.7/site-packages/airflow/example_dags/example_branch_datetime_operator.py
[2023-02-03T11:47:42.581+0000] {processor.py:743} INFO - Processing file /home/airflow/.local/lib/python3.7/site-packages/airflow/example_dags/example_branch_datetime_operator.py for tasks to queue
[2023-02-03T11:47:42.583+0000] {logging_mixin.py:137} INFO - [2023-02-03T11:47:42.582+0000] {dagbag.py:538} INFO - Filling up the DagBag from /home/airflow/.local/lib/python3.7/site-packages/airflow/example_dags/example_branch_datetime_operator.py
[2023-02-03T11:47:42.606+0000] {processor.py:753} INFO - DAG(s) dict_keys(['example_branch_datetime_operator', 'example_branch_datetime_operator_3', 'example_branch_datetime_operator_2']) retrieved from /home/airflow/.local/lib/python3.7/site-packages/airflow/example_dags/example_branch_datetime_operator.py
[2023-02-03T11:47:42.686+0000] {logging_mixin.py:137} INFO - [2023-02-03T11:47:42.686+0000] {dag.py:2676} INFO - Sync 3 DAGs
[2023-02-03T11:47:42.737+0000] {logging_mixin.py:137} INFO - [2023-02-03T11:47:42.737+0000] {dag.py:3427} INFO - Setting next_dagrun for example_branch_datetime_operator to 2023-02-02T00:00:00+00:00, run_after=2023-02-03T00:00:00+00:00
[2023-02-03T11:47:42.745+0000] {logging_mixin.py:137} INFO - [2023-02-03T11:47:42.745+0000] {dag.py:3427} INFO - Setting next_dagrun for example_branch_datetime_operator_2 to 2023-02-02T00:00:00+00:00, run_after=2023-02-03T00:00:00+00:00
[2023-02-03T11:47:42.749+0000] {logging_mixin.py:137} INFO - [2023-02-03T11:47:42.749+0000] {dag.py:3427} INFO - Setting next_dagrun for example_branch_datetime_operator_3 to 2023-02-02T00:00:00+00:00, run_after=2023-02-03T00:00:00+00:00
[2023-02-03T11:47:42.782+0000] {processor.py:175} INFO - Processing /home/airflow/.local/lib/python3.7/site-packages/airflow/example_dags/example_branch_datetime_operator.py took 0.207 seconds
[2023-02-03T11:48:13.736+0000] {processor.py:153} INFO - Started process (PID=641) to work on /home/airflow/.local/lib/python3.7/site-packages/airflow/example_dags/example_branch_datetime_operator.py
[2023-02-03T11:48:13.738+0000] {processor.py:743} INFO - Processing file /home/airflow/.local/lib/python3.7/site-packages/airflow/example_dags/example_branch_datetime_operator.py for tasks to queue
[2023-02-03T11:48:13.739+0000] {logging_mixin.py:137} INFO - [2023-02-03T11:48:13.739+0000] {dagbag.py:538} INFO - Filling up the DagBag from /home/airflow/.local/lib/python3.7/site-packages/airflow/example_dags/example_branch_datetime_operator.py
[2023-02-03T11:48:13.762+0000] {processor.py:753} INFO - DAG(s) dict_keys(['example_branch_datetime_operator', 'example_branch_datetime_operator_3', 'example_branch_datetime_operator_2']) retrieved from /home/airflow/.local/lib/python3.7/site-packages/airflow/example_dags/example_branch_datetime_operator.py
[2023-02-03T11:48:13.844+0000] {logging_mixin.py:137} INFO - [2023-02-03T11:48:13.844+0000] {dag.py:2676} INFO - Sync 3 DAGs
[2023-02-03T11:48:13.903+0000] {logging_mixin.py:137} INFO - [2023-02-03T11:48:13.902+0000] {dag.py:3427} INFO - Setting next_dagrun for example_branch_datetime_operator to 2023-02-02T00:00:00+00:00, run_after=2023-02-03T00:00:00+00:00
[2023-02-03T11:48:13.911+0000] {logging_mixin.py:137} INFO - [2023-02-03T11:48:13.911+0000] {dag.py:3427} INFO - Setting next_dagrun for example_branch_datetime_operator_2 to 2023-02-02T00:00:00+00:00, run_after=2023-02-03T00:00:00+00:00
[2023-02-03T11:48:13.916+0000] {logging_mixin.py:137} INFO - [2023-02-03T11:48:13.916+0000] {dag.py:3427} INFO - Setting next_dagrun for example_branch_datetime_operator_3 to 2023-02-02T00:00:00+00:00, run_after=2023-02-03T00:00:00+00:00
[2023-02-03T11:48:13.957+0000] {processor.py:175} INFO - Processing /home/airflow/.local/lib/python3.7/site-packages/airflow/example_dags/example_branch_datetime_operator.py took 0.225 seconds
[2023-02-03T11:48:44.117+0000] {processor.py:153} INFO - Started process (PID=715) to work on /home/airflow/.local/lib/python3.7/site-packages/airflow/example_dags/example_branch_datetime_operator.py
[2023-02-03T11:48:44.119+0000] {processor.py:743} INFO - Processing file /home/airflow/.local/lib/python3.7/site-packages/airflow/example_dags/example_branch_datetime_operator.py for tasks to queue
[2023-02-03T11:48:44.121+0000] {logging_mixin.py:137} INFO - [2023-02-03T11:48:44.120+0000] {dagbag.py:538} INFO - Filling up the DagBag from /home/airflow/.local/lib/python3.7/site-packages/airflow/example_dags/example_branch_datetime_operator.py
[2023-02-03T11:48:44.151+0000] {processor.py:753} INFO - DAG(s) dict_keys(['example_branch_datetime_operator_2', 'example_branch_datetime_operator', 'example_branch_datetime_operator_3']) retrieved from /home/airflow/.local/lib/python3.7/site-packages/airflow/example_dags/example_branch_datetime_operator.py
[2023-02-03T11:48:44.233+0000] {logging_mixin.py:137} INFO - [2023-02-03T11:48:44.233+0000] {dag.py:2676} INFO - Sync 3 DAGs
[2023-02-03T11:48:44.292+0000] {logging_mixin.py:137} INFO - [2023-02-03T11:48:44.292+0000] {dag.py:3427} INFO - Setting next_dagrun for example_branch_datetime_operator to 2023-02-02T00:00:00+00:00, run_after=2023-02-03T00:00:00+00:00
[2023-02-03T11:48:44.301+0000] {logging_mixin.py:137} INFO - [2023-02-03T11:48:44.301+0000] {dag.py:3427} INFO - Setting next_dagrun for example_branch_datetime_operator_2 to 2023-02-02T00:00:00+00:00, run_after=2023-02-03T00:00:00+00:00
[2023-02-03T11:48:44.305+0000] {logging_mixin.py:137} INFO - [2023-02-03T11:48:44.305+0000] {dag.py:3427} INFO - Setting next_dagrun for example_branch_datetime_operator_3 to 2023-02-02T00:00:00+00:00, run_after=2023-02-03T00:00:00+00:00
[2023-02-03T11:48:44.336+0000] {processor.py:175} INFO - Processing /home/airflow/.local/lib/python3.7/site-packages/airflow/example_dags/example_branch_datetime_operator.py took 0.225 seconds
[2023-02-03T11:49:14.737+0000] {processor.py:153} INFO - Started process (PID=777) to work on /home/airflow/.local/lib/python3.7/site-packages/airflow/example_dags/example_branch_datetime_operator.py
[2023-02-03T11:49:14.739+0000] {processor.py:743} INFO - Processing file /home/airflow/.local/lib/python3.7/site-packages/airflow/example_dags/example_branch_datetime_operator.py for tasks to queue
[2023-02-03T11:49:14.741+0000] {logging_mixin.py:137} INFO - [2023-02-03T11:49:14.740+0000] {dagbag.py:538} INFO - Filling up the DagBag from /home/airflow/.local/lib/python3.7/site-packages/airflow/example_dags/example_branch_datetime_operator.py
[2023-02-03T11:49:14.774+0000] {processor.py:753} INFO - DAG(s) dict_keys(['example_branch_datetime_operator_2', 'example_branch_datetime_operator', 'example_branch_datetime_operator_3']) retrieved from /home/airflow/.local/lib/python3.7/site-packages/airflow/example_dags/example_branch_datetime_operator.py
[2023-02-03T11:49:14.893+0000] {logging_mixin.py:137} INFO - [2023-02-03T11:49:14.892+0000] {dag.py:2676} INFO - Sync 3 DAGs
[2023-02-03T11:49:14.959+0000] {logging_mixin.py:137} INFO - [2023-02-03T11:49:14.959+0000] {dag.py:3427} INFO - Setting next_dagrun for example_branch_datetime_operator to 2023-02-02T00:00:00+00:00, run_after=2023-02-03T00:00:00+00:00
[2023-02-03T11:49:14.970+0000] {logging_mixin.py:137} INFO - [2023-02-03T11:49:14.970+0000] {dag.py:3427} INFO - Setting next_dagrun for example_branch_datetime_operator_2 to 2023-02-02T00:00:00+00:00, run_after=2023-02-03T00:00:00+00:00
[2023-02-03T11:49:14.977+0000] {logging_mixin.py:137} INFO - [2023-02-03T11:49:14.976+0000] {dag.py:3427} INFO - Setting next_dagrun for example_branch_datetime_operator_3 to 2023-02-02T00:00:00+00:00, run_after=2023-02-03T00:00:00+00:00
[2023-02-03T11:49:15.021+0000] {processor.py:175} INFO - Processing /home/airflow/.local/lib/python3.7/site-packages/airflow/example_dags/example_branch_datetime_operator.py took 0.290 seconds
[2023-02-03T11:49:45.892+0000] {processor.py:153} INFO - Started process (PID=845) to work on /home/airflow/.local/lib/python3.7/site-packages/airflow/example_dags/example_branch_datetime_operator.py
[2023-02-03T11:49:45.902+0000] {processor.py:743} INFO - Processing file /home/airflow/.local/lib/python3.7/site-packages/airflow/example_dags/example_branch_datetime_operator.py for tasks to queue
[2023-02-03T11:49:45.907+0000] {logging_mixin.py:137} INFO - [2023-02-03T11:49:45.906+0000] {dagbag.py:538} INFO - Filling up the DagBag from /home/airflow/.local/lib/python3.7/site-packages/airflow/example_dags/example_branch_datetime_operator.py
[2023-02-03T11:49:46.045+0000] {processor.py:753} INFO - DAG(s) dict_keys(['example_branch_datetime_operator_2', 'example_branch_datetime_operator', 'example_branch_datetime_operator_3']) retrieved from /home/airflow/.local/lib/python3.7/site-packages/airflow/example_dags/example_branch_datetime_operator.py
[2023-02-03T11:49:46.432+0000] {logging_mixin.py:137} INFO - [2023-02-03T11:49:46.431+0000] {dag.py:2676} INFO - Sync 3 DAGs
[2023-02-03T11:49:46.578+0000] {logging_mixin.py:137} INFO - [2023-02-03T11:49:46.578+0000] {dag.py:3427} INFO - Setting next_dagrun for example_branch_datetime_operator to 2023-02-02T00:00:00+00:00, run_after=2023-02-03T00:00:00+00:00
[2023-02-03T11:49:46.609+0000] {logging_mixin.py:137} INFO - [2023-02-03T11:49:46.608+0000] {dag.py:3427} INFO - Setting next_dagrun for example_branch_datetime_operator_2 to 2023-02-02T00:00:00+00:00, run_after=2023-02-03T00:00:00+00:00
[2023-02-03T11:49:46.623+0000] {logging_mixin.py:137} INFO - [2023-02-03T11:49:46.623+0000] {dag.py:3427} INFO - Setting next_dagrun for example_branch_datetime_operator_3 to 2023-02-02T00:00:00+00:00, run_after=2023-02-03T00:00:00+00:00
[2023-02-03T11:49:46.685+0000] {processor.py:175} INFO - Processing /home/airflow/.local/lib/python3.7/site-packages/airflow/example_dags/example_branch_datetime_operator.py took 0.803 seconds
[2023-02-03T11:50:16.823+0000] {processor.py:153} INFO - Started process (PID=900) to work on /home/airflow/.local/lib/python3.7/site-packages/airflow/example_dags/example_branch_datetime_operator.py
[2023-02-03T11:50:16.824+0000] {processor.py:743} INFO - Processing file /home/airflow/.local/lib/python3.7/site-packages/airflow/example_dags/example_branch_datetime_operator.py for tasks to queue
[2023-02-03T11:50:16.826+0000] {logging_mixin.py:137} INFO - [2023-02-03T11:50:16.826+0000] {dagbag.py:538} INFO - Filling up the DagBag from /home/airflow/.local/lib/python3.7/site-packages/airflow/example_dags/example_branch_datetime_operator.py
[2023-02-03T11:50:16.847+0000] {processor.py:753} INFO - DAG(s) dict_keys(['example_branch_datetime_operator_2', 'example_branch_datetime_operator_3', 'example_branch_datetime_operator']) retrieved from /home/airflow/.local/lib/python3.7/site-packages/airflow/example_dags/example_branch_datetime_operator.py
[2023-02-03T11:50:16.915+0000] {logging_mixin.py:137} INFO - [2023-02-03T11:50:16.915+0000] {dag.py:2676} INFO - Sync 3 DAGs
[2023-02-03T11:50:16.970+0000] {logging_mixin.py:137} INFO - [2023-02-03T11:50:16.969+0000] {dag.py:3427} INFO - Setting next_dagrun for example_branch_datetime_operator to 2023-02-02T00:00:00+00:00, run_after=2023-02-03T00:00:00+00:00
[2023-02-03T11:50:16.979+0000] {logging_mixin.py:137} INFO - [2023-02-03T11:50:16.979+0000] {dag.py:3427} INFO - Setting next_dagrun for example_branch_datetime_operator_2 to 2023-02-02T00:00:00+00:00, run_after=2023-02-03T00:00:00+00:00
[2023-02-03T11:50:16.983+0000] {logging_mixin.py:137} INFO - [2023-02-03T11:50:16.983+0000] {dag.py:3427} INFO - Setting next_dagrun for example_branch_datetime_operator_3 to 2023-02-02T00:00:00+00:00, run_after=2023-02-03T00:00:00+00:00
[2023-02-03T11:50:17.012+0000] {processor.py:175} INFO - Processing /home/airflow/.local/lib/python3.7/site-packages/airflow/example_dags/example_branch_datetime_operator.py took 0.193 seconds
[2023-02-03T11:50:47.568+0000] {processor.py:153} INFO - Started process (PID=974) to work on /home/airflow/.local/lib/python3.7/site-packages/airflow/example_dags/example_branch_datetime_operator.py
[2023-02-03T11:50:47.571+0000] {processor.py:743} INFO - Processing file /home/airflow/.local/lib/python3.7/site-packages/airflow/example_dags/example_branch_datetime_operator.py for tasks to queue
[2023-02-03T11:50:47.574+0000] {logging_mixin.py:137} INFO - [2023-02-03T11:50:47.574+0000] {dagbag.py:538} INFO - Filling up the DagBag from /home/airflow/.local/lib/python3.7/site-packages/airflow/example_dags/example_branch_datetime_operator.py
[2023-02-03T11:50:47.609+0000] {processor.py:753} INFO - DAG(s) dict_keys(['example_branch_datetime_operator', 'example_branch_datetime_operator_3', 'example_branch_datetime_operator_2']) retrieved from /home/airflow/.local/lib/python3.7/site-packages/airflow/example_dags/example_branch_datetime_operator.py
[2023-02-03T11:50:47.723+0000] {logging_mixin.py:137} INFO - [2023-02-03T11:50:47.723+0000] {dag.py:2676} INFO - Sync 3 DAGs
[2023-02-03T11:50:47.792+0000] {logging_mixin.py:137} INFO - [2023-02-03T11:50:47.792+0000] {dag.py:3427} INFO - Setting next_dagrun for example_branch_datetime_operator to 2023-02-02T00:00:00+00:00, run_after=2023-02-03T00:00:00+00:00
[2023-02-03T11:50:47.803+0000] {logging_mixin.py:137} INFO - [2023-02-03T11:50:47.803+0000] {dag.py:3427} INFO - Setting next_dagrun for example_branch_datetime_operator_2 to 2023-02-02T00:00:00+00:00, run_after=2023-02-03T00:00:00+00:00
[2023-02-03T11:50:47.808+0000] {logging_mixin.py:137} INFO - [2023-02-03T11:50:47.808+0000] {dag.py:3427} INFO - Setting next_dagrun for example_branch_datetime_operator_3 to 2023-02-02T00:00:00+00:00, run_after=2023-02-03T00:00:00+00:00
[2023-02-03T11:50:47.852+0000] {processor.py:175} INFO - Processing /home/airflow/.local/lib/python3.7/site-packages/airflow/example_dags/example_branch_datetime_operator.py took 0.292 seconds
[2023-02-03T11:55:29.966+0000] {processor.py:153} INFO - Started process (PID=55) to work on /home/airflow/.local/lib/python3.7/site-packages/airflow/example_dags/example_branch_datetime_operator.py
[2023-02-03T11:55:29.972+0000] {processor.py:743} INFO - Processing file /home/airflow/.local/lib/python3.7/site-packages/airflow/example_dags/example_branch_datetime_operator.py for tasks to queue
[2023-02-03T11:55:29.978+0000] {logging_mixin.py:137} INFO - [2023-02-03T11:55:29.977+0000] {dagbag.py:538} INFO - Filling up the DagBag from /home/airflow/.local/lib/python3.7/site-packages/airflow/example_dags/example_branch_datetime_operator.py
[2023-02-03T11:55:30.075+0000] {processor.py:753} INFO - DAG(s) dict_keys(['example_branch_datetime_operator', 'example_branch_datetime_operator_3', 'example_branch_datetime_operator_2']) retrieved from /home/airflow/.local/lib/python3.7/site-packages/airflow/example_dags/example_branch_datetime_operator.py
[2023-02-03T11:55:30.280+0000] {logging_mixin.py:137} INFO - [2023-02-03T11:55:30.280+0000] {dag.py:2676} INFO - Sync 3 DAGs
[2023-02-03T11:55:30.368+0000] {logging_mixin.py:137} INFO - [2023-02-03T11:55:30.367+0000] {dag.py:3427} INFO - Setting next_dagrun for example_branch_datetime_operator to 2023-02-02T00:00:00+00:00, run_after=2023-02-03T00:00:00+00:00
[2023-02-03T11:55:30.388+0000] {logging_mixin.py:137} INFO - [2023-02-03T11:55:30.387+0000] {dag.py:3427} INFO - Setting next_dagrun for example_branch_datetime_operator_2 to 2023-02-02T00:00:00+00:00, run_after=2023-02-03T00:00:00+00:00
[2023-02-03T11:55:30.396+0000] {logging_mixin.py:137} INFO - [2023-02-03T11:55:30.396+0000] {dag.py:3427} INFO - Setting next_dagrun for example_branch_datetime_operator_3 to 2023-02-02T00:00:00+00:00, run_after=2023-02-03T00:00:00+00:00
[2023-02-03T11:55:30.504+0000] {processor.py:175} INFO - Processing /home/airflow/.local/lib/python3.7/site-packages/airflow/example_dags/example_branch_datetime_operator.py took 0.567 seconds
[2023-02-03T11:56:01.164+0000] {processor.py:153} INFO - Started process (PID=117) to work on /home/airflow/.local/lib/python3.7/site-packages/airflow/example_dags/example_branch_datetime_operator.py
[2023-02-03T11:56:01.167+0000] {processor.py:743} INFO - Processing file /home/airflow/.local/lib/python3.7/site-packages/airflow/example_dags/example_branch_datetime_operator.py for tasks to queue
[2023-02-03T11:56:01.169+0000] {logging_mixin.py:137} INFO - [2023-02-03T11:56:01.168+0000] {dagbag.py:538} INFO - Filling up the DagBag from /home/airflow/.local/lib/python3.7/site-packages/airflow/example_dags/example_branch_datetime_operator.py
[2023-02-03T11:56:01.192+0000] {processor.py:753} INFO - DAG(s) dict_keys(['example_branch_datetime_operator', 'example_branch_datetime_operator_3', 'example_branch_datetime_operator_2']) retrieved from /home/airflow/.local/lib/python3.7/site-packages/airflow/example_dags/example_branch_datetime_operator.py
[2023-02-03T11:56:01.283+0000] {logging_mixin.py:137} INFO - [2023-02-03T11:56:01.283+0000] {dag.py:2676} INFO - Sync 3 DAGs
[2023-02-03T11:56:01.347+0000] {logging_mixin.py:137} INFO - [2023-02-03T11:56:01.347+0000] {dag.py:3427} INFO - Setting next_dagrun for example_branch_datetime_operator to 2023-02-02T00:00:00+00:00, run_after=2023-02-03T00:00:00+00:00
[2023-02-03T11:56:01.358+0000] {logging_mixin.py:137} INFO - [2023-02-03T11:56:01.358+0000] {dag.py:3427} INFO - Setting next_dagrun for example_branch_datetime_operator_2 to 2023-02-02T00:00:00+00:00, run_after=2023-02-03T00:00:00+00:00
[2023-02-03T11:56:01.362+0000] {logging_mixin.py:137} INFO - [2023-02-03T11:56:01.362+0000] {dag.py:3427} INFO - Setting next_dagrun for example_branch_datetime_operator_3 to 2023-02-02T00:00:00+00:00, run_after=2023-02-03T00:00:00+00:00
[2023-02-03T11:56:01.393+0000] {processor.py:175} INFO - Processing /home/airflow/.local/lib/python3.7/site-packages/airflow/example_dags/example_branch_datetime_operator.py took 0.236 seconds
[2023-02-03T11:56:31.640+0000] {processor.py:153} INFO - Started process (PID=178) to work on /home/airflow/.local/lib/python3.7/site-packages/airflow/example_dags/example_branch_datetime_operator.py
[2023-02-03T11:56:31.642+0000] {processor.py:743} INFO - Processing file /home/airflow/.local/lib/python3.7/site-packages/airflow/example_dags/example_branch_datetime_operator.py for tasks to queue
[2023-02-03T11:56:31.643+0000] {logging_mixin.py:137} INFO - [2023-02-03T11:56:31.643+0000] {dagbag.py:538} INFO - Filling up the DagBag from /home/airflow/.local/lib/python3.7/site-packages/airflow/example_dags/example_branch_datetime_operator.py
[2023-02-03T11:56:31.667+0000] {processor.py:753} INFO - DAG(s) dict_keys(['example_branch_datetime_operator', 'example_branch_datetime_operator_2', 'example_branch_datetime_operator_3']) retrieved from /home/airflow/.local/lib/python3.7/site-packages/airflow/example_dags/example_branch_datetime_operator.py
[2023-02-03T11:56:31.734+0000] {logging_mixin.py:137} INFO - [2023-02-03T11:56:31.733+0000] {dag.py:2676} INFO - Sync 3 DAGs
[2023-02-03T11:56:31.783+0000] {logging_mixin.py:137} INFO - [2023-02-03T11:56:31.783+0000] {dag.py:3427} INFO - Setting next_dagrun for example_branch_datetime_operator to 2023-02-02T00:00:00+00:00, run_after=2023-02-03T00:00:00+00:00
[2023-02-03T11:56:31.790+0000] {logging_mixin.py:137} INFO - [2023-02-03T11:56:31.790+0000] {dag.py:3427} INFO - Setting next_dagrun for example_branch_datetime_operator_2 to 2023-02-02T00:00:00+00:00, run_after=2023-02-03T00:00:00+00:00
[2023-02-03T11:56:31.795+0000] {logging_mixin.py:137} INFO - [2023-02-03T11:56:31.795+0000] {dag.py:3427} INFO - Setting next_dagrun for example_branch_datetime_operator_3 to 2023-02-02T00:00:00+00:00, run_after=2023-02-03T00:00:00+00:00
[2023-02-03T11:56:31.824+0000] {processor.py:175} INFO - Processing /home/airflow/.local/lib/python3.7/site-packages/airflow/example_dags/example_branch_datetime_operator.py took 0.189 seconds
[2023-02-03T11:57:02.385+0000] {processor.py:153} INFO - Started process (PID=240) to work on /home/airflow/.local/lib/python3.7/site-packages/airflow/example_dags/example_branch_datetime_operator.py
[2023-02-03T11:57:02.388+0000] {processor.py:743} INFO - Processing file /home/airflow/.local/lib/python3.7/site-packages/airflow/example_dags/example_branch_datetime_operator.py for tasks to queue
[2023-02-03T11:57:02.390+0000] {logging_mixin.py:137} INFO - [2023-02-03T11:57:02.389+0000] {dagbag.py:538} INFO - Filling up the DagBag from /home/airflow/.local/lib/python3.7/site-packages/airflow/example_dags/example_branch_datetime_operator.py
[2023-02-03T11:57:02.417+0000] {processor.py:753} INFO - DAG(s) dict_keys(['example_branch_datetime_operator_3', 'example_branch_datetime_operator', 'example_branch_datetime_operator_2']) retrieved from /home/airflow/.local/lib/python3.7/site-packages/airflow/example_dags/example_branch_datetime_operator.py
[2023-02-03T11:57:02.502+0000] {logging_mixin.py:137} INFO - [2023-02-03T11:57:02.502+0000] {dag.py:2676} INFO - Sync 3 DAGs
[2023-02-03T11:57:02.563+0000] {logging_mixin.py:137} INFO - [2023-02-03T11:57:02.562+0000] {dag.py:3427} INFO - Setting next_dagrun for example_branch_datetime_operator to 2023-02-02T00:00:00+00:00, run_after=2023-02-03T00:00:00+00:00
[2023-02-03T11:57:02.572+0000] {logging_mixin.py:137} INFO - [2023-02-03T11:57:02.572+0000] {dag.py:3427} INFO - Setting next_dagrun for example_branch_datetime_operator_2 to 2023-02-02T00:00:00+00:00, run_after=2023-02-03T00:00:00+00:00
[2023-02-03T11:57:02.577+0000] {logging_mixin.py:137} INFO - [2023-02-03T11:57:02.577+0000] {dag.py:3427} INFO - Setting next_dagrun for example_branch_datetime_operator_3 to 2023-02-02T00:00:00+00:00, run_after=2023-02-03T00:00:00+00:00
[2023-02-03T11:57:02.613+0000] {processor.py:175} INFO - Processing /home/airflow/.local/lib/python3.7/site-packages/airflow/example_dags/example_branch_datetime_operator.py took 0.234 seconds
[2023-02-03T11:57:32.747+0000] {processor.py:153} INFO - Started process (PID=315) to work on /home/airflow/.local/lib/python3.7/site-packages/airflow/example_dags/example_branch_datetime_operator.py
[2023-02-03T11:57:32.749+0000] {processor.py:743} INFO - Processing file /home/airflow/.local/lib/python3.7/site-packages/airflow/example_dags/example_branch_datetime_operator.py for tasks to queue
[2023-02-03T11:57:32.751+0000] {logging_mixin.py:137} INFO - [2023-02-03T11:57:32.750+0000] {dagbag.py:538} INFO - Filling up the DagBag from /home/airflow/.local/lib/python3.7/site-packages/airflow/example_dags/example_branch_datetime_operator.py
[2023-02-03T11:57:32.774+0000] {processor.py:753} INFO - DAG(s) dict_keys(['example_branch_datetime_operator', 'example_branch_datetime_operator_2', 'example_branch_datetime_operator_3']) retrieved from /home/airflow/.local/lib/python3.7/site-packages/airflow/example_dags/example_branch_datetime_operator.py
[2023-02-03T11:57:32.853+0000] {logging_mixin.py:137} INFO - [2023-02-03T11:57:32.853+0000] {dag.py:2676} INFO - Sync 3 DAGs
[2023-02-03T11:57:32.911+0000] {logging_mixin.py:137} INFO - [2023-02-03T11:57:32.911+0000] {dag.py:3427} INFO - Setting next_dagrun for example_branch_datetime_operator to 2023-02-02T00:00:00+00:00, run_after=2023-02-03T00:00:00+00:00
[2023-02-03T11:57:32.921+0000] {logging_mixin.py:137} INFO - [2023-02-03T11:57:32.921+0000] {dag.py:3427} INFO - Setting next_dagrun for example_branch_datetime_operator_2 to 2023-02-02T00:00:00+00:00, run_after=2023-02-03T00:00:00+00:00
[2023-02-03T11:57:32.930+0000] {logging_mixin.py:137} INFO - [2023-02-03T11:57:32.930+0000] {dag.py:3427} INFO - Setting next_dagrun for example_branch_datetime_operator_3 to 2023-02-02T00:00:00+00:00, run_after=2023-02-03T00:00:00+00:00
[2023-02-03T11:57:32.973+0000] {processor.py:175} INFO - Processing /home/airflow/.local/lib/python3.7/site-packages/airflow/example_dags/example_branch_datetime_operator.py took 0.233 seconds
