[2023-02-03T11:39:49.539+0000] {processor.py:153} INFO - Started process (PID=56) to work on /home/airflow/.local/lib/python3.7/site-packages/airflow/example_dags/example_nested_branch_dag.py
[2023-02-03T11:39:49.545+0000] {processor.py:743} INFO - Processing file /home/airflow/.local/lib/python3.7/site-packages/airflow/example_dags/example_nested_branch_dag.py for tasks to queue
[2023-02-03T11:39:49.561+0000] {logging_mixin.py:137} INFO - [2023-02-03T11:39:49.560+0000] {dagbag.py:538} INFO - Filling up the DagBag from /home/airflow/.local/lib/python3.7/site-packages/airflow/example_dags/example_nested_branch_dag.py
[2023-02-03T11:39:49.690+0000] {processor.py:753} INFO - DAG(s) dict_keys(['example_nested_branch_dag']) retrieved from /home/airflow/.local/lib/python3.7/site-packages/airflow/example_dags/example_nested_branch_dag.py
[2023-02-03T11:39:49.943+0000] {logging_mixin.py:137} INFO - [2023-02-03T11:39:49.942+0000] {dag.py:2676} INFO - Sync 1 DAGs
[2023-02-03T11:39:50.036+0000] {logging_mixin.py:137} INFO - [2023-02-03T11:39:50.036+0000] {dag.py:3427} INFO - Setting next_dagrun for example_nested_branch_dag to 2023-02-02T00:00:00+00:00, run_after=2023-02-03T00:00:00+00:00
[2023-02-03T11:39:50.133+0000] {processor.py:175} INFO - Processing /home/airflow/.local/lib/python3.7/site-packages/airflow/example_dags/example_nested_branch_dag.py took 0.644 seconds
[2023-02-03T11:40:20.863+0000] {processor.py:153} INFO - Started process (PID=118) to work on /home/airflow/.local/lib/python3.7/site-packages/airflow/example_dags/example_nested_branch_dag.py
[2023-02-03T11:40:20.870+0000] {processor.py:743} INFO - Processing file /home/airflow/.local/lib/python3.7/site-packages/airflow/example_dags/example_nested_branch_dag.py for tasks to queue
[2023-02-03T11:40:20.874+0000] {logging_mixin.py:137} INFO - [2023-02-03T11:40:20.873+0000] {dagbag.py:538} INFO - Filling up the DagBag from /home/airflow/.local/lib/python3.7/site-packages/airflow/example_dags/example_nested_branch_dag.py
[2023-02-03T11:40:20.943+0000] {processor.py:753} INFO - DAG(s) dict_keys(['example_nested_branch_dag']) retrieved from /home/airflow/.local/lib/python3.7/site-packages/airflow/example_dags/example_nested_branch_dag.py
[2023-02-03T11:40:21.135+0000] {logging_mixin.py:137} INFO - [2023-02-03T11:40:21.133+0000] {dag.py:2676} INFO - Sync 1 DAGs
[2023-02-03T11:40:21.271+0000] {logging_mixin.py:137} INFO - [2023-02-03T11:40:21.271+0000] {dag.py:3427} INFO - Setting next_dagrun for example_nested_branch_dag to 2023-02-02T00:00:00+00:00, run_after=2023-02-03T00:00:00+00:00
[2023-02-03T11:40:21.350+0000] {processor.py:175} INFO - Processing /home/airflow/.local/lib/python3.7/site-packages/airflow/example_dags/example_nested_branch_dag.py took 0.503 seconds
[2023-02-03T11:40:52.240+0000] {processor.py:153} INFO - Started process (PID=180) to work on /home/airflow/.local/lib/python3.7/site-packages/airflow/example_dags/example_nested_branch_dag.py
[2023-02-03T11:40:52.243+0000] {processor.py:743} INFO - Processing file /home/airflow/.local/lib/python3.7/site-packages/airflow/example_dags/example_nested_branch_dag.py for tasks to queue
[2023-02-03T11:40:52.245+0000] {logging_mixin.py:137} INFO - [2023-02-03T11:40:52.245+0000] {dagbag.py:538} INFO - Filling up the DagBag from /home/airflow/.local/lib/python3.7/site-packages/airflow/example_dags/example_nested_branch_dag.py
[2023-02-03T11:40:52.291+0000] {processor.py:753} INFO - DAG(s) dict_keys(['example_nested_branch_dag']) retrieved from /home/airflow/.local/lib/python3.7/site-packages/airflow/example_dags/example_nested_branch_dag.py
[2023-02-03T11:40:52.401+0000] {logging_mixin.py:137} INFO - [2023-02-03T11:40:52.400+0000] {dag.py:2676} INFO - Sync 1 DAGs
[2023-02-03T11:40:52.481+0000] {logging_mixin.py:137} INFO - [2023-02-03T11:40:52.481+0000] {dag.py:3427} INFO - Setting next_dagrun for example_nested_branch_dag to 2023-02-02T00:00:00+00:00, run_after=2023-02-03T00:00:00+00:00
[2023-02-03T11:40:52.531+0000] {processor.py:175} INFO - Processing /home/airflow/.local/lib/python3.7/site-packages/airflow/example_dags/example_nested_branch_dag.py took 0.299 seconds
[2023-02-03T11:41:22.855+0000] {processor.py:153} INFO - Started process (PID=254) to work on /home/airflow/.local/lib/python3.7/site-packages/airflow/example_dags/example_nested_branch_dag.py
[2023-02-03T11:41:22.856+0000] {processor.py:743} INFO - Processing file /home/airflow/.local/lib/python3.7/site-packages/airflow/example_dags/example_nested_branch_dag.py for tasks to queue
[2023-02-03T11:41:22.858+0000] {logging_mixin.py:137} INFO - [2023-02-03T11:41:22.858+0000] {dagbag.py:538} INFO - Filling up the DagBag from /home/airflow/.local/lib/python3.7/site-packages/airflow/example_dags/example_nested_branch_dag.py
[2023-02-03T11:41:22.900+0000] {processor.py:753} INFO - DAG(s) dict_keys(['example_nested_branch_dag']) retrieved from /home/airflow/.local/lib/python3.7/site-packages/airflow/example_dags/example_nested_branch_dag.py
[2023-02-03T11:41:22.987+0000] {logging_mixin.py:137} INFO - [2023-02-03T11:41:22.987+0000] {dag.py:2676} INFO - Sync 1 DAGs
[2023-02-03T11:41:23.052+0000] {logging_mixin.py:137} INFO - [2023-02-03T11:41:23.052+0000] {dag.py:3427} INFO - Setting next_dagrun for example_nested_branch_dag to 2023-02-02T00:00:00+00:00, run_after=2023-02-03T00:00:00+00:00
[2023-02-03T11:41:23.102+0000] {processor.py:175} INFO - Processing /home/airflow/.local/lib/python3.7/site-packages/airflow/example_dags/example_nested_branch_dag.py took 0.253 seconds
[2023-02-03T11:41:53.318+0000] {processor.py:153} INFO - Started process (PID=316) to work on /home/airflow/.local/lib/python3.7/site-packages/airflow/example_dags/example_nested_branch_dag.py
[2023-02-03T11:41:53.323+0000] {processor.py:743} INFO - Processing file /home/airflow/.local/lib/python3.7/site-packages/airflow/example_dags/example_nested_branch_dag.py for tasks to queue
[2023-02-03T11:41:53.325+0000] {logging_mixin.py:137} INFO - [2023-02-03T11:41:53.325+0000] {dagbag.py:538} INFO - Filling up the DagBag from /home/airflow/.local/lib/python3.7/site-packages/airflow/example_dags/example_nested_branch_dag.py
[2023-02-03T11:41:53.368+0000] {processor.py:753} INFO - DAG(s) dict_keys(['example_nested_branch_dag']) retrieved from /home/airflow/.local/lib/python3.7/site-packages/airflow/example_dags/example_nested_branch_dag.py
[2023-02-03T11:41:53.451+0000] {logging_mixin.py:137} INFO - [2023-02-03T11:41:53.451+0000] {dag.py:2676} INFO - Sync 1 DAGs
[2023-02-03T11:41:53.517+0000] {logging_mixin.py:137} INFO - [2023-02-03T11:41:53.517+0000] {dag.py:3427} INFO - Setting next_dagrun for example_nested_branch_dag to 2023-02-02T00:00:00+00:00, run_after=2023-02-03T00:00:00+00:00
[2023-02-03T11:41:53.565+0000] {processor.py:175} INFO - Processing /home/airflow/.local/lib/python3.7/site-packages/airflow/example_dags/example_nested_branch_dag.py took 0.254 seconds
[2023-02-03T11:42:23.661+0000] {processor.py:153} INFO - Started process (PID=379) to work on /home/airflow/.local/lib/python3.7/site-packages/airflow/example_dags/example_nested_branch_dag.py
[2023-02-03T11:42:23.664+0000] {processor.py:743} INFO - Processing file /home/airflow/.local/lib/python3.7/site-packages/airflow/example_dags/example_nested_branch_dag.py for tasks to queue
[2023-02-03T11:42:23.665+0000] {logging_mixin.py:137} INFO - [2023-02-03T11:42:23.665+0000] {dagbag.py:538} INFO - Filling up the DagBag from /home/airflow/.local/lib/python3.7/site-packages/airflow/example_dags/example_nested_branch_dag.py
[2023-02-03T11:42:23.709+0000] {processor.py:753} INFO - DAG(s) dict_keys(['example_nested_branch_dag']) retrieved from /home/airflow/.local/lib/python3.7/site-packages/airflow/example_dags/example_nested_branch_dag.py
[2023-02-03T11:42:23.789+0000] {logging_mixin.py:137} INFO - [2023-02-03T11:42:23.789+0000] {dag.py:2676} INFO - Sync 1 DAGs
[2023-02-03T11:42:23.864+0000] {logging_mixin.py:137} INFO - [2023-02-03T11:42:23.864+0000] {dag.py:3427} INFO - Setting next_dagrun for example_nested_branch_dag to 2023-02-02T00:00:00+00:00, run_after=2023-02-03T00:00:00+00:00
[2023-02-03T11:42:23.924+0000] {processor.py:175} INFO - Processing /home/airflow/.local/lib/python3.7/site-packages/airflow/example_dags/example_nested_branch_dag.py took 0.269 seconds
[2023-02-03T11:43:36.464+0000] {processor.py:153} INFO - Started process (PID=56) to work on /home/airflow/.local/lib/python3.7/site-packages/airflow/example_dags/example_nested_branch_dag.py
[2023-02-03T11:43:36.466+0000] {processor.py:743} INFO - Processing file /home/airflow/.local/lib/python3.7/site-packages/airflow/example_dags/example_nested_branch_dag.py for tasks to queue
[2023-02-03T11:43:36.468+0000] {logging_mixin.py:137} INFO - [2023-02-03T11:43:36.468+0000] {dagbag.py:538} INFO - Filling up the DagBag from /home/airflow/.local/lib/python3.7/site-packages/airflow/example_dags/example_nested_branch_dag.py
[2023-02-03T11:43:36.511+0000] {processor.py:753} INFO - DAG(s) dict_keys(['example_nested_branch_dag']) retrieved from /home/airflow/.local/lib/python3.7/site-packages/airflow/example_dags/example_nested_branch_dag.py
[2023-02-03T11:43:36.607+0000] {logging_mixin.py:137} INFO - [2023-02-03T11:43:36.607+0000] {dag.py:2676} INFO - Sync 1 DAGs
[2023-02-03T11:43:36.685+0000] {logging_mixin.py:137} INFO - [2023-02-03T11:43:36.685+0000] {dag.py:3427} INFO - Setting next_dagrun for example_nested_branch_dag to 2023-02-02T00:00:00+00:00, run_after=2023-02-03T00:00:00+00:00
[2023-02-03T11:43:36.738+0000] {processor.py:175} INFO - Processing /home/airflow/.local/lib/python3.7/site-packages/airflow/example_dags/example_nested_branch_dag.py took 0.283 seconds
[2023-02-03T11:44:07.199+0000] {processor.py:153} INFO - Started process (PID=119) to work on /home/airflow/.local/lib/python3.7/site-packages/airflow/example_dags/example_nested_branch_dag.py
[2023-02-03T11:44:07.200+0000] {processor.py:743} INFO - Processing file /home/airflow/.local/lib/python3.7/site-packages/airflow/example_dags/example_nested_branch_dag.py for tasks to queue
[2023-02-03T11:44:07.202+0000] {logging_mixin.py:137} INFO - [2023-02-03T11:44:07.202+0000] {dagbag.py:538} INFO - Filling up the DagBag from /home/airflow/.local/lib/python3.7/site-packages/airflow/example_dags/example_nested_branch_dag.py
[2023-02-03T11:44:07.247+0000] {processor.py:753} INFO - DAG(s) dict_keys(['example_nested_branch_dag']) retrieved from /home/airflow/.local/lib/python3.7/site-packages/airflow/example_dags/example_nested_branch_dag.py
[2023-02-03T11:44:07.345+0000] {logging_mixin.py:137} INFO - [2023-02-03T11:44:07.345+0000] {dag.py:2676} INFO - Sync 1 DAGs
[2023-02-03T11:44:07.409+0000] {logging_mixin.py:137} INFO - [2023-02-03T11:44:07.409+0000] {dag.py:3427} INFO - Setting next_dagrun for example_nested_branch_dag to 2023-02-02T00:00:00+00:00, run_after=2023-02-03T00:00:00+00:00
[2023-02-03T11:44:07.466+0000] {processor.py:175} INFO - Processing /home/airflow/.local/lib/python3.7/site-packages/airflow/example_dags/example_nested_branch_dag.py took 0.274 seconds
[2023-02-03T11:44:38.012+0000] {processor.py:153} INFO - Started process (PID=181) to work on /home/airflow/.local/lib/python3.7/site-packages/airflow/example_dags/example_nested_branch_dag.py
[2023-02-03T11:44:38.015+0000] {processor.py:743} INFO - Processing file /home/airflow/.local/lib/python3.7/site-packages/airflow/example_dags/example_nested_branch_dag.py for tasks to queue
[2023-02-03T11:44:38.018+0000] {logging_mixin.py:137} INFO - [2023-02-03T11:44:38.018+0000] {dagbag.py:538} INFO - Filling up the DagBag from /home/airflow/.local/lib/python3.7/site-packages/airflow/example_dags/example_nested_branch_dag.py
[2023-02-03T11:44:38.082+0000] {processor.py:753} INFO - DAG(s) dict_keys(['example_nested_branch_dag']) retrieved from /home/airflow/.local/lib/python3.7/site-packages/airflow/example_dags/example_nested_branch_dag.py
[2023-02-03T11:44:38.201+0000] {logging_mixin.py:137} INFO - [2023-02-03T11:44:38.200+0000] {dag.py:2676} INFO - Sync 1 DAGs
[2023-02-03T11:44:38.404+0000] {logging_mixin.py:137} INFO - [2023-02-03T11:44:38.404+0000] {dag.py:3427} INFO - Setting next_dagrun for example_nested_branch_dag to 2023-02-02T00:00:00+00:00, run_after=2023-02-03T00:00:00+00:00
[2023-02-03T11:44:38.517+0000] {processor.py:175} INFO - Processing /home/airflow/.local/lib/python3.7/site-packages/airflow/example_dags/example_nested_branch_dag.py took 0.519 seconds
[2023-02-03T11:45:09.257+0000] {processor.py:153} INFO - Started process (PID=245) to work on /home/airflow/.local/lib/python3.7/site-packages/airflow/example_dags/example_nested_branch_dag.py
[2023-02-03T11:45:09.259+0000] {processor.py:743} INFO - Processing file /home/airflow/.local/lib/python3.7/site-packages/airflow/example_dags/example_nested_branch_dag.py for tasks to queue
[2023-02-03T11:45:09.261+0000] {logging_mixin.py:137} INFO - [2023-02-03T11:45:09.260+0000] {dagbag.py:538} INFO - Filling up the DagBag from /home/airflow/.local/lib/python3.7/site-packages/airflow/example_dags/example_nested_branch_dag.py
[2023-02-03T11:45:09.298+0000] {processor.py:753} INFO - DAG(s) dict_keys(['example_nested_branch_dag']) retrieved from /home/airflow/.local/lib/python3.7/site-packages/airflow/example_dags/example_nested_branch_dag.py
[2023-02-03T11:45:09.393+0000] {logging_mixin.py:137} INFO - [2023-02-03T11:45:09.393+0000] {dag.py:2676} INFO - Sync 1 DAGs
[2023-02-03T11:45:09.463+0000] {logging_mixin.py:137} INFO - [2023-02-03T11:45:09.463+0000] {dag.py:3427} INFO - Setting next_dagrun for example_nested_branch_dag to 2023-02-02T00:00:00+00:00, run_after=2023-02-03T00:00:00+00:00
[2023-02-03T11:45:09.508+0000] {processor.py:175} INFO - Processing /home/airflow/.local/lib/python3.7/site-packages/airflow/example_dags/example_nested_branch_dag.py took 0.256 seconds
[2023-02-03T11:45:40.174+0000] {processor.py:153} INFO - Started process (PID=319) to work on /home/airflow/.local/lib/python3.7/site-packages/airflow/example_dags/example_nested_branch_dag.py
[2023-02-03T11:45:40.176+0000] {processor.py:743} INFO - Processing file /home/airflow/.local/lib/python3.7/site-packages/airflow/example_dags/example_nested_branch_dag.py for tasks to queue
[2023-02-03T11:45:40.177+0000] {logging_mixin.py:137} INFO - [2023-02-03T11:45:40.177+0000] {dagbag.py:538} INFO - Filling up the DagBag from /home/airflow/.local/lib/python3.7/site-packages/airflow/example_dags/example_nested_branch_dag.py
[2023-02-03T11:45:40.211+0000] {processor.py:753} INFO - DAG(s) dict_keys(['example_nested_branch_dag']) retrieved from /home/airflow/.local/lib/python3.7/site-packages/airflow/example_dags/example_nested_branch_dag.py
[2023-02-03T11:45:40.279+0000] {logging_mixin.py:137} INFO - [2023-02-03T11:45:40.278+0000] {dag.py:2676} INFO - Sync 1 DAGs
[2023-02-03T11:45:40.333+0000] {logging_mixin.py:137} INFO - [2023-02-03T11:45:40.333+0000] {dag.py:3427} INFO - Setting next_dagrun for example_nested_branch_dag to 2023-02-02T00:00:00+00:00, run_after=2023-02-03T00:00:00+00:00
[2023-02-03T11:45:40.378+0000] {processor.py:175} INFO - Processing /home/airflow/.local/lib/python3.7/site-packages/airflow/example_dags/example_nested_branch_dag.py took 0.208 seconds
[2023-02-03T11:46:10.918+0000] {processor.py:153} INFO - Started process (PID=382) to work on /home/airflow/.local/lib/python3.7/site-packages/airflow/example_dags/example_nested_branch_dag.py
[2023-02-03T11:46:10.920+0000] {processor.py:743} INFO - Processing file /home/airflow/.local/lib/python3.7/site-packages/airflow/example_dags/example_nested_branch_dag.py for tasks to queue
[2023-02-03T11:46:10.922+0000] {logging_mixin.py:137} INFO - [2023-02-03T11:46:10.922+0000] {dagbag.py:538} INFO - Filling up the DagBag from /home/airflow/.local/lib/python3.7/site-packages/airflow/example_dags/example_nested_branch_dag.py
[2023-02-03T11:46:10.961+0000] {processor.py:753} INFO - DAG(s) dict_keys(['example_nested_branch_dag']) retrieved from /home/airflow/.local/lib/python3.7/site-packages/airflow/example_dags/example_nested_branch_dag.py
[2023-02-03T11:46:11.036+0000] {logging_mixin.py:137} INFO - [2023-02-03T11:46:11.036+0000] {dag.py:2676} INFO - Sync 1 DAGs
[2023-02-03T11:46:11.093+0000] {logging_mixin.py:137} INFO - [2023-02-03T11:46:11.093+0000] {dag.py:3427} INFO - Setting next_dagrun for example_nested_branch_dag to 2023-02-02T00:00:00+00:00, run_after=2023-02-03T00:00:00+00:00
[2023-02-03T11:46:11.133+0000] {processor.py:175} INFO - Processing /home/airflow/.local/lib/python3.7/site-packages/airflow/example_dags/example_nested_branch_dag.py took 0.220 seconds
[2023-02-03T11:46:41.469+0000] {processor.py:153} INFO - Started process (PID=445) to work on /home/airflow/.local/lib/python3.7/site-packages/airflow/example_dags/example_nested_branch_dag.py
[2023-02-03T11:46:41.471+0000] {processor.py:743} INFO - Processing file /home/airflow/.local/lib/python3.7/site-packages/airflow/example_dags/example_nested_branch_dag.py for tasks to queue
[2023-02-03T11:46:41.472+0000] {logging_mixin.py:137} INFO - [2023-02-03T11:46:41.472+0000] {dagbag.py:538} INFO - Filling up the DagBag from /home/airflow/.local/lib/python3.7/site-packages/airflow/example_dags/example_nested_branch_dag.py
[2023-02-03T11:46:41.507+0000] {processor.py:753} INFO - DAG(s) dict_keys(['example_nested_branch_dag']) retrieved from /home/airflow/.local/lib/python3.7/site-packages/airflow/example_dags/example_nested_branch_dag.py
[2023-02-03T11:46:41.570+0000] {logging_mixin.py:137} INFO - [2023-02-03T11:46:41.570+0000] {dag.py:2676} INFO - Sync 1 DAGs
[2023-02-03T11:46:41.617+0000] {logging_mixin.py:137} INFO - [2023-02-03T11:46:41.617+0000] {dag.py:3427} INFO - Setting next_dagrun for example_nested_branch_dag to 2023-02-02T00:00:00+00:00, run_after=2023-02-03T00:00:00+00:00
[2023-02-03T11:46:41.649+0000] {processor.py:175} INFO - Processing /home/airflow/.local/lib/python3.7/site-packages/airflow/example_dags/example_nested_branch_dag.py took 0.184 seconds
[2023-02-03T11:47:12.171+0000] {processor.py:153} INFO - Started process (PID=519) to work on /home/airflow/.local/lib/python3.7/site-packages/airflow/example_dags/example_nested_branch_dag.py
[2023-02-03T11:47:12.172+0000] {processor.py:743} INFO - Processing file /home/airflow/.local/lib/python3.7/site-packages/airflow/example_dags/example_nested_branch_dag.py for tasks to queue
[2023-02-03T11:47:12.174+0000] {logging_mixin.py:137} INFO - [2023-02-03T11:47:12.174+0000] {dagbag.py:538} INFO - Filling up the DagBag from /home/airflow/.local/lib/python3.7/site-packages/airflow/example_dags/example_nested_branch_dag.py
[2023-02-03T11:47:12.218+0000] {processor.py:753} INFO - DAG(s) dict_keys(['example_nested_branch_dag']) retrieved from /home/airflow/.local/lib/python3.7/site-packages/airflow/example_dags/example_nested_branch_dag.py
[2023-02-03T11:47:12.322+0000] {logging_mixin.py:137} INFO - [2023-02-03T11:47:12.322+0000] {dag.py:2676} INFO - Sync 1 DAGs
[2023-02-03T11:47:12.421+0000] {logging_mixin.py:137} INFO - [2023-02-03T11:47:12.421+0000] {dag.py:3427} INFO - Setting next_dagrun for example_nested_branch_dag to 2023-02-02T00:00:00+00:00, run_after=2023-02-03T00:00:00+00:00
[2023-02-03T11:47:12.494+0000] {processor.py:175} INFO - Processing /home/airflow/.local/lib/python3.7/site-packages/airflow/example_dags/example_nested_branch_dag.py took 0.329 seconds
[2023-02-03T11:47:42.817+0000] {processor.py:153} INFO - Started process (PID=580) to work on /home/airflow/.local/lib/python3.7/site-packages/airflow/example_dags/example_nested_branch_dag.py
[2023-02-03T11:47:42.818+0000] {processor.py:743} INFO - Processing file /home/airflow/.local/lib/python3.7/site-packages/airflow/example_dags/example_nested_branch_dag.py for tasks to queue
[2023-02-03T11:47:42.820+0000] {logging_mixin.py:137} INFO - [2023-02-03T11:47:42.820+0000] {dagbag.py:538} INFO - Filling up the DagBag from /home/airflow/.local/lib/python3.7/site-packages/airflow/example_dags/example_nested_branch_dag.py
[2023-02-03T11:47:42.851+0000] {processor.py:753} INFO - DAG(s) dict_keys(['example_nested_branch_dag']) retrieved from /home/airflow/.local/lib/python3.7/site-packages/airflow/example_dags/example_nested_branch_dag.py
[2023-02-03T11:47:42.916+0000] {logging_mixin.py:137} INFO - [2023-02-03T11:47:42.916+0000] {dag.py:2676} INFO - Sync 1 DAGs
[2023-02-03T11:47:42.973+0000] {logging_mixin.py:137} INFO - [2023-02-03T11:47:42.973+0000] {dag.py:3427} INFO - Setting next_dagrun for example_nested_branch_dag to 2023-02-02T00:00:00+00:00, run_after=2023-02-03T00:00:00+00:00
[2023-02-03T11:47:43.041+0000] {processor.py:175} INFO - Processing /home/airflow/.local/lib/python3.7/site-packages/airflow/example_dags/example_nested_branch_dag.py took 0.228 seconds
[2023-02-03T11:48:14.005+0000] {processor.py:153} INFO - Started process (PID=642) to work on /home/airflow/.local/lib/python3.7/site-packages/airflow/example_dags/example_nested_branch_dag.py
[2023-02-03T11:48:14.007+0000] {processor.py:743} INFO - Processing file /home/airflow/.local/lib/python3.7/site-packages/airflow/example_dags/example_nested_branch_dag.py for tasks to queue
[2023-02-03T11:48:14.009+0000] {logging_mixin.py:137} INFO - [2023-02-03T11:48:14.008+0000] {dagbag.py:538} INFO - Filling up the DagBag from /home/airflow/.local/lib/python3.7/site-packages/airflow/example_dags/example_nested_branch_dag.py
[2023-02-03T11:48:14.043+0000] {processor.py:753} INFO - DAG(s) dict_keys(['example_nested_branch_dag']) retrieved from /home/airflow/.local/lib/python3.7/site-packages/airflow/example_dags/example_nested_branch_dag.py
[2023-02-03T11:48:14.109+0000] {logging_mixin.py:137} INFO - [2023-02-03T11:48:14.109+0000] {dag.py:2676} INFO - Sync 1 DAGs
[2023-02-03T11:48:14.167+0000] {logging_mixin.py:137} INFO - [2023-02-03T11:48:14.167+0000] {dag.py:3427} INFO - Setting next_dagrun for example_nested_branch_dag to 2023-02-02T00:00:00+00:00, run_after=2023-02-03T00:00:00+00:00
[2023-02-03T11:48:14.206+0000] {processor.py:175} INFO - Processing /home/airflow/.local/lib/python3.7/site-packages/airflow/example_dags/example_nested_branch_dag.py took 0.206 seconds
[2023-02-03T11:48:44.378+0000] {processor.py:153} INFO - Started process (PID=716) to work on /home/airflow/.local/lib/python3.7/site-packages/airflow/example_dags/example_nested_branch_dag.py
[2023-02-03T11:48:44.380+0000] {processor.py:743} INFO - Processing file /home/airflow/.local/lib/python3.7/site-packages/airflow/example_dags/example_nested_branch_dag.py for tasks to queue
[2023-02-03T11:48:44.382+0000] {logging_mixin.py:137} INFO - [2023-02-03T11:48:44.381+0000] {dagbag.py:538} INFO - Filling up the DagBag from /home/airflow/.local/lib/python3.7/site-packages/airflow/example_dags/example_nested_branch_dag.py
[2023-02-03T11:48:44.418+0000] {processor.py:753} INFO - DAG(s) dict_keys(['example_nested_branch_dag']) retrieved from /home/airflow/.local/lib/python3.7/site-packages/airflow/example_dags/example_nested_branch_dag.py
[2023-02-03T11:48:44.490+0000] {logging_mixin.py:137} INFO - [2023-02-03T11:48:44.489+0000] {dag.py:2676} INFO - Sync 1 DAGs
[2023-02-03T11:48:44.528+0000] {logging_mixin.py:137} INFO - [2023-02-03T11:48:44.528+0000] {dag.py:3427} INFO - Setting next_dagrun for example_nested_branch_dag to 2023-02-02T00:00:00+00:00, run_after=2023-02-03T00:00:00+00:00
[2023-02-03T11:48:44.567+0000] {processor.py:175} INFO - Processing /home/airflow/.local/lib/python3.7/site-packages/airflow/example_dags/example_nested_branch_dag.py took 0.216 seconds
[2023-02-03T11:49:14.743+0000] {processor.py:153} INFO - Started process (PID=778) to work on /home/airflow/.local/lib/python3.7/site-packages/airflow/example_dags/example_nested_branch_dag.py
[2023-02-03T11:49:14.747+0000] {processor.py:743} INFO - Processing file /home/airflow/.local/lib/python3.7/site-packages/airflow/example_dags/example_nested_branch_dag.py for tasks to queue
[2023-02-03T11:49:14.749+0000] {logging_mixin.py:137} INFO - [2023-02-03T11:49:14.749+0000] {dagbag.py:538} INFO - Filling up the DagBag from /home/airflow/.local/lib/python3.7/site-packages/airflow/example_dags/example_nested_branch_dag.py
[2023-02-03T11:49:14.795+0000] {processor.py:753} INFO - DAG(s) dict_keys(['example_nested_branch_dag']) retrieved from /home/airflow/.local/lib/python3.7/site-packages/airflow/example_dags/example_nested_branch_dag.py
[2023-02-03T11:49:14.906+0000] {logging_mixin.py:137} INFO - [2023-02-03T11:49:14.906+0000] {dag.py:2676} INFO - Sync 1 DAGs
[2023-02-03T11:49:14.993+0000] {logging_mixin.py:137} INFO - [2023-02-03T11:49:14.993+0000] {dag.py:3427} INFO - Setting next_dagrun for example_nested_branch_dag to 2023-02-02T00:00:00+00:00, run_after=2023-02-03T00:00:00+00:00
[2023-02-03T11:49:15.058+0000] {processor.py:175} INFO - Processing /home/airflow/.local/lib/python3.7/site-packages/airflow/example_dags/example_nested_branch_dag.py took 0.321 seconds
[2023-02-03T11:49:46.210+0000] {processor.py:153} INFO - Started process (PID=846) to work on /home/airflow/.local/lib/python3.7/site-packages/airflow/example_dags/example_nested_branch_dag.py
[2023-02-03T11:49:46.214+0000] {processor.py:743} INFO - Processing file /home/airflow/.local/lib/python3.7/site-packages/airflow/example_dags/example_nested_branch_dag.py for tasks to queue
[2023-02-03T11:49:46.226+0000] {logging_mixin.py:137} INFO - [2023-02-03T11:49:46.226+0000] {dagbag.py:538} INFO - Filling up the DagBag from /home/airflow/.local/lib/python3.7/site-packages/airflow/example_dags/example_nested_branch_dag.py
[2023-02-03T11:49:46.392+0000] {processor.py:753} INFO - DAG(s) dict_keys(['example_nested_branch_dag']) retrieved from /home/airflow/.local/lib/python3.7/site-packages/airflow/example_dags/example_nested_branch_dag.py
[2023-02-03T11:49:46.614+0000] {logging_mixin.py:137} INFO - [2023-02-03T11:49:46.597+0000] {dag.py:2676} INFO - Sync 1 DAGs
[2023-02-03T11:49:46.740+0000] {logging_mixin.py:137} INFO - [2023-02-03T11:49:46.740+0000] {dag.py:3427} INFO - Setting next_dagrun for example_nested_branch_dag to 2023-02-02T00:00:00+00:00, run_after=2023-02-03T00:00:00+00:00
[2023-02-03T11:49:46.829+0000] {processor.py:175} INFO - Processing /home/airflow/.local/lib/python3.7/site-packages/airflow/example_dags/example_nested_branch_dag.py took 0.656 seconds
[2023-02-03T11:50:17.048+0000] {processor.py:153} INFO - Started process (PID=908) to work on /home/airflow/.local/lib/python3.7/site-packages/airflow/example_dags/example_nested_branch_dag.py
[2023-02-03T11:50:17.049+0000] {processor.py:743} INFO - Processing file /home/airflow/.local/lib/python3.7/site-packages/airflow/example_dags/example_nested_branch_dag.py for tasks to queue
[2023-02-03T11:50:17.050+0000] {logging_mixin.py:137} INFO - [2023-02-03T11:50:17.050+0000] {dagbag.py:538} INFO - Filling up the DagBag from /home/airflow/.local/lib/python3.7/site-packages/airflow/example_dags/example_nested_branch_dag.py
[2023-02-03T11:50:17.079+0000] {processor.py:753} INFO - DAG(s) dict_keys(['example_nested_branch_dag']) retrieved from /home/airflow/.local/lib/python3.7/site-packages/airflow/example_dags/example_nested_branch_dag.py
[2023-02-03T11:50:17.137+0000] {logging_mixin.py:137} INFO - [2023-02-03T11:50:17.137+0000] {dag.py:2676} INFO - Sync 1 DAGs
[2023-02-03T11:50:17.180+0000] {logging_mixin.py:137} INFO - [2023-02-03T11:50:17.180+0000] {dag.py:3427} INFO - Setting next_dagrun for example_nested_branch_dag to 2023-02-02T00:00:00+00:00, run_after=2023-02-03T00:00:00+00:00
[2023-02-03T11:50:17.221+0000] {processor.py:175} INFO - Processing /home/airflow/.local/lib/python3.7/site-packages/airflow/example_dags/example_nested_branch_dag.py took 0.177 seconds
[2023-02-03T11:50:47.902+0000] {processor.py:153} INFO - Started process (PID=975) to work on /home/airflow/.local/lib/python3.7/site-packages/airflow/example_dags/example_nested_branch_dag.py
[2023-02-03T11:50:47.905+0000] {processor.py:743} INFO - Processing file /home/airflow/.local/lib/python3.7/site-packages/airflow/example_dags/example_nested_branch_dag.py for tasks to queue
[2023-02-03T11:50:47.908+0000] {logging_mixin.py:137} INFO - [2023-02-03T11:50:47.908+0000] {dagbag.py:538} INFO - Filling up the DagBag from /home/airflow/.local/lib/python3.7/site-packages/airflow/example_dags/example_nested_branch_dag.py
[2023-02-03T11:50:47.984+0000] {processor.py:753} INFO - DAG(s) dict_keys(['example_nested_branch_dag']) retrieved from /home/airflow/.local/lib/python3.7/site-packages/airflow/example_dags/example_nested_branch_dag.py
[2023-02-03T11:50:48.112+0000] {logging_mixin.py:137} INFO - [2023-02-03T11:50:48.111+0000] {dag.py:2676} INFO - Sync 1 DAGs
[2023-02-03T11:50:48.192+0000] {logging_mixin.py:137} INFO - [2023-02-03T11:50:48.192+0000] {dag.py:3427} INFO - Setting next_dagrun for example_nested_branch_dag to 2023-02-02T00:00:00+00:00, run_after=2023-02-03T00:00:00+00:00
[2023-02-03T11:50:48.255+0000] {processor.py:175} INFO - Processing /home/airflow/.local/lib/python3.7/site-packages/airflow/example_dags/example_nested_branch_dag.py took 0.362 seconds
[2023-02-03T11:55:30.101+0000] {processor.py:153} INFO - Started process (PID=56) to work on /home/airflow/.local/lib/python3.7/site-packages/airflow/example_dags/example_nested_branch_dag.py
[2023-02-03T11:55:30.104+0000] {processor.py:743} INFO - Processing file /home/airflow/.local/lib/python3.7/site-packages/airflow/example_dags/example_nested_branch_dag.py for tasks to queue
[2023-02-03T11:55:30.106+0000] {logging_mixin.py:137} INFO - [2023-02-03T11:55:30.106+0000] {dagbag.py:538} INFO - Filling up the DagBag from /home/airflow/.local/lib/python3.7/site-packages/airflow/example_dags/example_nested_branch_dag.py
[2023-02-03T11:55:30.177+0000] {processor.py:753} INFO - DAG(s) dict_keys(['example_nested_branch_dag']) retrieved from /home/airflow/.local/lib/python3.7/site-packages/airflow/example_dags/example_nested_branch_dag.py
[2023-02-03T11:55:30.297+0000] {logging_mixin.py:137} INFO - [2023-02-03T11:55:30.297+0000] {dag.py:2676} INFO - Sync 1 DAGs
[2023-02-03T11:55:30.403+0000] {logging_mixin.py:137} INFO - [2023-02-03T11:55:30.403+0000] {dag.py:3427} INFO - Setting next_dagrun for example_nested_branch_dag to 2023-02-02T00:00:00+00:00, run_after=2023-02-03T00:00:00+00:00
[2023-02-03T11:55:30.473+0000] {processor.py:175} INFO - Processing /home/airflow/.local/lib/python3.7/site-packages/airflow/example_dags/example_nested_branch_dag.py took 0.378 seconds
[2023-02-03T11:56:01.171+0000] {processor.py:153} INFO - Started process (PID=118) to work on /home/airflow/.local/lib/python3.7/site-packages/airflow/example_dags/example_nested_branch_dag.py
[2023-02-03T11:56:01.173+0000] {processor.py:743} INFO - Processing file /home/airflow/.local/lib/python3.7/site-packages/airflow/example_dags/example_nested_branch_dag.py for tasks to queue
[2023-02-03T11:56:01.174+0000] {logging_mixin.py:137} INFO - [2023-02-03T11:56:01.174+0000] {dagbag.py:538} INFO - Filling up the DagBag from /home/airflow/.local/lib/python3.7/site-packages/airflow/example_dags/example_nested_branch_dag.py
[2023-02-03T11:56:01.206+0000] {processor.py:753} INFO - DAG(s) dict_keys(['example_nested_branch_dag']) retrieved from /home/airflow/.local/lib/python3.7/site-packages/airflow/example_dags/example_nested_branch_dag.py
[2023-02-03T11:56:01.268+0000] {logging_mixin.py:137} INFO - [2023-02-03T11:56:01.268+0000] {dag.py:2676} INFO - Sync 1 DAGs
[2023-02-03T11:56:01.341+0000] {logging_mixin.py:137} INFO - [2023-02-03T11:56:01.341+0000] {dag.py:3427} INFO - Setting next_dagrun for example_nested_branch_dag to 2023-02-02T00:00:00+00:00, run_after=2023-02-03T00:00:00+00:00
[2023-02-03T11:56:01.389+0000] {processor.py:175} INFO - Processing /home/airflow/.local/lib/python3.7/site-packages/airflow/example_dags/example_nested_branch_dag.py took 0.223 seconds
[2023-02-03T11:56:31.648+0000] {processor.py:153} INFO - Started process (PID=179) to work on /home/airflow/.local/lib/python3.7/site-packages/airflow/example_dags/example_nested_branch_dag.py
[2023-02-03T11:56:31.650+0000] {processor.py:743} INFO - Processing file /home/airflow/.local/lib/python3.7/site-packages/airflow/example_dags/example_nested_branch_dag.py for tasks to queue
[2023-02-03T11:56:31.652+0000] {logging_mixin.py:137} INFO - [2023-02-03T11:56:31.652+0000] {dagbag.py:538} INFO - Filling up the DagBag from /home/airflow/.local/lib/python3.7/site-packages/airflow/example_dags/example_nested_branch_dag.py
[2023-02-03T11:56:31.682+0000] {processor.py:753} INFO - DAG(s) dict_keys(['example_nested_branch_dag']) retrieved from /home/airflow/.local/lib/python3.7/site-packages/airflow/example_dags/example_nested_branch_dag.py
[2023-02-03T11:56:31.756+0000] {logging_mixin.py:137} INFO - [2023-02-03T11:56:31.755+0000] {dag.py:2676} INFO - Sync 1 DAGs
[2023-02-03T11:56:31.801+0000] {logging_mixin.py:137} INFO - [2023-02-03T11:56:31.801+0000] {dag.py:3427} INFO - Setting next_dagrun for example_nested_branch_dag to 2023-02-02T00:00:00+00:00, run_after=2023-02-03T00:00:00+00:00
[2023-02-03T11:56:31.840+0000] {processor.py:175} INFO - Processing /home/airflow/.local/lib/python3.7/site-packages/airflow/example_dags/example_nested_branch_dag.py took 0.196 seconds
[2023-02-03T11:57:02.393+0000] {processor.py:153} INFO - Started process (PID=241) to work on /home/airflow/.local/lib/python3.7/site-packages/airflow/example_dags/example_nested_branch_dag.py
[2023-02-03T11:57:02.395+0000] {processor.py:743} INFO - Processing file /home/airflow/.local/lib/python3.7/site-packages/airflow/example_dags/example_nested_branch_dag.py for tasks to queue
[2023-02-03T11:57:02.397+0000] {logging_mixin.py:137} INFO - [2023-02-03T11:57:02.397+0000] {dagbag.py:538} INFO - Filling up the DagBag from /home/airflow/.local/lib/python3.7/site-packages/airflow/example_dags/example_nested_branch_dag.py
[2023-02-03T11:57:02.432+0000] {processor.py:753} INFO - DAG(s) dict_keys(['example_nested_branch_dag']) retrieved from /home/airflow/.local/lib/python3.7/site-packages/airflow/example_dags/example_nested_branch_dag.py
[2023-02-03T11:57:02.507+0000] {logging_mixin.py:137} INFO - [2023-02-03T11:57:02.506+0000] {dag.py:2676} INFO - Sync 1 DAGs
[2023-02-03T11:57:02.568+0000] {logging_mixin.py:137} INFO - [2023-02-03T11:57:02.568+0000] {dag.py:3427} INFO - Setting next_dagrun for example_nested_branch_dag to 2023-02-02T00:00:00+00:00, run_after=2023-02-03T00:00:00+00:00
[2023-02-03T11:57:02.615+0000] {processor.py:175} INFO - Processing /home/airflow/.local/lib/python3.7/site-packages/airflow/example_dags/example_nested_branch_dag.py took 0.229 seconds
[2023-02-03T11:57:32.755+0000] {processor.py:153} INFO - Started process (PID=316) to work on /home/airflow/.local/lib/python3.7/site-packages/airflow/example_dags/example_nested_branch_dag.py
[2023-02-03T11:57:32.757+0000] {processor.py:743} INFO - Processing file /home/airflow/.local/lib/python3.7/site-packages/airflow/example_dags/example_nested_branch_dag.py for tasks to queue
[2023-02-03T11:57:32.758+0000] {logging_mixin.py:137} INFO - [2023-02-03T11:57:32.758+0000] {dagbag.py:538} INFO - Filling up the DagBag from /home/airflow/.local/lib/python3.7/site-packages/airflow/example_dags/example_nested_branch_dag.py
[2023-02-03T11:57:32.794+0000] {processor.py:753} INFO - DAG(s) dict_keys(['example_nested_branch_dag']) retrieved from /home/airflow/.local/lib/python3.7/site-packages/airflow/example_dags/example_nested_branch_dag.py
[2023-02-03T11:57:32.867+0000] {logging_mixin.py:137} INFO - [2023-02-03T11:57:32.867+0000] {dag.py:2676} INFO - Sync 1 DAGs
[2023-02-03T11:57:32.946+0000] {logging_mixin.py:137} INFO - [2023-02-03T11:57:32.946+0000] {dag.py:3427} INFO - Setting next_dagrun for example_nested_branch_dag to 2023-02-02T00:00:00+00:00, run_after=2023-02-03T00:00:00+00:00
[2023-02-03T11:57:32.987+0000] {processor.py:175} INFO - Processing /home/airflow/.local/lib/python3.7/site-packages/airflow/example_dags/example_nested_branch_dag.py took 0.236 seconds
