[2023-02-03T11:39:55.542+0000] {processor.py:153} INFO - Started process (PID=76) to work on /home/airflow/.local/lib/python3.7/site-packages/airflow/example_dags/example_branch_day_of_week_operator.py
[2023-02-03T11:39:55.560+0000] {processor.py:743} INFO - Processing file /home/airflow/.local/lib/python3.7/site-packages/airflow/example_dags/example_branch_day_of_week_operator.py for tasks to queue
[2023-02-03T11:39:55.566+0000] {logging_mixin.py:137} INFO - [2023-02-03T11:39:55.566+0000] {dagbag.py:538} INFO - Filling up the DagBag from /home/airflow/.local/lib/python3.7/site-packages/airflow/example_dags/example_branch_day_of_week_operator.py
[2023-02-03T11:39:55.774+0000] {processor.py:753} INFO - DAG(s) dict_keys(['example_weekday_branch_operator']) retrieved from /home/airflow/.local/lib/python3.7/site-packages/airflow/example_dags/example_branch_day_of_week_operator.py
[2023-02-03T11:39:56.253+0000] {logging_mixin.py:137} INFO - [2023-02-03T11:39:56.253+0000] {dag.py:2676} INFO - Sync 1 DAGs
[2023-02-03T11:39:56.584+0000] {logging_mixin.py:137} INFO - [2023-02-03T11:39:56.584+0000] {dag.py:3427} INFO - Setting next_dagrun for example_weekday_branch_operator to 2023-02-02T00:00:00+00:00, run_after=2023-02-03T00:00:00+00:00
[2023-02-03T11:39:56.722+0000] {processor.py:175} INFO - Processing /home/airflow/.local/lib/python3.7/site-packages/airflow/example_dags/example_branch_day_of_week_operator.py took 1.248 seconds
[2023-02-03T11:40:27.480+0000] {processor.py:153} INFO - Started process (PID=139) to work on /home/airflow/.local/lib/python3.7/site-packages/airflow/example_dags/example_branch_day_of_week_operator.py
[2023-02-03T11:40:27.485+0000] {processor.py:743} INFO - Processing file /home/airflow/.local/lib/python3.7/site-packages/airflow/example_dags/example_branch_day_of_week_operator.py for tasks to queue
[2023-02-03T11:40:27.489+0000] {logging_mixin.py:137} INFO - [2023-02-03T11:40:27.488+0000] {dagbag.py:538} INFO - Filling up the DagBag from /home/airflow/.local/lib/python3.7/site-packages/airflow/example_dags/example_branch_day_of_week_operator.py
[2023-02-03T11:40:27.649+0000] {processor.py:753} INFO - DAG(s) dict_keys(['example_weekday_branch_operator']) retrieved from /home/airflow/.local/lib/python3.7/site-packages/airflow/example_dags/example_branch_day_of_week_operator.py
[2023-02-03T11:40:27.816+0000] {logging_mixin.py:137} INFO - [2023-02-03T11:40:27.815+0000] {dag.py:2676} INFO - Sync 1 DAGs
[2023-02-03T11:40:27.943+0000] {logging_mixin.py:137} INFO - [2023-02-03T11:40:27.943+0000] {dag.py:3427} INFO - Setting next_dagrun for example_weekday_branch_operator to 2023-02-02T00:00:00+00:00, run_after=2023-02-03T00:00:00+00:00
[2023-02-03T11:40:28.031+0000] {processor.py:175} INFO - Processing /home/airflow/.local/lib/python3.7/site-packages/airflow/example_dags/example_branch_day_of_week_operator.py took 0.560 seconds
[2023-02-03T11:40:58.534+0000] {processor.py:153} INFO - Started process (PID=204) to work on /home/airflow/.local/lib/python3.7/site-packages/airflow/example_dags/example_branch_day_of_week_operator.py
[2023-02-03T11:40:58.538+0000] {processor.py:743} INFO - Processing file /home/airflow/.local/lib/python3.7/site-packages/airflow/example_dags/example_branch_day_of_week_operator.py for tasks to queue
[2023-02-03T11:40:58.540+0000] {logging_mixin.py:137} INFO - [2023-02-03T11:40:58.539+0000] {dagbag.py:538} INFO - Filling up the DagBag from /home/airflow/.local/lib/python3.7/site-packages/airflow/example_dags/example_branch_day_of_week_operator.py
[2023-02-03T11:40:58.573+0000] {processor.py:753} INFO - DAG(s) dict_keys(['example_weekday_branch_operator']) retrieved from /home/airflow/.local/lib/python3.7/site-packages/airflow/example_dags/example_branch_day_of_week_operator.py
[2023-02-03T11:40:58.693+0000] {logging_mixin.py:137} INFO - [2023-02-03T11:40:58.693+0000] {dag.py:2676} INFO - Sync 1 DAGs
[2023-02-03T11:40:58.783+0000] {logging_mixin.py:137} INFO - [2023-02-03T11:40:58.783+0000] {dag.py:3427} INFO - Setting next_dagrun for example_weekday_branch_operator to 2023-02-02T00:00:00+00:00, run_after=2023-02-03T00:00:00+00:00
[2023-02-03T11:40:58.840+0000] {processor.py:175} INFO - Processing /home/airflow/.local/lib/python3.7/site-packages/airflow/example_dags/example_branch_day_of_week_operator.py took 0.313 seconds
[2023-02-03T11:41:29.830+0000] {processor.py:153} INFO - Started process (PID=266) to work on /home/airflow/.local/lib/python3.7/site-packages/airflow/example_dags/example_branch_day_of_week_operator.py
[2023-02-03T11:41:29.832+0000] {processor.py:743} INFO - Processing file /home/airflow/.local/lib/python3.7/site-packages/airflow/example_dags/example_branch_day_of_week_operator.py for tasks to queue
[2023-02-03T11:41:29.834+0000] {logging_mixin.py:137} INFO - [2023-02-03T11:41:29.833+0000] {dagbag.py:538} INFO - Filling up the DagBag from /home/airflow/.local/lib/python3.7/site-packages/airflow/example_dags/example_branch_day_of_week_operator.py
[2023-02-03T11:41:29.863+0000] {processor.py:753} INFO - DAG(s) dict_keys(['example_weekday_branch_operator']) retrieved from /home/airflow/.local/lib/python3.7/site-packages/airflow/example_dags/example_branch_day_of_week_operator.py
[2023-02-03T11:41:29.947+0000] {logging_mixin.py:137} INFO - [2023-02-03T11:41:29.946+0000] {dag.py:2676} INFO - Sync 1 DAGs
[2023-02-03T11:41:30.017+0000] {logging_mixin.py:137} INFO - [2023-02-03T11:41:30.017+0000] {dag.py:3427} INFO - Setting next_dagrun for example_weekday_branch_operator to 2023-02-02T00:00:00+00:00, run_after=2023-02-03T00:00:00+00:00
[2023-02-03T11:41:30.066+0000] {processor.py:175} INFO - Processing /home/airflow/.local/lib/python3.7/site-packages/airflow/example_dags/example_branch_day_of_week_operator.py took 0.242 seconds
[2023-02-03T11:42:00.341+0000] {processor.py:153} INFO - Started process (PID=336) to work on /home/airflow/.local/lib/python3.7/site-packages/airflow/example_dags/example_branch_day_of_week_operator.py
[2023-02-03T11:42:00.342+0000] {processor.py:743} INFO - Processing file /home/airflow/.local/lib/python3.7/site-packages/airflow/example_dags/example_branch_day_of_week_operator.py for tasks to queue
[2023-02-03T11:42:00.343+0000] {logging_mixin.py:137} INFO - [2023-02-03T11:42:00.343+0000] {dagbag.py:538} INFO - Filling up the DagBag from /home/airflow/.local/lib/python3.7/site-packages/airflow/example_dags/example_branch_day_of_week_operator.py
[2023-02-03T11:42:00.363+0000] {processor.py:753} INFO - DAG(s) dict_keys(['example_weekday_branch_operator']) retrieved from /home/airflow/.local/lib/python3.7/site-packages/airflow/example_dags/example_branch_day_of_week_operator.py
[2023-02-03T11:42:00.422+0000] {logging_mixin.py:137} INFO - [2023-02-03T11:42:00.422+0000] {dag.py:2676} INFO - Sync 1 DAGs
[2023-02-03T11:42:00.468+0000] {logging_mixin.py:137} INFO - [2023-02-03T11:42:00.468+0000] {dag.py:3427} INFO - Setting next_dagrun for example_weekday_branch_operator to 2023-02-02T00:00:00+00:00, run_after=2023-02-03T00:00:00+00:00
[2023-02-03T11:42:00.504+0000] {processor.py:175} INFO - Processing /home/airflow/.local/lib/python3.7/site-packages/airflow/example_dags/example_branch_day_of_week_operator.py took 0.168 seconds
[2023-02-03T11:42:31.055+0000] {processor.py:153} INFO - Started process (PID=403) to work on /home/airflow/.local/lib/python3.7/site-packages/airflow/example_dags/example_branch_day_of_week_operator.py
[2023-02-03T11:42:31.056+0000] {processor.py:743} INFO - Processing file /home/airflow/.local/lib/python3.7/site-packages/airflow/example_dags/example_branch_day_of_week_operator.py for tasks to queue
[2023-02-03T11:42:31.058+0000] {logging_mixin.py:137} INFO - [2023-02-03T11:42:31.057+0000] {dagbag.py:538} INFO - Filling up the DagBag from /home/airflow/.local/lib/python3.7/site-packages/airflow/example_dags/example_branch_day_of_week_operator.py
[2023-02-03T11:42:31.079+0000] {processor.py:753} INFO - DAG(s) dict_keys(['example_weekday_branch_operator']) retrieved from /home/airflow/.local/lib/python3.7/site-packages/airflow/example_dags/example_branch_day_of_week_operator.py
[2023-02-03T11:42:31.172+0000] {logging_mixin.py:137} INFO - [2023-02-03T11:42:31.172+0000] {dag.py:2676} INFO - Sync 1 DAGs
[2023-02-03T11:42:31.233+0000] {logging_mixin.py:137} INFO - [2023-02-03T11:42:31.232+0000] {dag.py:3427} INFO - Setting next_dagrun for example_weekday_branch_operator to 2023-02-02T00:00:00+00:00, run_after=2023-02-03T00:00:00+00:00
[2023-02-03T11:42:31.283+0000] {processor.py:175} INFO - Processing /home/airflow/.local/lib/python3.7/site-packages/airflow/example_dags/example_branch_day_of_week_operator.py took 0.234 seconds
[2023-02-03T11:43:39.423+0000] {processor.py:153} INFO - Started process (PID=68) to work on /home/airflow/.local/lib/python3.7/site-packages/airflow/example_dags/example_branch_day_of_week_operator.py
[2023-02-03T11:43:39.426+0000] {processor.py:743} INFO - Processing file /home/airflow/.local/lib/python3.7/site-packages/airflow/example_dags/example_branch_day_of_week_operator.py for tasks to queue
[2023-02-03T11:43:39.438+0000] {logging_mixin.py:137} INFO - [2023-02-03T11:43:39.436+0000] {dagbag.py:538} INFO - Filling up the DagBag from /home/airflow/.local/lib/python3.7/site-packages/airflow/example_dags/example_branch_day_of_week_operator.py
[2023-02-03T11:43:39.514+0000] {processor.py:753} INFO - DAG(s) dict_keys(['example_weekday_branch_operator']) retrieved from /home/airflow/.local/lib/python3.7/site-packages/airflow/example_dags/example_branch_day_of_week_operator.py
[2023-02-03T11:43:39.736+0000] {logging_mixin.py:137} INFO - [2023-02-03T11:43:39.735+0000] {dag.py:2676} INFO - Sync 1 DAGs
[2023-02-03T11:43:39.841+0000] {logging_mixin.py:137} INFO - [2023-02-03T11:43:39.840+0000] {dag.py:3427} INFO - Setting next_dagrun for example_weekday_branch_operator to 2023-02-02T00:00:00+00:00, run_after=2023-02-03T00:00:00+00:00
[2023-02-03T11:43:39.904+0000] {processor.py:175} INFO - Processing /home/airflow/.local/lib/python3.7/site-packages/airflow/example_dags/example_branch_day_of_week_operator.py took 0.495 seconds
[2023-02-03T11:44:10.299+0000] {processor.py:153} INFO - Started process (PID=131) to work on /home/airflow/.local/lib/python3.7/site-packages/airflow/example_dags/example_branch_day_of_week_operator.py
[2023-02-03T11:44:10.301+0000] {processor.py:743} INFO - Processing file /home/airflow/.local/lib/python3.7/site-packages/airflow/example_dags/example_branch_day_of_week_operator.py for tasks to queue
[2023-02-03T11:44:10.303+0000] {logging_mixin.py:137} INFO - [2023-02-03T11:44:10.303+0000] {dagbag.py:538} INFO - Filling up the DagBag from /home/airflow/.local/lib/python3.7/site-packages/airflow/example_dags/example_branch_day_of_week_operator.py
[2023-02-03T11:44:10.331+0000] {processor.py:753} INFO - DAG(s) dict_keys(['example_weekday_branch_operator']) retrieved from /home/airflow/.local/lib/python3.7/site-packages/airflow/example_dags/example_branch_day_of_week_operator.py
[2023-02-03T11:44:10.413+0000] {logging_mixin.py:137} INFO - [2023-02-03T11:44:10.413+0000] {dag.py:2676} INFO - Sync 1 DAGs
[2023-02-03T11:44:10.474+0000] {logging_mixin.py:137} INFO - [2023-02-03T11:44:10.474+0000] {dag.py:3427} INFO - Setting next_dagrun for example_weekday_branch_operator to 2023-02-02T00:00:00+00:00, run_after=2023-02-03T00:00:00+00:00
[2023-02-03T11:44:10.520+0000] {processor.py:175} INFO - Processing /home/airflow/.local/lib/python3.7/site-packages/airflow/example_dags/example_branch_day_of_week_operator.py took 0.226 seconds
[2023-02-03T11:44:41.600+0000] {processor.py:153} INFO - Started process (PID=203) to work on /home/airflow/.local/lib/python3.7/site-packages/airflow/example_dags/example_branch_day_of_week_operator.py
[2023-02-03T11:44:41.603+0000] {processor.py:743} INFO - Processing file /home/airflow/.local/lib/python3.7/site-packages/airflow/example_dags/example_branch_day_of_week_operator.py for tasks to queue
[2023-02-03T11:44:41.606+0000] {logging_mixin.py:137} INFO - [2023-02-03T11:44:41.606+0000] {dagbag.py:538} INFO - Filling up the DagBag from /home/airflow/.local/lib/python3.7/site-packages/airflow/example_dags/example_branch_day_of_week_operator.py
[2023-02-03T11:44:41.654+0000] {processor.py:753} INFO - DAG(s) dict_keys(['example_weekday_branch_operator']) retrieved from /home/airflow/.local/lib/python3.7/site-packages/airflow/example_dags/example_branch_day_of_week_operator.py
[2023-02-03T11:44:41.761+0000] {logging_mixin.py:137} INFO - [2023-02-03T11:44:41.761+0000] {dag.py:2676} INFO - Sync 1 DAGs
[2023-02-03T11:44:41.874+0000] {logging_mixin.py:137} INFO - [2023-02-03T11:44:41.874+0000] {dag.py:3427} INFO - Setting next_dagrun for example_weekday_branch_operator to 2023-02-02T00:00:00+00:00, run_after=2023-02-03T00:00:00+00:00
[2023-02-03T11:44:41.986+0000] {processor.py:175} INFO - Processing /home/airflow/.local/lib/python3.7/site-packages/airflow/example_dags/example_branch_day_of_week_operator.py took 0.395 seconds
[2023-02-03T11:45:12.207+0000] {processor.py:153} INFO - Started process (PID=266) to work on /home/airflow/.local/lib/python3.7/site-packages/airflow/example_dags/example_branch_day_of_week_operator.py
[2023-02-03T11:45:12.213+0000] {processor.py:743} INFO - Processing file /home/airflow/.local/lib/python3.7/site-packages/airflow/example_dags/example_branch_day_of_week_operator.py for tasks to queue
[2023-02-03T11:45:12.215+0000] {logging_mixin.py:137} INFO - [2023-02-03T11:45:12.215+0000] {dagbag.py:538} INFO - Filling up the DagBag from /home/airflow/.local/lib/python3.7/site-packages/airflow/example_dags/example_branch_day_of_week_operator.py
[2023-02-03T11:45:12.251+0000] {processor.py:753} INFO - DAG(s) dict_keys(['example_weekday_branch_operator']) retrieved from /home/airflow/.local/lib/python3.7/site-packages/airflow/example_dags/example_branch_day_of_week_operator.py
[2023-02-03T11:45:12.350+0000] {logging_mixin.py:137} INFO - [2023-02-03T11:45:12.349+0000] {dag.py:2676} INFO - Sync 1 DAGs
[2023-02-03T11:45:12.423+0000] {logging_mixin.py:137} INFO - [2023-02-03T11:45:12.423+0000] {dag.py:3427} INFO - Setting next_dagrun for example_weekday_branch_operator to 2023-02-02T00:00:00+00:00, run_after=2023-02-03T00:00:00+00:00
[2023-02-03T11:45:12.480+0000] {processor.py:175} INFO - Processing /home/airflow/.local/lib/python3.7/site-packages/airflow/example_dags/example_branch_day_of_week_operator.py took 0.282 seconds
[2023-02-03T11:45:43.020+0000] {processor.py:153} INFO - Started process (PID=331) to work on /home/airflow/.local/lib/python3.7/site-packages/airflow/example_dags/example_branch_day_of_week_operator.py
[2023-02-03T11:45:43.023+0000] {processor.py:743} INFO - Processing file /home/airflow/.local/lib/python3.7/site-packages/airflow/example_dags/example_branch_day_of_week_operator.py for tasks to queue
[2023-02-03T11:45:43.025+0000] {logging_mixin.py:137} INFO - [2023-02-03T11:45:43.025+0000] {dagbag.py:538} INFO - Filling up the DagBag from /home/airflow/.local/lib/python3.7/site-packages/airflow/example_dags/example_branch_day_of_week_operator.py
[2023-02-03T11:45:43.060+0000] {processor.py:753} INFO - DAG(s) dict_keys(['example_weekday_branch_operator']) retrieved from /home/airflow/.local/lib/python3.7/site-packages/airflow/example_dags/example_branch_day_of_week_operator.py
[2023-02-03T11:45:43.162+0000] {logging_mixin.py:137} INFO - [2023-02-03T11:45:43.162+0000] {dag.py:2676} INFO - Sync 1 DAGs
[2023-02-03T11:45:43.240+0000] {logging_mixin.py:137} INFO - [2023-02-03T11:45:43.239+0000] {dag.py:3427} INFO - Setting next_dagrun for example_weekday_branch_operator to 2023-02-02T00:00:00+00:00, run_after=2023-02-03T00:00:00+00:00
[2023-02-03T11:45:43.309+0000] {processor.py:175} INFO - Processing /home/airflow/.local/lib/python3.7/site-packages/airflow/example_dags/example_branch_day_of_week_operator.py took 0.295 seconds
[2023-02-03T11:46:13.845+0000] {processor.py:153} INFO - Started process (PID=394) to work on /home/airflow/.local/lib/python3.7/site-packages/airflow/example_dags/example_branch_day_of_week_operator.py
[2023-02-03T11:46:13.847+0000] {processor.py:743} INFO - Processing file /home/airflow/.local/lib/python3.7/site-packages/airflow/example_dags/example_branch_day_of_week_operator.py for tasks to queue
[2023-02-03T11:46:13.849+0000] {logging_mixin.py:137} INFO - [2023-02-03T11:46:13.849+0000] {dagbag.py:538} INFO - Filling up the DagBag from /home/airflow/.local/lib/python3.7/site-packages/airflow/example_dags/example_branch_day_of_week_operator.py
[2023-02-03T11:46:13.873+0000] {processor.py:753} INFO - DAG(s) dict_keys(['example_weekday_branch_operator']) retrieved from /home/airflow/.local/lib/python3.7/site-packages/airflow/example_dags/example_branch_day_of_week_operator.py
[2023-02-03T11:46:13.966+0000] {logging_mixin.py:137} INFO - [2023-02-03T11:46:13.965+0000] {dag.py:2676} INFO - Sync 1 DAGs
[2023-02-03T11:46:14.049+0000] {logging_mixin.py:137} INFO - [2023-02-03T11:46:14.048+0000] {dag.py:3427} INFO - Setting next_dagrun for example_weekday_branch_operator to 2023-02-02T00:00:00+00:00, run_after=2023-02-03T00:00:00+00:00
[2023-02-03T11:46:14.117+0000] {processor.py:175} INFO - Processing /home/airflow/.local/lib/python3.7/site-packages/airflow/example_dags/example_branch_day_of_week_operator.py took 0.284 seconds
[2023-02-03T11:46:44.539+0000] {processor.py:153} INFO - Started process (PID=469) to work on /home/airflow/.local/lib/python3.7/site-packages/airflow/example_dags/example_branch_day_of_week_operator.py
[2023-02-03T11:46:44.541+0000] {processor.py:743} INFO - Processing file /home/airflow/.local/lib/python3.7/site-packages/airflow/example_dags/example_branch_day_of_week_operator.py for tasks to queue
[2023-02-03T11:46:44.544+0000] {logging_mixin.py:137} INFO - [2023-02-03T11:46:44.543+0000] {dagbag.py:538} INFO - Filling up the DagBag from /home/airflow/.local/lib/python3.7/site-packages/airflow/example_dags/example_branch_day_of_week_operator.py
[2023-02-03T11:46:44.578+0000] {processor.py:753} INFO - DAG(s) dict_keys(['example_weekday_branch_operator']) retrieved from /home/airflow/.local/lib/python3.7/site-packages/airflow/example_dags/example_branch_day_of_week_operator.py
[2023-02-03T11:46:44.650+0000] {logging_mixin.py:137} INFO - [2023-02-03T11:46:44.650+0000] {dag.py:2676} INFO - Sync 1 DAGs
[2023-02-03T11:46:44.729+0000] {logging_mixin.py:137} INFO - [2023-02-03T11:46:44.729+0000] {dag.py:3427} INFO - Setting next_dagrun for example_weekday_branch_operator to 2023-02-02T00:00:00+00:00, run_after=2023-02-03T00:00:00+00:00
[2023-02-03T11:46:44.784+0000] {processor.py:175} INFO - Processing /home/airflow/.local/lib/python3.7/site-packages/airflow/example_dags/example_branch_day_of_week_operator.py took 0.280 seconds
[2023-02-03T11:47:15.375+0000] {processor.py:153} INFO - Started process (PID=531) to work on /home/airflow/.local/lib/python3.7/site-packages/airflow/example_dags/example_branch_day_of_week_operator.py
[2023-02-03T11:47:15.378+0000] {processor.py:743} INFO - Processing file /home/airflow/.local/lib/python3.7/site-packages/airflow/example_dags/example_branch_day_of_week_operator.py for tasks to queue
[2023-02-03T11:47:15.380+0000] {logging_mixin.py:137} INFO - [2023-02-03T11:47:15.379+0000] {dagbag.py:538} INFO - Filling up the DagBag from /home/airflow/.local/lib/python3.7/site-packages/airflow/example_dags/example_branch_day_of_week_operator.py
[2023-02-03T11:47:15.409+0000] {processor.py:753} INFO - DAG(s) dict_keys(['example_weekday_branch_operator']) retrieved from /home/airflow/.local/lib/python3.7/site-packages/airflow/example_dags/example_branch_day_of_week_operator.py
[2023-02-03T11:47:15.510+0000] {logging_mixin.py:137} INFO - [2023-02-03T11:47:15.509+0000] {dag.py:2676} INFO - Sync 1 DAGs
[2023-02-03T11:47:15.603+0000] {logging_mixin.py:137} INFO - [2023-02-03T11:47:15.603+0000] {dag.py:3427} INFO - Setting next_dagrun for example_weekday_branch_operator to 2023-02-02T00:00:00+00:00, run_after=2023-02-03T00:00:00+00:00
[2023-02-03T11:47:15.658+0000] {processor.py:175} INFO - Processing /home/airflow/.local/lib/python3.7/site-packages/airflow/example_dags/example_branch_day_of_week_operator.py took 0.290 seconds
[2023-02-03T11:47:46.424+0000] {processor.py:153} INFO - Started process (PID=598) to work on /home/airflow/.local/lib/python3.7/site-packages/airflow/example_dags/example_branch_day_of_week_operator.py
[2023-02-03T11:47:46.428+0000] {processor.py:743} INFO - Processing file /home/airflow/.local/lib/python3.7/site-packages/airflow/example_dags/example_branch_day_of_week_operator.py for tasks to queue
[2023-02-03T11:47:46.431+0000] {logging_mixin.py:137} INFO - [2023-02-03T11:47:46.431+0000] {dagbag.py:538} INFO - Filling up the DagBag from /home/airflow/.local/lib/python3.7/site-packages/airflow/example_dags/example_branch_day_of_week_operator.py
[2023-02-03T11:47:46.493+0000] {processor.py:753} INFO - DAG(s) dict_keys(['example_weekday_branch_operator']) retrieved from /home/airflow/.local/lib/python3.7/site-packages/airflow/example_dags/example_branch_day_of_week_operator.py
[2023-02-03T11:47:46.666+0000] {logging_mixin.py:137} INFO - [2023-02-03T11:47:46.666+0000] {dag.py:2676} INFO - Sync 1 DAGs
[2023-02-03T11:47:46.834+0000] {logging_mixin.py:137} INFO - [2023-02-03T11:47:46.834+0000] {dag.py:3427} INFO - Setting next_dagrun for example_weekday_branch_operator to 2023-02-02T00:00:00+00:00, run_after=2023-02-03T00:00:00+00:00
[2023-02-03T11:47:46.921+0000] {processor.py:175} INFO - Processing /home/airflow/.local/lib/python3.7/site-packages/airflow/example_dags/example_branch_day_of_week_operator.py took 0.508 seconds
[2023-02-03T11:48:17.712+0000] {processor.py:153} INFO - Started process (PID=666) to work on /home/airflow/.local/lib/python3.7/site-packages/airflow/example_dags/example_branch_day_of_week_operator.py
[2023-02-03T11:48:17.714+0000] {processor.py:743} INFO - Processing file /home/airflow/.local/lib/python3.7/site-packages/airflow/example_dags/example_branch_day_of_week_operator.py for tasks to queue
[2023-02-03T11:48:17.716+0000] {logging_mixin.py:137} INFO - [2023-02-03T11:48:17.716+0000] {dagbag.py:538} INFO - Filling up the DagBag from /home/airflow/.local/lib/python3.7/site-packages/airflow/example_dags/example_branch_day_of_week_operator.py
[2023-02-03T11:48:17.741+0000] {processor.py:753} INFO - DAG(s) dict_keys(['example_weekday_branch_operator']) retrieved from /home/airflow/.local/lib/python3.7/site-packages/airflow/example_dags/example_branch_day_of_week_operator.py
[2023-02-03T11:48:17.841+0000] {logging_mixin.py:137} INFO - [2023-02-03T11:48:17.841+0000] {dag.py:2676} INFO - Sync 1 DAGs
[2023-02-03T11:48:17.910+0000] {logging_mixin.py:137} INFO - [2023-02-03T11:48:17.910+0000] {dag.py:3427} INFO - Setting next_dagrun for example_weekday_branch_operator to 2023-02-02T00:00:00+00:00, run_after=2023-02-03T00:00:00+00:00
[2023-02-03T11:48:17.953+0000] {processor.py:175} INFO - Processing /home/airflow/.local/lib/python3.7/site-packages/airflow/example_dags/example_branch_day_of_week_operator.py took 0.246 seconds
[2023-02-03T11:48:48.385+0000] {processor.py:153} INFO - Started process (PID=728) to work on /home/airflow/.local/lib/python3.7/site-packages/airflow/example_dags/example_branch_day_of_week_operator.py
[2023-02-03T11:48:48.387+0000] {processor.py:743} INFO - Processing file /home/airflow/.local/lib/python3.7/site-packages/airflow/example_dags/example_branch_day_of_week_operator.py for tasks to queue
[2023-02-03T11:48:48.389+0000] {logging_mixin.py:137} INFO - [2023-02-03T11:48:48.389+0000] {dagbag.py:538} INFO - Filling up the DagBag from /home/airflow/.local/lib/python3.7/site-packages/airflow/example_dags/example_branch_day_of_week_operator.py
[2023-02-03T11:48:48.418+0000] {processor.py:753} INFO - DAG(s) dict_keys(['example_weekday_branch_operator']) retrieved from /home/airflow/.local/lib/python3.7/site-packages/airflow/example_dags/example_branch_day_of_week_operator.py
[2023-02-03T11:48:48.514+0000] {logging_mixin.py:137} INFO - [2023-02-03T11:48:48.514+0000] {dag.py:2676} INFO - Sync 1 DAGs
[2023-02-03T11:48:48.587+0000] {logging_mixin.py:137} INFO - [2023-02-03T11:48:48.587+0000] {dag.py:3427} INFO - Setting next_dagrun for example_weekday_branch_operator to 2023-02-02T00:00:00+00:00, run_after=2023-02-03T00:00:00+00:00
[2023-02-03T11:48:48.641+0000] {processor.py:175} INFO - Processing /home/airflow/.local/lib/python3.7/site-packages/airflow/example_dags/example_branch_day_of_week_operator.py took 0.272 seconds
[2023-02-03T11:49:19.196+0000] {processor.py:153} INFO - Started process (PID=790) to work on /home/airflow/.local/lib/python3.7/site-packages/airflow/example_dags/example_branch_day_of_week_operator.py
[2023-02-03T11:49:19.198+0000] {processor.py:743} INFO - Processing file /home/airflow/.local/lib/python3.7/site-packages/airflow/example_dags/example_branch_day_of_week_operator.py for tasks to queue
[2023-02-03T11:49:19.200+0000] {logging_mixin.py:137} INFO - [2023-02-03T11:49:19.200+0000] {dagbag.py:538} INFO - Filling up the DagBag from /home/airflow/.local/lib/python3.7/site-packages/airflow/example_dags/example_branch_day_of_week_operator.py
[2023-02-03T11:49:19.246+0000] {processor.py:753} INFO - DAG(s) dict_keys(['example_weekday_branch_operator']) retrieved from /home/airflow/.local/lib/python3.7/site-packages/airflow/example_dags/example_branch_day_of_week_operator.py
[2023-02-03T11:49:19.356+0000] {logging_mixin.py:137} INFO - [2023-02-03T11:49:19.356+0000] {dag.py:2676} INFO - Sync 1 DAGs
[2023-02-03T11:49:19.435+0000] {logging_mixin.py:137} INFO - [2023-02-03T11:49:19.435+0000] {dag.py:3427} INFO - Setting next_dagrun for example_weekday_branch_operator to 2023-02-02T00:00:00+00:00, run_after=2023-02-03T00:00:00+00:00
[2023-02-03T11:49:19.486+0000] {processor.py:175} INFO - Processing /home/airflow/.local/lib/python3.7/site-packages/airflow/example_dags/example_branch_day_of_week_operator.py took 0.300 seconds
[2023-02-03T11:49:50.193+0000] {processor.py:153} INFO - Started process (PID=863) to work on /home/airflow/.local/lib/python3.7/site-packages/airflow/example_dags/example_branch_day_of_week_operator.py
[2023-02-03T11:49:50.197+0000] {processor.py:743} INFO - Processing file /home/airflow/.local/lib/python3.7/site-packages/airflow/example_dags/example_branch_day_of_week_operator.py for tasks to queue
[2023-02-03T11:49:50.200+0000] {logging_mixin.py:137} INFO - [2023-02-03T11:49:50.200+0000] {dagbag.py:538} INFO - Filling up the DagBag from /home/airflow/.local/lib/python3.7/site-packages/airflow/example_dags/example_branch_day_of_week_operator.py
[2023-02-03T11:49:50.271+0000] {processor.py:753} INFO - DAG(s) dict_keys(['example_weekday_branch_operator']) retrieved from /home/airflow/.local/lib/python3.7/site-packages/airflow/example_dags/example_branch_day_of_week_operator.py
[2023-02-03T11:49:50.380+0000] {logging_mixin.py:137} INFO - [2023-02-03T11:49:50.380+0000] {dag.py:2676} INFO - Sync 1 DAGs
[2023-02-03T11:49:50.471+0000] {logging_mixin.py:137} INFO - [2023-02-03T11:49:50.471+0000] {dag.py:3427} INFO - Setting next_dagrun for example_weekday_branch_operator to 2023-02-02T00:00:00+00:00, run_after=2023-02-03T00:00:00+00:00
[2023-02-03T11:49:50.523+0000] {processor.py:175} INFO - Processing /home/airflow/.local/lib/python3.7/site-packages/airflow/example_dags/example_branch_day_of_week_operator.py took 0.345 seconds
[2023-02-03T11:50:21.177+0000] {processor.py:153} INFO - Started process (PID=925) to work on /home/airflow/.local/lib/python3.7/site-packages/airflow/example_dags/example_branch_day_of_week_operator.py
[2023-02-03T11:50:21.179+0000] {processor.py:743} INFO - Processing file /home/airflow/.local/lib/python3.7/site-packages/airflow/example_dags/example_branch_day_of_week_operator.py for tasks to queue
[2023-02-03T11:50:21.180+0000] {logging_mixin.py:137} INFO - [2023-02-03T11:50:21.180+0000] {dagbag.py:538} INFO - Filling up the DagBag from /home/airflow/.local/lib/python3.7/site-packages/airflow/example_dags/example_branch_day_of_week_operator.py
[2023-02-03T11:50:21.220+0000] {processor.py:753} INFO - DAG(s) dict_keys(['example_weekday_branch_operator']) retrieved from /home/airflow/.local/lib/python3.7/site-packages/airflow/example_dags/example_branch_day_of_week_operator.py
[2023-02-03T11:50:21.322+0000] {logging_mixin.py:137} INFO - [2023-02-03T11:50:21.322+0000] {dag.py:2676} INFO - Sync 1 DAGs
[2023-02-03T11:50:21.398+0000] {logging_mixin.py:137} INFO - [2023-02-03T11:50:21.398+0000] {dag.py:3427} INFO - Setting next_dagrun for example_weekday_branch_operator to 2023-02-02T00:00:00+00:00, run_after=2023-02-03T00:00:00+00:00
[2023-02-03T11:50:21.444+0000] {processor.py:175} INFO - Processing /home/airflow/.local/lib/python3.7/site-packages/airflow/example_dags/example_branch_day_of_week_operator.py took 0.273 seconds
[2023-02-03T11:50:51.988+0000] {processor.py:153} INFO - Started process (PID=987) to work on /home/airflow/.local/lib/python3.7/site-packages/airflow/example_dags/example_branch_day_of_week_operator.py
[2023-02-03T11:50:51.991+0000] {processor.py:743} INFO - Processing file /home/airflow/.local/lib/python3.7/site-packages/airflow/example_dags/example_branch_day_of_week_operator.py for tasks to queue
[2023-02-03T11:50:51.993+0000] {logging_mixin.py:137} INFO - [2023-02-03T11:50:51.993+0000] {dagbag.py:538} INFO - Filling up the DagBag from /home/airflow/.local/lib/python3.7/site-packages/airflow/example_dags/example_branch_day_of_week_operator.py
[2023-02-03T11:50:52.031+0000] {processor.py:753} INFO - DAG(s) dict_keys(['example_weekday_branch_operator']) retrieved from /home/airflow/.local/lib/python3.7/site-packages/airflow/example_dags/example_branch_day_of_week_operator.py
[2023-02-03T11:50:52.128+0000] {logging_mixin.py:137} INFO - [2023-02-03T11:50:52.128+0000] {dag.py:2676} INFO - Sync 1 DAGs
[2023-02-03T11:50:52.201+0000] {logging_mixin.py:137} INFO - [2023-02-03T11:50:52.201+0000] {dag.py:3427} INFO - Setting next_dagrun for example_weekday_branch_operator to 2023-02-02T00:00:00+00:00, run_after=2023-02-03T00:00:00+00:00
[2023-02-03T11:50:52.265+0000] {processor.py:175} INFO - Processing /home/airflow/.local/lib/python3.7/site-packages/airflow/example_dags/example_branch_day_of_week_operator.py took 0.282 seconds
[2023-02-03T11:55:34.837+0000] {processor.py:153} INFO - Started process (PID=77) to work on /home/airflow/.local/lib/python3.7/site-packages/airflow/example_dags/example_branch_day_of_week_operator.py
[2023-02-03T11:55:34.846+0000] {processor.py:743} INFO - Processing file /home/airflow/.local/lib/python3.7/site-packages/airflow/example_dags/example_branch_day_of_week_operator.py for tasks to queue
[2023-02-03T11:55:34.849+0000] {logging_mixin.py:137} INFO - [2023-02-03T11:55:34.848+0000] {dagbag.py:538} INFO - Filling up the DagBag from /home/airflow/.local/lib/python3.7/site-packages/airflow/example_dags/example_branch_day_of_week_operator.py
[2023-02-03T11:55:34.997+0000] {processor.py:753} INFO - DAG(s) dict_keys(['example_weekday_branch_operator']) retrieved from /home/airflow/.local/lib/python3.7/site-packages/airflow/example_dags/example_branch_day_of_week_operator.py
[2023-02-03T11:55:35.306+0000] {logging_mixin.py:137} INFO - [2023-02-03T11:55:35.306+0000] {dag.py:2676} INFO - Sync 1 DAGs
[2023-02-03T11:55:35.432+0000] {logging_mixin.py:137} INFO - [2023-02-03T11:55:35.432+0000] {dag.py:3427} INFO - Setting next_dagrun for example_weekday_branch_operator to 2023-02-02T00:00:00+00:00, run_after=2023-02-03T00:00:00+00:00
[2023-02-03T11:55:35.526+0000] {processor.py:175} INFO - Processing /home/airflow/.local/lib/python3.7/site-packages/airflow/example_dags/example_branch_day_of_week_operator.py took 0.702 seconds
[2023-02-03T11:56:07.766+0000] {processor.py:153} INFO - Started process (PID=138) to work on /home/airflow/.local/lib/python3.7/site-packages/airflow/example_dags/example_branch_day_of_week_operator.py
[2023-02-03T11:56:07.778+0000] {processor.py:743} INFO - Processing file /home/airflow/.local/lib/python3.7/site-packages/airflow/example_dags/example_branch_day_of_week_operator.py for tasks to queue
[2023-02-03T11:56:07.784+0000] {logging_mixin.py:137} INFO - [2023-02-03T11:56:07.783+0000] {dagbag.py:538} INFO - Filling up the DagBag from /home/airflow/.local/lib/python3.7/site-packages/airflow/example_dags/example_branch_day_of_week_operator.py
[2023-02-03T11:56:07.952+0000] {processor.py:753} INFO - DAG(s) dict_keys(['example_weekday_branch_operator']) retrieved from /home/airflow/.local/lib/python3.7/site-packages/airflow/example_dags/example_branch_day_of_week_operator.py
[2023-02-03T11:56:08.885+0000] {logging_mixin.py:137} INFO - [2023-02-03T11:56:08.884+0000] {dag.py:2676} INFO - Sync 1 DAGs
[2023-02-03T11:56:09.909+0000] {logging_mixin.py:137} INFO - [2023-02-03T11:56:09.908+0000] {dag.py:3427} INFO - Setting next_dagrun for example_weekday_branch_operator to 2023-02-02T00:00:00+00:00, run_after=2023-02-03T00:00:00+00:00
[2023-02-03T11:56:10.098+0000] {processor.py:175} INFO - Processing /home/airflow/.local/lib/python3.7/site-packages/airflow/example_dags/example_branch_day_of_week_operator.py took 2.397 seconds
[2023-02-03T11:56:40.625+0000] {processor.py:153} INFO - Started process (PID=203) to work on /home/airflow/.local/lib/python3.7/site-packages/airflow/example_dags/example_branch_day_of_week_operator.py
[2023-02-03T11:56:40.627+0000] {processor.py:743} INFO - Processing file /home/airflow/.local/lib/python3.7/site-packages/airflow/example_dags/example_branch_day_of_week_operator.py for tasks to queue
[2023-02-03T11:56:40.629+0000] {logging_mixin.py:137} INFO - [2023-02-03T11:56:40.629+0000] {dagbag.py:538} INFO - Filling up the DagBag from /home/airflow/.local/lib/python3.7/site-packages/airflow/example_dags/example_branch_day_of_week_operator.py
[2023-02-03T11:56:40.650+0000] {processor.py:753} INFO - DAG(s) dict_keys(['example_weekday_branch_operator']) retrieved from /home/airflow/.local/lib/python3.7/site-packages/airflow/example_dags/example_branch_day_of_week_operator.py
[2023-02-03T11:56:40.710+0000] {logging_mixin.py:137} INFO - [2023-02-03T11:56:40.710+0000] {dag.py:2676} INFO - Sync 1 DAGs
[2023-02-03T11:56:40.757+0000] {logging_mixin.py:137} INFO - [2023-02-03T11:56:40.757+0000] {dag.py:3427} INFO - Setting next_dagrun for example_weekday_branch_operator to 2023-02-02T00:00:00+00:00, run_after=2023-02-03T00:00:00+00:00
[2023-02-03T11:56:40.793+0000] {processor.py:175} INFO - Processing /home/airflow/.local/lib/python3.7/site-packages/airflow/example_dags/example_branch_day_of_week_operator.py took 0.173 seconds
[2023-02-03T11:57:11.586+0000] {processor.py:153} INFO - Started process (PID=266) to work on /home/airflow/.local/lib/python3.7/site-packages/airflow/example_dags/example_branch_day_of_week_operator.py
[2023-02-03T11:57:11.588+0000] {processor.py:743} INFO - Processing file /home/airflow/.local/lib/python3.7/site-packages/airflow/example_dags/example_branch_day_of_week_operator.py for tasks to queue
[2023-02-03T11:57:11.590+0000] {logging_mixin.py:137} INFO - [2023-02-03T11:57:11.590+0000] {dagbag.py:538} INFO - Filling up the DagBag from /home/airflow/.local/lib/python3.7/site-packages/airflow/example_dags/example_branch_day_of_week_operator.py
[2023-02-03T11:57:11.616+0000] {processor.py:753} INFO - DAG(s) dict_keys(['example_weekday_branch_operator']) retrieved from /home/airflow/.local/lib/python3.7/site-packages/airflow/example_dags/example_branch_day_of_week_operator.py
[2023-02-03T11:57:11.692+0000] {logging_mixin.py:137} INFO - [2023-02-03T11:57:11.692+0000] {dag.py:2676} INFO - Sync 1 DAGs
[2023-02-03T11:57:11.744+0000] {logging_mixin.py:137} INFO - [2023-02-03T11:57:11.744+0000] {dag.py:3427} INFO - Setting next_dagrun for example_weekday_branch_operator to 2023-02-02T00:00:00+00:00, run_after=2023-02-03T00:00:00+00:00
[2023-02-03T11:57:11.786+0000] {processor.py:175} INFO - Processing /home/airflow/.local/lib/python3.7/site-packages/airflow/example_dags/example_branch_day_of_week_operator.py took 0.204 seconds
[2023-02-03T11:57:42.302+0000] {processor.py:153} INFO - Started process (PID=337) to work on /home/airflow/.local/lib/python3.7/site-packages/airflow/example_dags/example_branch_day_of_week_operator.py
[2023-02-03T11:57:42.305+0000] {processor.py:743} INFO - Processing file /home/airflow/.local/lib/python3.7/site-packages/airflow/example_dags/example_branch_day_of_week_operator.py for tasks to queue
[2023-02-03T11:57:42.307+0000] {logging_mixin.py:137} INFO - [2023-02-03T11:57:42.307+0000] {dagbag.py:538} INFO - Filling up the DagBag from /home/airflow/.local/lib/python3.7/site-packages/airflow/example_dags/example_branch_day_of_week_operator.py
[2023-02-03T11:57:42.339+0000] {processor.py:753} INFO - DAG(s) dict_keys(['example_weekday_branch_operator']) retrieved from /home/airflow/.local/lib/python3.7/site-packages/airflow/example_dags/example_branch_day_of_week_operator.py
[2023-02-03T11:57:42.444+0000] {logging_mixin.py:137} INFO - [2023-02-03T11:57:42.444+0000] {dag.py:2676} INFO - Sync 1 DAGs
[2023-02-03T11:57:42.539+0000] {logging_mixin.py:137} INFO - [2023-02-03T11:57:42.539+0000] {dag.py:3427} INFO - Setting next_dagrun for example_weekday_branch_operator to 2023-02-02T00:00:00+00:00, run_after=2023-02-03T00:00:00+00:00
[2023-02-03T11:57:42.602+0000] {processor.py:175} INFO - Processing /home/airflow/.local/lib/python3.7/site-packages/airflow/example_dags/example_branch_day_of_week_operator.py took 0.306 seconds
