[2023-02-03T11:39:48.156+0000] {processor.py:153} INFO - Started process (PID=52) to work on /home/airflow/.local/lib/python3.7/site-packages/airflow/example_dags/tutorial.py
[2023-02-03T11:39:48.159+0000] {processor.py:743} INFO - Processing file /home/airflow/.local/lib/python3.7/site-packages/airflow/example_dags/tutorial.py for tasks to queue
[2023-02-03T11:39:48.162+0000] {logging_mixin.py:137} INFO - [2023-02-03T11:39:48.161+0000] {dagbag.py:538} INFO - Filling up the DagBag from /home/airflow/.local/lib/python3.7/site-packages/airflow/example_dags/tutorial.py
[2023-02-03T11:39:48.211+0000] {processor.py:753} INFO - DAG(s) dict_keys(['tutorial']) retrieved from /home/airflow/.local/lib/python3.7/site-packages/airflow/example_dags/tutorial.py
[2023-02-03T11:39:48.539+0000] {logging_mixin.py:137} INFO - [2023-02-03T11:39:48.539+0000] {dag.py:2676} INFO - Sync 1 DAGs
[2023-02-03T11:39:48.662+0000] {logging_mixin.py:137} INFO - [2023-02-03T11:39:48.661+0000] {dag.py:3427} INFO - Setting next_dagrun for tutorial to 2023-02-02T11:39:48.661237+00:00, run_after=2023-02-03T11:39:48.661237+00:00
[2023-02-03T11:39:48.769+0000] {processor.py:175} INFO - Processing /home/airflow/.local/lib/python3.7/site-packages/airflow/example_dags/tutorial.py took 0.619 seconds
[2023-02-03T11:40:19.251+0000] {processor.py:153} INFO - Started process (PID=114) to work on /home/airflow/.local/lib/python3.7/site-packages/airflow/example_dags/tutorial.py
[2023-02-03T11:40:19.266+0000] {processor.py:743} INFO - Processing file /home/airflow/.local/lib/python3.7/site-packages/airflow/example_dags/tutorial.py for tasks to queue
[2023-02-03T11:40:19.268+0000] {logging_mixin.py:137} INFO - [2023-02-03T11:40:19.268+0000] {dagbag.py:538} INFO - Filling up the DagBag from /home/airflow/.local/lib/python3.7/site-packages/airflow/example_dags/tutorial.py
[2023-02-03T11:40:19.291+0000] {processor.py:753} INFO - DAG(s) dict_keys(['tutorial']) retrieved from /home/airflow/.local/lib/python3.7/site-packages/airflow/example_dags/tutorial.py
[2023-02-03T11:40:19.370+0000] {logging_mixin.py:137} INFO - [2023-02-03T11:40:19.369+0000] {dag.py:2676} INFO - Sync 1 DAGs
[2023-02-03T11:40:19.429+0000] {logging_mixin.py:137} INFO - [2023-02-03T11:40:19.429+0000] {dag.py:3427} INFO - Setting next_dagrun for tutorial to 2023-02-02T11:40:19.428684+00:00, run_after=2023-02-03T11:40:19.428684+00:00
[2023-02-03T11:40:19.478+0000] {processor.py:175} INFO - Processing /home/airflow/.local/lib/python3.7/site-packages/airflow/example_dags/tutorial.py took 0.233 seconds
[2023-02-03T11:40:49.720+0000] {processor.py:153} INFO - Started process (PID=176) to work on /home/airflow/.local/lib/python3.7/site-packages/airflow/example_dags/tutorial.py
[2023-02-03T11:40:49.722+0000] {processor.py:743} INFO - Processing file /home/airflow/.local/lib/python3.7/site-packages/airflow/example_dags/tutorial.py for tasks to queue
[2023-02-03T11:40:49.724+0000] {logging_mixin.py:137} INFO - [2023-02-03T11:40:49.724+0000] {dagbag.py:538} INFO - Filling up the DagBag from /home/airflow/.local/lib/python3.7/site-packages/airflow/example_dags/tutorial.py
[2023-02-03T11:40:49.748+0000] {processor.py:753} INFO - DAG(s) dict_keys(['tutorial']) retrieved from /home/airflow/.local/lib/python3.7/site-packages/airflow/example_dags/tutorial.py
[2023-02-03T11:40:49.820+0000] {logging_mixin.py:137} INFO - [2023-02-03T11:40:49.820+0000] {dag.py:2676} INFO - Sync 1 DAGs
[2023-02-03T11:40:49.878+0000] {logging_mixin.py:137} INFO - [2023-02-03T11:40:49.878+0000] {dag.py:3427} INFO - Setting next_dagrun for tutorial to 2023-02-02T11:40:49.877681+00:00, run_after=2023-02-03T11:40:49.877681+00:00
[2023-02-03T11:40:49.913+0000] {processor.py:175} INFO - Processing /home/airflow/.local/lib/python3.7/site-packages/airflow/example_dags/tutorial.py took 0.199 seconds
[2023-02-03T11:41:20.364+0000] {processor.py:153} INFO - Started process (PID=238) to work on /home/airflow/.local/lib/python3.7/site-packages/airflow/example_dags/tutorial.py
[2023-02-03T11:41:20.365+0000] {processor.py:743} INFO - Processing file /home/airflow/.local/lib/python3.7/site-packages/airflow/example_dags/tutorial.py for tasks to queue
[2023-02-03T11:41:20.367+0000] {logging_mixin.py:137} INFO - [2023-02-03T11:41:20.367+0000] {dagbag.py:538} INFO - Filling up the DagBag from /home/airflow/.local/lib/python3.7/site-packages/airflow/example_dags/tutorial.py
[2023-02-03T11:41:20.386+0000] {processor.py:753} INFO - DAG(s) dict_keys(['tutorial']) retrieved from /home/airflow/.local/lib/python3.7/site-packages/airflow/example_dags/tutorial.py
[2023-02-03T11:41:20.444+0000] {logging_mixin.py:137} INFO - [2023-02-03T11:41:20.444+0000] {dag.py:2676} INFO - Sync 1 DAGs
[2023-02-03T11:41:20.491+0000] {logging_mixin.py:137} INFO - [2023-02-03T11:41:20.491+0000] {dag.py:3427} INFO - Setting next_dagrun for tutorial to 2023-02-02T11:41:20.491406+00:00, run_after=2023-02-03T11:41:20.491406+00:00
[2023-02-03T11:41:20.523+0000] {processor.py:175} INFO - Processing /home/airflow/.local/lib/python3.7/site-packages/airflow/example_dags/tutorial.py took 0.163 seconds
[2023-02-03T11:41:50.620+0000] {processor.py:153} INFO - Started process (PID=312) to work on /home/airflow/.local/lib/python3.7/site-packages/airflow/example_dags/tutorial.py
[2023-02-03T11:41:50.621+0000] {processor.py:743} INFO - Processing file /home/airflow/.local/lib/python3.7/site-packages/airflow/example_dags/tutorial.py for tasks to queue
[2023-02-03T11:41:50.623+0000] {logging_mixin.py:137} INFO - [2023-02-03T11:41:50.622+0000] {dagbag.py:538} INFO - Filling up the DagBag from /home/airflow/.local/lib/python3.7/site-packages/airflow/example_dags/tutorial.py
[2023-02-03T11:41:50.641+0000] {processor.py:753} INFO - DAG(s) dict_keys(['tutorial']) retrieved from /home/airflow/.local/lib/python3.7/site-packages/airflow/example_dags/tutorial.py
[2023-02-03T11:41:50.706+0000] {logging_mixin.py:137} INFO - [2023-02-03T11:41:50.705+0000] {dag.py:2676} INFO - Sync 1 DAGs
[2023-02-03T11:41:50.756+0000] {logging_mixin.py:137} INFO - [2023-02-03T11:41:50.756+0000] {dag.py:3427} INFO - Setting next_dagrun for tutorial to 2023-02-02T11:41:50.756224+00:00, run_after=2023-02-03T11:41:50.756224+00:00
[2023-02-03T11:41:50.794+0000] {processor.py:175} INFO - Processing /home/airflow/.local/lib/python3.7/site-packages/airflow/example_dags/tutorial.py took 0.178 seconds
[2023-02-03T11:42:21.152+0000] {processor.py:153} INFO - Started process (PID=375) to work on /home/airflow/.local/lib/python3.7/site-packages/airflow/example_dags/tutorial.py
[2023-02-03T11:42:21.156+0000] {processor.py:743} INFO - Processing file /home/airflow/.local/lib/python3.7/site-packages/airflow/example_dags/tutorial.py for tasks to queue
[2023-02-03T11:42:21.158+0000] {logging_mixin.py:137} INFO - [2023-02-03T11:42:21.158+0000] {dagbag.py:538} INFO - Filling up the DagBag from /home/airflow/.local/lib/python3.7/site-packages/airflow/example_dags/tutorial.py
[2023-02-03T11:42:21.196+0000] {processor.py:753} INFO - DAG(s) dict_keys(['tutorial']) retrieved from /home/airflow/.local/lib/python3.7/site-packages/airflow/example_dags/tutorial.py
[2023-02-03T11:42:21.294+0000] {logging_mixin.py:137} INFO - [2023-02-03T11:42:21.294+0000] {dag.py:2676} INFO - Sync 1 DAGs
[2023-02-03T11:42:21.370+0000] {logging_mixin.py:137} INFO - [2023-02-03T11:42:21.370+0000] {dag.py:3427} INFO - Setting next_dagrun for tutorial to 2023-02-02T11:42:21.370095+00:00, run_after=2023-02-03T11:42:21.370095+00:00
[2023-02-03T11:42:21.443+0000] {processor.py:175} INFO - Processing /home/airflow/.local/lib/python3.7/site-packages/airflow/example_dags/tutorial.py took 0.308 seconds
[2023-02-03T11:43:35.242+0000] {processor.py:153} INFO - Started process (PID=52) to work on /home/airflow/.local/lib/python3.7/site-packages/airflow/example_dags/tutorial.py
[2023-02-03T11:43:35.246+0000] {processor.py:743} INFO - Processing file /home/airflow/.local/lib/python3.7/site-packages/airflow/example_dags/tutorial.py for tasks to queue
[2023-02-03T11:43:35.250+0000] {logging_mixin.py:137} INFO - [2023-02-03T11:43:35.249+0000] {dagbag.py:538} INFO - Filling up the DagBag from /home/airflow/.local/lib/python3.7/site-packages/airflow/example_dags/tutorial.py
[2023-02-03T11:43:35.289+0000] {processor.py:753} INFO - DAG(s) dict_keys(['tutorial']) retrieved from /home/airflow/.local/lib/python3.7/site-packages/airflow/example_dags/tutorial.py
[2023-02-03T11:43:35.402+0000] {logging_mixin.py:137} INFO - [2023-02-03T11:43:35.402+0000] {dag.py:2676} INFO - Sync 1 DAGs
[2023-02-03T11:43:35.495+0000] {logging_mixin.py:137} INFO - [2023-02-03T11:43:35.495+0000] {dag.py:3427} INFO - Setting next_dagrun for tutorial to 2023-02-02T11:43:35.494841+00:00, run_after=2023-02-03T11:43:35.494841+00:00
[2023-02-03T11:43:35.552+0000] {processor.py:175} INFO - Processing /home/airflow/.local/lib/python3.7/site-packages/airflow/example_dags/tutorial.py took 0.318 seconds
[2023-02-03T11:44:05.621+0000] {processor.py:153} INFO - Started process (PID=115) to work on /home/airflow/.local/lib/python3.7/site-packages/airflow/example_dags/tutorial.py
[2023-02-03T11:44:05.625+0000] {processor.py:743} INFO - Processing file /home/airflow/.local/lib/python3.7/site-packages/airflow/example_dags/tutorial.py for tasks to queue
[2023-02-03T11:44:05.628+0000] {logging_mixin.py:137} INFO - [2023-02-03T11:44:05.627+0000] {dagbag.py:538} INFO - Filling up the DagBag from /home/airflow/.local/lib/python3.7/site-packages/airflow/example_dags/tutorial.py
[2023-02-03T11:44:05.658+0000] {processor.py:753} INFO - DAG(s) dict_keys(['tutorial']) retrieved from /home/airflow/.local/lib/python3.7/site-packages/airflow/example_dags/tutorial.py
[2023-02-03T11:44:05.744+0000] {logging_mixin.py:137} INFO - [2023-02-03T11:44:05.744+0000] {dag.py:2676} INFO - Sync 1 DAGs
[2023-02-03T11:44:05.819+0000] {logging_mixin.py:137} INFO - [2023-02-03T11:44:05.818+0000] {dag.py:3427} INFO - Setting next_dagrun for tutorial to 2023-02-02T11:44:05.817951+00:00, run_after=2023-02-03T11:44:05.817951+00:00
[2023-02-03T11:44:05.865+0000] {processor.py:175} INFO - Processing /home/airflow/.local/lib/python3.7/site-packages/airflow/example_dags/tutorial.py took 0.250 seconds
[2023-02-03T11:44:36.084+0000] {processor.py:153} INFO - Started process (PID=177) to work on /home/airflow/.local/lib/python3.7/site-packages/airflow/example_dags/tutorial.py
[2023-02-03T11:44:36.087+0000] {processor.py:743} INFO - Processing file /home/airflow/.local/lib/python3.7/site-packages/airflow/example_dags/tutorial.py for tasks to queue
[2023-02-03T11:44:36.089+0000] {logging_mixin.py:137} INFO - [2023-02-03T11:44:36.088+0000] {dagbag.py:538} INFO - Filling up the DagBag from /home/airflow/.local/lib/python3.7/site-packages/airflow/example_dags/tutorial.py
[2023-02-03T11:44:36.122+0000] {processor.py:753} INFO - DAG(s) dict_keys(['tutorial']) retrieved from /home/airflow/.local/lib/python3.7/site-packages/airflow/example_dags/tutorial.py
[2023-02-03T11:44:36.202+0000] {logging_mixin.py:137} INFO - [2023-02-03T11:44:36.201+0000] {dag.py:2676} INFO - Sync 1 DAGs
[2023-02-03T11:44:36.280+0000] {logging_mixin.py:137} INFO - [2023-02-03T11:44:36.280+0000] {dag.py:3427} INFO - Setting next_dagrun for tutorial to 2023-02-02T11:44:36.279676+00:00, run_after=2023-02-03T11:44:36.279676+00:00
[2023-02-03T11:44:36.342+0000] {processor.py:175} INFO - Processing /home/airflow/.local/lib/python3.7/site-packages/airflow/example_dags/tutorial.py took 0.264 seconds
[2023-02-03T11:45:07.175+0000] {processor.py:153} INFO - Started process (PID=241) to work on /home/airflow/.local/lib/python3.7/site-packages/airflow/example_dags/tutorial.py
[2023-02-03T11:45:07.177+0000] {processor.py:743} INFO - Processing file /home/airflow/.local/lib/python3.7/site-packages/airflow/example_dags/tutorial.py for tasks to queue
[2023-02-03T11:45:07.179+0000] {logging_mixin.py:137} INFO - [2023-02-03T11:45:07.178+0000] {dagbag.py:538} INFO - Filling up the DagBag from /home/airflow/.local/lib/python3.7/site-packages/airflow/example_dags/tutorial.py
[2023-02-03T11:45:07.200+0000] {processor.py:753} INFO - DAG(s) dict_keys(['tutorial']) retrieved from /home/airflow/.local/lib/python3.7/site-packages/airflow/example_dags/tutorial.py
[2023-02-03T11:45:07.307+0000] {logging_mixin.py:137} INFO - [2023-02-03T11:45:07.307+0000] {dag.py:2676} INFO - Sync 1 DAGs
[2023-02-03T11:45:07.398+0000] {logging_mixin.py:137} INFO - [2023-02-03T11:45:07.397+0000] {dag.py:3427} INFO - Setting next_dagrun for tutorial to 2023-02-02T11:45:07.397351+00:00, run_after=2023-02-03T11:45:07.397351+00:00
[2023-02-03T11:45:07.623+0000] {processor.py:175} INFO - Processing /home/airflow/.local/lib/python3.7/site-packages/airflow/example_dags/tutorial.py took 0.452 seconds
[2023-02-03T11:45:38.553+0000] {processor.py:153} INFO - Started process (PID=310) to work on /home/airflow/.local/lib/python3.7/site-packages/airflow/example_dags/tutorial.py
[2023-02-03T11:45:38.555+0000] {processor.py:743} INFO - Processing file /home/airflow/.local/lib/python3.7/site-packages/airflow/example_dags/tutorial.py for tasks to queue
[2023-02-03T11:45:38.557+0000] {logging_mixin.py:137} INFO - [2023-02-03T11:45:38.557+0000] {dagbag.py:538} INFO - Filling up the DagBag from /home/airflow/.local/lib/python3.7/site-packages/airflow/example_dags/tutorial.py
[2023-02-03T11:45:38.593+0000] {processor.py:753} INFO - DAG(s) dict_keys(['tutorial']) retrieved from /home/airflow/.local/lib/python3.7/site-packages/airflow/example_dags/tutorial.py
[2023-02-03T11:45:38.704+0000] {logging_mixin.py:137} INFO - [2023-02-03T11:45:38.704+0000] {dag.py:2676} INFO - Sync 1 DAGs
[2023-02-03T11:45:38.785+0000] {logging_mixin.py:137} INFO - [2023-02-03T11:45:38.784+0000] {dag.py:3427} INFO - Setting next_dagrun for tutorial to 2023-02-02T11:45:38.783358+00:00, run_after=2023-02-03T11:45:38.783358+00:00
[2023-02-03T11:45:38.834+0000] {processor.py:175} INFO - Processing /home/airflow/.local/lib/python3.7/site-packages/airflow/example_dags/tutorial.py took 0.287 seconds
[2023-02-03T11:46:09.312+0000] {processor.py:153} INFO - Started process (PID=378) to work on /home/airflow/.local/lib/python3.7/site-packages/airflow/example_dags/tutorial.py
[2023-02-03T11:46:09.314+0000] {processor.py:743} INFO - Processing file /home/airflow/.local/lib/python3.7/site-packages/airflow/example_dags/tutorial.py for tasks to queue
[2023-02-03T11:46:09.316+0000] {logging_mixin.py:137} INFO - [2023-02-03T11:46:09.316+0000] {dagbag.py:538} INFO - Filling up the DagBag from /home/airflow/.local/lib/python3.7/site-packages/airflow/example_dags/tutorial.py
[2023-02-03T11:46:09.346+0000] {processor.py:753} INFO - DAG(s) dict_keys(['tutorial']) retrieved from /home/airflow/.local/lib/python3.7/site-packages/airflow/example_dags/tutorial.py
[2023-02-03T11:46:09.449+0000] {logging_mixin.py:137} INFO - [2023-02-03T11:46:09.449+0000] {dag.py:2676} INFO - Sync 1 DAGs
[2023-02-03T11:46:09.538+0000] {logging_mixin.py:137} INFO - [2023-02-03T11:46:09.538+0000] {dag.py:3427} INFO - Setting next_dagrun for tutorial to 2023-02-02T11:46:09.537612+00:00, run_after=2023-02-03T11:46:09.537612+00:00
[2023-02-03T11:46:09.611+0000] {processor.py:175} INFO - Processing /home/airflow/.local/lib/python3.7/site-packages/airflow/example_dags/tutorial.py took 0.306 seconds
[2023-02-03T11:46:39.977+0000] {processor.py:153} INFO - Started process (PID=441) to work on /home/airflow/.local/lib/python3.7/site-packages/airflow/example_dags/tutorial.py
[2023-02-03T11:46:39.979+0000] {processor.py:743} INFO - Processing file /home/airflow/.local/lib/python3.7/site-packages/airflow/example_dags/tutorial.py for tasks to queue
[2023-02-03T11:46:39.980+0000] {logging_mixin.py:137} INFO - [2023-02-03T11:46:39.980+0000] {dagbag.py:538} INFO - Filling up the DagBag from /home/airflow/.local/lib/python3.7/site-packages/airflow/example_dags/tutorial.py
[2023-02-03T11:46:39.998+0000] {processor.py:753} INFO - DAG(s) dict_keys(['tutorial']) retrieved from /home/airflow/.local/lib/python3.7/site-packages/airflow/example_dags/tutorial.py
[2023-02-03T11:46:40.061+0000] {logging_mixin.py:137} INFO - [2023-02-03T11:46:40.060+0000] {dag.py:2676} INFO - Sync 1 DAGs
[2023-02-03T11:46:40.109+0000] {logging_mixin.py:137} INFO - [2023-02-03T11:46:40.109+0000] {dag.py:3427} INFO - Setting next_dagrun for tutorial to 2023-02-02T11:46:40.108849+00:00, run_after=2023-02-03T11:46:40.108849+00:00
[2023-02-03T11:46:40.146+0000] {processor.py:175} INFO - Processing /home/airflow/.local/lib/python3.7/site-packages/airflow/example_dags/tutorial.py took 0.172 seconds
[2023-02-03T11:47:10.576+0000] {processor.py:153} INFO - Started process (PID=515) to work on /home/airflow/.local/lib/python3.7/site-packages/airflow/example_dags/tutorial.py
[2023-02-03T11:47:10.577+0000] {processor.py:743} INFO - Processing file /home/airflow/.local/lib/python3.7/site-packages/airflow/example_dags/tutorial.py for tasks to queue
[2023-02-03T11:47:10.579+0000] {logging_mixin.py:137} INFO - [2023-02-03T11:47:10.579+0000] {dagbag.py:538} INFO - Filling up the DagBag from /home/airflow/.local/lib/python3.7/site-packages/airflow/example_dags/tutorial.py
[2023-02-03T11:47:10.602+0000] {processor.py:753} INFO - DAG(s) dict_keys(['tutorial']) retrieved from /home/airflow/.local/lib/python3.7/site-packages/airflow/example_dags/tutorial.py
[2023-02-03T11:47:10.674+0000] {logging_mixin.py:137} INFO - [2023-02-03T11:47:10.674+0000] {dag.py:2676} INFO - Sync 1 DAGs
[2023-02-03T11:47:10.735+0000] {logging_mixin.py:137} INFO - [2023-02-03T11:47:10.735+0000] {dag.py:3427} INFO - Setting next_dagrun for tutorial to 2023-02-02T11:47:10.735326+00:00, run_after=2023-02-03T11:47:10.735326+00:00
[2023-02-03T11:47:10.800+0000] {processor.py:175} INFO - Processing /home/airflow/.local/lib/python3.7/site-packages/airflow/example_dags/tutorial.py took 0.231 seconds
[2023-02-03T11:47:41.087+0000] {processor.py:153} INFO - Started process (PID=576) to work on /home/airflow/.local/lib/python3.7/site-packages/airflow/example_dags/tutorial.py
[2023-02-03T11:47:41.089+0000] {processor.py:743} INFO - Processing file /home/airflow/.local/lib/python3.7/site-packages/airflow/example_dags/tutorial.py for tasks to queue
[2023-02-03T11:47:41.091+0000] {logging_mixin.py:137} INFO - [2023-02-03T11:47:41.091+0000] {dagbag.py:538} INFO - Filling up the DagBag from /home/airflow/.local/lib/python3.7/site-packages/airflow/example_dags/tutorial.py
[2023-02-03T11:47:41.117+0000] {processor.py:753} INFO - DAG(s) dict_keys(['tutorial']) retrieved from /home/airflow/.local/lib/python3.7/site-packages/airflow/example_dags/tutorial.py
[2023-02-03T11:47:41.188+0000] {logging_mixin.py:137} INFO - [2023-02-03T11:47:41.188+0000] {dag.py:2676} INFO - Sync 1 DAGs
[2023-02-03T11:47:41.235+0000] {logging_mixin.py:137} INFO - [2023-02-03T11:47:41.235+0000] {dag.py:3427} INFO - Setting next_dagrun for tutorial to 2023-02-02T11:47:41.235463+00:00, run_after=2023-02-03T11:47:41.235463+00:00
[2023-02-03T11:47:41.270+0000] {processor.py:175} INFO - Processing /home/airflow/.local/lib/python3.7/site-packages/airflow/example_dags/tutorial.py took 0.188 seconds
[2023-02-03T11:48:12.174+0000] {processor.py:153} INFO - Started process (PID=638) to work on /home/airflow/.local/lib/python3.7/site-packages/airflow/example_dags/tutorial.py
[2023-02-03T11:48:12.175+0000] {processor.py:743} INFO - Processing file /home/airflow/.local/lib/python3.7/site-packages/airflow/example_dags/tutorial.py for tasks to queue
[2023-02-03T11:48:12.177+0000] {logging_mixin.py:137} INFO - [2023-02-03T11:48:12.177+0000] {dagbag.py:538} INFO - Filling up the DagBag from /home/airflow/.local/lib/python3.7/site-packages/airflow/example_dags/tutorial.py
[2023-02-03T11:48:12.197+0000] {processor.py:753} INFO - DAG(s) dict_keys(['tutorial']) retrieved from /home/airflow/.local/lib/python3.7/site-packages/airflow/example_dags/tutorial.py
[2023-02-03T11:48:12.280+0000] {logging_mixin.py:137} INFO - [2023-02-03T11:48:12.279+0000] {dag.py:2676} INFO - Sync 1 DAGs
[2023-02-03T11:48:12.343+0000] {logging_mixin.py:137} INFO - [2023-02-03T11:48:12.343+0000] {dag.py:3427} INFO - Setting next_dagrun for tutorial to 2023-02-02T11:48:12.342362+00:00, run_after=2023-02-03T11:48:12.342362+00:00
[2023-02-03T11:48:12.423+0000] {processor.py:175} INFO - Processing /home/airflow/.local/lib/python3.7/site-packages/airflow/example_dags/tutorial.py took 0.254 seconds
[2023-02-03T11:48:42.502+0000] {processor.py:153} INFO - Started process (PID=712) to work on /home/airflow/.local/lib/python3.7/site-packages/airflow/example_dags/tutorial.py
[2023-02-03T11:48:42.511+0000] {processor.py:743} INFO - Processing file /home/airflow/.local/lib/python3.7/site-packages/airflow/example_dags/tutorial.py for tasks to queue
[2023-02-03T11:48:42.516+0000] {logging_mixin.py:137} INFO - [2023-02-03T11:48:42.515+0000] {dagbag.py:538} INFO - Filling up the DagBag from /home/airflow/.local/lib/python3.7/site-packages/airflow/example_dags/tutorial.py
[2023-02-03T11:48:42.547+0000] {processor.py:753} INFO - DAG(s) dict_keys(['tutorial']) retrieved from /home/airflow/.local/lib/python3.7/site-packages/airflow/example_dags/tutorial.py
[2023-02-03T11:48:42.650+0000] {logging_mixin.py:137} INFO - [2023-02-03T11:48:42.650+0000] {dag.py:2676} INFO - Sync 1 DAGs
[2023-02-03T11:48:42.737+0000] {logging_mixin.py:137} INFO - [2023-02-03T11:48:42.736+0000] {dag.py:3427} INFO - Setting next_dagrun for tutorial to 2023-02-02T11:48:42.736179+00:00, run_after=2023-02-03T11:48:42.736179+00:00
[2023-02-03T11:48:42.783+0000] {processor.py:175} INFO - Processing /home/airflow/.local/lib/python3.7/site-packages/airflow/example_dags/tutorial.py took 0.293 seconds
[2023-02-03T11:49:13.098+0000] {processor.py:153} INFO - Started process (PID=774) to work on /home/airflow/.local/lib/python3.7/site-packages/airflow/example_dags/tutorial.py
[2023-02-03T11:49:13.100+0000] {processor.py:743} INFO - Processing file /home/airflow/.local/lib/python3.7/site-packages/airflow/example_dags/tutorial.py for tasks to queue
[2023-02-03T11:49:13.102+0000] {logging_mixin.py:137} INFO - [2023-02-03T11:49:13.102+0000] {dagbag.py:538} INFO - Filling up the DagBag from /home/airflow/.local/lib/python3.7/site-packages/airflow/example_dags/tutorial.py
[2023-02-03T11:49:13.123+0000] {processor.py:753} INFO - DAG(s) dict_keys(['tutorial']) retrieved from /home/airflow/.local/lib/python3.7/site-packages/airflow/example_dags/tutorial.py
[2023-02-03T11:49:13.202+0000] {logging_mixin.py:137} INFO - [2023-02-03T11:49:13.202+0000] {dag.py:2676} INFO - Sync 1 DAGs
[2023-02-03T11:49:13.325+0000] {logging_mixin.py:137} INFO - [2023-02-03T11:49:13.325+0000] {dag.py:3427} INFO - Setting next_dagrun for tutorial to 2023-02-02T11:49:13.324839+00:00, run_after=2023-02-03T11:49:13.324839+00:00
[2023-02-03T11:49:13.388+0000] {processor.py:175} INFO - Processing /home/airflow/.local/lib/python3.7/site-packages/airflow/example_dags/tutorial.py took 0.295 seconds
[2023-02-03T11:49:43.948+0000] {processor.py:153} INFO - Started process (PID=836) to work on /home/airflow/.local/lib/python3.7/site-packages/airflow/example_dags/tutorial.py
[2023-02-03T11:49:43.951+0000] {processor.py:743} INFO - Processing file /home/airflow/.local/lib/python3.7/site-packages/airflow/example_dags/tutorial.py for tasks to queue
[2023-02-03T11:49:43.953+0000] {logging_mixin.py:137} INFO - [2023-02-03T11:49:43.953+0000] {dagbag.py:538} INFO - Filling up the DagBag from /home/airflow/.local/lib/python3.7/site-packages/airflow/example_dags/tutorial.py
[2023-02-03T11:49:43.992+0000] {processor.py:753} INFO - DAG(s) dict_keys(['tutorial']) retrieved from /home/airflow/.local/lib/python3.7/site-packages/airflow/example_dags/tutorial.py
[2023-02-03T11:49:44.130+0000] {logging_mixin.py:137} INFO - [2023-02-03T11:49:44.130+0000] {dag.py:2676} INFO - Sync 1 DAGs
[2023-02-03T11:49:44.317+0000] {logging_mixin.py:137} INFO - [2023-02-03T11:49:44.317+0000] {dag.py:3427} INFO - Setting next_dagrun for tutorial to 2023-02-02T11:49:44.316812+00:00, run_after=2023-02-03T11:49:44.316812+00:00
[2023-02-03T11:49:44.403+0000] {processor.py:175} INFO - Processing /home/airflow/.local/lib/python3.7/site-packages/airflow/example_dags/tutorial.py took 0.462 seconds
[2023-02-03T11:50:14.552+0000] {processor.py:153} INFO - Started process (PID=897) to work on /home/airflow/.local/lib/python3.7/site-packages/airflow/example_dags/tutorial.py
[2023-02-03T11:50:14.554+0000] {processor.py:743} INFO - Processing file /home/airflow/.local/lib/python3.7/site-packages/airflow/example_dags/tutorial.py for tasks to queue
[2023-02-03T11:50:14.556+0000] {logging_mixin.py:137} INFO - [2023-02-03T11:50:14.556+0000] {dagbag.py:538} INFO - Filling up the DagBag from /home/airflow/.local/lib/python3.7/site-packages/airflow/example_dags/tutorial.py
[2023-02-03T11:50:14.579+0000] {processor.py:753} INFO - DAG(s) dict_keys(['tutorial']) retrieved from /home/airflow/.local/lib/python3.7/site-packages/airflow/example_dags/tutorial.py
[2023-02-03T11:50:14.654+0000] {logging_mixin.py:137} INFO - [2023-02-03T11:50:14.654+0000] {dag.py:2676} INFO - Sync 1 DAGs
[2023-02-03T11:50:14.712+0000] {logging_mixin.py:137} INFO - [2023-02-03T11:50:14.712+0000] {dag.py:3427} INFO - Setting next_dagrun for tutorial to 2023-02-02T11:50:14.712192+00:00, run_after=2023-02-03T11:50:14.712192+00:00
[2023-02-03T11:50:14.754+0000] {processor.py:175} INFO - Processing /home/airflow/.local/lib/python3.7/site-packages/airflow/example_dags/tutorial.py took 0.207 seconds
[2023-02-03T11:50:45.200+0000] {processor.py:153} INFO - Started process (PID=971) to work on /home/airflow/.local/lib/python3.7/site-packages/airflow/example_dags/tutorial.py
[2023-02-03T11:50:45.202+0000] {processor.py:743} INFO - Processing file /home/airflow/.local/lib/python3.7/site-packages/airflow/example_dags/tutorial.py for tasks to queue
[2023-02-03T11:50:45.203+0000] {logging_mixin.py:137} INFO - [2023-02-03T11:50:45.203+0000] {dagbag.py:538} INFO - Filling up the DagBag from /home/airflow/.local/lib/python3.7/site-packages/airflow/example_dags/tutorial.py
[2023-02-03T11:50:45.222+0000] {processor.py:753} INFO - DAG(s) dict_keys(['tutorial']) retrieved from /home/airflow/.local/lib/python3.7/site-packages/airflow/example_dags/tutorial.py
[2023-02-03T11:50:45.283+0000] {logging_mixin.py:137} INFO - [2023-02-03T11:50:45.283+0000] {dag.py:2676} INFO - Sync 1 DAGs
[2023-02-03T11:50:45.327+0000] {logging_mixin.py:137} INFO - [2023-02-03T11:50:45.327+0000] {dag.py:3427} INFO - Setting next_dagrun for tutorial to 2023-02-02T11:50:45.326731+00:00, run_after=2023-02-03T11:50:45.326731+00:00
[2023-02-03T11:50:45.364+0000] {processor.py:175} INFO - Processing /home/airflow/.local/lib/python3.7/site-packages/airflow/example_dags/tutorial.py took 0.170 seconds
[2023-02-03T11:55:29.038+0000] {processor.py:153} INFO - Started process (PID=52) to work on /home/airflow/.local/lib/python3.7/site-packages/airflow/example_dags/tutorial.py
[2023-02-03T11:55:29.050+0000] {processor.py:743} INFO - Processing file /home/airflow/.local/lib/python3.7/site-packages/airflow/example_dags/tutorial.py for tasks to queue
[2023-02-03T11:55:29.053+0000] {logging_mixin.py:137} INFO - [2023-02-03T11:55:29.053+0000] {dagbag.py:538} INFO - Filling up the DagBag from /home/airflow/.local/lib/python3.7/site-packages/airflow/example_dags/tutorial.py
[2023-02-03T11:55:29.138+0000] {processor.py:753} INFO - DAG(s) dict_keys(['tutorial']) retrieved from /home/airflow/.local/lib/python3.7/site-packages/airflow/example_dags/tutorial.py
[2023-02-03T11:55:29.289+0000] {logging_mixin.py:137} INFO - [2023-02-03T11:55:29.277+0000] {dag.py:2676} INFO - Sync 1 DAGs
[2023-02-03T11:55:29.370+0000] {logging_mixin.py:137} INFO - [2023-02-03T11:55:29.370+0000] {dag.py:3427} INFO - Setting next_dagrun for tutorial to 2023-02-02T11:55:29.369528+00:00, run_after=2023-02-03T11:55:29.369528+00:00
[2023-02-03T11:55:29.466+0000] {processor.py:175} INFO - Processing /home/airflow/.local/lib/python3.7/site-packages/airflow/example_dags/tutorial.py took 0.433 seconds
[2023-02-03T11:55:59.687+0000] {processor.py:153} INFO - Started process (PID=114) to work on /home/airflow/.local/lib/python3.7/site-packages/airflow/example_dags/tutorial.py
[2023-02-03T11:55:59.689+0000] {processor.py:743} INFO - Processing file /home/airflow/.local/lib/python3.7/site-packages/airflow/example_dags/tutorial.py for tasks to queue
[2023-02-03T11:55:59.690+0000] {logging_mixin.py:137} INFO - [2023-02-03T11:55:59.690+0000] {dagbag.py:538} INFO - Filling up the DagBag from /home/airflow/.local/lib/python3.7/site-packages/airflow/example_dags/tutorial.py
[2023-02-03T11:55:59.711+0000] {processor.py:753} INFO - DAG(s) dict_keys(['tutorial']) retrieved from /home/airflow/.local/lib/python3.7/site-packages/airflow/example_dags/tutorial.py
[2023-02-03T11:55:59.775+0000] {logging_mixin.py:137} INFO - [2023-02-03T11:55:59.775+0000] {dag.py:2676} INFO - Sync 1 DAGs
[2023-02-03T11:55:59.822+0000] {logging_mixin.py:137} INFO - [2023-02-03T11:55:59.822+0000] {dag.py:3427} INFO - Setting next_dagrun for tutorial to 2023-02-02T11:55:59.821836+00:00, run_after=2023-02-03T11:55:59.821836+00:00
[2023-02-03T11:55:59.860+0000] {processor.py:175} INFO - Processing /home/airflow/.local/lib/python3.7/site-packages/airflow/example_dags/tutorial.py took 0.178 seconds
[2023-02-03T11:56:30.161+0000] {processor.py:153} INFO - Started process (PID=175) to work on /home/airflow/.local/lib/python3.7/site-packages/airflow/example_dags/tutorial.py
[2023-02-03T11:56:30.163+0000] {processor.py:743} INFO - Processing file /home/airflow/.local/lib/python3.7/site-packages/airflow/example_dags/tutorial.py for tasks to queue
[2023-02-03T11:56:30.165+0000] {logging_mixin.py:137} INFO - [2023-02-03T11:56:30.165+0000] {dagbag.py:538} INFO - Filling up the DagBag from /home/airflow/.local/lib/python3.7/site-packages/airflow/example_dags/tutorial.py
[2023-02-03T11:56:30.189+0000] {processor.py:753} INFO - DAG(s) dict_keys(['tutorial']) retrieved from /home/airflow/.local/lib/python3.7/site-packages/airflow/example_dags/tutorial.py
[2023-02-03T11:56:30.255+0000] {logging_mixin.py:137} INFO - [2023-02-03T11:56:30.254+0000] {dag.py:2676} INFO - Sync 1 DAGs
[2023-02-03T11:56:30.310+0000] {logging_mixin.py:137} INFO - [2023-02-03T11:56:30.310+0000] {dag.py:3427} INFO - Setting next_dagrun for tutorial to 2023-02-02T11:56:30.309872+00:00, run_after=2023-02-03T11:56:30.309872+00:00
[2023-02-03T11:56:30.348+0000] {processor.py:175} INFO - Processing /home/airflow/.local/lib/python3.7/site-packages/airflow/example_dags/tutorial.py took 0.194 seconds
[2023-02-03T11:57:00.700+0000] {processor.py:153} INFO - Started process (PID=237) to work on /home/airflow/.local/lib/python3.7/site-packages/airflow/example_dags/tutorial.py
[2023-02-03T11:57:00.705+0000] {processor.py:743} INFO - Processing file /home/airflow/.local/lib/python3.7/site-packages/airflow/example_dags/tutorial.py for tasks to queue
[2023-02-03T11:57:00.709+0000] {logging_mixin.py:137} INFO - [2023-02-03T11:57:00.709+0000] {dagbag.py:538} INFO - Filling up the DagBag from /home/airflow/.local/lib/python3.7/site-packages/airflow/example_dags/tutorial.py
[2023-02-03T11:57:00.764+0000] {processor.py:753} INFO - DAG(s) dict_keys(['tutorial']) retrieved from /home/airflow/.local/lib/python3.7/site-packages/airflow/example_dags/tutorial.py
[2023-02-03T11:57:00.868+0000] {logging_mixin.py:137} INFO - [2023-02-03T11:57:00.868+0000] {dag.py:2676} INFO - Sync 1 DAGs
[2023-02-03T11:57:00.972+0000] {logging_mixin.py:137} INFO - [2023-02-03T11:57:00.972+0000] {dag.py:3427} INFO - Setting next_dagrun for tutorial to 2023-02-02T11:57:00.972014+00:00, run_after=2023-02-03T11:57:00.972014+00:00
[2023-02-03T11:57:01.027+0000] {processor.py:175} INFO - Processing /home/airflow/.local/lib/python3.7/site-packages/airflow/example_dags/tutorial.py took 0.333 seconds
[2023-02-03T11:57:31.215+0000] {processor.py:153} INFO - Started process (PID=312) to work on /home/airflow/.local/lib/python3.7/site-packages/airflow/example_dags/tutorial.py
[2023-02-03T11:57:31.217+0000] {processor.py:743} INFO - Processing file /home/airflow/.local/lib/python3.7/site-packages/airflow/example_dags/tutorial.py for tasks to queue
[2023-02-03T11:57:31.219+0000] {logging_mixin.py:137} INFO - [2023-02-03T11:57:31.219+0000] {dagbag.py:538} INFO - Filling up the DagBag from /home/airflow/.local/lib/python3.7/site-packages/airflow/example_dags/tutorial.py
[2023-02-03T11:57:31.249+0000] {processor.py:753} INFO - DAG(s) dict_keys(['tutorial']) retrieved from /home/airflow/.local/lib/python3.7/site-packages/airflow/example_dags/tutorial.py
[2023-02-03T11:57:31.328+0000] {logging_mixin.py:137} INFO - [2023-02-03T11:57:31.328+0000] {dag.py:2676} INFO - Sync 1 DAGs
[2023-02-03T11:57:31.384+0000] {logging_mixin.py:137} INFO - [2023-02-03T11:57:31.384+0000] {dag.py:3427} INFO - Setting next_dagrun for tutorial to 2023-02-02T11:57:31.384095+00:00, run_after=2023-02-03T11:57:31.384095+00:00
[2023-02-03T11:57:31.423+0000] {processor.py:175} INFO - Processing /home/airflow/.local/lib/python3.7/site-packages/airflow/example_dags/tutorial.py took 0.214 seconds
