[2023-02-03T11:39:53.146+0000] {processor.py:153} INFO - Started process (PID=72) to work on /home/airflow/.local/lib/python3.7/site-packages/airflow/example_dags/tutorial_dag.py
[2023-02-03T11:39:53.159+0000] {processor.py:743} INFO - Processing file /home/airflow/.local/lib/python3.7/site-packages/airflow/example_dags/tutorial_dag.py for tasks to queue
[2023-02-03T11:39:53.168+0000] {logging_mixin.py:137} INFO - [2023-02-03T11:39:53.166+0000] {dagbag.py:538} INFO - Filling up the DagBag from /home/airflow/.local/lib/python3.7/site-packages/airflow/example_dags/tutorial_dag.py
[2023-02-03T11:39:53.346+0000] {processor.py:753} INFO - DAG(s) dict_keys(['tutorial_dag']) retrieved from /home/airflow/.local/lib/python3.7/site-packages/airflow/example_dags/tutorial_dag.py
[2023-02-03T11:39:53.691+0000] {logging_mixin.py:137} INFO - [2023-02-03T11:39:53.690+0000] {dag.py:2676} INFO - Sync 1 DAGs
[2023-02-03T11:39:53.871+0000] {logging_mixin.py:137} INFO - [2023-02-03T11:39:53.870+0000] {dag.py:3427} INFO - Setting next_dagrun for tutorial_dag to None, run_after=None
[2023-02-03T11:39:54.003+0000] {processor.py:175} INFO - Processing /home/airflow/.local/lib/python3.7/site-packages/airflow/example_dags/tutorial_dag.py took 0.951 seconds
[2023-02-03T11:40:24.872+0000] {processor.py:153} INFO - Started process (PID=133) to work on /home/airflow/.local/lib/python3.7/site-packages/airflow/example_dags/tutorial_dag.py
[2023-02-03T11:40:24.875+0000] {processor.py:743} INFO - Processing file /home/airflow/.local/lib/python3.7/site-packages/airflow/example_dags/tutorial_dag.py for tasks to queue
[2023-02-03T11:40:24.879+0000] {logging_mixin.py:137} INFO - [2023-02-03T11:40:24.879+0000] {dagbag.py:538} INFO - Filling up the DagBag from /home/airflow/.local/lib/python3.7/site-packages/airflow/example_dags/tutorial_dag.py
[2023-02-03T11:40:24.930+0000] {processor.py:753} INFO - DAG(s) dict_keys(['tutorial_dag']) retrieved from /home/airflow/.local/lib/python3.7/site-packages/airflow/example_dags/tutorial_dag.py
[2023-02-03T11:40:25.061+0000] {logging_mixin.py:137} INFO - [2023-02-03T11:40:25.061+0000] {dag.py:2676} INFO - Sync 1 DAGs
[2023-02-03T11:40:25.148+0000] {logging_mixin.py:137} INFO - [2023-02-03T11:40:25.148+0000] {dag.py:3427} INFO - Setting next_dagrun for tutorial_dag to None, run_after=None
[2023-02-03T11:40:25.214+0000] {processor.py:175} INFO - Processing /home/airflow/.local/lib/python3.7/site-packages/airflow/example_dags/tutorial_dag.py took 0.352 seconds
[2023-02-03T11:40:55.862+0000] {processor.py:153} INFO - Started process (PID=197) to work on /home/airflow/.local/lib/python3.7/site-packages/airflow/example_dags/tutorial_dag.py
[2023-02-03T11:40:55.864+0000] {processor.py:743} INFO - Processing file /home/airflow/.local/lib/python3.7/site-packages/airflow/example_dags/tutorial_dag.py for tasks to queue
[2023-02-03T11:40:55.866+0000] {logging_mixin.py:137} INFO - [2023-02-03T11:40:55.866+0000] {dagbag.py:538} INFO - Filling up the DagBag from /home/airflow/.local/lib/python3.7/site-packages/airflow/example_dags/tutorial_dag.py
[2023-02-03T11:40:55.901+0000] {processor.py:753} INFO - DAG(s) dict_keys(['tutorial_dag']) retrieved from /home/airflow/.local/lib/python3.7/site-packages/airflow/example_dags/tutorial_dag.py
[2023-02-03T11:40:55.997+0000] {logging_mixin.py:137} INFO - [2023-02-03T11:40:55.997+0000] {dag.py:2676} INFO - Sync 1 DAGs
[2023-02-03T11:40:56.087+0000] {logging_mixin.py:137} INFO - [2023-02-03T11:40:56.087+0000] {dag.py:3427} INFO - Setting next_dagrun for tutorial_dag to None, run_after=None
[2023-02-03T11:40:56.138+0000] {processor.py:175} INFO - Processing /home/airflow/.local/lib/python3.7/site-packages/airflow/example_dags/tutorial_dag.py took 0.281 seconds
[2023-02-03T11:41:26.356+0000] {processor.py:153} INFO - Started process (PID=262) to work on /home/airflow/.local/lib/python3.7/site-packages/airflow/example_dags/tutorial_dag.py
[2023-02-03T11:41:26.358+0000] {processor.py:743} INFO - Processing file /home/airflow/.local/lib/python3.7/site-packages/airflow/example_dags/tutorial_dag.py for tasks to queue
[2023-02-03T11:41:26.360+0000] {logging_mixin.py:137} INFO - [2023-02-03T11:41:26.359+0000] {dagbag.py:538} INFO - Filling up the DagBag from /home/airflow/.local/lib/python3.7/site-packages/airflow/example_dags/tutorial_dag.py
[2023-02-03T11:41:26.375+0000] {processor.py:753} INFO - DAG(s) dict_keys(['tutorial_dag']) retrieved from /home/airflow/.local/lib/python3.7/site-packages/airflow/example_dags/tutorial_dag.py
[2023-02-03T11:41:26.435+0000] {logging_mixin.py:137} INFO - [2023-02-03T11:41:26.435+0000] {dag.py:2676} INFO - Sync 1 DAGs
[2023-02-03T11:41:26.476+0000] {logging_mixin.py:137} INFO - [2023-02-03T11:41:26.476+0000] {dag.py:3427} INFO - Setting next_dagrun for tutorial_dag to None, run_after=None
[2023-02-03T11:41:26.514+0000] {processor.py:175} INFO - Processing /home/airflow/.local/lib/python3.7/site-packages/airflow/example_dags/tutorial_dag.py took 0.162 seconds
[2023-02-03T11:41:56.681+0000] {processor.py:153} INFO - Started process (PID=324) to work on /home/airflow/.local/lib/python3.7/site-packages/airflow/example_dags/tutorial_dag.py
[2023-02-03T11:41:56.682+0000] {processor.py:743} INFO - Processing file /home/airflow/.local/lib/python3.7/site-packages/airflow/example_dags/tutorial_dag.py for tasks to queue
[2023-02-03T11:41:56.684+0000] {logging_mixin.py:137} INFO - [2023-02-03T11:41:56.684+0000] {dagbag.py:538} INFO - Filling up the DagBag from /home/airflow/.local/lib/python3.7/site-packages/airflow/example_dags/tutorial_dag.py
[2023-02-03T11:41:56.699+0000] {processor.py:753} INFO - DAG(s) dict_keys(['tutorial_dag']) retrieved from /home/airflow/.local/lib/python3.7/site-packages/airflow/example_dags/tutorial_dag.py
[2023-02-03T11:41:56.776+0000] {logging_mixin.py:137} INFO - [2023-02-03T11:41:56.776+0000] {dag.py:2676} INFO - Sync 1 DAGs
[2023-02-03T11:41:56.841+0000] {logging_mixin.py:137} INFO - [2023-02-03T11:41:56.841+0000] {dag.py:3427} INFO - Setting next_dagrun for tutorial_dag to None, run_after=None
[2023-02-03T11:41:56.896+0000] {processor.py:175} INFO - Processing /home/airflow/.local/lib/python3.7/site-packages/airflow/example_dags/tutorial_dag.py took 0.219 seconds
[2023-02-03T11:42:27.380+0000] {processor.py:153} INFO - Started process (PID=399) to work on /home/airflow/.local/lib/python3.7/site-packages/airflow/example_dags/tutorial_dag.py
[2023-02-03T11:42:27.382+0000] {processor.py:743} INFO - Processing file /home/airflow/.local/lib/python3.7/site-packages/airflow/example_dags/tutorial_dag.py for tasks to queue
[2023-02-03T11:42:27.398+0000] {logging_mixin.py:137} INFO - [2023-02-03T11:42:27.397+0000] {dagbag.py:538} INFO - Filling up the DagBag from /home/airflow/.local/lib/python3.7/site-packages/airflow/example_dags/tutorial_dag.py
[2023-02-03T11:42:27.422+0000] {processor.py:753} INFO - DAG(s) dict_keys(['tutorial_dag']) retrieved from /home/airflow/.local/lib/python3.7/site-packages/airflow/example_dags/tutorial_dag.py
[2023-02-03T11:42:27.513+0000] {logging_mixin.py:137} INFO - [2023-02-03T11:42:27.513+0000] {dag.py:2676} INFO - Sync 1 DAGs
[2023-02-03T11:42:27.599+0000] {logging_mixin.py:137} INFO - [2023-02-03T11:42:27.599+0000] {dag.py:3427} INFO - Setting next_dagrun for tutorial_dag to None, run_after=None
[2023-02-03T11:42:27.653+0000] {processor.py:175} INFO - Processing /home/airflow/.local/lib/python3.7/site-packages/airflow/example_dags/tutorial_dag.py took 0.282 seconds
[2023-02-03T11:43:38.118+0000] {processor.py:153} INFO - Started process (PID=64) to work on /home/airflow/.local/lib/python3.7/site-packages/airflow/example_dags/tutorial_dag.py
[2023-02-03T11:43:38.126+0000] {processor.py:743} INFO - Processing file /home/airflow/.local/lib/python3.7/site-packages/airflow/example_dags/tutorial_dag.py for tasks to queue
[2023-02-03T11:43:38.139+0000] {logging_mixin.py:137} INFO - [2023-02-03T11:43:38.137+0000] {dagbag.py:538} INFO - Filling up the DagBag from /home/airflow/.local/lib/python3.7/site-packages/airflow/example_dags/tutorial_dag.py
[2023-02-03T11:43:38.187+0000] {processor.py:753} INFO - DAG(s) dict_keys(['tutorial_dag']) retrieved from /home/airflow/.local/lib/python3.7/site-packages/airflow/example_dags/tutorial_dag.py
[2023-02-03T11:43:38.288+0000] {logging_mixin.py:137} INFO - [2023-02-03T11:43:38.288+0000] {dag.py:2676} INFO - Sync 1 DAGs
[2023-02-03T11:43:38.489+0000] {logging_mixin.py:137} INFO - [2023-02-03T11:43:38.488+0000] {dag.py:3427} INFO - Setting next_dagrun for tutorial_dag to None, run_after=None
[2023-02-03T11:43:38.562+0000] {processor.py:175} INFO - Processing /home/airflow/.local/lib/python3.7/site-packages/airflow/example_dags/tutorial_dag.py took 0.452 seconds
[2023-02-03T11:44:08.680+0000] {processor.py:153} INFO - Started process (PID=127) to work on /home/airflow/.local/lib/python3.7/site-packages/airflow/example_dags/tutorial_dag.py
[2023-02-03T11:44:08.682+0000] {processor.py:743} INFO - Processing file /home/airflow/.local/lib/python3.7/site-packages/airflow/example_dags/tutorial_dag.py for tasks to queue
[2023-02-03T11:44:08.685+0000] {logging_mixin.py:137} INFO - [2023-02-03T11:44:08.684+0000] {dagbag.py:538} INFO - Filling up the DagBag from /home/airflow/.local/lib/python3.7/site-packages/airflow/example_dags/tutorial_dag.py
[2023-02-03T11:44:08.709+0000] {processor.py:753} INFO - DAG(s) dict_keys(['tutorial_dag']) retrieved from /home/airflow/.local/lib/python3.7/site-packages/airflow/example_dags/tutorial_dag.py
[2023-02-03T11:44:08.790+0000] {logging_mixin.py:137} INFO - [2023-02-03T11:44:08.789+0000] {dag.py:2676} INFO - Sync 1 DAGs
[2023-02-03T11:44:08.854+0000] {logging_mixin.py:137} INFO - [2023-02-03T11:44:08.854+0000] {dag.py:3427} INFO - Setting next_dagrun for tutorial_dag to None, run_after=None
[2023-02-03T11:44:08.909+0000] {processor.py:175} INFO - Processing /home/airflow/.local/lib/python3.7/site-packages/airflow/example_dags/tutorial_dag.py took 0.235 seconds
[2023-02-03T11:44:40.490+0000] {processor.py:153} INFO - Started process (PID=197) to work on /home/airflow/.local/lib/python3.7/site-packages/airflow/example_dags/tutorial_dag.py
[2023-02-03T11:44:40.493+0000] {processor.py:743} INFO - Processing file /home/airflow/.local/lib/python3.7/site-packages/airflow/example_dags/tutorial_dag.py for tasks to queue
[2023-02-03T11:44:40.495+0000] {logging_mixin.py:137} INFO - [2023-02-03T11:44:40.495+0000] {dagbag.py:538} INFO - Filling up the DagBag from /home/airflow/.local/lib/python3.7/site-packages/airflow/example_dags/tutorial_dag.py
[2023-02-03T11:44:40.545+0000] {processor.py:753} INFO - DAG(s) dict_keys(['tutorial_dag']) retrieved from /home/airflow/.local/lib/python3.7/site-packages/airflow/example_dags/tutorial_dag.py
[2023-02-03T11:44:40.737+0000] {logging_mixin.py:137} INFO - [2023-02-03T11:44:40.736+0000] {dag.py:2676} INFO - Sync 1 DAGs
[2023-02-03T11:44:40.944+0000] {logging_mixin.py:137} INFO - [2023-02-03T11:44:40.944+0000] {dag.py:3427} INFO - Setting next_dagrun for tutorial_dag to None, run_after=None
[2023-02-03T11:44:41.006+0000] {processor.py:175} INFO - Processing /home/airflow/.local/lib/python3.7/site-packages/airflow/example_dags/tutorial_dag.py took 0.536 seconds
[2023-02-03T11:45:11.074+0000] {processor.py:153} INFO - Started process (PID=253) to work on /home/airflow/.local/lib/python3.7/site-packages/airflow/example_dags/tutorial_dag.py
[2023-02-03T11:45:11.077+0000] {processor.py:743} INFO - Processing file /home/airflow/.local/lib/python3.7/site-packages/airflow/example_dags/tutorial_dag.py for tasks to queue
[2023-02-03T11:45:11.081+0000] {logging_mixin.py:137} INFO - [2023-02-03T11:45:11.080+0000] {dagbag.py:538} INFO - Filling up the DagBag from /home/airflow/.local/lib/python3.7/site-packages/airflow/example_dags/tutorial_dag.py
[2023-02-03T11:45:11.112+0000] {processor.py:753} INFO - DAG(s) dict_keys(['tutorial_dag']) retrieved from /home/airflow/.local/lib/python3.7/site-packages/airflow/example_dags/tutorial_dag.py
[2023-02-03T11:45:11.231+0000] {logging_mixin.py:137} INFO - [2023-02-03T11:45:11.231+0000] {dag.py:2676} INFO - Sync 1 DAGs
[2023-02-03T11:45:11.323+0000] {logging_mixin.py:137} INFO - [2023-02-03T11:45:11.322+0000] {dag.py:3427} INFO - Setting next_dagrun for tutorial_dag to None, run_after=None
[2023-02-03T11:45:11.382+0000] {processor.py:175} INFO - Processing /home/airflow/.local/lib/python3.7/site-packages/airflow/example_dags/tutorial_dag.py took 0.318 seconds
[2023-02-03T11:45:41.465+0000] {processor.py:153} INFO - Started process (PID=327) to work on /home/airflow/.local/lib/python3.7/site-packages/airflow/example_dags/tutorial_dag.py
[2023-02-03T11:45:41.467+0000] {processor.py:743} INFO - Processing file /home/airflow/.local/lib/python3.7/site-packages/airflow/example_dags/tutorial_dag.py for tasks to queue
[2023-02-03T11:45:41.468+0000] {logging_mixin.py:137} INFO - [2023-02-03T11:45:41.468+0000] {dagbag.py:538} INFO - Filling up the DagBag from /home/airflow/.local/lib/python3.7/site-packages/airflow/example_dags/tutorial_dag.py
[2023-02-03T11:45:41.495+0000] {processor.py:753} INFO - DAG(s) dict_keys(['tutorial_dag']) retrieved from /home/airflow/.local/lib/python3.7/site-packages/airflow/example_dags/tutorial_dag.py
[2023-02-03T11:45:41.601+0000] {logging_mixin.py:137} INFO - [2023-02-03T11:45:41.600+0000] {dag.py:2676} INFO - Sync 1 DAGs
[2023-02-03T11:45:41.652+0000] {logging_mixin.py:137} INFO - [2023-02-03T11:45:41.652+0000] {dag.py:3427} INFO - Setting next_dagrun for tutorial_dag to None, run_after=None
[2023-02-03T11:45:41.691+0000] {processor.py:175} INFO - Processing /home/airflow/.local/lib/python3.7/site-packages/airflow/example_dags/tutorial_dag.py took 0.232 seconds
[2023-02-03T11:46:12.204+0000] {processor.py:153} INFO - Started process (PID=390) to work on /home/airflow/.local/lib/python3.7/site-packages/airflow/example_dags/tutorial_dag.py
[2023-02-03T11:46:12.207+0000] {processor.py:743} INFO - Processing file /home/airflow/.local/lib/python3.7/site-packages/airflow/example_dags/tutorial_dag.py for tasks to queue
[2023-02-03T11:46:12.208+0000] {logging_mixin.py:137} INFO - [2023-02-03T11:46:12.208+0000] {dagbag.py:538} INFO - Filling up the DagBag from /home/airflow/.local/lib/python3.7/site-packages/airflow/example_dags/tutorial_dag.py
[2023-02-03T11:46:12.248+0000] {processor.py:753} INFO - DAG(s) dict_keys(['tutorial_dag']) retrieved from /home/airflow/.local/lib/python3.7/site-packages/airflow/example_dags/tutorial_dag.py
[2023-02-03T11:46:12.329+0000] {logging_mixin.py:137} INFO - [2023-02-03T11:46:12.329+0000] {dag.py:2676} INFO - Sync 1 DAGs
[2023-02-03T11:46:12.393+0000] {logging_mixin.py:137} INFO - [2023-02-03T11:46:12.393+0000] {dag.py:3427} INFO - Setting next_dagrun for tutorial_dag to None, run_after=None
[2023-02-03T11:46:12.445+0000] {processor.py:175} INFO - Processing /home/airflow/.local/lib/python3.7/site-packages/airflow/example_dags/tutorial_dag.py took 0.251 seconds
[2023-02-03T11:46:42.674+0000] {processor.py:153} INFO - Started process (PID=460) to work on /home/airflow/.local/lib/python3.7/site-packages/airflow/example_dags/tutorial_dag.py
[2023-02-03T11:46:42.677+0000] {processor.py:743} INFO - Processing file /home/airflow/.local/lib/python3.7/site-packages/airflow/example_dags/tutorial_dag.py for tasks to queue
[2023-02-03T11:46:42.678+0000] {logging_mixin.py:137} INFO - [2023-02-03T11:46:42.678+0000] {dagbag.py:538} INFO - Filling up the DagBag from /home/airflow/.local/lib/python3.7/site-packages/airflow/example_dags/tutorial_dag.py
[2023-02-03T11:46:42.702+0000] {processor.py:753} INFO - DAG(s) dict_keys(['tutorial_dag']) retrieved from /home/airflow/.local/lib/python3.7/site-packages/airflow/example_dags/tutorial_dag.py
[2023-02-03T11:46:42.785+0000] {logging_mixin.py:137} INFO - [2023-02-03T11:46:42.784+0000] {dag.py:2676} INFO - Sync 1 DAGs
[2023-02-03T11:46:42.859+0000] {logging_mixin.py:137} INFO - [2023-02-03T11:46:42.859+0000] {dag.py:3427} INFO - Setting next_dagrun for tutorial_dag to None, run_after=None
[2023-02-03T11:46:42.898+0000] {processor.py:175} INFO - Processing /home/airflow/.local/lib/python3.7/site-packages/airflow/example_dags/tutorial_dag.py took 0.229 seconds
[2023-02-03T11:47:13.904+0000] {processor.py:153} INFO - Started process (PID=527) to work on /home/airflow/.local/lib/python3.7/site-packages/airflow/example_dags/tutorial_dag.py
[2023-02-03T11:47:13.907+0000] {processor.py:743} INFO - Processing file /home/airflow/.local/lib/python3.7/site-packages/airflow/example_dags/tutorial_dag.py for tasks to queue
[2023-02-03T11:47:13.910+0000] {logging_mixin.py:137} INFO - [2023-02-03T11:47:13.910+0000] {dagbag.py:538} INFO - Filling up the DagBag from /home/airflow/.local/lib/python3.7/site-packages/airflow/example_dags/tutorial_dag.py
[2023-02-03T11:47:13.943+0000] {processor.py:753} INFO - DAG(s) dict_keys(['tutorial_dag']) retrieved from /home/airflow/.local/lib/python3.7/site-packages/airflow/example_dags/tutorial_dag.py
[2023-02-03T11:47:14.053+0000] {logging_mixin.py:137} INFO - [2023-02-03T11:47:14.053+0000] {dag.py:2676} INFO - Sync 1 DAGs
[2023-02-03T11:47:14.117+0000] {logging_mixin.py:137} INFO - [2023-02-03T11:47:14.117+0000] {dag.py:3427} INFO - Setting next_dagrun for tutorial_dag to None, run_after=None
[2023-02-03T11:47:14.162+0000] {processor.py:175} INFO - Processing /home/airflow/.local/lib/python3.7/site-packages/airflow/example_dags/tutorial_dag.py took 0.264 seconds
[2023-02-03T11:47:44.969+0000] {processor.py:153} INFO - Started process (PID=588) to work on /home/airflow/.local/lib/python3.7/site-packages/airflow/example_dags/tutorial_dag.py
[2023-02-03T11:47:44.975+0000] {processor.py:743} INFO - Processing file /home/airflow/.local/lib/python3.7/site-packages/airflow/example_dags/tutorial_dag.py for tasks to queue
[2023-02-03T11:47:44.978+0000] {logging_mixin.py:137} INFO - [2023-02-03T11:47:44.977+0000] {dagbag.py:538} INFO - Filling up the DagBag from /home/airflow/.local/lib/python3.7/site-packages/airflow/example_dags/tutorial_dag.py
[2023-02-03T11:47:45.005+0000] {processor.py:753} INFO - DAG(s) dict_keys(['tutorial_dag']) retrieved from /home/airflow/.local/lib/python3.7/site-packages/airflow/example_dags/tutorial_dag.py
[2023-02-03T11:47:45.103+0000] {logging_mixin.py:137} INFO - [2023-02-03T11:47:45.102+0000] {dag.py:2676} INFO - Sync 1 DAGs
[2023-02-03T11:47:45.168+0000] {logging_mixin.py:137} INFO - [2023-02-03T11:47:45.167+0000] {dag.py:3427} INFO - Setting next_dagrun for tutorial_dag to None, run_after=None
[2023-02-03T11:47:45.213+0000] {processor.py:175} INFO - Processing /home/airflow/.local/lib/python3.7/site-packages/airflow/example_dags/tutorial_dag.py took 0.251 seconds
[2023-02-03T11:48:15.435+0000] {processor.py:153} INFO - Started process (PID=659) to work on /home/airflow/.local/lib/python3.7/site-packages/airflow/example_dags/tutorial_dag.py
[2023-02-03T11:48:15.437+0000] {processor.py:743} INFO - Processing file /home/airflow/.local/lib/python3.7/site-packages/airflow/example_dags/tutorial_dag.py for tasks to queue
[2023-02-03T11:48:15.438+0000] {logging_mixin.py:137} INFO - [2023-02-03T11:48:15.438+0000] {dagbag.py:538} INFO - Filling up the DagBag from /home/airflow/.local/lib/python3.7/site-packages/airflow/example_dags/tutorial_dag.py
[2023-02-03T11:48:15.457+0000] {processor.py:753} INFO - DAG(s) dict_keys(['tutorial_dag']) retrieved from /home/airflow/.local/lib/python3.7/site-packages/airflow/example_dags/tutorial_dag.py
[2023-02-03T11:48:15.536+0000] {logging_mixin.py:137} INFO - [2023-02-03T11:48:15.535+0000] {dag.py:2676} INFO - Sync 1 DAGs
[2023-02-03T11:48:15.587+0000] {logging_mixin.py:137} INFO - [2023-02-03T11:48:15.587+0000] {dag.py:3427} INFO - Setting next_dagrun for tutorial_dag to None, run_after=None
[2023-02-03T11:48:15.627+0000] {processor.py:175} INFO - Processing /home/airflow/.local/lib/python3.7/site-packages/airflow/example_dags/tutorial_dag.py took 0.198 seconds
[2023-02-03T11:48:45.800+0000] {processor.py:153} INFO - Started process (PID=724) to work on /home/airflow/.local/lib/python3.7/site-packages/airflow/example_dags/tutorial_dag.py
[2023-02-03T11:48:45.802+0000] {processor.py:743} INFO - Processing file /home/airflow/.local/lib/python3.7/site-packages/airflow/example_dags/tutorial_dag.py for tasks to queue
[2023-02-03T11:48:45.804+0000] {logging_mixin.py:137} INFO - [2023-02-03T11:48:45.803+0000] {dagbag.py:538} INFO - Filling up the DagBag from /home/airflow/.local/lib/python3.7/site-packages/airflow/example_dags/tutorial_dag.py
[2023-02-03T11:48:45.826+0000] {processor.py:753} INFO - DAG(s) dict_keys(['tutorial_dag']) retrieved from /home/airflow/.local/lib/python3.7/site-packages/airflow/example_dags/tutorial_dag.py
[2023-02-03T11:48:45.910+0000] {logging_mixin.py:137} INFO - [2023-02-03T11:48:45.909+0000] {dag.py:2676} INFO - Sync 1 DAGs
[2023-02-03T11:48:45.973+0000] {logging_mixin.py:137} INFO - [2023-02-03T11:48:45.973+0000] {dag.py:3427} INFO - Setting next_dagrun for tutorial_dag to None, run_after=None
[2023-02-03T11:48:46.019+0000] {processor.py:175} INFO - Processing /home/airflow/.local/lib/python3.7/site-packages/airflow/example_dags/tutorial_dag.py took 0.225 seconds
[2023-02-03T11:49:16.443+0000] {processor.py:153} INFO - Started process (PID=786) to work on /home/airflow/.local/lib/python3.7/site-packages/airflow/example_dags/tutorial_dag.py
[2023-02-03T11:49:16.447+0000] {processor.py:743} INFO - Processing file /home/airflow/.local/lib/python3.7/site-packages/airflow/example_dags/tutorial_dag.py for tasks to queue
[2023-02-03T11:49:16.452+0000] {logging_mixin.py:137} INFO - [2023-02-03T11:49:16.451+0000] {dagbag.py:538} INFO - Filling up the DagBag from /home/airflow/.local/lib/python3.7/site-packages/airflow/example_dags/tutorial_dag.py
[2023-02-03T11:49:16.489+0000] {processor.py:753} INFO - DAG(s) dict_keys(['tutorial_dag']) retrieved from /home/airflow/.local/lib/python3.7/site-packages/airflow/example_dags/tutorial_dag.py
[2023-02-03T11:49:16.579+0000] {logging_mixin.py:137} INFO - [2023-02-03T11:49:16.579+0000] {dag.py:2676} INFO - Sync 1 DAGs
[2023-02-03T11:49:16.651+0000] {logging_mixin.py:137} INFO - [2023-02-03T11:49:16.651+0000] {dag.py:3427} INFO - Setting next_dagrun for tutorial_dag to None, run_after=None
[2023-02-03T11:49:16.722+0000] {processor.py:175} INFO - Processing /home/airflow/.local/lib/python3.7/site-packages/airflow/example_dags/tutorial_dag.py took 0.287 seconds
[2023-02-03T11:49:48.926+0000] {processor.py:153} INFO - Started process (PID=856) to work on /home/airflow/.local/lib/python3.7/site-packages/airflow/example_dags/tutorial_dag.py
[2023-02-03T11:49:48.928+0000] {processor.py:743} INFO - Processing file /home/airflow/.local/lib/python3.7/site-packages/airflow/example_dags/tutorial_dag.py for tasks to queue
[2023-02-03T11:49:48.931+0000] {logging_mixin.py:137} INFO - [2023-02-03T11:49:48.930+0000] {dagbag.py:538} INFO - Filling up the DagBag from /home/airflow/.local/lib/python3.7/site-packages/airflow/example_dags/tutorial_dag.py
[2023-02-03T11:49:48.965+0000] {processor.py:753} INFO - DAG(s) dict_keys(['tutorial_dag']) retrieved from /home/airflow/.local/lib/python3.7/site-packages/airflow/example_dags/tutorial_dag.py
[2023-02-03T11:49:49.093+0000] {logging_mixin.py:137} INFO - [2023-02-03T11:49:49.093+0000] {dag.py:2676} INFO - Sync 1 DAGs
[2023-02-03T11:49:49.191+0000] {logging_mixin.py:137} INFO - [2023-02-03T11:49:49.190+0000] {dag.py:3427} INFO - Setting next_dagrun for tutorial_dag to None, run_after=None
[2023-02-03T11:49:49.263+0000] {processor.py:175} INFO - Processing /home/airflow/.local/lib/python3.7/site-packages/airflow/example_dags/tutorial_dag.py took 0.344 seconds
[2023-02-03T11:50:19.511+0000] {processor.py:153} INFO - Started process (PID=921) to work on /home/airflow/.local/lib/python3.7/site-packages/airflow/example_dags/tutorial_dag.py
[2023-02-03T11:50:19.513+0000] {processor.py:743} INFO - Processing file /home/airflow/.local/lib/python3.7/site-packages/airflow/example_dags/tutorial_dag.py for tasks to queue
[2023-02-03T11:50:19.516+0000] {logging_mixin.py:137} INFO - [2023-02-03T11:50:19.515+0000] {dagbag.py:538} INFO - Filling up the DagBag from /home/airflow/.local/lib/python3.7/site-packages/airflow/example_dags/tutorial_dag.py
[2023-02-03T11:50:19.543+0000] {processor.py:753} INFO - DAG(s) dict_keys(['tutorial_dag']) retrieved from /home/airflow/.local/lib/python3.7/site-packages/airflow/example_dags/tutorial_dag.py
[2023-02-03T11:50:19.639+0000] {logging_mixin.py:137} INFO - [2023-02-03T11:50:19.639+0000] {dag.py:2676} INFO - Sync 1 DAGs
[2023-02-03T11:50:19.735+0000] {logging_mixin.py:137} INFO - [2023-02-03T11:50:19.735+0000] {dag.py:3427} INFO - Setting next_dagrun for tutorial_dag to None, run_after=None
[2023-02-03T11:50:19.797+0000] {processor.py:175} INFO - Processing /home/airflow/.local/lib/python3.7/site-packages/airflow/example_dags/tutorial_dag.py took 0.293 seconds
[2023-02-03T11:50:50.422+0000] {processor.py:153} INFO - Started process (PID=983) to work on /home/airflow/.local/lib/python3.7/site-packages/airflow/example_dags/tutorial_dag.py
[2023-02-03T11:50:50.426+0000] {processor.py:743} INFO - Processing file /home/airflow/.local/lib/python3.7/site-packages/airflow/example_dags/tutorial_dag.py for tasks to queue
[2023-02-03T11:50:50.430+0000] {logging_mixin.py:137} INFO - [2023-02-03T11:50:50.428+0000] {dagbag.py:538} INFO - Filling up the DagBag from /home/airflow/.local/lib/python3.7/site-packages/airflow/example_dags/tutorial_dag.py
[2023-02-03T11:50:50.500+0000] {processor.py:753} INFO - DAG(s) dict_keys(['tutorial_dag']) retrieved from /home/airflow/.local/lib/python3.7/site-packages/airflow/example_dags/tutorial_dag.py
[2023-02-03T11:50:50.627+0000] {logging_mixin.py:137} INFO - [2023-02-03T11:50:50.626+0000] {dag.py:2676} INFO - Sync 1 DAGs
[2023-02-03T11:50:50.938+0000] {logging_mixin.py:137} INFO - [2023-02-03T11:50:50.938+0000] {dag.py:3427} INFO - Setting next_dagrun for tutorial_dag to None, run_after=None
[2023-02-03T11:50:51.019+0000] {processor.py:175} INFO - Processing /home/airflow/.local/lib/python3.7/site-packages/airflow/example_dags/tutorial_dag.py took 0.604 seconds
[2023-02-03T11:55:32.924+0000] {processor.py:153} INFO - Started process (PID=71) to work on /home/airflow/.local/lib/python3.7/site-packages/airflow/example_dags/tutorial_dag.py
[2023-02-03T11:55:32.934+0000] {processor.py:743} INFO - Processing file /home/airflow/.local/lib/python3.7/site-packages/airflow/example_dags/tutorial_dag.py for tasks to queue
[2023-02-03T11:55:32.939+0000] {logging_mixin.py:137} INFO - [2023-02-03T11:55:32.938+0000] {dagbag.py:538} INFO - Filling up the DagBag from /home/airflow/.local/lib/python3.7/site-packages/airflow/example_dags/tutorial_dag.py
[2023-02-03T11:55:33.068+0000] {processor.py:753} INFO - DAG(s) dict_keys(['tutorial_dag']) retrieved from /home/airflow/.local/lib/python3.7/site-packages/airflow/example_dags/tutorial_dag.py
[2023-02-03T11:55:33.441+0000] {logging_mixin.py:137} INFO - [2023-02-03T11:55:33.440+0000] {dag.py:2676} INFO - Sync 1 DAGs
[2023-02-03T11:55:33.571+0000] {logging_mixin.py:137} INFO - [2023-02-03T11:55:33.570+0000] {dag.py:3427} INFO - Setting next_dagrun for tutorial_dag to None, run_after=None
[2023-02-03T11:55:33.698+0000] {processor.py:175} INFO - Processing /home/airflow/.local/lib/python3.7/site-packages/airflow/example_dags/tutorial_dag.py took 0.805 seconds
[2023-02-03T11:56:04.080+0000] {processor.py:153} INFO - Started process (PID=126) to work on /home/airflow/.local/lib/python3.7/site-packages/airflow/example_dags/tutorial_dag.py
[2023-02-03T11:56:04.084+0000] {processor.py:743} INFO - Processing file /home/airflow/.local/lib/python3.7/site-packages/airflow/example_dags/tutorial_dag.py for tasks to queue
[2023-02-03T11:56:04.096+0000] {logging_mixin.py:137} INFO - [2023-02-03T11:56:04.094+0000] {dagbag.py:538} INFO - Filling up the DagBag from /home/airflow/.local/lib/python3.7/site-packages/airflow/example_dags/tutorial_dag.py
[2023-02-03T11:56:04.198+0000] {processor.py:753} INFO - DAG(s) dict_keys(['tutorial_dag']) retrieved from /home/airflow/.local/lib/python3.7/site-packages/airflow/example_dags/tutorial_dag.py
[2023-02-03T11:56:04.556+0000] {logging_mixin.py:137} INFO - [2023-02-03T11:56:04.556+0000] {dag.py:2676} INFO - Sync 1 DAGs
[2023-02-03T11:56:04.823+0000] {logging_mixin.py:137} INFO - [2023-02-03T11:56:04.823+0000] {dag.py:3427} INFO - Setting next_dagrun for tutorial_dag to None, run_after=None
[2023-02-03T11:56:05.034+0000] {processor.py:175} INFO - Processing /home/airflow/.local/lib/python3.7/site-packages/airflow/example_dags/tutorial_dag.py took 0.966 seconds
[2023-02-03T11:56:35.211+0000] {processor.py:153} INFO - Started process (PID=187) to work on /home/airflow/.local/lib/python3.7/site-packages/airflow/example_dags/tutorial_dag.py
[2023-02-03T11:56:35.214+0000] {processor.py:743} INFO - Processing file /home/airflow/.local/lib/python3.7/site-packages/airflow/example_dags/tutorial_dag.py for tasks to queue
[2023-02-03T11:56:35.215+0000] {logging_mixin.py:137} INFO - [2023-02-03T11:56:35.215+0000] {dagbag.py:538} INFO - Filling up the DagBag from /home/airflow/.local/lib/python3.7/site-packages/airflow/example_dags/tutorial_dag.py
[2023-02-03T11:56:35.240+0000] {processor.py:753} INFO - DAG(s) dict_keys(['tutorial_dag']) retrieved from /home/airflow/.local/lib/python3.7/site-packages/airflow/example_dags/tutorial_dag.py
[2023-02-03T11:56:35.341+0000] {logging_mixin.py:137} INFO - [2023-02-03T11:56:35.341+0000] {dag.py:2676} INFO - Sync 1 DAGs
[2023-02-03T11:56:35.398+0000] {logging_mixin.py:137} INFO - [2023-02-03T11:56:35.398+0000] {dag.py:3427} INFO - Setting next_dagrun for tutorial_dag to None, run_after=None
[2023-02-03T11:56:35.437+0000] {processor.py:175} INFO - Processing /home/airflow/.local/lib/python3.7/site-packages/airflow/example_dags/tutorial_dag.py took 0.233 seconds
[2023-02-03T11:57:06.041+0000] {processor.py:153} INFO - Started process (PID=262) to work on /home/airflow/.local/lib/python3.7/site-packages/airflow/example_dags/tutorial_dag.py
[2023-02-03T11:57:06.044+0000] {processor.py:743} INFO - Processing file /home/airflow/.local/lib/python3.7/site-packages/airflow/example_dags/tutorial_dag.py for tasks to queue
[2023-02-03T11:57:06.045+0000] {logging_mixin.py:137} INFO - [2023-02-03T11:57:06.045+0000] {dagbag.py:538} INFO - Filling up the DagBag from /home/airflow/.local/lib/python3.7/site-packages/airflow/example_dags/tutorial_dag.py
[2023-02-03T11:57:06.064+0000] {processor.py:753} INFO - DAG(s) dict_keys(['tutorial_dag']) retrieved from /home/airflow/.local/lib/python3.7/site-packages/airflow/example_dags/tutorial_dag.py
[2023-02-03T11:57:06.150+0000] {logging_mixin.py:137} INFO - [2023-02-03T11:57:06.150+0000] {dag.py:2676} INFO - Sync 1 DAGs
[2023-02-03T11:57:06.204+0000] {logging_mixin.py:137} INFO - [2023-02-03T11:57:06.203+0000] {dag.py:3427} INFO - Setting next_dagrun for tutorial_dag to None, run_after=None
[2023-02-03T11:57:06.247+0000] {processor.py:175} INFO - Processing /home/airflow/.local/lib/python3.7/site-packages/airflow/example_dags/tutorial_dag.py took 0.211 seconds
[2023-02-03T11:57:36.631+0000] {processor.py:153} INFO - Started process (PID=324) to work on /home/airflow/.local/lib/python3.7/site-packages/airflow/example_dags/tutorial_dag.py
[2023-02-03T11:57:36.634+0000] {processor.py:743} INFO - Processing file /home/airflow/.local/lib/python3.7/site-packages/airflow/example_dags/tutorial_dag.py for tasks to queue
[2023-02-03T11:57:36.636+0000] {logging_mixin.py:137} INFO - [2023-02-03T11:57:36.636+0000] {dagbag.py:538} INFO - Filling up the DagBag from /home/airflow/.local/lib/python3.7/site-packages/airflow/example_dags/tutorial_dag.py
[2023-02-03T11:57:36.656+0000] {processor.py:753} INFO - DAG(s) dict_keys(['tutorial_dag']) retrieved from /home/airflow/.local/lib/python3.7/site-packages/airflow/example_dags/tutorial_dag.py
[2023-02-03T11:57:36.729+0000] {logging_mixin.py:137} INFO - [2023-02-03T11:57:36.729+0000] {dag.py:2676} INFO - Sync 1 DAGs
[2023-02-03T11:57:36.779+0000] {logging_mixin.py:137} INFO - [2023-02-03T11:57:36.779+0000] {dag.py:3427} INFO - Setting next_dagrun for tutorial_dag to None, run_after=None
[2023-02-03T11:57:36.813+0000] {processor.py:175} INFO - Processing /home/airflow/.local/lib/python3.7/site-packages/airflow/example_dags/tutorial_dag.py took 0.187 seconds
